Lmod has detected the following error: The following module(s) are unknown:
"GCCcore-11.3.0"

Please check the spelling or version number. Also try "module spider ..."
It is also possible your cache file is out-of-date; it may help to try:
  $ module --ignore_cache load "GCCcore-11.3.0"

Also make sure that all modulefiles written in TCL start with the string
#%Module



CPUS:  8
CPUS:  12
CPUS:  16
CPUS:  20
CPUS:  24
CPUS:  28
CPUS:  32
CPUS:  36
CPUS:  40
CPUS:  44
CPUS:  48
CPUS:  8
CPUS:  12
CPUS:  16
CPUS:  20
CPUS:  24
CPUS:  28
CPUS:  32
CPUS:  36
CPUS:  40
CPUS:  44
CPUS:  48
CPUS:  8
CPUS:  12
CPUS:  16
CPUS:  20
CPUS:  24
CPUS:  28
CPUS:  32
CPUS:  36
CPUS:  40
CPUS:  44
CPUS:  48
CPUS:  8
CPUS:  12
CPUS:  16
CPUS:  20
CPUS:  24
CPUS:  28
CPUS:  32
CPUS:  36
CPUS:  40
CPUS:  44
CPUS:  48
CPUS:  8
CPUS:  12
CPUS:  16
CPUS:  20
CPUS:  24
CPUS:  28
CPUS:  32
CPUS:  36
CPUS:  40
CPUS:  44
CPUS:  48
CPUS:  8
CPUS:  12
CPUS:  16
CPUS:  20
CPUS:  24
CPUS:  28
CPUS:  32
CPUS:  36
CPUS:  40
CPUS:  44
CPUS:  48
CPUS:  8
CPUS:  12
CPUS:  16
CPUS:  20
CPUS:  24
CPUS:  28
CPUS:  32
CPUS:  36
CPUS:  40
CPUS:  44
CPUS:  48
CPUS:  8
CPUS:  12
CPUS:  16
CPUS:  20
CPUS:  24
CPUS:  28
CPUS:  32
CPUS:  36
CPUS:  40
CPUS:  44
CPUS:  48
CPUS:  8
CPUS:  12
CPUS:  16
CPUS:  20
CPUS:  24
CPUS:  28
CPUS:  32
CPUS:  36
CPUS:  40
CPUS:  44
CPUS:  48
CPUS:  8
CPUS:  12
CPUS:  16
CPUS:  20
CPUS:  24
CPUS:  28
CPUS:  32
CPUS:  36
CPUS:  40
CPUS:  44
CPUS:  48
CPUS:  8
CPUS:  12
CPUS:  16
CPUS:  20
CPUS:  24
CPUS:  28
CPUS:  32
CPUS:  36
CPUS:  40
CPUS:  44
CPUS:  48
CPUS:  8
CPUS:  12
CPUS:  16
CPUS:  20
CPUS:  24
CPUS:  28
CPUS:  32
CPUS:  36
CPUS:  40
CPUS:  44
CPUS:  48
CPUS:  8
CPUS:  12
CPUS:  16
CPUS:  20
CPUS:  24
CPUS:  28
CPUS:  32
CPUS:  36
CPUS:  40
CPUS:  44
CPUS:  48
CPUS:  8
CPUS:  12
CPUS:  16
CPUS:  20
CPUS:  24
CPUS:  28
CPUS:  32
CPUS:  36
CPUS:  40
CPUS:  44
CPUS:  48
CPUS:  8
CPUS:  12
CPUS:  16
CPUS:  20
CPUS:  24
CPUS:  28
CPUS:  32
CPUS:  36
CPUS:  40
CPUS:  44
CPUS:  48
CPUS:  8
CPUS:  12
CPUS:  16
CPUS:  20
CPUS:  24
CPUS:  28
CPUS:  32
CPUS:  36
CPUS:  40
CPUS:  44
CPUS:  48
CPUS:  8
CPUS:  12
CPUS:  16
CPUS:  20
CPUS:  24
CPUS:  28
CPUS:  32
CPUS:  36
CPUS:  40
CPUS:  44
CPUS:  48
CPUS:  8
CPUS:  12
CPUS:  16
CPUS:  20
CPUS:  24
CPUS:  28
CPUS:  32
CPUS:  36
CPUS:  40
CPUS:  44
CPUS:  48
CPUS:  8
CPUS:  12
CPUS:  16
CPUS:  20
CPUS:  24
CPUS:  28
CPUS:  32
CPUS:  36
CPUS:  40
CPUS:  44
CPUS:  48
CPUS:  8
CPUS:  12
CPUS:  16
CPUS:  20
CPUS:  24
CPUS:  28
CPUS:  32
CPUS:  36
CPUS:  40
CPUS:  44
CPUS:  48
