OpenMP parallelism

CPUS:  8
Pi estimate: 3.14159265308921042958, obtained in 10.205224 seconds
DONE 
CPUS:  12
Pi estimate: 3.14159265308897328595, obtained in 6.867527 seconds
DONE 
CPUS:  16
Pi estimate: 3.14159265308932411642, obtained in 5.146162 seconds
DONE 
CPUS:  20
Pi estimate: 3.14159265308932589278, obtained in 4.103631 seconds
DONE 
CPUS:  24
Pi estimate: 3.14159265308979707143, obtained in 3.411343 seconds
DONE 
CPUS:  28
Pi estimate: 3.14159265308993829180, obtained in 2.931724 seconds
DONE 
CPUS:  32
Pi estimate: 3.14159265309020430124, obtained in 2.579801 seconds
DONE 
CPUS:  36
Pi estimate: 3.14159265309020785395, obtained in 3.444436 seconds
DONE 
CPUS:  40
Pi estimate: 3.14159265309025093060, obtained in 3.035015 seconds
DONE 
CPUS:  44
Pi estimate: 3.14159265309013768785, obtained in 3.018834 seconds
DONE 
CPUS:  48
Pi estimate: 3.14159265309062130100, obtained in 2.906328 seconds
DONE 

JOB STATISTICS
==============
Job ID: 4949307
Cluster: snellius
User/Group: scur0330/scur0330
State: COMPLETED (exit code 0)
Nodes: 1
Cores per node: 32
CPU Utilized: 00:14:38
CPU Efficiency: 44.25% of 00:33:04 core-walltime
Job Wall-clock time: 00:01:02
Memory Utilized: 1.31 MB
Memory Efficiency: 0.00% of 56.00 GB
