CPUS:  8
CPUS:  12
CPUS:  16
CPUS:  20
CPUS:  24
CPUS:  28
CPUS:  32
CPUS:  36
CPUS:  40
CPUS:  44
CPUS:  48
CPUS:  8
CPUS:  12
CPUS:  16
CPUS:  20
CPUS:  24
CPUS:  28
CPUS:  32
CPUS:  36
CPUS:  40
CPUS:  44
CPUS:  48
CPUS:  8
CPUS:  12
CPUS:  16
CPUS:  20
CPUS:  24
CPUS:  28
CPUS:  32
CPUS:  36
CPUS:  40
CPUS:  44
CPUS:  48
CPUS:  8
CPUS:  12
CPUS:  16
CPUS:  20
CPUS:  24
CPUS:  28
CPUS:  32
CPUS:  36
CPUS:  40
CPUS:  44
CPUS:  48
CPUS:  8
CPUS:  12
CPUS:  16
CPUS:  20
CPUS:  24
CPUS:  28
CPUS:  32
CPUS:  36
CPUS:  40
CPUS:  44
CPUS:  48
CPUS:  8
CPUS:  12
CPUS:  16
CPUS:  20
CPUS:  24
CPUS:  28
CPUS:  32
CPUS:  36
CPUS:  40
CPUS:  44
CPUS:  48
CPUS:  8
CPUS:  12
CPUS:  16
CPUS:  20
CPUS:  24
CPUS:  28
CPUS:  32
CPUS:  36
CPUS:  40
CPUS:  44
CPUS:  48
CPUS:  8
CPUS:  12
CPUS:  16
CPUS:  20
CPUS:  24
CPUS:  28
CPUS:  32
CPUS:  36
CPUS:  40
CPUS:  44
CPUS:  48
CPUS:  8
CPUS:  12
CPUS:  16
CPUS:  20
CPUS:  24
CPUS:  28
CPUS:  32
CPUS:  36
CPUS:  40
CPUS:  44
CPUS:  48
CPUS:  8
CPUS:  12
CPUS:  16
CPUS:  20
CPUS:  24
CPUS:  28
CPUS:  32
CPUS:  36
CPUS:  40
CPUS:  44
CPUS:  48
CPUS:  8
CPUS:  12
CPUS:  16
CPUS:  20
CPUS:  24
CPUS:  28
CPUS:  32
CPUS:  36
CPUS:  40
CPUS:  44
CPUS:  48
CPUS:  8
CPUS:  12
CPUS:  16
CPUS:  20
CPUS:  24
CPUS:  28
CPUS:  32
CPUS:  36
CPUS:  40
CPUS:  44
CPUS:  48
CPUS:  8
CPUS:  12
CPUS:  16
CPUS:  20
CPUS:  24
CPUS:  28
CPUS:  32
CPUS:  36
CPUS:  40
CPUS:  44
CPUS:  48
CPUS:  8
CPUS:  12
CPUS:  16
CPUS:  20
CPUS:  24
CPUS:  28
CPUS:  32
CPUS:  36
CPUS:  40
CPUS:  44
CPUS:  48
CPUS:  8
CPUS:  12
CPUS:  16
CPUS:  20
CPUS:  24
CPUS:  28
CPUS:  32
CPUS:  36
CPUS:  40
CPUS:  44
CPUS:  48
CPUS:  8
CPUS:  12
CPUS:  16
CPUS:  20
CPUS:  24
CPUS:  28
CPUS:  32
CPUS:  36
CPUS:  40
CPUS:  44
CPUS:  48
CPUS:  8
CPUS:  12
CPUS:  16
CPUS:  20
CPUS:  24
CPUS:  28
CPUS:  32
CPUS:  36
CPUS:  40
CPUS:  44
CPUS:  48
CPUS:  8
CPUS:  12
CPUS:  16
CPUS:  20
CPUS:  24
CPUS:  28
CPUS:  32
CPUS:  36
CPUS:  40
CPUS:  44
CPUS:  48
CPUS:  8
CPUS:  12
CPUS:  16
CPUS:  20
CPUS:  24
CPUS:  28
CPUS:  32
CPUS:  36
CPUS:  40
CPUS:  44
CPUS:  48
CPUS:  8
CPUS:  12
CPUS:  16
CPUS:  20
CPUS:  24
CPUS:  28
CPUS:  32
CPUS:  36
CPUS:  40
CPUS:  44
CPUS:  48
