OpenMP parallelism

======== Run :  1
CPUS:  32
Iteration: 31250000
Pi estimate: 3.14159262158977803381, obtained in 0.052044 seconds
Iteration: 62500000
Pi estimate: 3.14159263758972162606, obtained in 0.100877 seconds
Iteration: 125000000
Pi estimate: 3.14159264558957929125, obtained in 0.190864 seconds
Iteration: 250000000
Pi estimate: 3.14159264958972572757, obtained in 0.355330 seconds
Iteration: 500000000
Pi estimate: 3.14159265158986222843, obtained in 0.685120 seconds
Iteration: 1000000000
Pi estimate: 3.14159265259010700433, obtained in 1.333428 seconds
Iteration: 2000000000
Pi estimate: 3.14159265309020430124, obtained in 2.576658 seconds
DONE 
======== Run :  2
CPUS:  32
Iteration: 31250000
Pi estimate: 3.14159262158977803381, obtained in 0.051173 seconds
Iteration: 62500000
Pi estimate: 3.14159263758972162606, obtained in 0.101457 seconds
Iteration: 125000000
Pi estimate: 3.14159264558957929125, obtained in 0.196139 seconds
Iteration: 250000000
Pi estimate: 3.14159264958972572757, obtained in 0.356915 seconds
Iteration: 500000000
Pi estimate: 3.14159265158986222843, obtained in 0.684373 seconds
Iteration: 1000000000
Pi estimate: 3.14159265259010700433, obtained in 1.332016 seconds
Iteration: 2000000000
Pi estimate: 3.14159265309020430124, obtained in 2.584826 seconds
DONE 

JOB STATISTICS
==============
Job ID: 4972112
Cluster: snellius
User/Group: scur0330/scur0330
State: RUNNING
Nodes: 1
Cores per node: 32
CPU Utilized: 00:00:00
CPU Efficiency: 0.00% of 00:12:16 core-walltime
Job Wall-clock time: 00:00:23
Memory Utilized: 0.00 MB (estimated maximum)
Memory Efficiency: 0.00% of 56.00 GB (1.75 GB/core)
WARNING: Efficiency statistics may be misleading for RUNNING jobs.
