OpenMP parallelism

CPUS:  8
Pi estimate: 3.14159265258932407505, obtained in 5.125046 seconds
DONE 
CPUS:  12
Pi estimate: 3.14159265258979703006, obtained in 3.441310 seconds
DONE 
CPUS:  16
Pi estimate: 3.14159265259020425987, obtained in 2.605230 seconds
DONE 
CPUS:  20
Pi estimate: 3.14159265259025044514, obtained in 2.114477 seconds
DONE 
CPUS:  24
Pi estimate: 3.14159265259062081554, obtained in 1.748500 seconds
DONE 
CPUS:  28
Pi estimate: 3.14159265259036146745, obtained in 1.499792 seconds
DONE 
CPUS:  32
Pi estimate: 3.14159265259010700433, obtained in 1.326468 seconds
DONE 
CPUS:  36
Pi estimate: 3.14159265258958830813, obtained in 1.730262 seconds
DONE 
CPUS:  40
Pi estimate: 3.14159265258981745816, obtained in 1.886349 seconds
DONE 
CPUS:  44
Pi estimate: 3.14159265258962383527, obtained in 1.629087 seconds
DONE 
CPUS:  48
Pi estimate: 3.14159265258978104285, obtained in 1.613239 seconds
DONE 

JOB STATISTICS
==============
Job ID: 4970846
Cluster: snellius
User/Group: scur0330/scur0330
State: RUNNING
Nodes: 1
Cores per node: 32
CPU Utilized: 00:00:00
CPU Efficiency: 0.00% of 00:20:48 core-walltime
Job Wall-clock time: 00:00:39
Memory Utilized: 0.00 MB (estimated maximum)
Memory Efficiency: 0.00% of 56.00 GB (1.75 GB/core)
WARNING: Efficiency statistics may be misleading for RUNNING jobs.
