OpenMP parallelism

======== Run :  1
CPUS:  32
Iteration: 31250000
Pi estimate: 3.14159262158977803381, obtained in 0.052968 seconds
Iteration: 62500000
Pi estimate: 3.14159263758972162606, obtained in 0.105089 seconds
Iteration: 125000000
Pi estimate: 3.14159264558957929125, obtained in 0.196007 seconds
Iteration: 250000000
Pi estimate: 3.14159264958972572757, obtained in 0.356539 seconds
Iteration: 500000000
Pi estimate: 3.14159265158986222843, obtained in 0.683343 seconds
Iteration: 1000000000
Pi estimate: 3.14159265259010700433, obtained in 1.337612 seconds
Iteration: 2000000000
Pi estimate: 3.14159265309020430124, obtained in 2.619069 seconds
DONE 
======== Run :  2
CPUS:  32
Iteration: 31250000
Pi estimate: 3.14159262158977803381, obtained in 0.050997 seconds
Iteration: 62500000
Pi estimate: 3.14159263758972162606, obtained in 0.100729 seconds
Iteration: 125000000
Pi estimate: 3.14159264558957929125, obtained in 0.190031 seconds
Iteration: 250000000
Pi estimate: 3.14159264958972572757, obtained in 0.355856 seconds
Iteration: 500000000
Pi estimate: 3.14159265158986222843, obtained in 0.686440 seconds
Iteration: 1000000000
Pi estimate: 3.14159265259010700433, obtained in 1.325962 seconds
Iteration: 2000000000
Pi estimate: 3.14159265309020430124, obtained in 2.580699 seconds
DONE 
======== Run :  3
CPUS:  32
Iteration: 31250000
Pi estimate: 3.14159262158977803381, obtained in 0.051231 seconds
Iteration: 62500000
Pi estimate: 3.14159263758972162606, obtained in 0.100794 seconds
Iteration: 125000000
Pi estimate: 3.14159264558957929125, obtained in 0.190405 seconds
Iteration: 250000000
Pi estimate: 3.14159264958972572757, obtained in 0.355877 seconds
Iteration: 500000000
Pi estimate: 3.14159265158986222843, obtained in 0.684853 seconds
Iteration: 1000000000
Pi estimate: 3.14159265259010700433, obtained in 1.382238 seconds
Iteration: 2000000000
Pi estimate: 3.14159265309020430124, obtained in 2.597197 seconds
DONE 
======== Run :  4
CPUS:  32
Iteration: 31250000
Pi estimate: 3.14159262158977803381, obtained in 0.057942 seconds
Iteration: 62500000
Pi estimate: 3.14159263758972162606, obtained in 0.100727 seconds
Iteration: 125000000
Pi estimate: 3.14159264558957929125, obtained in 0.193117 seconds
Iteration: 250000000
Pi estimate: 3.14159264958972572757, obtained in 0.356943 seconds
Iteration: 500000000
Pi estimate: 3.14159265158986222843, obtained in 0.699875 seconds
Iteration: 1000000000
Pi estimate: 3.14159265259010700433, obtained in 1.347514 seconds
Iteration: 2000000000
Pi estimate: 3.14159265309020430124, obtained in 2.616781 seconds
DONE 
======== Run :  5
CPUS:  32
Iteration: 31250000
Pi estimate: 3.14159262158977803381, obtained in 0.051256 seconds
Iteration: 62500000
Pi estimate: 3.14159263758972162606, obtained in 0.101002 seconds
Iteration: 125000000
Pi estimate: 3.14159264558957929125, obtained in 0.190653 seconds
Iteration: 250000000
Pi estimate: 3.14159264958972572757, obtained in 0.355664 seconds
Iteration: 500000000
Pi estimate: 3.14159265158986222843, obtained in 0.683920 seconds
Iteration: 1000000000
Pi estimate: 3.14159265259010700433, obtained in 1.329579 seconds
Iteration: 2000000000
Pi estimate: 3.14159265309020430124, obtained in 2.584681 seconds
DONE 
======== Run :  6
CPUS:  32
Iteration: 31250000
Pi estimate: 3.14159262158977803381, obtained in 0.051340 seconds
Iteration: 62500000
Pi estimate: 3.14159263758972162606, obtained in 0.102134 seconds
Iteration: 125000000
Pi estimate: 3.14159264558957929125, obtained in 0.190452 seconds
Iteration: 250000000
Pi estimate: 3.14159264958972572757, obtained in 0.364836 seconds
Iteration: 500000000
Pi estimate: 3.14159265158986222843, obtained in 0.686587 seconds
Iteration: 1000000000
Pi estimate: 3.14159265259010700433, obtained in 1.330194 seconds
Iteration: 2000000000
Pi estimate: 3.14159265309020430124, obtained in 2.583609 seconds
DONE 
======== Run :  7
CPUS:  32
Iteration: 31250000
Pi estimate: 3.14159262158977803381, obtained in 0.052106 seconds
Iteration: 62500000
Pi estimate: 3.14159263758972162606, obtained in 0.103609 seconds
Iteration: 125000000
Pi estimate: 3.14159264558957929125, obtained in 0.190453 seconds
Iteration: 250000000
Pi estimate: 3.14159264958972572757, obtained in 0.355946 seconds
Iteration: 500000000
Pi estimate: 3.14159265158986222843, obtained in 0.685959 seconds
Iteration: 1000000000
Pi estimate: 3.14159265259010700433, obtained in 1.322756 seconds
Iteration: 2000000000
Pi estimate: 3.14159265309020430124, obtained in 2.608716 seconds
DONE 
======== Run :  8
CPUS:  32
Iteration: 31250000
Pi estimate: 3.14159262158977803381, obtained in 0.051046 seconds
Iteration: 62500000
Pi estimate: 3.14159263758972162606, obtained in 0.100770 seconds
Iteration: 125000000
Pi estimate: 3.14159264558957929125, obtained in 0.190888 seconds
Iteration: 250000000
Pi estimate: 3.14159264958972572757, obtained in 0.356421 seconds
Iteration: 500000000
Pi estimate: 3.14159265158986222843, obtained in 0.683700 seconds
Iteration: 1000000000
Pi estimate: 3.14159265259010700433, obtained in 1.330892 seconds
Iteration: 2000000000
Pi estimate: 3.14159265309020430124, obtained in 2.594098 seconds
DONE 
======== Run :  9
CPUS:  32
Iteration: 31250000
Pi estimate: 3.14159262158977803381, obtained in 0.051295 seconds
Iteration: 62500000
Pi estimate: 3.14159263758972162606, obtained in 0.101580 seconds
Iteration: 125000000
Pi estimate: 3.14159264558957929125, obtained in 0.189272 seconds
Iteration: 250000000
Pi estimate: 3.14159264958972572757, obtained in 0.356547 seconds
Iteration: 500000000
Pi estimate: 3.14159265158986222843, obtained in 0.686749 seconds
Iteration: 1000000000
Pi estimate: 3.14159265259010700433, obtained in 1.326943 seconds
Iteration: 2000000000
Pi estimate: 3.14159265309020430124, obtained in 2.588803 seconds
DONE 
======== Run :  10
CPUS:  32
Iteration: 31250000
Pi estimate: 3.14159262158977803381, obtained in 0.051379 seconds
Iteration: 62500000
Pi estimate: 3.14159263758972162606, obtained in 0.104109 seconds
Iteration: 125000000
Pi estimate: 3.14159264558957929125, obtained in 0.190277 seconds
Iteration: 250000000
Pi estimate: 3.14159264958972572757, obtained in 0.362037 seconds
Iteration: 500000000
Pi estimate: 3.14159265158986222843, obtained in 0.699857 seconds
Iteration: 1000000000
Pi estimate: 3.14159265259010700433, obtained in 1.324168 seconds
Iteration: 2000000000
Pi estimate: 3.14159265309020430124, obtained in 2.582845 seconds
DONE 
======== Run :  11
CPUS:  32
Iteration: 31250000
Pi estimate: 3.14159262158977803381, obtained in 0.051657 seconds
Iteration: 62500000
Pi estimate: 3.14159263758972162606, obtained in 0.101074 seconds
Iteration: 125000000
Pi estimate: 3.14159264558957929125, obtained in 0.189985 seconds
Iteration: 250000000
Pi estimate: 3.14159264958972572757, obtained in 0.356753 seconds
Iteration: 500000000
Pi estimate: 3.14159265158986222843, obtained in 0.683068 seconds
Iteration: 1000000000
Pi estimate: 3.14159265259010700433, obtained in 1.342355 seconds
Iteration: 2000000000
Pi estimate: 3.14159265309020430124, obtained in 2.583277 seconds
DONE 
======== Run :  12
CPUS:  32
Iteration: 31250000
Pi estimate: 3.14159262158977803381, obtained in 0.051185 seconds
Iteration: 62500000
Pi estimate: 3.14159263758972162606, obtained in 0.101040 seconds
Iteration: 125000000
Pi estimate: 3.14159264558957929125, obtained in 0.190062 seconds
Iteration: 250000000
Pi estimate: 3.14159264958972572757, obtained in 0.358297 seconds
Iteration: 500000000
Pi estimate: 3.14159265158986222843, obtained in 0.708786 seconds
Iteration: 1000000000
Pi estimate: 3.14159265259010700433, obtained in 1.321898 seconds
Iteration: 2000000000
Pi estimate: 3.14159265309020430124, obtained in 2.582247 seconds
DONE 
======== Run :  13
CPUS:  32
Iteration: 31250000
Pi estimate: 3.14159262158977803381, obtained in 0.053032 seconds
Iteration: 62500000
Pi estimate: 3.14159263758972162606, obtained in 0.101312 seconds
Iteration: 125000000
Pi estimate: 3.14159264558957929125, obtained in 0.191575 seconds
Iteration: 250000000
Pi estimate: 3.14159264958972572757, obtained in 0.356287 seconds
Iteration: 500000000
Pi estimate: 3.14159265158986222843, obtained in 0.697476 seconds
Iteration: 1000000000
Pi estimate: 3.14159265259010700433, obtained in 1.333084 seconds
Iteration: 2000000000
Pi estimate: 3.14159265309020430124, obtained in 2.592849 seconds
DONE 
======== Run :  14
CPUS:  32
Iteration: 31250000
Pi estimate: 3.14159262158977803381, obtained in 0.051035 seconds
Iteration: 62500000
Pi estimate: 3.14159263758972162606, obtained in 0.101323 seconds
Iteration: 125000000
Pi estimate: 3.14159264558957929125, obtained in 0.195943 seconds
Iteration: 250000000
Pi estimate: 3.14159264958972572757, obtained in 0.357316 seconds
Iteration: 500000000
Pi estimate: 3.14159265158986222843, obtained in 0.685389 seconds
Iteration: 1000000000
Pi estimate: 3.14159265259010700433, obtained in 1.327527 seconds
Iteration: 2000000000
Pi estimate: 3.14159265309020430124, obtained in 2.580847 seconds
DONE 
======== Run :  15
CPUS:  32
Iteration: 31250000
Pi estimate: 3.14159262158977803381, obtained in 0.051421 seconds
Iteration: 62500000
Pi estimate: 3.14159263758972162606, obtained in 0.101175 seconds
Iteration: 125000000
Pi estimate: 3.14159264558957929125, obtained in 0.192605 seconds
Iteration: 250000000
Pi estimate: 3.14159264958972572757, obtained in 0.356037 seconds
Iteration: 500000000
Pi estimate: 3.14159265158986222843, obtained in 0.686431 seconds
Iteration: 1000000000
Pi estimate: 3.14159265259010700433, obtained in 1.328457 seconds
Iteration: 2000000000
Pi estimate: 3.14159265309020430124, obtained in 2.588763 seconds
DONE 
======== Run :  16
CPUS:  32
Iteration: 31250000
Pi estimate: 3.14159262158977803381, obtained in 0.052257 seconds
Iteration: 62500000
Pi estimate: 3.14159263758972162606, obtained in 0.102021 seconds
Iteration: 125000000
Pi estimate: 3.14159264558957929125, obtained in 0.189273 seconds
Iteration: 250000000
Pi estimate: 3.14159264958972572757, obtained in 0.358353 seconds
Iteration: 500000000
Pi estimate: 3.14159265158986222843, obtained in 0.696420 seconds
Iteration: 1000000000
Pi estimate: 3.14159265259010700433, obtained in 1.324859 seconds
Iteration: 2000000000
Pi estimate: 3.14159265309020430124, obtained in 2.582614 seconds
DONE 
======== Run :  17
CPUS:  32
Iteration: 31250000
Pi estimate: 3.14159262158977803381, obtained in 0.051455 seconds
Iteration: 62500000
Pi estimate: 3.14159263758972162606, obtained in 0.101668 seconds
Iteration: 125000000
Pi estimate: 3.14159264558957929125, obtained in 0.191702 seconds
Iteration: 250000000
Pi estimate: 3.14159264958972572757, obtained in 0.356367 seconds
Iteration: 500000000
Pi estimate: 3.14159265158986222843, obtained in 0.688364 seconds
Iteration: 1000000000
Pi estimate: 3.14159265259010700433, obtained in 1.323768 seconds
Iteration: 2000000000
Pi estimate: 3.14159265309020430124, obtained in 2.599254 seconds
DONE 
======== Run :  18
CPUS:  32
Iteration: 31250000
Pi estimate: 3.14159262158977803381, obtained in 0.051262 seconds
Iteration: 62500000
Pi estimate: 3.14159263758972162606, obtained in 0.100941 seconds
Iteration: 125000000
Pi estimate: 3.14159264558957929125, obtained in 0.190305 seconds
Iteration: 250000000
Pi estimate: 3.14159264958972572757, obtained in 0.355058 seconds
Iteration: 500000000
Pi estimate: 3.14159265158986222843, obtained in 0.688690 seconds
Iteration: 1000000000
Pi estimate: 3.14159265259010700433, obtained in 1.328002 seconds
Iteration: 2000000000
Pi estimate: 3.14159265309020430124, obtained in 2.582628 seconds
DONE 
======== Run :  19
CPUS:  32
Iteration: 31250000
Pi estimate: 3.14159262158977803381, obtained in 0.052414 seconds
Iteration: 62500000
Pi estimate: 3.14159263758972162606, obtained in 0.100994 seconds
Iteration: 125000000
Pi estimate: 3.14159264558957929125, obtained in 0.189853 seconds
Iteration: 250000000
Pi estimate: 3.14159264958972572757, obtained in 0.368488 seconds
Iteration: 500000000
Pi estimate: 3.14159265158986222843, obtained in 0.699964 seconds
Iteration: 1000000000
Pi estimate: 3.14159265259010700433, obtained in 1.335035 seconds
Iteration: 2000000000
Pi estimate: 3.14159265309020430124, obtained in 2.584858 seconds
DONE 
======== Run :  20
CPUS:  32
Iteration: 31250000
Pi estimate: 3.14159262158977803381, obtained in 0.052456 seconds
Iteration: 62500000
Pi estimate: 3.14159263758972162606, obtained in 0.101051 seconds
Iteration: 125000000
Pi estimate: 3.14159264558957929125, obtained in 0.190469 seconds
Iteration: 250000000
Pi estimate: 3.14159264958972572757, obtained in 0.356349 seconds
Iteration: 500000000
Pi estimate: 3.14159265158986222843, obtained in 0.686795 seconds
Iteration: 1000000000
Pi estimate: 3.14159265259010700433, obtained in 1.357608 seconds
Iteration: 2000000000
Pi estimate: 3.14159265309020430124, obtained in 2.606518 seconds
DONE 
