======== Run :  1
My rank: 3, Row start: 226, Row end:300 
My rank: 6, Row start: 451, Row end:525 
My rank: 9, Row start: 676, Row end:750 
My rank: 19, Row start: 1426, Row end:1500 
My rank: 21, Row start: 1576, Row end:1650 
My rank: 23, Row start: 1726, Row end:1800 
My rank: 28, Row start: 2101, Row end:2175 
My rank: 33, Row start: 2476, Row end:2550 
My rank: 34, Row start: 2551, Row end:2625 
My rank: 35, Row start: 2626, Row end:2700 
My rank: 36, Row start: 2701, Row end:2775 
My rank: 37, Row start: 2776, Row end:2850 
My rank: 0, Row start: 1, Row end:75 
My rank: 1, Row start: 76, Row end:150 
My rank: 2, Row start: 151, Row end:225 
My rank: 4, Row start: 301, Row end:375 
My rank: 5, Row start: 376, Row end:450 
My rank: 7, Row start: 526, Row end:600 
My rank: 8, Row start: 601, Row end:675 
My rank: 10, Row start: 751, Row end:825 
My rank: 11, Row start: 826, Row end:900 
My rank: 12, Row start: 901, Row end:975 
My rank: 13, Row start: 976, Row end:1050 
My rank: 14, Row start: 1051, Row end:1125 
My rank: 15, Row start: 1126, Row end:1200 
My rank: 16, Row start: 1201, Row end:1275 
My rank: 17, Row start: 1276, Row end:1350 
My rank: 18, Row start: 1351, Row end:1425 
My rank: 20, Row start: 1501, Row end:1575 
My rank: 22, Row start: 1651, Row end:1725 
My rank: 24, Row start: 1801, Row end:1875 
My rank: 25, Row start: 1876, Row end:1950 
My rank: 26, Row start: 1951, Row end:2025 
My rank: 27, Row start: 2026, Row end:2100 
My rank: 29, Row start: 2176, Row end:2250 
My rank: 30, Row start: 2251, Row end:2325 
My rank: 31, Row start: 2326, Row end:2400 
My rank: 32, Row start: 2401, Row end:2475 
My rank: 38, Row start: 2851, Row end:2925 
My rank: 39, Row start: 2926, Row end:2999 
My rank:1, took 3.470651 seconds
My rank:2, took 3.470675 seconds
My rank:3, took 3.469307 seconds
My rank:4, took 3.470583 seconds
My rank:5, took 3.470582 seconds
My rank:6, took 3.470810 seconds
My rank:7, took 3.470756 seconds
My rank:8, took 3.470737 seconds
My rank:9, took 3.470856 seconds
My rank:10, took 3.470823 seconds
My rank:11, took 3.470773 seconds
My rank:12, took 3.470913 seconds
My rank:13, took 3.470813 seconds
My rank:14, took 3.470966 seconds
My rank:15, took 3.470914 seconds
My rank:16, took 3.470920 seconds
My rank:17, took 3.471017 seconds
My rank:18, took 3.471037 seconds
My rank:19, took 3.471074 seconds
My rank:20, took 3.471036 seconds
My rank:21, took 3.471069 seconds
My rank:22, took 3.471086 seconds
My rank:23, took 3.471085 seconds
My rank:24, took 3.471037 seconds
My rank:25, took 3.470954 seconds
My rank:26, took 3.470941 seconds
My rank:27, took 3.470948 seconds
My rank:28, took 3.471010 seconds
My rank:29, took 3.470776 seconds
My rank:30, took 3.470760 seconds
My rank:31, took 3.470924 seconds
My rank:32, took 3.470893 seconds
My rank:33, took 3.470918 seconds
My rank:34, took 3.470934 seconds
My rank:35, took 3.470872 seconds
My rank:36, took 3.470862 seconds
My rank:37, took 3.470843 seconds
My rank:38, took 3.470685 seconds
My rank:39, took 3.468672 seconds
My rank:0, took 3.470692 seconds
That took 3.470692 seconds
======== Run :  2
My rank: 1, Row start: 76, Row end:150 
My rank: 0, Row start: 1, Row end:75 
My rank: 14, Row start: 1051, Row end:1125 
My rank: 32, Row start: 2401, Row end:2475 
My rank: 5, Row start: 376, Row end:450 
My rank: 31, Row start: 2326, Row end:2400 
My rank: 3, Row start: 226, Row end:300 
My rank: 4, Row start: 301, Row end:375 
My rank: 8, Row start: 601, Row end:675 
My rank: 11, Row start: 826, Row end:900 
My rank: 26, Row start: 1951, Row end:2025 
My rank: 33, Row start: 2476, Row end:2550 
My rank: 6, Row start: 451, Row end:525 
My rank: 12, Row start: 901, Row end:975 
My rank: 17, Row start: 1276, Row end:1350 
My rank: 18, Row start: 1351, Row end:1425 
My rank: 39, Row start: 2926, Row end:2999 
My rank: 27, Row start: 2026, Row end:2100 
My rank: 2, Row start: 151, Row end:225 
My rank: 7, Row start: 526, Row end:600 
My rank: 9, Row start: 676, Row end:750 
My rank: 10, Row start: 751, Row end:825 
My rank: 13, Row start: 976, Row end:1050 
My rank: 15, Row start: 1126, Row end:1200 
My rank: 16, Row start: 1201, Row end:1275 
My rank: 19, Row start: 1426, Row end:1500 
My rank: 20, Row start: 1501, Row end:1575 
My rank: 21, Row start: 1576, Row end:1650 
My rank: 22, Row start: 1651, Row end:1725 
My rank: 23, Row start: 1726, Row end:1800 
My rank: 24, Row start: 1801, Row end:1875 
My rank: 25, Row start: 1876, Row end:1950 
My rank: 28, Row start: 2101, Row end:2175 
My rank: 29, Row start: 2176, Row end:2250 
My rank: 30, Row start: 2251, Row end:2325 
My rank: 34, Row start: 2551, Row end:2625 
My rank: 35, Row start: 2626, Row end:2700 
My rank: 36, Row start: 2701, Row end:2775 
My rank: 37, Row start: 2776, Row end:2850 
My rank: 38, Row start: 2851, Row end:2925 
My rank:1, took 3.394452 seconds
My rank:2, took 3.393876 seconds
My rank:3, took 3.394268 seconds
My rank:4, took 3.394299 seconds
My rank:5, took 3.394347 seconds
My rank:6, took 3.394301 seconds
My rank:7, took 3.394057 seconds
My rank:8, took 3.394357 seconds
My rank:9, took 3.394147 seconds
My rank:10, took 3.393877 seconds
My rank:11, took 3.394438 seconds
My rank:12, took 3.394480 seconds
My rank:13, took 3.394400 seconds
My rank:14, took 3.394707 seconds
My rank:15, took 3.394382 seconds
My rank:16, took 3.394501 seconds
My rank:17, took 3.394843 seconds
My rank:18, took 3.394869 seconds
My rank:19, took 3.394790 seconds
My rank:20, took 3.394904 seconds
My rank:21, took 3.394652 seconds
My rank:22, took 3.395037 seconds
My rank:23, took 3.395009 seconds
My rank:24, took 3.395051 seconds
My rank:25, took 3.395059 seconds
My rank:26, took 3.395417 seconds
My rank:27, took 3.395345 seconds
My rank:28, took 3.395133 seconds
My rank:29, took 3.395264 seconds
My rank:30, took 3.395090 seconds
My rank:31, took 3.395541 seconds
My rank:32, took 3.395616 seconds
My rank:33, took 3.395553 seconds
My rank:34, took 3.395236 seconds
My rank:35, took 3.395226 seconds
My rank:36, took 3.395057 seconds
My rank:37, took 3.394786 seconds
My rank:38, took 3.395152 seconds
My rank:39, took 3.395307 seconds
My rank:0, took 3.394292 seconds
That took 3.394292 seconds
======== Run :  3
My rank: 2, Row start: 151, Row end:225 
My rank: 6, Row start: 451, Row end:525 
My rank: 7, Row start: 526, Row end:600 
My rank: 9, Row start: 676, Row end:750 
My rank: 13, Row start: 976, Row end:1050 
My rank: 15, Row start: 1126, Row end:1200 
My rank: 22, Row start: 1651, Row end:1725 
My rank: 23, Row start: 1726, Row end:1800 
My rank: 27, Row start: 2026, Row end:2100 
My rank: 28, Row start: 2101, Row end:2175 
My rank: 34, Row start: 2551, Row end:2625 
My rank: 36, Row start: 2701, Row end:2775 
My rank: 38, Row start: 2851, Row end:2925 
My rank: 0, Row start: 1, Row end:75 
My rank: 10, Row start: 751, Row end:825 
My rank: 11, Row start: 826, Row end:900 
My rank: 14, Row start: 1051, Row end:1125 
My rank: 16, Row start: 1201, Row end:1275 
My rank: 17, Row start: 1276, Row end:1350 
My rank: 21, Row start: 1576, Row end:1650 
My rank: 29, Row start: 2176, Row end:2250 
My rank: 33, Row start: 2476, Row end:2550 
My rank: 35, Row start: 2626, Row end:2700 
My rank: 37, Row start: 2776, Row end:2850 
My rank: 39, Row start: 2926, Row end:2999 
My rank: 3, Row start: 226, Row end:300 
My rank: 4, Row start: 301, Row end:375 
My rank: 5, Row start: 376, Row end:450 
My rank: 18, Row start: 1351, Row end:1425 
My rank: 19, Row start: 1426, Row end:1500 
My rank: 25, Row start: 1876, Row end:1950 
My rank: 26, Row start: 1951, Row end:2025 
My rank: 30, Row start: 2251, Row end:2325 
My rank: 1, Row start: 76, Row end:150 
My rank: 8, Row start: 601, Row end:675 
My rank: 20, Row start: 1501, Row end:1575 
My rank: 24, Row start: 1801, Row end:1875 
My rank: 32, Row start: 2401, Row end:2475 
My rank: 12, Row start: 901, Row end:975 
My rank: 31, Row start: 2326, Row end:2400 
My rank:1, took 3.443199 seconds
My rank:2, took 3.443725 seconds
My rank:3, took 3.443392 seconds
My rank:4, took 3.443383 seconds
My rank:5, took 3.443441 seconds
My rank:6, took 3.443898 seconds
My rank:7, took 3.444064 seconds
My rank:8, took 3.443549 seconds
My rank:9, took 3.444148 seconds
My rank:10, took 3.443775 seconds
My rank:11, took 3.443837 seconds
My rank:12, took 3.443650 seconds
My rank:13, took 3.444278 seconds
My rank:14, took 3.443833 seconds
My rank:15, took 3.444303 seconds
My rank:16, took 3.443907 seconds
My rank:17, took 3.443831 seconds
My rank:18, took 3.443654 seconds
My rank:19, took 3.443602 seconds
My rank:20, took 3.443423 seconds
My rank:21, took 3.443762 seconds
My rank:22, took 3.443832 seconds
My rank:23, took 3.443799 seconds
My rank:24, took 3.443355 seconds
My rank:25, took 3.443339 seconds
My rank:26, took 3.443321 seconds
My rank:27, took 3.443730 seconds
My rank:28, took 3.443636 seconds
My rank:29, took 3.443282 seconds
My rank:30, took 3.443129 seconds
My rank:31, took 3.442951 seconds
My rank:32, took 3.443033 seconds
My rank:33, took 3.443304 seconds
My rank:34, took 3.443447 seconds
My rank:35, took 3.443174 seconds
My rank:36, took 3.443517 seconds
My rank:37, took 3.443212 seconds
My rank:38, took 3.443300 seconds
My rank:39, took 3.442989 seconds
My rank:0, took 3.443372 seconds
That took 3.443372 seconds
======== Run :  4
My rank: 15, Row start: 1126, Row end:1200 
My rank: 17, Row start: 1276, Row end:1350 
My rank: 18, Row start: 1351, Row end:1425 
My rank: 22, Row start: 1651, Row end:1725 
My rank: 24, Row start: 1801, Row end:1875 
My rank: 3, Row start: 226, Row end:300 
My rank: 4, Row start: 301, Row end:375 
My rank: 9, Row start: 676, Row end:750 
My rank: 25, Row start: 1876, Row end:1950 
My rank: 28, Row start: 2101, Row end:2175 
My rank: 30, Row start: 2251, Row end:2325 
My rank: 38, Row start: 2851, Row end:2925 
My rank: 6, Row start: 451, Row end:525 
My rank: 11, Row start: 826, Row end:900 
My rank: 32, Row start: 2401, Row end:2475 
My rank: 39, Row start: 2926, Row end:2999 
My rank: 1, Row start: 76, Row end:150 
My rank: 2, Row start: 151, Row end:225 
My rank: 27, Row start: 2026, Row end:2100 
My rank: 31, Row start: 2326, Row end:2400 
My rank: 0, Row start: 1, Row end:75 
My rank: 23, Row start: 1726, Row end:1800 
My rank: 26, Row start: 1951, Row end:2025 
My rank: 7, Row start: 526, Row end:600 
My rank: 8, Row start: 601, Row end:675 
My rank: 12, Row start: 901, Row end:975 
My rank: 21, Row start: 1576, Row end:1650 
My rank: 13, Row start: 976, Row end:1050 
My rank: 19, Row start: 1426, Row end:1500 
My rank: 20, Row start: 1501, Row end:1575 
My rank: 37, Row start: 2776, Row end:2850 
My rank: 5, Row start: 376, Row end:450 
My rank: 14, Row start: 1051, Row end:1125 
My rank: 29, Row start: 2176, Row end:2250 
My rank: 34, Row start: 2551, Row end:2625 
My rank: 33, Row start: 2476, Row end:2550 
My rank: 36, Row start: 2701, Row end:2775 
My rank: 10, Row start: 751, Row end:825 
My rank: 16, Row start: 1201, Row end:1275 
My rank: 35, Row start: 2626, Row end:2700 
My rank:1, took 3.441326 seconds
My rank:2, took 3.441375 seconds
My rank:3, took 3.441468 seconds
My rank:4, took 3.441572 seconds
My rank:5, took 3.441186 seconds
My rank:6, took 3.441448 seconds
My rank:7, took 3.441298 seconds
My rank:8, took 3.441369 seconds
My rank:9, took 3.441578 seconds
My rank:10, took 3.441236 seconds
My rank:11, took 3.441569 seconds
My rank:12, took 3.441374 seconds
My rank:13, took 3.441379 seconds
My rank:14, took 3.441362 seconds
My rank:15, took 3.441862 seconds
My rank:16, took 3.441309 seconds
My rank:17, took 3.441872 seconds
My rank:18, took 3.441868 seconds
My rank:19, took 3.441481 seconds
My rank:20, took 3.441549 seconds
My rank:21, took 3.441548 seconds
My rank:22, took 3.441911 seconds
My rank:23, took 3.441615 seconds
My rank:24, took 3.441953 seconds
My rank:25, took 3.441737 seconds
My rank:26, took 3.441551 seconds
My rank:27, took 3.441598 seconds
My rank:28, took 3.441706 seconds
My rank:29, took 3.441374 seconds
My rank:30, took 3.441679 seconds
My rank:31, took 3.441526 seconds
My rank:32, took 3.441575 seconds
My rank:33, took 3.441224 seconds
My rank:34, took 3.441259 seconds
My rank:35, took 3.440750 seconds
My rank:36, took 3.441191 seconds
My rank:37, took 3.441285 seconds
My rank:38, took 3.441490 seconds
My rank:39, took 3.441412 seconds
My rank:0, took 3.441261 seconds
That took 3.441261 seconds
======== Run :  5
My rank: 5, Row start: 376, Row end:450 
My rank: 16, Row start: 1201, Row end:1275 
My rank: 21, Row start: 1576, Row end:1650 
My rank: 24, Row start: 1801, Row end:1875 
My rank: 27, Row start: 2026, Row end:2100 
My rank: 2, Row start: 151, Row end:225 
My rank: 3, Row start: 226, Row end:300 
My rank: 7, Row start: 526, Row end:600 
My rank: 8, Row start: 601, Row end:675 
My rank: 9, Row start: 676, Row end:750 
My rank: 12, Row start: 901, Row end:975 
My rank: 13, Row start: 976, Row end:1050 
My rank: 15, Row start: 1126, Row end:1200 
My rank: 17, Row start: 1276, Row end:1350 
My rank: 18, Row start: 1351, Row end:1425 
My rank: 22, Row start: 1651, Row end:1725 
My rank: 23, Row start: 1726, Row end:1800 
My rank: 38, Row start: 2851, Row end:2925 
My rank: 4, Row start: 301, Row end:375 
My rank: 25, Row start: 1876, Row end:1950 
My rank: 28, Row start: 2101, Row end:2175 
My rank: 0, Row start: 1, Row end:75 
My rank: 11, Row start: 826, Row end:900 
My rank: 20, Row start: 1501, Row end:1575 
My rank: 26, Row start: 1951, Row end:2025 
My rank: 6, Row start: 451, Row end:525 
My rank: 10, Row start: 751, Row end:825 
My rank: 14, Row start: 1051, Row end:1125 
My rank: 32, Row start: 2401, Row end:2475 
My rank: 36, Row start: 2701, Row end:2775 
My rank: 29, Row start: 2176, Row end:2250 
My rank: 30, Row start: 2251, Row end:2325 
My rank: 31, Row start: 2326, Row end:2400 
My rank: 33, Row start: 2476, Row end:2550 
My rank: 34, Row start: 2551, Row end:2625 
My rank: 35, Row start: 2626, Row end:2700 
My rank: 37, Row start: 2776, Row end:2850 
My rank: 39, Row start: 2926, Row end:2999 
My rank: 1, Row start: 76, Row end:150 
My rank: 19, Row start: 1426, Row end:1500 
My rank:1, took 3.445920 seconds
My rank:2, took 3.446781 seconds
My rank:3, took 3.446768 seconds
My rank:4, took 3.446648 seconds
My rank:5, took 3.446885 seconds
My rank:6, took 3.446556 seconds
My rank:7, took 3.446823 seconds
My rank:8, took 3.446887 seconds
My rank:9, took 3.446797 seconds
My rank:10, took 3.446675 seconds
My rank:11, took 3.446691 seconds
My rank:12, took 3.446953 seconds
My rank:13, took 3.446936 seconds
My rank:14, took 3.446705 seconds
My rank:15, took 3.446978 seconds
My rank:16, took 3.447051 seconds
My rank:17, took 3.447044 seconds
My rank:18, took 3.446995 seconds
My rank:19, took 3.446584 seconds
My rank:20, took 3.446859 seconds
My rank:21, took 3.447142 seconds
My rank:22, took 3.446969 seconds
My rank:23, took 3.446967 seconds
My rank:24, took 3.447153 seconds
My rank:25, took 3.446848 seconds
My rank:26, took 3.446842 seconds
My rank:27, took 3.447232 seconds
My rank:28, took 3.446815 seconds
My rank:29, took 3.446640 seconds
My rank:30, took 3.446653 seconds
My rank:31, took 3.446626 seconds
My rank:32, took 3.446677 seconds
My rank:33, took 3.446605 seconds
My rank:34, took 3.446561 seconds
My rank:35, took 3.446528 seconds
My rank:36, took 3.446564 seconds
My rank:37, took 3.446519 seconds
My rank:38, took 3.446759 seconds
My rank:39, took 3.446458 seconds
My rank:0, took 3.446510 seconds
That took 3.446510 seconds
======== Run :  6
srun: Job 5023272 step creation temporarily disabled, retrying (Requested nodes are busy)
srun: Step created for StepId=5023272.5
My rank: 2, Row start: 151, Row end:225 
My rank: 4, Row start: 301, Row end:375 
My rank: 9, Row start: 676, Row end:750 
My rank: 10, Row start: 751, Row end:825 
My rank: 11, Row start: 826, Row end:900 
My rank: 17, Row start: 1276, Row end:1350 
My rank: 18, Row start: 1351, Row end:1425 
My rank: 19, Row start: 1426, Row end:1500 
My rank: 21, Row start: 1576, Row end:1650 
My rank: 22, Row start: 1651, Row end:1725 
My rank: 31, Row start: 2326, Row end:2400 
My rank: 33, Row start: 2476, Row end:2550 
My rank: 36, Row start: 2701, Row end:2775 
My rank: 0, Row start: 1, Row end:75 
My rank: 3, Row start: 226, Row end:300 
My rank: 5, Row start: 376, Row end:450 
My rank: 6, Row start: 451, Row end:525 
My rank: 7, Row start: 526, Row end:600 
My rank: 14, Row start: 1051, Row end:1125 
My rank: 15, Row start: 1126, Row end:1200 
My rank: 20, Row start: 1501, Row end:1575 
My rank: 23, Row start: 1726, Row end:1800 
My rank: 25, Row start: 1876, Row end:1950 
My rank: 26, Row start: 1951, Row end:2025 
My rank: 27, Row start: 2026, Row end:2100 
My rank: 30, Row start: 2251, Row end:2325 
My rank: 32, Row start: 2401, Row end:2475 
My rank: 34, Row start: 2551, Row end:2625 
My rank: 35, Row start: 2626, Row end:2700 
My rank: 39, Row start: 2926, Row end:2999 
My rank: 1, Row start: 76, Row end:150 
My rank: 13, Row start: 976, Row end:1050 
My rank: 16, Row start: 1201, Row end:1275 
My rank: 28, Row start: 2101, Row end:2175 
My rank: 29, Row start: 2176, Row end:2250 
My rank: 38, Row start: 2851, Row end:2925 
My rank: 8, Row start: 601, Row end:675 
My rank: 12, Row start: 901, Row end:975 
My rank: 24, Row start: 1801, Row end:1875 
My rank: 37, Row start: 2776, Row end:2850 
My rank:1, took 3.453773 seconds
My rank:2, took 3.454194 seconds
My rank:3, took 3.454004 seconds
My rank:4, took 3.454461 seconds
My rank:5, took 3.454149 seconds
My rank:6, took 3.454093 seconds
My rank:7, took 3.453974 seconds
My rank:8, took 3.453820 seconds
My rank:9, took 3.454364 seconds
My rank:10, took 3.454552 seconds
My rank:11, took 3.454635 seconds
My rank:12, took 3.453919 seconds
My rank:13, took 3.454015 seconds
My rank:14, took 3.454311 seconds
My rank:15, took 3.454331 seconds
My rank:16, took 3.454121 seconds
My rank:17, took 3.454976 seconds
My rank:18, took 3.454655 seconds
My rank:19, took 3.454775 seconds
My rank:20, took 3.454267 seconds
My rank:21, took 3.454961 seconds
My rank:22, took 3.454828 seconds
My rank:23, took 3.454337 seconds
My rank:24, took 3.453729 seconds
My rank:25, took 3.454194 seconds
My rank:26, took 3.454256 seconds
My rank:27, took 3.454437 seconds
My rank:28, took 3.454142 seconds
My rank:29, took 3.454034 seconds
My rank:30, took 3.454412 seconds
My rank:31, took 3.454458 seconds
My rank:32, took 3.454124 seconds
My rank:33, took 3.454368 seconds
My rank:34, took 3.454180 seconds
My rank:35, took 3.454155 seconds
My rank:36, took 3.454618 seconds
My rank:37, took 3.453554 seconds
My rank:38, took 3.453918 seconds
My rank:39, took 3.453979 seconds
My rank:0, took 3.453886 seconds
That took 3.453886 seconds
======== Run :  7
My rank: 10, Row start: 751, Row end:825 
My rank: 30, Row start: 2251, Row end:2325 
My rank: 33, Row start: 2476, Row end:2550 
My rank: 36, Row start: 2701, Row end:2775 
My rank: 2, Row start: 151, Row end:225 
My rank: 6, Row start: 451, Row end:525 
My rank: 7, Row start: 526, Row end:600 
My rank: 21, Row start: 1576, Row end:1650 
My rank: 25, Row start: 1876, Row end:1950 
My rank: 26, Row start: 1951, Row end:2025 
My rank: 28, Row start: 2101, Row end:2175 
My rank: 29, Row start: 2176, Row end:2250 
My rank: 17, Row start: 1276, Row end:1350 
My rank: 0, Row start: 1, Row end:75 
My rank: 19, Row start: 1426, Row end:1500 
My rank: 23, Row start: 1726, Row end:1800 
My rank: 38, Row start: 2851, Row end:2925 
My rank: 1, Row start: 76, Row end:150 
My rank: 4, Row start: 301, Row end:375 
My rank: 8, Row start: 601, Row end:675 
My rank: 9, Row start: 676, Row end:750 
My rank: 12, Row start: 901, Row end:975 
My rank: 13, Row start: 976, Row end:1050 
My rank: 14, Row start: 1051, Row end:1125 
My rank: 16, Row start: 1201, Row end:1275 
My rank: 18, Row start: 1351, Row end:1425 
My rank: 20, Row start: 1501, Row end:1575 
My rank: 22, Row start: 1651, Row end:1725 
My rank: 24, Row start: 1801, Row end:1875 
My rank: 27, Row start: 2026, Row end:2100 
My rank: 31, Row start: 2326, Row end:2400 
My rank: 32, Row start: 2401, Row end:2475 
My rank: 34, Row start: 2551, Row end:2625 
My rank: 35, Row start: 2626, Row end:2700 
My rank: 37, Row start: 2776, Row end:2850 
My rank: 39, Row start: 2926, Row end:2999 
My rank: 3, Row start: 226, Row end:300 
My rank: 5, Row start: 376, Row end:450 
My rank: 11, Row start: 826, Row end:900 
My rank: 15, Row start: 1126, Row end:1200 
My rank:1, took 3.398691 seconds
My rank:2, took 3.399080 seconds
My rank:3, took 3.398600 seconds
My rank:4, took 3.398892 seconds
My rank:5, took 3.398560 seconds
My rank:6, took 3.399084 seconds
My rank:7, took 3.399209 seconds
My rank:8, took 3.398903 seconds
My rank:9, took 3.398905 seconds
My rank:10, took 3.399297 seconds
My rank:11, took 3.398717 seconds
My rank:12, took 3.398750 seconds
My rank:13, took 3.398945 seconds
My rank:14, took 3.399080 seconds
My rank:15, took 3.398869 seconds
My rank:16, took 3.399025 seconds
My rank:17, took 3.399234 seconds
My rank:18, took 3.399157 seconds
My rank:19, took 3.399183 seconds
My rank:20, took 3.398940 seconds
My rank:21, took 3.399385 seconds
My rank:22, took 3.399174 seconds
My rank:23, took 3.399220 seconds
My rank:24, took 3.398947 seconds
My rank:25, took 3.399334 seconds
My rank:26, took 3.399369 seconds
My rank:27, took 3.398946 seconds
My rank:28, took 3.399332 seconds
My rank:29, took 3.399354 seconds
My rank:30, took 3.399372 seconds
My rank:31, took 3.398991 seconds
My rank:32, took 3.399017 seconds
My rank:33, took 3.399338 seconds
My rank:34, took 3.398919 seconds
My rank:35, took 3.398962 seconds
My rank:36, took 3.399287 seconds
My rank:37, took 3.398694 seconds
My rank:38, took 3.398996 seconds
My rank:39, took 3.398764 seconds
My rank:0, took 3.398888 seconds
That took 3.398888 seconds
======== Run :  8
My rank: 8, Row start: 601, Row end:675 
My rank: 10, Row start: 751, Row end:825 
My rank: 11, Row start: 826, Row end:900 
My rank: 16, Row start: 1201, Row end:1275 
My rank: 22, Row start: 1651, Row end:1725 
My rank: 27, Row start: 2026, Row end:2100 
My rank: 29, Row start: 2176, Row end:2250 
My rank: 32, Row start: 2401, Row end:2475 
My rank: 36, Row start: 2701, Row end:2775 
My rank: 0, Row start: 1, Row end:75 
My rank: 20, Row start: 1501, Row end:1575 
My rank: 28, Row start: 2101, Row end:2175 
My rank: 35, Row start: 2626, Row end:2700 
My rank: 2, Row start: 151, Row end:225 
My rank: 3, Row start: 226, Row end:300 
My rank: 23, Row start: 1726, Row end:1800 
My rank: 37, Row start: 2776, Row end:2850 
My rank: 30, Row start: 2251, Row end:2325 
My rank: 34, Row start: 2551, Row end:2625 
My rank: 7, Row start: 526, Row end:600 
My rank: 13, Row start: 976, Row end:1050 
My rank: 1, Row start: 76, Row end:150 
My rank: 5, Row start: 376, Row end:450 
My rank: 12, Row start: 901, Row end:975 
My rank: 14, Row start: 1051, Row end:1125 
My rank: 31, Row start: 2326, Row end:2400 
My rank: 15, Row start: 1126, Row end:1200 
My rank: 17, Row start: 1276, Row end:1350 
My rank: 18, Row start: 1351, Row end:1425 
My rank: 19, Row start: 1426, Row end:1500 
My rank: 21, Row start: 1576, Row end:1650 
My rank: 24, Row start: 1801, Row end:1875 
My rank: 25, Row start: 1876, Row end:1950 
My rank: 26, Row start: 1951, Row end:2025 
My rank: 38, Row start: 2851, Row end:2925 
My rank: 39, Row start: 2926, Row end:2999 
My rank: 4, Row start: 301, Row end:375 
My rank: 9, Row start: 676, Row end:750 
My rank: 33, Row start: 2476, Row end:2550 
My rank: 6, Row start: 451, Row end:525 
My rank:1, took 3.383442 seconds
My rank:2, took 3.383521 seconds
My rank:3, took 3.383536 seconds
My rank:4, took 3.383378 seconds
My rank:5, took 3.383467 seconds
My rank:6, took 3.381499 seconds
My rank:7, took 3.383539 seconds
My rank:8, took 3.383925 seconds
My rank:9, took 3.383488 seconds
My rank:10, took 3.383931 seconds
My rank:11, took 3.383919 seconds
My rank:12, took 3.383610 seconds
My rank:13, took 3.383648 seconds
My rank:14, took 3.383661 seconds
My rank:15, took 3.383603 seconds
My rank:16, took 3.384021 seconds
My rank:17, took 3.383692 seconds
My rank:18, took 3.383715 seconds
My rank:19, took 3.383744 seconds
My rank:20, took 3.384040 seconds
My rank:21, took 3.383722 seconds
My rank:22, took 3.384132 seconds
My rank:23, took 3.383834 seconds
My rank:24, took 3.383726 seconds
My rank:25, took 3.383727 seconds
My rank:26, took 3.383654 seconds
My rank:27, took 3.384038 seconds
My rank:28, took 3.383793 seconds
My rank:29, took 3.384006 seconds
My rank:30, took 3.383696 seconds
My rank:31, took 3.383606 seconds
My rank:32, took 3.383910 seconds
My rank:33, took 3.383514 seconds
My rank:34, took 3.383609 seconds
My rank:35, took 3.383634 seconds
My rank:36, took 3.384031 seconds
My rank:37, took 3.383587 seconds
My rank:38, took 3.383421 seconds
My rank:39, took 3.383396 seconds
My rank:0, took 3.383658 seconds
That took 3.383658 seconds
======== Run :  9
My rank: 36, Row start: 2701, Row end:2775 
My rank: 26, Row start: 1951, Row end:2025 
My rank: 6, Row start: 451, Row end:525 
My rank: 29, Row start: 2176, Row end:2250 
My rank: 17, Row start: 1276, Row end:1350 
My rank: 19, Row start: 1426, Row end:1500 
My rank: 33, Row start: 2476, Row end:2550 
My rank: 13, Row start: 976, Row end:1050 
My rank: 20, Row start: 1501, Row end:1575 
My rank: 24, Row start: 1801, Row end:1875 
My rank: 2, Row start: 151, Row end:225 
My rank: 27, Row start: 2026, Row end:2100 
My rank: 9, Row start: 676, Row end:750 
My rank: 0, Row start: 1, Row end:75 
My rank: 1, Row start: 76, Row end:150 
My rank: 3, Row start: 226, Row end:300 
My rank: 4, Row start: 301, Row end:375 
My rank: 5, Row start: 376, Row end:450 
My rank: 7, Row start: 526, Row end:600 
My rank: 8, Row start: 601, Row end:675 
My rank: 10, Row start: 751, Row end:825 
My rank: 11, Row start: 826, Row end:900 
My rank: 12, Row start: 901, Row end:975 
My rank: 14, Row start: 1051, Row end:1125 
My rank: 16, Row start: 1201, Row end:1275 
My rank: 18, Row start: 1351, Row end:1425 
My rank: 22, Row start: 1651, Row end:1725 
My rank: 23, Row start: 1726, Row end:1800 
My rank: 25, Row start: 1876, Row end:1950 
My rank: 28, Row start: 2101, Row end:2175 
My rank: 30, Row start: 2251, Row end:2325 
My rank: 31, Row start: 2326, Row end:2400 
My rank: 32, Row start: 2401, Row end:2475 
My rank: 34, Row start: 2551, Row end:2625 
My rank: 35, Row start: 2626, Row end:2700 
My rank: 37, Row start: 2776, Row end:2850 
My rank: 38, Row start: 2851, Row end:2925 
My rank: 39, Row start: 2926, Row end:2999 
My rank: 15, Row start: 1126, Row end:1200 
My rank: 21, Row start: 1576, Row end:1650 
My rank:1, took 3.430341 seconds
My rank:2, took 3.430573 seconds
My rank:3, took 3.430381 seconds
My rank:4, took 3.430300 seconds
My rank:5, took 3.430289 seconds
My rank:6, took 3.430770 seconds
My rank:7, took 3.430080 seconds
My rank:8, took 3.430391 seconds
My rank:9, took 3.430659 seconds
My rank:10, took 3.430117 seconds
My rank:11, took 3.430190 seconds
My rank:12, took 3.430442 seconds
My rank:13, took 3.430822 seconds
My rank:14, took 3.430299 seconds
My rank:15, took 3.429451 seconds
My rank:16, took 3.430669 seconds
My rank:17, took 3.430906 seconds
My rank:18, took 3.430635 seconds
My rank:19, took 3.430915 seconds
My rank:20, took 3.430886 seconds
My rank:21, took 3.430060 seconds
My rank:22, took 3.430537 seconds
My rank:23, took 3.430733 seconds
My rank:24, took 3.430879 seconds
My rank:25, took 3.430615 seconds
My rank:26, took 3.430996 seconds
My rank:27, took 3.430802 seconds
My rank:28, took 3.430553 seconds
My rank:29, took 3.430906 seconds
My rank:30, took 3.430541 seconds
My rank:31, took 3.430214 seconds
My rank:32, took 3.430343 seconds
My rank:33, took 3.430793 seconds
My rank:34, took 3.430333 seconds
My rank:35, took 3.430471 seconds
My rank:36, took 3.430931 seconds
My rank:37, took 3.430249 seconds
My rank:38, took 3.430344 seconds
My rank:39, took 3.430084 seconds
My rank:0, took 3.430215 seconds
That took 3.430215 seconds
======== Run :  10
My rank: 0, Row start: 1, Row end:75 
My rank: 1, Row start: 76, Row end:150 
My rank: 2, Row start: 151, Row end:225 
My rank: 3, Row start: 226, Row end:300 
My rank: 5, Row start: 376, Row end:450 
My rank: 6, Row start: 451, Row end:525 
My rank: 9, Row start: 676, Row end:750 
My rank: 11, Row start: 826, Row end:900 
My rank: 15, Row start: 1126, Row end:1200 
My rank: 17, Row start: 1276, Row end:1350 
My rank: 19, Row start: 1426, Row end:1500 
My rank: 20, Row start: 1501, Row end:1575 
My rank: 23, Row start: 1726, Row end:1800 
My rank: 27, Row start: 2026, Row end:2100 
My rank: 29, Row start: 2176, Row end:2250 
My rank: 31, Row start: 2326, Row end:2400 
My rank: 34, Row start: 2551, Row end:2625 
My rank: 36, Row start: 2701, Row end:2775 
My rank: 38, Row start: 2851, Row end:2925 
My rank: 39, Row start: 2926, Row end:2999 
My rank: 4, Row start: 301, Row end:375 
My rank: 7, Row start: 526, Row end:600 
My rank: 8, Row start: 601, Row end:675 
My rank: 12, Row start: 901, Row end:975 
My rank: 13, Row start: 976, Row end:1050 
My rank: 14, Row start: 1051, Row end:1125 
My rank: 18, Row start: 1351, Row end:1425 
My rank: 22, Row start: 1651, Row end:1725 
My rank: 26, Row start: 1951, Row end:2025 
My rank: 28, Row start: 2101, Row end:2175 
My rank: 30, Row start: 2251, Row end:2325 
My rank: 32, Row start: 2401, Row end:2475 
My rank: 33, Row start: 2476, Row end:2550 
My rank: 35, Row start: 2626, Row end:2700 
My rank: 10, Row start: 751, Row end:825 
My rank: 16, Row start: 1201, Row end:1275 
My rank: 37, Row start: 2776, Row end:2850 
My rank: 25, Row start: 1876, Row end:1950 
My rank: 24, Row start: 1801, Row end:1875 
My rank: 21, Row start: 1576, Row end:1650 
My rank:1, took 3.413792 seconds
My rank:2, took 3.413743 seconds
My rank:3, took 3.413586 seconds
My rank:4, took 3.413490 seconds
My rank:5, took 3.413666 seconds
My rank:6, took 3.413662 seconds
My rank:7, took 3.413598 seconds
My rank:8, took 3.413559 seconds
My rank:9, took 3.413871 seconds
My rank:10, took 3.413467 seconds
My rank:11, took 3.413756 seconds
My rank:12, took 3.413705 seconds
My rank:13, took 3.413681 seconds
My rank:14, took 3.413599 seconds
My rank:15, took 3.413854 seconds
My rank:16, took 3.413574 seconds
My rank:17, took 3.413877 seconds
My rank:18, took 3.413821 seconds
My rank:19, took 3.413885 seconds
My rank:20, took 3.413913 seconds
My rank:21, took 3.413242 seconds
My rank:22, took 3.413877 seconds
My rank:23, took 3.413862 seconds
My rank:24, took 3.413412 seconds
My rank:25, took 3.413549 seconds
My rank:26, took 3.413819 seconds
My rank:27, took 3.413890 seconds
My rank:28, took 3.413772 seconds
My rank:29, took 3.413931 seconds
My rank:30, took 3.413641 seconds
My rank:31, took 3.413892 seconds
My rank:32, took 3.413632 seconds
My rank:33, took 3.413649 seconds
My rank:34, took 3.413861 seconds
My rank:35, took 3.413549 seconds
My rank:36, took 3.413761 seconds
My rank:37, took 3.413423 seconds
My rank:38, took 3.413695 seconds
My rank:39, took 3.413712 seconds
My rank:0, took 3.413609 seconds
That took 3.413609 seconds

JOB STATISTICS
==============
Job ID: 5023272
Cluster: snellius
User/Group: scur0330/scur0330
State: COMPLETED (exit code 0)
Nodes: 1
Cores per node: 48
CPU Utilized: 00:46:01
CPU Efficiency: 39.40% of 01:56:48 core-walltime
Job Wall-clock time: 00:02:26
Memory Utilized: 7.23 MB
Memory Efficiency: 0.01% of 84.00 GB
