======== Run :  1
My rank: 45, Row start: 2071, Row end:2116 
My rank: 14, Row start: 645, Row end:690 
My rank: 23, Row start: 1059, Row end:1104 
My rank: 33, Row start: 1519, Row end:1564 
My rank: 46, Row start: 2117, Row end:2162 
My rank: 11, Row start: 507, Row end:552 
My rank: 19, Row start: 875, Row end:920 
My rank: 21, Row start: 967, Row end:1012 
My rank: 26, Row start: 1197, Row end:1242 
My rank: 32, Row start: 1473, Row end:1518 
My rank: 39, Row start: 1795, Row end:1840 
My rank: 44, Row start: 2025, Row end:2070 
My rank: 48, Row start: 2209, Row end:2254 
My rank: 53, Row start: 2439, Row end:2484 
My rank: 10, Row start: 461, Row end:506 
My rank: 29, Row start: 1335, Row end:1380 
My rank: 54, Row start: 2485, Row end:2530 
My rank: 56, Row start: 2577, Row end:2622 
My rank: 61, Row start: 2807, Row end:2852 
My rank: 51, Row start: 2347, Row end:2392 
My rank: 3, Row start: 139, Row end:184 
My rank: 24, Row start: 1105, Row end:1150 
My rank: 27, Row start: 1243, Row end:1288 
My rank: 31, Row start: 1427, Row end:1472 
My rank: 5, Row start: 231, Row end:276 
My rank: 8, Row start: 369, Row end:414 
My rank: 9, Row start: 415, Row end:460 
My rank: 17, Row start: 783, Row end:828 
My rank: 55, Row start: 2531, Row end:2576 
My rank: 0, Row start: 1, Row end:46 
My rank: 2, Row start: 93, Row end:138 
My rank: 7, Row start: 323, Row end:368 
My rank: 12, Row start: 553, Row end:598 
My rank: 15, Row start: 691, Row end:736 
My rank: 16, Row start: 737, Row end:782 
My rank: 20, Row start: 921, Row end:966 
My rank: 35, Row start: 1611, Row end:1656 
My rank: 36, Row start: 1657, Row end:1702 
My rank: 41, Row start: 1887, Row end:1932 
My rank: 42, Row start: 1933, Row end:1978 
My rank: 49, Row start: 2255, Row end:2300 
My rank: 58, Row start: 2669, Row end:2714 
My rank: 59, Row start: 2715, Row end:2760 
My rank: 60, Row start: 2761, Row end:2806 
My rank: 6, Row start: 277, Row end:322 
My rank: 22, Row start: 1013, Row end:1058 
My rank: 28, Row start: 1289, Row end:1334 
My rank: 30, Row start: 1381, Row end:1426 
My rank: 34, Row start: 1565, Row end:1610 
My rank: 37, Row start: 1703, Row end:1748 
My rank: 47, Row start: 2163, Row end:2208 
My rank: 57, Row start: 2623, Row end:2668 
My rank: 63, Row start: 2899, Row end:2999 
My rank: 1, Row start: 47, Row end:92 
My rank: 13, Row start: 599, Row end:644 
My rank: 43, Row start: 1979, Row end:2024 
My rank: 52, Row start: 2393, Row end:2438 
My rank: 50, Row start: 2301, Row end:2346 
My rank: 18, Row start: 829, Row end:874 
My rank: 4, Row start: 185, Row end:230 
My rank: 25, Row start: 1151, Row end:1196 
My rank: 40, Row start: 1841, Row end:1886 
My rank: 62, Row start: 2853, Row end:2898 
My rank: 38, Row start: 1749, Row end:1794 
My rank:1, took 4.475803 seconds
My rank:2, took 4.476478 seconds
My rank:3, took 4.477055 seconds
My rank:4, took 4.464698 seconds
My rank:5, took 4.477998 seconds
My rank:6, took 4.478286 seconds
My rank:7, took 4.478860 seconds
My rank:8, took 4.479434 seconds
My rank:9, took 4.479860 seconds
My rank:10, took 4.480534 seconds
My rank:11, took 4.481087 seconds
My rank:12, took 4.481285 seconds
My rank:13, took 4.481612 seconds
My rank:14, took 4.482518 seconds
My rank:15, took 4.482696 seconds
My rank:16, took 4.483206 seconds
My rank:17, took 4.483719 seconds
My rank:18, took 4.483747 seconds
My rank:19, took 4.484864 seconds
My rank:20, took 4.485103 seconds
My rank:21, took 4.485848 seconds
My rank:22, took 4.485939 seconds
My rank:23, took 4.486851 seconds
My rank:24, took 4.487133 seconds
My rank:25, took 4.478790 seconds
My rank:26, took 4.488270 seconds
My rank:27, took 4.488588 seconds
My rank:28, took 4.488904 seconds
My rank:29, took 4.489671 seconds
My rank:30, took 4.489808 seconds
My rank:31, took 4.490542 seconds
My rank:32, took 4.491176 seconds
My rank:33, took 4.491702 seconds
My rank:34, took 4.491722 seconds
My rank:35, took 4.492302 seconds
My rank:36, took 4.492791 seconds
My rank:37, took 4.493178 seconds
My rank:38, took 4.470031 seconds
My rank:39, took 4.494441 seconds
My rank:40, took 4.481986 seconds
My rank:41, took 4.495125 seconds
My rank:42, took 4.495667 seconds
My rank:43, took 4.495969 seconds
My rank:44, took 4.496851 seconds
My rank:45, took 4.497537 seconds
My rank:46, took 4.497838 seconds
My rank:47, took 4.497911 seconds
My rank:48, took 4.498728 seconds
My rank:49, took 4.498971 seconds
My rank:50, took 4.499205 seconds
My rank:51, took 4.500146 seconds
My rank:52, took 4.500178 seconds
My rank:53, took 4.501152 seconds
My rank:54, took 4.501600 seconds
My rank:55, took 4.501939 seconds
My rank:56, took 4.502547 seconds
My rank:57, took 4.502753 seconds
My rank:58, took 4.503289 seconds
My rank:59, took 4.503807 seconds
My rank:60, took 4.504301 seconds
My rank:61, took 4.504976 seconds
My rank:62, took 4.492511 seconds
My rank:63, took 4.505625 seconds
My rank:0, took 4.475532 seconds
That took 4.475532 seconds
======== Run :  2
My rank: 55, Row start: 2531, Row end:2576 
My rank: 9, Row start: 415, Row end:460 
My rank: 16, Row start: 737, Row end:782 
My rank: 20, Row start: 921, Row end:966 
My rank: 24, Row start: 1105, Row end:1150 
My rank: 29, Row start: 1335, Row end:1380 
My rank: 35, Row start: 1611, Row end:1656 
My rank: 43, Row start: 1979, Row end:2024 
My rank: 6, Row start: 277, Row end:322 
My rank: 14, Row start: 645, Row end:690 
My rank: 19, Row start: 875, Row end:920 
My rank: 21, Row start: 967, Row end:1012 
My rank: 32, Row start: 1473, Row end:1518 
My rank: 46, Row start: 2117, Row end:2162 
My rank: 60, Row start: 2761, Row end:2806 
My rank: 61, Row start: 2807, Row end:2852 
My rank: 63, Row start: 2899, Row end:2999 
My rank: 0, Row start: 1, Row end:46 
My rank: 56, Row start: 2577, Row end:2622 
My rank: 8, Row start: 369, Row end:414 
My rank: 12, Row start: 553, Row end:598 
My rank: 54, Row start: 2485, Row end:2530 
My rank: 1, Row start: 47, Row end:92 
My rank: 3, Row start: 139, Row end:184 
My rank: 4, Row start: 185, Row end:230 
My rank: 10, Row start: 461, Row end:506 
My rank: 13, Row start: 599, Row end:644 
My rank: 22, Row start: 1013, Row end:1058 
My rank: 23, Row start: 1059, Row end:1104 
My rank: 33, Row start: 1519, Row end:1564 
My rank: 34, Row start: 1565, Row end:1610 
My rank: 37, Row start: 1703, Row end:1748 
My rank: 39, Row start: 1795, Row end:1840 
My rank: 40, Row start: 1841, Row end:1886 
My rank: 42, Row start: 1933, Row end:1978 
My rank: 47, Row start: 2163, Row end:2208 
My rank: 49, Row start: 2255, Row end:2300 
My rank: 51, Row start: 2347, Row end:2392 
My rank: 52, Row start: 2393, Row end:2438 
My rank: 53, Row start: 2439, Row end:2484 
My rank: 2, Row start: 93, Row end:138 
My rank: 5, Row start: 231, Row end:276 
My rank: 7, Row start: 323, Row end:368 
My rank: 15, Row start: 691, Row end:736 
My rank: 17, Row start: 783, Row end:828 
My rank: 18, Row start: 829, Row end:874 
My rank: 27, Row start: 1243, Row end:1288 
My rank: 28, Row start: 1289, Row end:1334 
My rank: 38, Row start: 1749, Row end:1794 
My rank: 44, Row start: 2025, Row end:2070 
My rank: 45, Row start: 2071, Row end:2116 
My rank: 48, Row start: 2209, Row end:2254 
My rank: 50, Row start: 2301, Row end:2346 
My rank: 57, Row start: 2623, Row end:2668 
My rank: 58, Row start: 2669, Row end:2714 
My rank: 59, Row start: 2715, Row end:2760 
My rank: 62, Row start: 2853, Row end:2898 
My rank: 26, Row start: 1197, Row end:1242 
My rank: 41, Row start: 1887, Row end:1932 
My rank: 30, Row start: 1381, Row end:1426 
My rank: 36, Row start: 1657, Row end:1702 
My rank: 11, Row start: 507, Row end:552 
My rank: 25, Row start: 1151, Row end:1196 
My rank: 31, Row start: 1427, Row end:1472 
My rank:1, took 4.407495 seconds
My rank:2, took 4.407827 seconds
My rank:3, took 4.408475 seconds
My rank:4, took 4.409028 seconds
My rank:5, took 4.409377 seconds
My rank:6, took 4.410300 seconds
My rank:7, took 4.410330 seconds
My rank:8, took 4.410968 seconds
My rank:9, took 4.411759 seconds
My rank:10, took 4.411843 seconds
My rank:11, took 4.399778 seconds
My rank:12, took 4.412918 seconds
My rank:13, took 4.413331 seconds
My rank:14, took 4.414071 seconds
My rank:15, took 4.414132 seconds
My rank:16, took 4.415142 seconds
My rank:17, took 4.414980 seconds
My rank:18, took 4.415474 seconds
My rank:19, took 4.416471 seconds
My rank:20, took 4.417055 seconds
My rank:21, took 4.417455 seconds
My rank:22, took 4.417553 seconds
My rank:23, took 4.418068 seconds
My rank:24, took 4.418980 seconds
My rank:25, took 4.406531 seconds
My rank:26, took 4.419023 seconds
My rank:27, took 4.419922 seconds
My rank:28, took 4.420374 seconds
My rank:29, took 4.421375 seconds
My rank:30, took 4.420759 seconds
My rank:31, took 4.409420 seconds
My rank:32, took 4.422734 seconds
My rank:33, took 4.422930 seconds
My rank:34, took 4.423301 seconds
My rank:35, took 4.424216 seconds
My rank:36, took 4.417841 seconds
My rank:37, took 4.424804 seconds
My rank:38, took 4.425230 seconds
My rank:39, took 4.425764 seconds
My rank:40, took 4.426187 seconds
My rank:41, took 4.426433 seconds
My rank:42, took 4.427142 seconds
My rank:43, took 4.428119 seconds
My rank:44, took 4.428084 seconds
My rank:45, took 4.428528 seconds
My rank:46, took 4.429536 seconds
My rank:47, took 4.429676 seconds
My rank:48, took 4.430086 seconds
My rank:49, took 4.430659 seconds
My rank:50, took 4.431018 seconds
My rank:51, took 4.431629 seconds
My rank:52, took 4.432103 seconds
My rank:53, took 4.432606 seconds
My rank:54, took 4.433230 seconds
My rank:55, took 4.434190 seconds
My rank:56, took 4.434409 seconds
My rank:57, took 4.434484 seconds
My rank:58, took 4.434962 seconds
My rank:59, took 4.435538 seconds
My rank:60, took 4.436447 seconds
My rank:61, took 4.436921 seconds
My rank:62, took 4.436993 seconds
My rank:63, took 4.437942 seconds
My rank:0, took 4.407352 seconds
That took 4.407352 seconds
======== Run :  3
My rank: 2, Row start: 93, Row end:138 
My rank: 5, Row start: 231, Row end:276 
My rank: 6, Row start: 277, Row end:322 
My rank: 12, Row start: 553, Row end:598 
My rank: 14, Row start: 645, Row end:690 
My rank: 21, Row start: 967, Row end:1012 
My rank: 25, Row start: 1151, Row end:1196 
My rank: 28, Row start: 1289, Row end:1334 
My rank: 29, Row start: 1335, Row end:1380 
My rank: 30, Row start: 1381, Row end:1426 
My rank: 33, Row start: 1519, Row end:1564 
My rank: 39, Row start: 1795, Row end:1840 
My rank: 49, Row start: 2255, Row end:2300 
My rank: 50, Row start: 2301, Row end:2346 
My rank: 58, Row start: 2669, Row end:2714 
My rank: 61, Row start: 2807, Row end:2852 
My rank: 4, Row start: 185, Row end:230 
My rank: 11, Row start: 507, Row end:552 
My rank: 13, Row start: 599, Row end:644 
My rank: 26, Row start: 1197, Row end:1242 
My rank: 27, Row start: 1243, Row end:1288 
My rank: 35, Row start: 1611, Row end:1656 
My rank: 36, Row start: 1657, Row end:1702 
My rank: 40, Row start: 1841, Row end:1886 
My rank: 41, Row start: 1887, Row end:1932 
My rank: 47, Row start: 2163, Row end:2208 
My rank: 51, Row start: 2347, Row end:2392 
My rank: 52, Row start: 2393, Row end:2438 
My rank: 53, Row start: 2439, Row end:2484 
My rank: 54, Row start: 2485, Row end:2530 
My rank: 56, Row start: 2577, Row end:2622 
My rank: 59, Row start: 2715, Row end:2760 
My rank: 62, Row start: 2853, Row end:2898 
My rank: 7, Row start: 323, Row end:368 
My rank: 9, Row start: 415, Row end:460 
My rank: 10, Row start: 461, Row end:506 
My rank: 24, Row start: 1105, Row end:1150 
My rank: 31, Row start: 1427, Row end:1472 
My rank: 32, Row start: 1473, Row end:1518 
My rank: 44, Row start: 2025, Row end:2070 
My rank: 55, Row start: 2531, Row end:2576 
My rank: 57, Row start: 2623, Row end:2668 
My rank: 8, Row start: 369, Row end:414 
My rank: 16, Row start: 737, Row end:782 
My rank: 19, Row start: 875, Row end:920 
My rank: 38, Row start: 1749, Row end:1794 
My rank: 43, Row start: 1979, Row end:2024 
My rank: 48, Row start: 2209, Row end:2254 
My rank: 0, Row start: 1, Row end:46 
My rank: 37, Row start: 1703, Row end:1748 
My rank: 1, Row start: 47, Row end:92 
My rank: 17, Row start: 783, Row end:828 
My rank: 20, Row start: 921, Row end:966 
My rank: 22, Row start: 1013, Row end:1058 
My rank: 34, Row start: 1565, Row end:1610 
My rank: 42, Row start: 1933, Row end:1978 
My rank: 45, Row start: 2071, Row end:2116 
My rank: 60, Row start: 2761, Row end:2806 
My rank: 63, Row start: 2899, Row end:2999 
My rank: 3, Row start: 139, Row end:184 
My rank: 15, Row start: 691, Row end:736 
My rank: 23, Row start: 1059, Row end:1104 
My rank: 18, Row start: 829, Row end:874 
My rank: 46, Row start: 2117, Row end:2162 
My rank:1, took 5.673656 seconds
My rank:2, took 5.674572 seconds
My rank:3, took 5.674517 seconds
My rank:4, took 5.675419 seconds
My rank:5, took 5.682092 seconds
My rank:6, took 5.682140 seconds
My rank:7, took 5.681803 seconds
My rank:8, took 5.681717 seconds
My rank:9, took 5.681831 seconds
My rank:10, took 5.681771 seconds
My rank:11, took 5.681933 seconds
My rank:12, took 5.682166 seconds
My rank:13, took 5.681923 seconds
My rank:14, took 5.680250 seconds
My rank:15, took 5.680286 seconds
My rank:16, took 5.680902 seconds
My rank:17, took 5.681329 seconds
My rank:18, took 5.668173 seconds
My rank:19, took 5.682377 seconds
My rank:20, took 5.682773 seconds
My rank:21, took 5.683715 seconds
My rank:22, took 5.683717 seconds
My rank:23, took 5.683073 seconds
My rank:24, took 5.684797 seconds
My rank:25, took 5.685628 seconds
My rank:26, took 5.685943 seconds
My rank:27, took 5.686332 seconds
My rank:28, took 5.687126 seconds
My rank:29, took 5.687481 seconds
My rank:30, took 5.687998 seconds
My rank:31, took 5.688225 seconds
My rank:32, took 5.688655 seconds
My rank:33, took 5.689506 seconds
My rank:34, took 5.689478 seconds
My rank:35, took 5.690176 seconds
My rank:36, took 5.690656 seconds
My rank:37, took 5.690970 seconds
My rank:38, took 5.691441 seconds
My rank:39, took 5.692327 seconds
My rank:40, took 5.692537 seconds
My rank:41, took 5.693123 seconds
My rank:42, took 5.693239 seconds
My rank:43, took 5.693797 seconds
My rank:44, took 5.694354 seconds
My rank:45, took 5.694639 seconds
My rank:46, took 5.685560 seconds
My rank:47, took 5.696002 seconds
My rank:48, took 5.696208 seconds
My rank:49, took 5.697118 seconds
My rank:50, took 5.697586 seconds
My rank:51, took 5.697906 seconds
My rank:52, took 5.698313 seconds
My rank:53, took 5.698809 seconds
My rank:54, took 5.699313 seconds
My rank:55, took 5.699644 seconds
My rank:56, took 5.700278 seconds
My rank:57, took 5.700610 seconds
My rank:58, took 5.701438 seconds
My rank:59, took 5.701620 seconds
My rank:60, took 5.701898 seconds
My rank:61, took 5.703007 seconds
My rank:62, took 5.703096 seconds
My rank:63, took 5.703308 seconds
My rank:0, took 5.673625 seconds
That took 5.673625 seconds
======== Run :  4
My rank: 7, Row start: 323, Row end:368 
My rank: 10, Row start: 461, Row end:506 
My rank: 11, Row start: 507, Row end:552 
My rank: 16, Row start: 737, Row end:782 
My rank: 18, Row start: 829, Row end:874 
My rank: 22, Row start: 1013, Row end:1058 
My rank: 23, Row start: 1059, Row end:1104 
My rank: 25, Row start: 1151, Row end:1196 
My rank: 29, Row start: 1335, Row end:1380 
My rank: 30, Row start: 1381, Row end:1426 
My rank: 33, Row start: 1519, Row end:1564 
My rank: 34, Row start: 1565, Row end:1610 
My rank: 37, Row start: 1703, Row end:1748 
My rank: 39, Row start: 1795, Row end:1840 
My rank: 40, Row start: 1841, Row end:1886 
My rank: 48, Row start: 2209, Row end:2254 
My rank: 49, Row start: 2255, Row end:2300 
My rank: 51, Row start: 2347, Row end:2392 
My rank: 52, Row start: 2393, Row end:2438 
My rank: 53, Row start: 2439, Row end:2484 
My rank: 57, Row start: 2623, Row end:2668 
My rank: 58, Row start: 2669, Row end:2714 
My rank: 60, Row start: 2761, Row end:2806 
My rank: 61, Row start: 2807, Row end:2852 
My rank: 62, Row start: 2853, Row end:2898 
My rank: 1, Row start: 47, Row end:92 
My rank: 2, Row start: 93, Row end:138 
My rank: 4, Row start: 185, Row end:230 
My rank: 5, Row start: 231, Row end:276 
My rank: 6, Row start: 277, Row end:322 
My rank: 8, Row start: 369, Row end:414 
My rank: 9, Row start: 415, Row end:460 
My rank: 12, Row start: 553, Row end:598 
My rank: 13, Row start: 599, Row end:644 
My rank: 14, Row start: 645, Row end:690 
My rank: 17, Row start: 783, Row end:828 
My rank: 20, Row start: 921, Row end:966 
My rank: 21, Row start: 967, Row end:1012 
My rank: 24, Row start: 1105, Row end:1150 
My rank: 26, Row start: 1197, Row end:1242 
My rank: 27, Row start: 1243, Row end:1288 
My rank: 28, Row start: 1289, Row end:1334 
My rank: 31, Row start: 1427, Row end:1472 
My rank: 32, Row start: 1473, Row end:1518 
My rank: 35, Row start: 1611, Row end:1656 
My rank: 36, Row start: 1657, Row end:1702 
My rank: 38, Row start: 1749, Row end:1794 
My rank: 41, Row start: 1887, Row end:1932 
My rank: 42, Row start: 1933, Row end:1978 
My rank: 43, Row start: 1979, Row end:2024 
My rank: 44, Row start: 2025, Row end:2070 
My rank: 45, Row start: 2071, Row end:2116 
My rank: 46, Row start: 2117, Row end:2162 
My rank: 50, Row start: 2301, Row end:2346 
My rank: 54, Row start: 2485, Row end:2530 
My rank: 15, Row start: 691, Row end:736 
My rank: 56, Row start: 2577, Row end:2622 
My rank: 59, Row start: 2715, Row end:2760 
My rank: 3, Row start: 139, Row end:184 
My rank: 63, Row start: 2899, Row end:2999 
My rank: 47, Row start: 2163, Row end:2208 
My rank: 19, Row start: 875, Row end:920 
My rank: 55, Row start: 2531, Row end:2576 
My rank: 0, Row start: 1, Row end:46 
My rank:1, took 5.086796 seconds
My rank:2, took 5.087359 seconds
My rank:3, took 5.087255 seconds
My rank:4, took 5.088353 seconds
My rank:5, took 5.088762 seconds
My rank:6, took 5.089028 seconds
My rank:7, took 5.090240 seconds
My rank:8, took 5.090467 seconds
My rank:9, took 5.090713 seconds
My rank:10, took 5.091952 seconds
My rank:11, took 5.092345 seconds
My rank:12, took 5.092323 seconds
My rank:13, took 5.093055 seconds
My rank:14, took 5.093451 seconds
My rank:15, took 5.093295 seconds
My rank:16, took 5.094690 seconds
My rank:17, took 5.100470 seconds
My rank:18, took 5.101288 seconds
My rank:19, took 5.094525 seconds
My rank:20, took 5.101285 seconds
My rank:21, took 5.101810 seconds
My rank:22, took 5.102167 seconds
My rank:23, took 5.102045 seconds
My rank:24, took 5.101948 seconds
My rank:25, took 5.102081 seconds
My rank:26, took 5.101402 seconds
My rank:27, took 5.101363 seconds
My rank:28, took 5.101561 seconds
My rank:29, took 5.101963 seconds
My rank:30, took 5.101349 seconds
My rank:31, took 5.101586 seconds
My rank:32, took 5.101784 seconds
My rank:33, took 5.102852 seconds
My rank:34, took 5.103343 seconds
My rank:35, took 5.103366 seconds
My rank:36, took 5.103998 seconds
My rank:37, took 5.104649 seconds
My rank:38, took 5.104609 seconds
My rank:39, took 5.105459 seconds
My rank:40, took 5.106237 seconds
My rank:41, took 5.106330 seconds
My rank:42, took 5.106741 seconds
My rank:43, took 5.106904 seconds
My rank:44, took 5.107261 seconds
My rank:45, took 5.108172 seconds
My rank:46, took 5.108422 seconds
My rank:47, took 5.107363 seconds
My rank:48, took 5.110027 seconds
My rank:49, took 5.110237 seconds
My rank:50, took 5.110368 seconds
My rank:51, took 5.111303 seconds
My rank:52, took 5.111788 seconds
My rank:53, took 5.112240 seconds
My rank:54, took 5.112286 seconds
My rank:55, took 5.104886 seconds
My rank:56, took 5.112810 seconds
My rank:57, took 5.114113 seconds
My rank:58, took 5.114533 seconds
My rank:59, took 5.114301 seconds
My rank:60, took 5.115681 seconds
My rank:61, took 5.116268 seconds
My rank:62, took 5.116669 seconds
My rank:63, took 5.115941 seconds
My rank:0, took 5.074662 seconds
That took 5.074662 seconds
======== Run :  5
My rank: 2, Row start: 93, Row end:138 
My rank: 3, Row start: 139, Row end:184 
My rank: 4, Row start: 185, Row end:230 
My rank: 7, Row start: 323, Row end:368 
My rank: 10, Row start: 461, Row end:506 
My rank: 11, Row start: 507, Row end:552 
My rank: 29, Row start: 1335, Row end:1380 
My rank: 31, Row start: 1427, Row end:1472 
My rank: 34, Row start: 1565, Row end:1610 
My rank: 35, Row start: 1611, Row end:1656 
My rank: 44, Row start: 2025, Row end:2070 
My rank: 49, Row start: 2255, Row end:2300 
My rank: 50, Row start: 2301, Row end:2346 
My rank: 54, Row start: 2485, Row end:2530 
My rank: 59, Row start: 2715, Row end:2760 
My rank: 0, Row start: 1, Row end:46 
My rank: 5, Row start: 231, Row end:276 
My rank: 6, Row start: 277, Row end:322 
My rank: 8, Row start: 369, Row end:414 
My rank: 9, Row start: 415, Row end:460 
My rank: 16, Row start: 737, Row end:782 
My rank: 18, Row start: 829, Row end:874 
My rank: 19, Row start: 875, Row end:920 
My rank: 20, Row start: 921, Row end:966 
My rank: 21, Row start: 967, Row end:1012 
My rank: 22, Row start: 1013, Row end:1058 
My rank: 23, Row start: 1059, Row end:1104 
My rank: 24, Row start: 1105, Row end:1150 
My rank: 25, Row start: 1151, Row end:1196 
My rank: 27, Row start: 1243, Row end:1288 
My rank: 28, Row start: 1289, Row end:1334 
My rank: 32, Row start: 1473, Row end:1518 
My rank: 33, Row start: 1519, Row end:1564 
My rank: 36, Row start: 1657, Row end:1702 
My rank: 37, Row start: 1703, Row end:1748 
My rank: 41, Row start: 1887, Row end:1932 
My rank: 55, Row start: 2531, Row end:2576 
My rank: 56, Row start: 2577, Row end:2622 
My rank: 60, Row start: 2761, Row end:2806 
My rank: 61, Row start: 2807, Row end:2852 
My rank: 1, Row start: 47, Row end:92 
My rank: 13, Row start: 599, Row end:644 
My rank: 15, Row start: 691, Row end:736 
My rank: 26, Row start: 1197, Row end:1242 
My rank: 30, Row start: 1381, Row end:1426 
My rank: 40, Row start: 1841, Row end:1886 
My rank: 47, Row start: 2163, Row end:2208 
My rank: 48, Row start: 2209, Row end:2254 
My rank: 51, Row start: 2347, Row end:2392 
My rank: 52, Row start: 2393, Row end:2438 
My rank: 17, Row start: 783, Row end:828 
My rank: 38, Row start: 1749, Row end:1794 
My rank: 42, Row start: 1933, Row end:1978 
My rank: 53, Row start: 2439, Row end:2484 
My rank: 57, Row start: 2623, Row end:2668 
My rank: 14, Row start: 645, Row end:690 
My rank: 58, Row start: 2669, Row end:2714 
My rank: 45, Row start: 2071, Row end:2116 
My rank: 43, Row start: 1979, Row end:2024 
My rank: 62, Row start: 2853, Row end:2898 
My rank: 63, Row start: 2899, Row end:2999 
My rank: 12, Row start: 553, Row end:598 
My rank: 39, Row start: 1795, Row end:1840 
My rank: 46, Row start: 2117, Row end:2162 
My rank:1, took 4.681560 seconds
My rank:2, took 4.682461 seconds
My rank:3, took 4.682939 seconds
My rank:4, took 4.683351 seconds
My rank:5, took 4.683783 seconds
My rank:6, took 4.684140 seconds
My rank:7, took 4.684858 seconds
My rank:8, took 4.685057 seconds
My rank:9, took 4.685589 seconds
My rank:10, took 4.686305 seconds
My rank:11, took 4.686714 seconds
My rank:12, took 4.685966 seconds
My rank:13, took 4.687392 seconds
My rank:14, took 4.687573 seconds
My rank:15, took 4.688236 seconds
My rank:16, took 4.688886 seconds
My rank:17, took 4.689064 seconds
My rank:18, took 4.689892 seconds
My rank:19, took 4.690294 seconds
My rank:20, took 4.690891 seconds
My rank:21, took 4.693089 seconds
My rank:22, took 4.691946 seconds
My rank:23, took 4.692271 seconds
My rank:24, took 4.692793 seconds
My rank:25, took 4.693279 seconds
My rank:26, took 4.693595 seconds
My rank:27, took 4.694182 seconds
My rank:28, took 4.694811 seconds
My rank:29, took 4.695411 seconds
My rank:30, took 4.695570 seconds
My rank:31, took 4.696294 seconds
My rank:32, took 4.696750 seconds
My rank:33, took 4.697077 seconds
My rank:34, took 4.697764 seconds
My rank:35, took 4.698329 seconds
My rank:36, took 4.698590 seconds
My rank:37, took 4.698989 seconds
My rank:38, took 4.699123 seconds
My rank:39, took 4.698827 seconds
My rank:40, took 4.700123 seconds
My rank:41, took 4.700914 seconds
My rank:42, took 4.701074 seconds
My rank:43, took 4.701166 seconds
My rank:44, took 4.702526 seconds
My rank:45, took 4.702309 seconds
My rank:46, took 4.690218 seconds
My rank:47, took 4.703608 seconds
My rank:48, took 4.704107 seconds
My rank:49, took 4.704825 seconds
My rank:50, took 4.705333 seconds
My rank:51, took 4.705420 seconds
My rank:52, took 4.705864 seconds
My rank:53, took 4.706331 seconds
My rank:54, took 4.707346 seconds
My rank:55, took 4.707586 seconds
My rank:56, took 4.708065 seconds
My rank:57, took 4.708234 seconds
My rank:58, took 4.701038 seconds
My rank:59, took 4.709693 seconds
My rank:60, took 4.709905 seconds
My rank:61, took 4.710417 seconds
My rank:62, took 4.710298 seconds
My rank:63, took 4.710523 seconds
My rank:0, took 4.681259 seconds
That took 4.681259 seconds
======== Run :  6
My rank: 0, Row start: 1, Row end:46 
My rank: 1, Row start: 47, Row end:92 
My rank: 2, Row start: 93, Row end:138 
My rank: 3, Row start: 139, Row end:184 
My rank: 4, Row start: 185, Row end:230 
My rank: 5, Row start: 231, Row end:276 
My rank: 6, Row start: 277, Row end:322 
My rank: 7, Row start: 323, Row end:368 
My rank: 8, Row start: 369, Row end:414 
My rank: 9, Row start: 415, Row end:460 
My rank: 10, Row start: 461, Row end:506 
My rank: 11, Row start: 507, Row end:552 
My rank: 12, Row start: 553, Row end:598 
My rank: 13, Row start: 599, Row end:644 
My rank: 14, Row start: 645, Row end:690 
My rank: 15, Row start: 691, Row end:736 
My rank: 16, Row start: 737, Row end:782 
My rank: 17, Row start: 783, Row end:828 
My rank: 18, Row start: 829, Row end:874 
My rank: 19, Row start: 875, Row end:920 
My rank: 20, Row start: 921, Row end:966 
My rank: 21, Row start: 967, Row end:1012 
My rank: 22, Row start: 1013, Row end:1058 
My rank: 23, Row start: 1059, Row end:1104 
My rank: 24, Row start: 1105, Row end:1150 
My rank: 25, Row start: 1151, Row end:1196 
My rank: 26, Row start: 1197, Row end:1242 
My rank: 27, Row start: 1243, Row end:1288 
My rank: 28, Row start: 1289, Row end:1334 
My rank: 29, Row start: 1335, Row end:1380 
My rank: 30, Row start: 1381, Row end:1426 
My rank: 31, Row start: 1427, Row end:1472 
My rank: 32, Row start: 1473, Row end:1518 
My rank: 34, Row start: 1565, Row end:1610 
My rank: 35, Row start: 1611, Row end:1656 
My rank: 36, Row start: 1657, Row end:1702 
My rank: 37, Row start: 1703, Row end:1748 
My rank: 38, Row start: 1749, Row end:1794 
My rank: 39, Row start: 1795, Row end:1840 
My rank: 40, Row start: 1841, Row end:1886 
My rank: 41, Row start: 1887, Row end:1932 
My rank: 42, Row start: 1933, Row end:1978 
My rank: 44, Row start: 2025, Row end:2070 
My rank: 45, Row start: 2071, Row end:2116 
My rank: 47, Row start: 2163, Row end:2208 
My rank: 48, Row start: 2209, Row end:2254 
My rank: 49, Row start: 2255, Row end:2300 
My rank: 50, Row start: 2301, Row end:2346 
My rank: 51, Row start: 2347, Row end:2392 
My rank: 52, Row start: 2393, Row end:2438 
My rank: 53, Row start: 2439, Row end:2484 
My rank: 54, Row start: 2485, Row end:2530 
My rank: 55, Row start: 2531, Row end:2576 
My rank: 56, Row start: 2577, Row end:2622 
My rank: 57, Row start: 2623, Row end:2668 
My rank: 58, Row start: 2669, Row end:2714 
My rank: 59, Row start: 2715, Row end:2760 
My rank: 60, Row start: 2761, Row end:2806 
My rank: 61, Row start: 2807, Row end:2852 
My rank: 62, Row start: 2853, Row end:2898 
My rank: 63, Row start: 2899, Row end:2999 
My rank: 33, Row start: 1519, Row end:1564 
My rank: 43, Row start: 1979, Row end:2024 
My rank: 46, Row start: 2117, Row end:2162 
My rank:1, took 4.696877 seconds
My rank:2, took 4.697220 seconds
My rank:3, took 4.697394 seconds
My rank:4, took 4.697969 seconds
My rank:5, took 4.698446 seconds
My rank:6, took 4.699005 seconds
My rank:7, took 4.699275 seconds
My rank:8, took 4.700140 seconds
My rank:9, took 4.700269 seconds
My rank:10, took 4.701155 seconds
My rank:11, took 4.701442 seconds
My rank:12, took 4.701455 seconds
My rank:13, took 4.702227 seconds
My rank:14, took 4.703067 seconds
My rank:15, took 4.703105 seconds
My rank:16, took 4.703619 seconds
My rank:17, took 4.704521 seconds
My rank:18, took 4.704713 seconds
My rank:19, took 4.705139 seconds
My rank:20, took 4.705700 seconds
My rank:21, took 4.706149 seconds
My rank:22, took 4.706902 seconds
My rank:23, took 4.707061 seconds
My rank:24, took 4.707643 seconds
My rank:25, took 4.708177 seconds
My rank:26, took 4.708602 seconds
My rank:27, took 4.709044 seconds
My rank:28, took 4.709428 seconds
My rank:29, took 4.710068 seconds
My rank:30, took 4.710671 seconds
My rank:31, took 4.710933 seconds
My rank:32, took 4.711465 seconds
My rank:33, took 4.703440 seconds
My rank:34, took 4.712558 seconds
My rank:35, took 4.712826 seconds
My rank:36, took 4.713369 seconds
My rank:37, took 4.713729 seconds
My rank:38, took 4.714180 seconds
My rank:39, took 4.714758 seconds
My rank:40, took 4.715269 seconds
My rank:41, took 4.715764 seconds
My rank:42, took 4.716422 seconds
My rank:43, took 4.714169 seconds
My rank:44, took 4.717047 seconds
My rank:45, took 4.717883 seconds
My rank:46, took 4.716080 seconds
My rank:47, took 4.718833 seconds
My rank:48, took 4.719041 seconds
My rank:49, took 4.719772 seconds
My rank:50, took 4.719905 seconds
My rank:51, took 4.720332 seconds
My rank:52, took 4.721169 seconds
My rank:53, took 4.721484 seconds
My rank:54, took 4.721950 seconds
My rank:55, took 4.722239 seconds
My rank:56, took 4.722872 seconds
My rank:57, took 4.723086 seconds
My rank:58, took 4.723710 seconds
My rank:59, took 4.724372 seconds
My rank:60, took 4.725179 seconds
My rank:61, took 4.725541 seconds
My rank:62, took 4.725683 seconds
My rank:63, took 4.726476 seconds
My rank:0, took 4.696140 seconds
That took 4.696140 seconds
======== Run :  7
My rank: 1, Row start: 47, Row end:92 
My rank: 2, Row start: 93, Row end:138 
My rank: 4, Row start: 185, Row end:230 
My rank: 5, Row start: 231, Row end:276 
My rank: 8, Row start: 369, Row end:414 
My rank: 11, Row start: 507, Row end:552 
My rank: 13, Row start: 599, Row end:644 
My rank: 15, Row start: 691, Row end:736 
My rank: 18, Row start: 829, Row end:874 
My rank: 21, Row start: 967, Row end:1012 
My rank: 22, Row start: 1013, Row end:1058 
My rank: 24, Row start: 1105, Row end:1150 
My rank: 25, Row start: 1151, Row end:1196 
My rank: 27, Row start: 1243, Row end:1288 
My rank: 28, Row start: 1289, Row end:1334 
My rank: 29, Row start: 1335, Row end:1380 
My rank: 32, Row start: 1473, Row end:1518 
My rank: 33, Row start: 1519, Row end:1564 
My rank: 38, Row start: 1749, Row end:1794 
My rank: 39, Row start: 1795, Row end:1840 
My rank: 42, Row start: 1933, Row end:1978 
My rank: 43, Row start: 1979, Row end:2024 
My rank: 45, Row start: 2071, Row end:2116 
My rank: 50, Row start: 2301, Row end:2346 
My rank: 52, Row start: 2393, Row end:2438 
My rank: 53, Row start: 2439, Row end:2484 
My rank: 59, Row start: 2715, Row end:2760 
My rank: 62, Row start: 2853, Row end:2898 
My rank: 0, Row start: 1, Row end:46 
My rank: 3, Row start: 139, Row end:184 
My rank: 6, Row start: 277, Row end:322 
My rank: 7, Row start: 323, Row end:368 
My rank: 9, Row start: 415, Row end:460 
My rank: 10, Row start: 461, Row end:506 
My rank: 12, Row start: 553, Row end:598 
My rank: 14, Row start: 645, Row end:690 
My rank: 16, Row start: 737, Row end:782 
My rank: 17, Row start: 783, Row end:828 
My rank: 19, Row start: 875, Row end:920 
My rank: 20, Row start: 921, Row end:966 
My rank: 26, Row start: 1197, Row end:1242 
My rank: 31, Row start: 1427, Row end:1472 
My rank: 34, Row start: 1565, Row end:1610 
My rank: 35, Row start: 1611, Row end:1656 
My rank: 36, Row start: 1657, Row end:1702 
My rank: 37, Row start: 1703, Row end:1748 
My rank: 40, Row start: 1841, Row end:1886 
My rank: 41, Row start: 1887, Row end:1932 
My rank: 44, Row start: 2025, Row end:2070 
My rank: 47, Row start: 2163, Row end:2208 
My rank: 48, Row start: 2209, Row end:2254 
My rank: 49, Row start: 2255, Row end:2300 
My rank: 51, Row start: 2347, Row end:2392 
My rank: 54, Row start: 2485, Row end:2530 
My rank: 55, Row start: 2531, Row end:2576 
My rank: 57, Row start: 2623, Row end:2668 
My rank: 58, Row start: 2669, Row end:2714 
My rank: 60, Row start: 2761, Row end:2806 
My rank: 63, Row start: 2899, Row end:2999 
My rank: 56, Row start: 2577, Row end:2622 
My rank: 23, Row start: 1059, Row end:1104 
My rank: 30, Row start: 1381, Row end:1426 
My rank: 46, Row start: 2117, Row end:2162 
My rank: 61, Row start: 2807, Row end:2852 
My rank:1, took 5.104615 seconds
My rank:2, took 5.105087 seconds
My rank:3, took 5.105420 seconds
My rank:4, took 5.106020 seconds
My rank:5, took 5.106535 seconds
My rank:6, took 5.106594 seconds
My rank:7, took 5.107014 seconds
My rank:8, took 5.107916 seconds
My rank:9, took 5.107978 seconds
My rank:10, took 5.108625 seconds
My rank:11, took 5.109406 seconds
My rank:12, took 5.109356 seconds
My rank:13, took 5.110462 seconds
My rank:14, took 5.110867 seconds
My rank:15, took 5.111444 seconds
My rank:16, took 5.111675 seconds
My rank:17, took 5.111992 seconds
My rank:18, took 5.112801 seconds
My rank:19, took 5.113039 seconds
My rank:20, took 5.113648 seconds
My rank:21, took 5.114225 seconds
My rank:22, took 5.114832 seconds
My rank:23, took 5.113999 seconds
My rank:24, took 5.115898 seconds
My rank:25, took 5.116233 seconds
My rank:26, took 5.116624 seconds
My rank:27, took 5.117432 seconds
My rank:28, took 5.123300 seconds
My rank:29, took 5.123267 seconds
My rank:30, took 5.110924 seconds
My rank:31, took 5.123011 seconds
My rank:32, took 5.123300 seconds
My rank:33, took 5.123330 seconds
My rank:34, took 5.123192 seconds
My rank:35, took 5.122992 seconds
My rank:36, took 5.123208 seconds
My rank:37, took 5.122968 seconds
My rank:38, took 5.123445 seconds
My rank:39, took 5.123361 seconds
My rank:40, took 5.123104 seconds
My rank:41, took 5.123557 seconds
My rank:42, took 5.124339 seconds
My rank:43, took 5.124968 seconds
My rank:44, took 5.129287 seconds
My rank:45, took 5.125935 seconds
My rank:46, took 5.118903 seconds
My rank:47, took 5.126536 seconds
My rank:48, took 5.127027 seconds
My rank:49, took 5.127514 seconds
My rank:50, took 5.128245 seconds
My rank:51, took 5.128568 seconds
My rank:52, took 5.129159 seconds
My rank:53, took 5.129600 seconds
My rank:54, took 5.129952 seconds
My rank:55, took 5.130364 seconds
My rank:56, took 5.130146 seconds
My rank:57, took 5.131268 seconds
My rank:58, took 5.131767 seconds
My rank:59, took 5.132713 seconds
My rank:60, took 5.132564 seconds
My rank:61, took 5.123145 seconds
My rank:62, took 5.134049 seconds
My rank:63, took 5.134217 seconds
My rank:0, took 5.104025 seconds
That took 5.104025 seconds
======== Run :  8
My rank: 16, Row start: 737, Row end:782 
My rank: 22, Row start: 1013, Row end:1058 
My rank: 33, Row start: 1519, Row end:1564 
My rank: 40, Row start: 1841, Row end:1886 
My rank: 61, Row start: 2807, Row end:2852 
My rank: 1, Row start: 47, Row end:92 
My rank: 3, Row start: 139, Row end:184 
My rank: 6, Row start: 277, Row end:322 
My rank: 7, Row start: 323, Row end:368 
My rank: 9, Row start: 415, Row end:460 
My rank: 10, Row start: 461, Row end:506 
My rank: 13, Row start: 599, Row end:644 
My rank: 15, Row start: 691, Row end:736 
My rank: 19, Row start: 875, Row end:920 
My rank: 21, Row start: 967, Row end:1012 
My rank: 23, Row start: 1059, Row end:1104 
My rank: 26, Row start: 1197, Row end:1242 
My rank: 31, Row start: 1427, Row end:1472 
My rank: 32, Row start: 1473, Row end:1518 
My rank: 46, Row start: 2117, Row end:2162 
My rank: 48, Row start: 2209, Row end:2254 
My rank: 49, Row start: 2255, Row end:2300 
My rank: 51, Row start: 2347, Row end:2392 
My rank: 53, Row start: 2439, Row end:2484 
My rank: 55, Row start: 2531, Row end:2576 
My rank: 57, Row start: 2623, Row end:2668 
My rank: 62, Row start: 2853, Row end:2898 
My rank: 63, Row start: 2899, Row end:2999 
My rank: 2, Row start: 93, Row end:138 
My rank: 8, Row start: 369, Row end:414 
My rank: 20, Row start: 921, Row end:966 
My rank: 29, Row start: 1335, Row end:1380 
My rank: 34, Row start: 1565, Row end:1610 
My rank: 35, Row start: 1611, Row end:1656 
My rank: 41, Row start: 1887, Row end:1932 
My rank: 43, Row start: 1979, Row end:2024 
My rank: 45, Row start: 2071, Row end:2116 
My rank: 47, Row start: 2163, Row end:2208 
My rank: 54, Row start: 2485, Row end:2530 
My rank: 56, Row start: 2577, Row end:2622 
My rank: 58, Row start: 2669, Row end:2714 
My rank: 11, Row start: 507, Row end:552 
My rank: 38, Row start: 1749, Row end:1794 
My rank: 52, Row start: 2393, Row end:2438 
My rank: 12, Row start: 553, Row end:598 
My rank: 25, Row start: 1151, Row end:1196 
My rank: 30, Row start: 1381, Row end:1426 
My rank: 39, Row start: 1795, Row end:1840 
My rank: 37, Row start: 1703, Row end:1748 
My rank: 42, Row start: 1933, Row end:1978 
My rank: 50, Row start: 2301, Row end:2346 
My rank: 17, Row start: 783, Row end:828 
My rank: 27, Row start: 1243, Row end:1288 
My rank: 59, Row start: 2715, Row end:2760 
My rank: 18, Row start: 829, Row end:874 
My rank: 24, Row start: 1105, Row end:1150 
My rank: 44, Row start: 2025, Row end:2070 
My rank: 0, Row start: 1, Row end:46 
My rank: 5, Row start: 231, Row end:276 
My rank: 36, Row start: 1657, Row end:1702 
My rank: 60, Row start: 2761, Row end:2806 
My rank: 28, Row start: 1289, Row end:1334 
My rank: 4, Row start: 185, Row end:230 
My rank: 14, Row start: 645, Row end:690 
My rank:1, took 4.529065 seconds
My rank:2, took 4.529420 seconds
My rank:3, took 4.530110 seconds
My rank:4, took 4.525213 seconds
My rank:5, took 4.530579 seconds
My rank:6, took 4.531393 seconds
My rank:7, took 4.531912 seconds
My rank:8, took 4.532255 seconds
My rank:9, took 4.532906 seconds
My rank:10, took 4.533420 seconds
My rank:11, took 4.533598 seconds
My rank:12, took 4.534071 seconds
My rank:13, took 4.534892 seconds
My rank:14, took 4.524978 seconds
My rank:15, took 4.535848 seconds
My rank:16, took 4.536357 seconds
My rank:17, took 4.536379 seconds
My rank:18, took 4.536842 seconds
My rank:19, took 4.537710 seconds
My rank:20, took 4.538108 seconds
My rank:21, took 4.538648 seconds
My rank:22, took 4.539259 seconds
My rank:23, took 4.539626 seconds
My rank:24, took 4.539732 seconds
My rank:25, took 4.540341 seconds
My rank:26, took 4.541066 seconds
My rank:27, took 4.541206 seconds
My rank:28, took 4.538653 seconds
My rank:29, took 4.542418 seconds
My rank:30, took 4.542688 seconds
My rank:31, took 4.543493 seconds
My rank:32, took 4.543906 seconds
My rank:33, took 4.544684 seconds
My rank:34, took 4.544796 seconds
My rank:35, took 4.545305 seconds
My rank:36, took 4.545371 seconds
My rank:37, took 4.546003 seconds
My rank:38, took 4.546596 seconds
My rank:39, took 4.546988 seconds
My rank:40, took 4.547879 seconds
My rank:41, took 4.548081 seconds
My rank:42, took 4.548362 seconds
My rank:43, took 4.549098 seconds
My rank:44, took 4.549256 seconds
My rank:45, took 4.549999 seconds
My rank:46, took 4.550733 seconds
My rank:47, took 4.551024 seconds
My rank:48, took 4.551653 seconds
My rank:49, took 4.552024 seconds
My rank:50, took 4.552293 seconds
My rank:51, took 4.553126 seconds
My rank:52, took 4.553336 seconds
My rank:53, took 4.554044 seconds
My rank:54, took 4.554447 seconds
My rank:55, took 4.555030 seconds
My rank:56, took 4.555399 seconds
My rank:57, took 4.555974 seconds
My rank:58, took 4.556327 seconds
My rank:59, took 4.556584 seconds
My rank:60, took 4.556720 seconds
My rank:61, took 4.558010 seconds
My rank:62, took 4.558426 seconds
My rank:63, took 4.558892 seconds
My rank:0, took 4.528157 seconds
That took 4.528157 seconds
======== Run :  9
My rank: 19, Row start: 875, Row end:920 
My rank: 39, Row start: 1795, Row end:1840 
My rank: 40, Row start: 1841, Row end:1886 
My rank: 41, Row start: 1887, Row end:1932 
My rank: 47, Row start: 2163, Row end:2208 
My rank: 59, Row start: 2715, Row end:2760 
My rank: 62, Row start: 2853, Row end:2898 
My rank: 10, Row start: 461, Row end:506 
My rank: 54, Row start: 2485, Row end:2530 
My rank: 63, Row start: 2899, Row end:2999 
My rank: 22, Row start: 1013, Row end:1058 
My rank: 8, Row start: 369, Row end:414 
My rank: 34, Row start: 1565, Row end:1610 
My rank: 37, Row start: 1703, Row end:1748 
My rank: 6, Row start: 277, Row end:322 
My rank: 7, Row start: 323, Row end:368 
My rank: 9, Row start: 415, Row end:460 
My rank: 16, Row start: 737, Row end:782 
My rank: 26, Row start: 1197, Row end:1242 
My rank: 29, Row start: 1335, Row end:1380 
My rank: 44, Row start: 2025, Row end:2070 
My rank: 46, Row start: 2117, Row end:2162 
My rank: 49, Row start: 2255, Row end:2300 
My rank: 18, Row start: 829, Row end:874 
My rank: 20, Row start: 921, Row end:966 
My rank: 23, Row start: 1059, Row end:1104 
My rank: 28, Row start: 1289, Row end:1334 
My rank: 33, Row start: 1519, Row end:1564 
My rank: 35, Row start: 1611, Row end:1656 
My rank: 43, Row start: 1979, Row end:2024 
My rank: 50, Row start: 2301, Row end:2346 
My rank: 51, Row start: 2347, Row end:2392 
My rank: 61, Row start: 2807, Row end:2852 
My rank: 3, Row start: 139, Row end:184 
My rank: 21, Row start: 967, Row end:1012 
My rank: 27, Row start: 1243, Row end:1288 
My rank: 57, Row start: 2623, Row end:2668 
My rank: 1, Row start: 47, Row end:92 
My rank: 2, Row start: 93, Row end:138 
My rank: 5, Row start: 231, Row end:276 
My rank: 13, Row start: 599, Row end:644 
My rank: 15, Row start: 691, Row end:736 
My rank: 31, Row start: 1427, Row end:1472 
My rank: 38, Row start: 1749, Row end:1794 
My rank: 42, Row start: 1933, Row end:1978 
My rank: 53, Row start: 2439, Row end:2484 
My rank: 56, Row start: 2577, Row end:2622 
My rank: 0, Row start: 1, Row end:46 
My rank: 11, Row start: 507, Row end:552 
My rank: 12, Row start: 553, Row end:598 
My rank: 14, Row start: 645, Row end:690 
My rank: 17, Row start: 783, Row end:828 
My rank: 24, Row start: 1105, Row end:1150 
My rank: 25, Row start: 1151, Row end:1196 
My rank: 30, Row start: 1381, Row end:1426 
My rank: 45, Row start: 2071, Row end:2116 
My rank: 48, Row start: 2209, Row end:2254 
My rank: 52, Row start: 2393, Row end:2438 
My rank: 55, Row start: 2531, Row end:2576 
My rank: 58, Row start: 2669, Row end:2714 
My rank: 60, Row start: 2761, Row end:2806 
My rank: 4, Row start: 185, Row end:230 
My rank: 36, Row start: 1657, Row end:1702 
My rank: 32, Row start: 1473, Row end:1518 
My rank:1, took 5.151211 seconds
My rank:2, took 5.151718 seconds
My rank:3, took 5.152216 seconds
My rank:4, took 5.152284 seconds
My rank:5, took 5.153134 seconds
My rank:6, took 5.153894 seconds
My rank:7, took 5.154360 seconds
My rank:8, took 5.154893 seconds
My rank:9, took 5.155305 seconds
My rank:10, took 5.155882 seconds
My rank:11, took 5.155933 seconds
My rank:12, took 5.156409 seconds
My rank:13, took 5.156946 seconds
My rank:14, took 5.157404 seconds
My rank:15, took 5.157923 seconds
My rank:16, took 5.158711 seconds
My rank:17, took 5.158862 seconds
My rank:18, took 5.159581 seconds
My rank:19, took 5.160450 seconds
My rank:20, took 5.160554 seconds
My rank:21, took 5.160856 seconds
My rank:22, took 5.161645 seconds
My rank:23, took 5.161975 seconds
My rank:24, took 5.162194 seconds
My rank:25, took 5.162671 seconds
My rank:26, took 5.163497 seconds
My rank:27, took 5.164039 seconds
My rank:28, took 5.164395 seconds
My rank:29, took 5.164885 seconds
My rank:30, took 5.165108 seconds
My rank:31, took 5.165635 seconds
My rank:32, took 5.155032 seconds
My rank:33, took 5.166769 seconds
My rank:34, took 5.167327 seconds
My rank:35, took 5.167659 seconds
My rank:36, took 5.158044 seconds
My rank:37, took 5.168758 seconds
My rank:38, took 5.168944 seconds
My rank:39, took 5.169864 seconds
My rank:40, took 5.170327 seconds
My rank:41, took 5.170994 seconds
My rank:42, took 5.170844 seconds
My rank:43, took 5.171491 seconds
My rank:44, took 5.172072 seconds
My rank:45, took 5.172212 seconds
My rank:46, took 5.173014 seconds
My rank:47, took 5.173688 seconds
My rank:48, took 5.173654 seconds
My rank:49, took 5.174464 seconds
My rank:50, took 5.174849 seconds
My rank:51, took 5.175341 seconds
My rank:52, took 5.175586 seconds
My rank:53, took 5.176123 seconds
My rank:54, took 5.176966 seconds
My rank:55, took 5.177023 seconds
My rank:56, took 5.177592 seconds
My rank:57, took 5.178108 seconds
My rank:58, took 5.178461 seconds
My rank:59, took 5.179433 seconds
My rank:60, took 5.179298 seconds
My rank:61, took 5.180178 seconds
My rank:62, took 5.180930 seconds
My rank:63, took 5.181289 seconds
My rank:0, took 5.150697 seconds
That took 5.150697 seconds
======== Run :  10
My rank: 6, Row start: 277, Row end:322 
My rank: 21, Row start: 967, Row end:1012 
My rank: 29, Row start: 1335, Row end:1380 
My rank: 31, Row start: 1427, Row end:1472 
My rank: 40, Row start: 1841, Row end:1886 
My rank: 43, Row start: 1979, Row end:2024 
My rank: 45, Row start: 2071, Row end:2116 
My rank: 46, Row start: 2117, Row end:2162 
My rank: 48, Row start: 2209, Row end:2254 
My rank: 50, Row start: 2301, Row end:2346 
My rank: 51, Row start: 2347, Row end:2392 
My rank: 57, Row start: 2623, Row end:2668 
My rank: 61, Row start: 2807, Row end:2852 
My rank: 0, Row start: 1, Row end:46 
My rank: 2, Row start: 93, Row end:138 
My rank: 10, Row start: 461, Row end:506 
My rank: 11, Row start: 507, Row end:552 
My rank: 13, Row start: 599, Row end:644 
My rank: 14, Row start: 645, Row end:690 
My rank: 16, Row start: 737, Row end:782 
My rank: 17, Row start: 783, Row end:828 
My rank: 20, Row start: 921, Row end:966 
My rank: 24, Row start: 1105, Row end:1150 
My rank: 27, Row start: 1243, Row end:1288 
My rank: 28, Row start: 1289, Row end:1334 
My rank: 33, Row start: 1519, Row end:1564 
My rank: 34, Row start: 1565, Row end:1610 
My rank: 49, Row start: 2255, Row end:2300 
My rank: 54, Row start: 2485, Row end:2530 
My rank: 58, Row start: 2669, Row end:2714 
My rank: 59, Row start: 2715, Row end:2760 
My rank: 63, Row start: 2899, Row end:2999 
My rank: 1, Row start: 47, Row end:92 
My rank: 4, Row start: 185, Row end:230 
My rank: 5, Row start: 231, Row end:276 
My rank: 7, Row start: 323, Row end:368 
My rank: 8, Row start: 369, Row end:414 
My rank: 9, Row start: 415, Row end:460 
My rank: 18, Row start: 829, Row end:874 
My rank: 19, Row start: 875, Row end:920 
My rank: 22, Row start: 1013, Row end:1058 
My rank: 26, Row start: 1197, Row end:1242 
My rank: 32, Row start: 1473, Row end:1518 
My rank: 35, Row start: 1611, Row end:1656 
My rank: 44, Row start: 2025, Row end:2070 
My rank: 47, Row start: 2163, Row end:2208 
My rank: 60, Row start: 2761, Row end:2806 
My rank: 62, Row start: 2853, Row end:2898 
My rank: 23, Row start: 1059, Row end:1104 
My rank: 38, Row start: 1749, Row end:1794 
My rank: 42, Row start: 1933, Row end:1978 
My rank: 56, Row start: 2577, Row end:2622 
My rank: 12, Row start: 553, Row end:598 
My rank: 41, Row start: 1887, Row end:1932 
My rank: 53, Row start: 2439, Row end:2484 
My rank: 55, Row start: 2531, Row end:2576 
My rank: 3, Row start: 139, Row end:184 
My rank: 37, Row start: 1703, Row end:1748 
My rank: 39, Row start: 1795, Row end:1840 
My rank: 52, Row start: 2393, Row end:2438 
My rank: 36, Row start: 1657, Row end:1702 
My rank: 25, Row start: 1151, Row end:1196 
My rank: 15, Row start: 691, Row end:736 
My rank: 30, Row start: 1381, Row end:1426 
My rank:1, took 5.285005 seconds
My rank:2, took 5.285711 seconds
My rank:3, took 5.285364 seconds
My rank:4, took 5.286437 seconds
My rank:5, took 5.286853 seconds
My rank:6, took 5.287699 seconds
My rank:7, took 5.288500 seconds
My rank:8, took 5.288365 seconds
My rank:9, took 5.288894 seconds
My rank:10, took 5.289436 seconds
My rank:11, took 5.289892 seconds
My rank:12, took 5.289979 seconds
My rank:13, took 5.290882 seconds
My rank:14, took 5.291423 seconds
My rank:15, took 5.279059 seconds
My rank:16, took 5.292442 seconds
My rank:17, took 5.292917 seconds
My rank:18, took 5.298261 seconds
My rank:19, took 5.298306 seconds
My rank:20, took 5.298558 seconds
My rank:21, took 5.298855 seconds
My rank:22, took 5.298377 seconds
My rank:23, took 5.298308 seconds
My rank:24, took 5.298503 seconds
My rank:25, took 5.287801 seconds
My rank:26, took 5.298222 seconds
My rank:27, took 5.298386 seconds
My rank:28, took 5.298395 seconds
My rank:29, took 5.298731 seconds
My rank:30, took 5.286336 seconds
My rank:31, took 5.299719 seconds
My rank:32, took 5.299867 seconds
My rank:33, took 5.300502 seconds
My rank:34, took 5.300944 seconds
My rank:35, took 5.301342 seconds
My rank:36, took 5.301019 seconds
My rank:37, took 5.301921 seconds
My rank:38, took 5.302623 seconds
My rank:39, took 5.302800 seconds
My rank:40, took 5.303977 seconds
My rank:41, took 5.303912 seconds
My rank:42, took 5.304523 seconds
My rank:43, took 5.305421 seconds
My rank:44, took 5.305531 seconds
My rank:45, took 5.306371 seconds
My rank:46, took 5.306885 seconds
My rank:47, took 5.306993 seconds
My rank:48, took 5.307821 seconds
My rank:49, took 5.308087 seconds
My rank:50, took 5.308835 seconds
My rank:51, took 5.309304 seconds
My rank:52, took 5.309038 seconds
My rank:53, took 5.309644 seconds
My rank:54, took 5.310506 seconds
My rank:55, took 5.310593 seconds
My rank:56, took 5.311276 seconds
My rank:57, took 5.312212 seconds
My rank:58, took 5.312461 seconds
My rank:59, took 5.312944 seconds
My rank:60, took 5.313318 seconds
My rank:61, took 5.314054 seconds
My rank:62, took 5.314244 seconds
My rank:63, took 5.314846 seconds
My rank:0, took 5.284593 seconds
That took 5.284593 seconds

JOB STATISTICS
==============
Job ID: 5027745
Cluster: snellius
User/Group: scur0330/scur0330
State: COMPLETED (exit code 0)
Nodes: 1
Cores per node: 64
CPU Utilized: 01:07:05
CPU Efficiency: 39.55% of 02:49:36 core-walltime
Job Wall-clock time: 00:02:39
Memory Utilized: 7.52 MB
Memory Efficiency: 0.01% of 112.00 GB
