======== Run :  1
My rank: 0, Row start: 1, Row end:28 
My rank: 2, Row start: 57, Row end:84 
My rank: 7, Row start: 197, Row end:224 
My rank: 10, Row start: 281, Row end:308 
My rank: 33, Row start: 925, Row end:952 
My rank: 44, Row start: 1233, Row end:1260 
My rank: 48, Row start: 1345, Row end:1372 
My rank: 54, Row start: 1513, Row end:1540 
My rank: 58, Row start: 1625, Row end:1652 
My rank: 61, Row start: 1709, Row end:1736 
My rank: 62, Row start: 1737, Row end:1764 
My rank: 63, Row start: 1765, Row end:1792 
My rank: 68, Row start: 1905, Row end:1932 
My rank: 72, Row start: 2017, Row end:2044 
My rank: 82, Row start: 2297, Row end:2324 
My rank: 86, Row start: 2409, Row end:2436 
My rank: 93, Row start: 2605, Row end:2632 
My rank: 100, Row start: 2801, Row end:2828 
My rank: 3, Row start: 85, Row end:112 
My rank: 5, Row start: 141, Row end:168 
My rank: 14, Row start: 393, Row end:420 
My rank: 25, Row start: 701, Row end:728 
My rank: 30, Row start: 841, Row end:868 
My rank: 35, Row start: 981, Row end:1008 
My rank: 40, Row start: 1121, Row end:1148 
My rank: 45, Row start: 1261, Row end:1288 
My rank: 52, Row start: 1457, Row end:1484 
My rank: 53, Row start: 1485, Row end:1512 
My rank: 66, Row start: 1849, Row end:1876 
My rank: 67, Row start: 1877, Row end:1904 
My rank: 70, Row start: 1961, Row end:1988 
My rank: 83, Row start: 2325, Row end:2352 
My rank: 88, Row start: 2465, Row end:2492 
My rank: 92, Row start: 2577, Row end:2604 
My rank: 97, Row start: 2717, Row end:2744 
My rank: 101, Row start: 2829, Row end:2856 
My rank: 102, Row start: 2857, Row end:2884 
My rank: 18, Row start: 505, Row end:532 
My rank: 19, Row start: 533, Row end:560 
My rank: 20, Row start: 561, Row end:588 
My rank: 24, Row start: 673, Row end:700 
My rank: 27, Row start: 757, Row end:784 
My rank: 31, Row start: 869, Row end:896 
My rank: 32, Row start: 897, Row end:924 
My rank: 34, Row start: 953, Row end:980 
My rank: 56, Row start: 1569, Row end:1596 
My rank: 60, Row start: 1681, Row end:1708 
My rank: 65, Row start: 1821, Row end:1848 
My rank: 69, Row start: 1933, Row end:1960 
My rank: 74, Row start: 2073, Row end:2100 
My rank: 84, Row start: 2353, Row end:2380 
My rank: 91, Row start: 2549, Row end:2576 
My rank: 16, Row start: 449, Row end:476 
My rank: 17, Row start: 477, Row end:504 
My rank: 29, Row start: 813, Row end:840 
My rank: 38, Row start: 1065, Row end:1092 
My rank: 42, Row start: 1177, Row end:1204 
My rank: 46, Row start: 1289, Row end:1316 
My rank: 47, Row start: 1317, Row end:1344 
My rank: 49, Row start: 1373, Row end:1400 
My rank: 50, Row start: 1401, Row end:1428 
My rank: 51, Row start: 1429, Row end:1456 
My rank: 55, Row start: 1541, Row end:1568 
My rank: 57, Row start: 1597, Row end:1624 
My rank: 64, Row start: 1793, Row end:1820 
My rank: 71, Row start: 1989, Row end:2016 
My rank: 76, Row start: 2129, Row end:2156 
My rank: 77, Row start: 2157, Row end:2184 
My rank: 80, Row start: 2241, Row end:2268 
My rank: 85, Row start: 2381, Row end:2408 
My rank: 89, Row start: 2493, Row end:2520 
My rank: 90, Row start: 2521, Row end:2548 
My rank: 94, Row start: 2633, Row end:2660 
My rank: 103, Row start: 2885, Row end:2999 
My rank: 1, Row start: 29, Row end:56 
My rank: 6, Row start: 169, Row end:196 
My rank: 9, Row start: 253, Row end:280 
My rank: 11, Row start: 309, Row end:336 
My rank: 12, Row start: 337, Row end:364 
My rank: 13, Row start: 365, Row end:392 
My rank: 15, Row start: 421, Row end:448 
My rank: 21, Row start: 589, Row end:616 
My rank: 22, Row start: 617, Row end:644 
My rank: 23, Row start: 645, Row end:672 
My rank: 26, Row start: 729, Row end:756 
My rank: 36, Row start: 1009, Row end:1036 
My rank: 37, Row start: 1037, Row end:1064 
My rank: 39, Row start: 1093, Row end:1120 
My rank: 41, Row start: 1149, Row end:1176 
My rank: 43, Row start: 1205, Row end:1232 
My rank: 59, Row start: 1653, Row end:1680 
My rank: 73, Row start: 2045, Row end:2072 
My rank: 75, Row start: 2101, Row end:2128 
My rank: 78, Row start: 2185, Row end:2212 
My rank: 79, Row start: 2213, Row end:2240 
My rank: 81, Row start: 2269, Row end:2296 
My rank: 87, Row start: 2437, Row end:2464 
My rank: 95, Row start: 2661, Row end:2688 
My rank: 96, Row start: 2689, Row end:2716 
My rank: 98, Row start: 2745, Row end:2772 
My rank: 99, Row start: 2773, Row end:2800 
My rank: 4, Row start: 113, Row end:140 
My rank: 8, Row start: 225, Row end:252 
My rank: 28, Row start: 785, Row end:812 
My rank:1, took 5.144442 seconds
My rank:2, took 5.146093 seconds
My rank:3, took 5.146513 seconds
My rank:4, took 5.139890 seconds
My rank:5, took 5.148196 seconds
My rank:6, took 5.147951 seconds
My rank:7, took 5.150071 seconds
My rank:8, took 5.142029 seconds
My rank:9, took 5.150553 seconds
My rank:10, took 5.152081 seconds
My rank:11, took 5.151614 seconds
My rank:12, took 5.152725 seconds
My rank:13, took 5.153520 seconds
My rank:14, took 5.155157 seconds
My rank:15, took 5.154966 seconds
My rank:16, took 5.156128 seconds
My rank:17, took 5.157042 seconds
My rank:18, took 5.157917 seconds
My rank:19, took 5.158660 seconds
My rank:20, took 5.159382 seconds
My rank:21, took 5.159714 seconds
My rank:22, took 5.160210 seconds
My rank:23, took 5.161171 seconds
My rank:24, took 5.162402 seconds
My rank:25, took 5.163252 seconds
My rank:26, took 5.163287 seconds
My rank:27, took 5.164662 seconds
My rank:28, took 5.162970 seconds
My rank:29, took 5.165834 seconds
My rank:30, took 5.167265 seconds
My rank:31, took 5.167838 seconds
My rank:32, took 5.168558 seconds
My rank:33, took 5.169694 seconds
My rank:34, took 5.170066 seconds
My rank:35, took 5.171069 seconds
My rank:36, took 5.170919 seconds
My rank:37, took 5.171810 seconds
My rank:38, took 5.172799 seconds
My rank:39, took 5.173416 seconds
My rank:40, took 5.174706 seconds
My rank:41, took 5.174959 seconds
My rank:42, took 5.175785 seconds
My rank:43, took 5.176348 seconds
My rank:44, took 5.178061 seconds
My rank:45, took 5.178685 seconds
My rank:46, took 5.178811 seconds
My rank:47, took 5.179745 seconds
My rank:48, took 5.181090 seconds
My rank:49, took 5.181143 seconds
My rank:50, took 5.182020 seconds
My rank:51, took 5.182661 seconds
My rank:52, took 5.183988 seconds
My rank:53, took 5.184666 seconds
My rank:54, took 5.185935 seconds
My rank:55, took 5.185841 seconds
My rank:56, took 5.186679 seconds
My rank:57, took 5.187122 seconds
My rank:58, took 5.188857 seconds
My rank:59, took 5.188030 seconds
My rank:60, took 5.189811 seconds
My rank:61, took 5.190869 seconds
My rank:62, took 5.191946 seconds
My rank:63, took 5.192444 seconds
My rank:64, took 5.192401 seconds
My rank:65, took 5.193462 seconds
My rank:66, took 5.194410 seconds
My rank:67, took 5.195254 seconds
My rank:68, took 5.196460 seconds
My rank:69, took 5.196587 seconds
My rank:70, took 5.197571 seconds
My rank:71, took 5.197824 seconds
My rank:72, took 5.199203 seconds
My rank:73, took 5.199008 seconds
My rank:74, took 5.200316 seconds
My rank:75, took 5.200578 seconds
My rank:76, took 5.201525 seconds
My rank:77, took 5.202319 seconds
My rank:78, took 5.202916 seconds
My rank:79, took 5.203686 seconds
My rank:80, took 5.204569 seconds
My rank:81, took 5.204761 seconds
My rank:82, took 5.206731 seconds
My rank:83, took 5.207346 seconds
My rank:84, took 5.207898 seconds
My rank:85, took 5.208337 seconds
My rank:86, took 5.210017 seconds
My rank:87, took 5.209735 seconds
My rank:88, took 5.211166 seconds
My rank:89, took 5.211397 seconds
My rank:90, took 5.212238 seconds
My rank:91, took 5.213253 seconds
My rank:92, took 5.214230 seconds
My rank:93, took 5.215236 seconds
My rank:94, took 5.215200 seconds
My rank:95, took 5.215780 seconds
My rank:96, took 5.216556 seconds
My rank:97, took 5.217952 seconds
My rank:98, took 5.218067 seconds
My rank:99, took 5.218882 seconds
My rank:100, took 5.220408 seconds
My rank:101, took 5.221121 seconds
My rank:102, took 5.221858 seconds
My rank:103, took 5.222002 seconds
My rank:0, took 5.144842 seconds
That took 5.144842 seconds
======== Run :  2
My rank: 1, Row start: 29, Row end:56 
My rank: 12, Row start: 337, Row end:364 
My rank: 17, Row start: 477, Row end:504 
My rank: 18, Row start: 505, Row end:532 
My rank: 25, Row start: 701, Row end:728 
My rank: 31, Row start: 869, Row end:896 
My rank: 32, Row start: 897, Row end:924 
My rank: 33, Row start: 925, Row end:952 
My rank: 35, Row start: 981, Row end:1008 
My rank: 51, Row start: 1429, Row end:1456 
My rank: 52, Row start: 1457, Row end:1484 
My rank: 56, Row start: 1569, Row end:1596 
My rank: 60, Row start: 1681, Row end:1708 
My rank: 62, Row start: 1737, Row end:1764 
My rank: 64, Row start: 1793, Row end:1820 
My rank: 66, Row start: 1849, Row end:1876 
My rank: 73, Row start: 2045, Row end:2072 
My rank: 76, Row start: 2129, Row end:2156 
My rank: 77, Row start: 2157, Row end:2184 
My rank: 82, Row start: 2297, Row end:2324 
My rank: 94, Row start: 2633, Row end:2660 
My rank: 101, Row start: 2829, Row end:2856 
My rank: 2, Row start: 57, Row end:84 
My rank: 3, Row start: 85, Row end:112 
My rank: 5, Row start: 141, Row end:168 
My rank: 14, Row start: 393, Row end:420 
My rank: 20, Row start: 561, Row end:588 
My rank: 26, Row start: 729, Row end:756 
My rank: 30, Row start: 841, Row end:868 
My rank: 36, Row start: 1009, Row end:1036 
My rank: 37, Row start: 1037, Row end:1064 
My rank: 41, Row start: 1149, Row end:1176 
My rank: 43, Row start: 1205, Row end:1232 
My rank: 45, Row start: 1261, Row end:1288 
My rank: 49, Row start: 1373, Row end:1400 
My rank: 53, Row start: 1485, Row end:1512 
My rank: 71, Row start: 1989, Row end:2016 
My rank: 86, Row start: 2409, Row end:2436 
My rank: 93, Row start: 2605, Row end:2632 
My rank: 95, Row start: 2661, Row end:2688 
My rank: 44, Row start: 1233, Row end:1260 
My rank: 75, Row start: 2101, Row end:2128 
My rank: 79, Row start: 2213, Row end:2240 
My rank: 0, Row start: 1, Row end:28 
My rank: 9, Row start: 253, Row end:280 
My rank: 15, Row start: 421, Row end:448 
My rank: 50, Row start: 1401, Row end:1428 
My rank: 21, Row start: 589, Row end:616 
My rank: 47, Row start: 1317, Row end:1344 
My rank: 85, Row start: 2381, Row end:2408 
My rank: 89, Row start: 2493, Row end:2520 
My rank: 24, Row start: 673, Row end:700 
My rank: 27, Row start: 757, Row end:784 
My rank: 84, Row start: 2353, Row end:2380 
My rank: 88, Row start: 2465, Row end:2492 
My rank: 97, Row start: 2717, Row end:2744 
My rank: 100, Row start: 2801, Row end:2828 
My rank: 16, Row start: 449, Row end:476 
My rank: 29, Row start: 813, Row end:840 
My rank: 57, Row start: 1597, Row end:1624 
My rank: 67, Row start: 1877, Row end:1904 
My rank: 70, Row start: 1961, Row end:1988 
My rank: 80, Row start: 2241, Row end:2268 
My rank: 81, Row start: 2269, Row end:2296 
My rank: 96, Row start: 2689, Row end:2716 
My rank: 11, Row start: 309, Row end:336 
My rank: 23, Row start: 645, Row end:672 
My rank: 54, Row start: 1513, Row end:1540 
My rank: 90, Row start: 2521, Row end:2548 
My rank: 92, Row start: 2577, Row end:2604 
My rank: 98, Row start: 2745, Row end:2772 
My rank: 28, Row start: 785, Row end:812 
My rank: 58, Row start: 1625, Row end:1652 
My rank: 63, Row start: 1765, Row end:1792 
My rank: 7, Row start: 197, Row end:224 
My rank: 68, Row start: 1905, Row end:1932 
My rank: 87, Row start: 2437, Row end:2464 
My rank: 4, Row start: 113, Row end:140 
My rank: 8, Row start: 225, Row end:252 
My rank: 10, Row start: 281, Row end:308 
My rank: 48, Row start: 1345, Row end:1372 
My rank: 13, Row start: 365, Row end:392 
My rank: 99, Row start: 2773, Row end:2800 
My rank: 22, Row start: 617, Row end:644 
My rank: 19, Row start: 533, Row end:560 
My rank: 39, Row start: 1093, Row end:1120 
My rank: 6, Row start: 169, Row end:196 
My rank: 40, Row start: 1121, Row end:1148 
My rank: 34, Row start: 953, Row end:980 
My rank: 38, Row start: 1065, Row end:1092 
My rank: 42, Row start: 1177, Row end:1204 
My rank: 46, Row start: 1289, Row end:1316 
My rank: 59, Row start: 1653, Row end:1680 
My rank: 65, Row start: 1821, Row end:1848 
My rank: 69, Row start: 1933, Row end:1960 
My rank: 72, Row start: 2017, Row end:2044 
My rank: 74, Row start: 2073, Row end:2100 
My rank: 78, Row start: 2185, Row end:2212 
My rank: 83, Row start: 2325, Row end:2352 
My rank: 91, Row start: 2549, Row end:2576 
My rank: 102, Row start: 2857, Row end:2884 
My rank: 103, Row start: 2885, Row end:2999 
My rank: 55, Row start: 1541, Row end:1568 
My rank: 61, Row start: 1709, Row end:1736 
My rank:1, took 5.227873 seconds
My rank:2, took 5.228439 seconds
My rank:3, took 5.229279 seconds
My rank:4, took 5.228971 seconds
My rank:5, took 5.230877 seconds
My rank:6, took 5.230023 seconds
My rank:7, took 5.231363 seconds
My rank:8, took 5.231998 seconds
My rank:9, took 5.233476 seconds
My rank:10, took 5.233510 seconds
My rank:11, took 5.234867 seconds
My rank:12, took 5.236446 seconds
My rank:13, took 5.235758 seconds
My rank:14, took 5.237793 seconds
My rank:15, took 5.238058 seconds
My rank:16, took 5.238620 seconds
My rank:17, took 5.240080 seconds
My rank:18, took 5.240930 seconds
My rank:19, took 5.240073 seconds
My rank:20, took 5.242252 seconds
My rank:21, took 5.242492 seconds
My rank:22, took 5.242296 seconds
My rank:23, took 5.243770 seconds
My rank:24, took 5.244675 seconds
My rank:25, took 5.246114 seconds
My rank:26, took 5.248165 seconds
My rank:27, took 5.247594 seconds
My rank:28, took 5.247404 seconds
My rank:29, took 5.248639 seconds
My rank:30, took 5.249679 seconds
My rank:31, took 5.250867 seconds
My rank:32, took 5.251345 seconds
My rank:33, took 5.252216 seconds
My rank:34, took 5.249307 seconds
My rank:35, took 5.253712 seconds
My rank:36, took 5.254333 seconds
My rank:37, took 5.255022 seconds
My rank:38, took 5.252400 seconds
My rank:39, took 5.255144 seconds
My rank:40, took 5.255761 seconds
My rank:41, took 5.257856 seconds
My rank:42, took 5.255190 seconds
My rank:43, took 5.259663 seconds
My rank:44, took 5.260008 seconds
My rank:45, took 5.261171 seconds
My rank:46, took 5.258672 seconds
My rank:47, took 5.262199 seconds
My rank:48, took 5.262349 seconds
My rank:49, took 5.264202 seconds
My rank:50, took 5.264540 seconds
My rank:51, took 5.265825 seconds
My rank:52, took 5.266617 seconds
My rank:53, took 5.267265 seconds
My rank:54, took 5.267260 seconds
My rank:55, took 5.252475 seconds
My rank:56, took 5.269592 seconds
My rank:57, took 5.269684 seconds
My rank:58, took 5.270233 seconds
My rank:59, took 5.268361 seconds
My rank:60, took 5.272616 seconds
My rank:61, took 5.254071 seconds
My rank:62, took 5.274325 seconds
My rank:63, took 5.273992 seconds
My rank:64, took 5.275830 seconds
My rank:65, took 5.272879 seconds
My rank:66, took 5.277141 seconds
My rank:67, took 5.277217 seconds
My rank:68, took 5.277565 seconds
My rank:69, took 5.270044 seconds
My rank:70, took 5.279442 seconds
My rank:71, took 5.280684 seconds
My rank:72, took 5.278238 seconds
My rank:73, took 5.282446 seconds
My rank:74, took 5.279725 seconds
My rank:75, took 5.283559 seconds
My rank:76, took 5.284794 seconds
My rank:77, took 5.285504 seconds
My rank:78, took 5.272929 seconds
My rank:79, took 5.286616 seconds
My rank:80, took 5.287006 seconds
My rank:81, took 5.287744 seconds
My rank:82, took 5.289305 seconds
My rank:83, took 5.278728 seconds
My rank:84, took 5.290176 seconds
My rank:85, took 5.290992 seconds
My rank:86, took 5.292227 seconds
My rank:87, took 5.292007 seconds
My rank:88, took 5.293265 seconds
My rank:89, took 5.294080 seconds
My rank:90, took 5.294529 seconds
My rank:91, took 5.292648 seconds
My rank:92, took 5.296112 seconds
My rank:93, took 5.297575 seconds
My rank:94, took 5.298459 seconds
My rank:95, took 5.298840 seconds
My rank:96, took 5.299227 seconds
My rank:97, took 5.300104 seconds
My rank:98, took 5.300619 seconds
My rank:99, took 5.300890 seconds
My rank:100, took 5.302346 seconds
My rank:101, took 5.303741 seconds
My rank:102, took 5.300957 seconds
My rank:103, took 5.301842 seconds
My rank:0, took 5.226632 seconds
That took 5.226632 seconds
======== Run :  3
My rank: 57, Row start: 1597, Row end:1624 
My rank: 73, Row start: 2045, Row end:2072 
My rank: 13, Row start: 365, Row end:392 
My rank: 27, Row start: 757, Row end:784 
My rank: 48, Row start: 1345, Row end:1372 
My rank: 5, Row start: 141, Row end:168 
My rank: 16, Row start: 449, Row end:476 
My rank: 32, Row start: 897, Row end:924 
My rank: 51, Row start: 1429, Row end:1456 
My rank: 54, Row start: 1513, Row end:1540 
My rank: 67, Row start: 1877, Row end:1904 
My rank: 70, Row start: 1961, Row end:1988 
My rank: 42, Row start: 1177, Row end:1204 
My rank: 71, Row start: 1989, Row end:2016 
My rank: 82, Row start: 2297, Row end:2324 
My rank: 84, Row start: 2353, Row end:2380 
My rank: 96, Row start: 2689, Row end:2716 
My rank: 1, Row start: 29, Row end:56 
My rank: 68, Row start: 1905, Row end:1932 
My rank: 81, Row start: 2269, Row end:2296 
My rank: 83, Row start: 2325, Row end:2352 
My rank: 25, Row start: 701, Row end:728 
My rank: 69, Row start: 1933, Row end:1960 
My rank: 46, Row start: 1289, Row end:1316 
My rank: 76, Row start: 2129, Row end:2156 
My rank: 14, Row start: 393, Row end:420 
My rank: 62, Row start: 1737, Row end:1764 
My rank: 23, Row start: 645, Row end:672 
My rank: 29, Row start: 813, Row end:840 
My rank: 64, Row start: 1793, Row end:1820 
My rank: 75, Row start: 2101, Row end:2128 
My rank: 88, Row start: 2465, Row end:2492 
My rank: 91, Row start: 2549, Row end:2576 
My rank: 10, Row start: 281, Row end:308 
My rank: 19, Row start: 533, Row end:560 
My rank: 44, Row start: 1233, Row end:1260 
My rank: 50, Row start: 1401, Row end:1428 
My rank: 55, Row start: 1541, Row end:1568 
My rank: 17, Row start: 477, Row end:504 
My rank: 18, Row start: 505, Row end:532 
My rank: 39, Row start: 1093, Row end:1120 
My rank: 59, Row start: 1653, Row end:1680 
My rank: 78, Row start: 2185, Row end:2212 
My rank: 94, Row start: 2633, Row end:2660 
My rank: 95, Row start: 2661, Row end:2688 
My rank: 12, Row start: 337, Row end:364 
My rank: 47, Row start: 1317, Row end:1344 
My rank: 74, Row start: 2073, Row end:2100 
My rank: 92, Row start: 2577, Row end:2604 
My rank: 93, Row start: 2605, Row end:2632 
My rank: 101, Row start: 2829, Row end:2856 
My rank: 89, Row start: 2493, Row end:2520 
My rank: 63, Row start: 1765, Row end:1792 
My rank: 77, Row start: 2157, Row end:2184 
My rank: 35, Row start: 981, Row end:1008 
My rank: 65, Row start: 1821, Row end:1848 
My rank: 66, Row start: 1849, Row end:1876 
My rank: 99, Row start: 2773, Row end:2800 
My rank: 103, Row start: 2885, Row end:2999 
My rank: 3, Row start: 85, Row end:112 
My rank: 6, Row start: 169, Row end:196 
My rank: 21, Row start: 589, Row end:616 
My rank: 38, Row start: 1065, Row end:1092 
My rank: 37, Row start: 1037, Row end:1064 
My rank: 41, Row start: 1149, Row end:1176 
My rank: 52, Row start: 1457, Row end:1484 
My rank: 7, Row start: 197, Row end:224 
My rank: 8, Row start: 225, Row end:252 
My rank: 33, Row start: 925, Row end:952 
My rank: 40, Row start: 1121, Row end:1148 
My rank: 60, Row start: 1681, Row end:1708 
My rank: 9, Row start: 253, Row end:280 
My rank: 11, Row start: 309, Row end:336 
My rank: 20, Row start: 561, Row end:588 
My rank: 43, Row start: 1205, Row end:1232 
My rank: 86, Row start: 2409, Row end:2436 
My rank: 87, Row start: 2437, Row end:2464 
My rank: 22, Row start: 617, Row end:644 
My rank: 26, Row start: 729, Row end:756 
My rank: 53, Row start: 1485, Row end:1512 
My rank: 61, Row start: 1709, Row end:1736 
My rank: 80, Row start: 2241, Row end:2268 
My rank: 97, Row start: 2717, Row end:2744 
My rank: 98, Row start: 2745, Row end:2772 
My rank: 100, Row start: 2801, Row end:2828 
My rank: 0, Row start: 1, Row end:28 
My rank: 28, Row start: 785, Row end:812 
My rank: 36, Row start: 1009, Row end:1036 
My rank: 49, Row start: 1373, Row end:1400 
My rank: 72, Row start: 2017, Row end:2044 
My rank: 79, Row start: 2213, Row end:2240 
My rank: 15, Row start: 421, Row end:448 
My rank: 30, Row start: 841, Row end:868 
My rank: 45, Row start: 1261, Row end:1288 
My rank: 90, Row start: 2521, Row end:2548 
My rank: 4, Row start: 113, Row end:140 
My rank: 24, Row start: 673, Row end:700 
My rank: 56, Row start: 1569, Row end:1596 
My rank: 102, Row start: 2857, Row end:2884 
My rank: 2, Row start: 57, Row end:84 
My rank: 85, Row start: 2381, Row end:2408 
My rank: 58, Row start: 1625, Row end:1652 
My rank: 31, Row start: 869, Row end:896 
My rank: 34, Row start: 953, Row end:980 
My rank:1, took 4.944505 seconds
My rank:2, took 4.943949 seconds
My rank:3, took 4.945403 seconds
My rank:4, took 4.945631 seconds
My rank:5, took 4.947742 seconds
My rank:6, took 4.947731 seconds
My rank:7, took 4.949229 seconds
My rank:8, took 4.949256 seconds
My rank:9, took 4.949955 seconds
My rank:10, took 4.951229 seconds
My rank:11, took 4.951444 seconds
My rank:12, took 4.953065 seconds
My rank:13, took 4.953892 seconds
My rank:14, took 4.954279 seconds
My rank:15, took 4.954259 seconds
My rank:16, took 4.956098 seconds
My rank:17, took 4.956359 seconds
My rank:18, took 4.957324 seconds
My rank:19, took 4.958116 seconds
My rank:20, took 4.958180 seconds
My rank:21, took 4.959292 seconds
My rank:22, took 4.959822 seconds
My rank:23, took 4.961189 seconds
My rank:24, took 4.960978 seconds
My rank:25, took 4.962797 seconds
My rank:26, took 4.962782 seconds
My rank:27, took 4.964579 seconds
My rank:28, took 4.964237 seconds
My rank:29, took 4.965744 seconds
My rank:30, took 4.965621 seconds
My rank:31, took 4.960472 seconds
My rank:32, took 4.968241 seconds
My rank:33, took 4.968223 seconds
My rank:34, took 4.962388 seconds
My rank:35, took 4.969785 seconds
My rank:36, took 4.970245 seconds
My rank:37, took 4.971247 seconds
My rank:38, took 4.972035 seconds
My rank:39, took 4.973088 seconds
My rank:40, took 4.973448 seconds
My rank:41, took 4.974295 seconds
My rank:42, took 4.975766 seconds
My rank:43, took 4.975678 seconds
My rank:44, took 4.976961 seconds
My rank:45, took 4.977039 seconds
My rank:46, took 4.978606 seconds
My rank:47, took 4.979138 seconds
My rank:48, took 4.980480 seconds
My rank:49, took 4.980126 seconds
My rank:50, took 4.981505 seconds
My rank:51, took 4.982724 seconds
My rank:52, took 4.982625 seconds
My rank:53, took 4.983240 seconds
My rank:54, took 4.984952 seconds
My rank:55, took 4.985283 seconds
My rank:56, took 4.985218 seconds
My rank:57, took 4.987768 seconds
My rank:58, took 4.986077 seconds
My rank:59, took 4.988288 seconds
My rank:60, took 4.988554 seconds
My rank:61, took 4.989258 seconds
My rank:62, took 4.990705 seconds
My rank:63, took 4.991100 seconds
My rank:64, took 4.992136 seconds
My rank:65, took 4.992553 seconds
My rank:66, took 4.993322 seconds
My rank:67, took 4.994811 seconds
My rank:68, took 4.995377 seconds
My rank:69, took 4.996057 seconds
My rank:70, took 4.997051 seconds
My rank:71, took 4.997723 seconds
My rank:72, took 4.997551 seconds
My rank:73, took 4.999436 seconds
My rank:74, took 4.999535 seconds
My rank:75, took 5.000463 seconds
My rank:76, took 5.001333 seconds
My rank:77, took 5.001707 seconds
My rank:78, took 5.002679 seconds
My rank:79, took 5.002906 seconds
My rank:80, took 5.003676 seconds
My rank:81, took 5.005282 seconds
My rank:82, took 5.006059 seconds
My rank:83, took 5.006781 seconds
My rank:84, took 5.007620 seconds
My rank:85, took 5.006963 seconds
My rank:86, took 5.008268 seconds
My rank:87, took 5.009005 seconds
My rank:88, took 5.010389 seconds
My rank:89, took 5.010870 seconds
My rank:90, took 5.011197 seconds
My rank:91, took 5.012645 seconds
My rank:92, took 5.013470 seconds
My rank:93, took 5.013999 seconds
My rank:94, took 5.014822 seconds
My rank:95, took 5.015610 seconds
My rank:96, took 5.016789 seconds
My rank:97, took 5.016448 seconds
My rank:98, took 5.017354 seconds
My rank:99, took 5.018355 seconds
My rank:100, took 5.018867 seconds
My rank:101, took 5.020069 seconds
My rank:102, took 5.019991 seconds
My rank:103, took 5.021430 seconds
My rank:0, took 4.942907 seconds
That took 4.942907 seconds
======== Run :  4
My rank: 97, Row start: 2717, Row end:2744 
My rank: 39, Row start: 1093, Row end:1120 
My rank: 54, Row start: 1513, Row end:1540 
My rank: 63, Row start: 1765, Row end:1792 
My rank: 68, Row start: 1905, Row end:1932 
My rank: 9, Row start: 253, Row end:280 
My rank: 19, Row start: 533, Row end:560 
My rank: 36, Row start: 1009, Row end:1036 
My rank: 81, Row start: 2269, Row end:2296 
My rank: 88, Row start: 2465, Row end:2492 
My rank: 23, Row start: 645, Row end:672 
My rank: 31, Row start: 869, Row end:896 
My rank: 73, Row start: 2045, Row end:2072 
My rank: 94, Row start: 2633, Row end:2660 
My rank: 99, Row start: 2773, Row end:2800 
My rank: 22, Row start: 617, Row end:644 
My rank: 59, Row start: 1653, Row end:1680 
My rank: 1, Row start: 29, Row end:56 
My rank: 18, Row start: 505, Row end:532 
My rank: 20, Row start: 561, Row end:588 
My rank: 85, Row start: 2381, Row end:2408 
My rank: 91, Row start: 2549, Row end:2576 
My rank: 103, Row start: 2885, Row end:2999 
My rank: 3, Row start: 85, Row end:112 
My rank: 8, Row start: 225, Row end:252 
My rank: 32, Row start: 897, Row end:924 
My rank: 47, Row start: 1317, Row end:1344 
My rank: 95, Row start: 2661, Row end:2688 
My rank: 28, Row start: 785, Row end:812 
My rank: 51, Row start: 1429, Row end:1456 
My rank: 64, Row start: 1793, Row end:1820 
My rank: 76, Row start: 2129, Row end:2156 
My rank: 2, Row start: 57, Row end:84 
My rank: 12, Row start: 337, Row end:364 
My rank: 27, Row start: 757, Row end:784 
My rank: 50, Row start: 1401, Row end:1428 
My rank: 53, Row start: 1485, Row end:1512 
My rank: 56, Row start: 1569, Row end:1596 
My rank: 58, Row start: 1625, Row end:1652 
My rank: 72, Row start: 2017, Row end:2044 
My rank: 75, Row start: 2101, Row end:2128 
My rank: 86, Row start: 2409, Row end:2436 
My rank: 89, Row start: 2493, Row end:2520 
My rank: 96, Row start: 2689, Row end:2716 
My rank: 16, Row start: 449, Row end:476 
My rank: 38, Row start: 1065, Row end:1092 
My rank: 41, Row start: 1149, Row end:1176 
My rank: 44, Row start: 1233, Row end:1260 
My rank: 60, Row start: 1681, Row end:1708 
My rank: 69, Row start: 1933, Row end:1960 
My rank: 79, Row start: 2213, Row end:2240 
My rank: 84, Row start: 2353, Row end:2380 
My rank: 102, Row start: 2857, Row end:2884 
My rank: 11, Row start: 309, Row end:336 
My rank: 25, Row start: 701, Row end:728 
My rank: 34, Row start: 953, Row end:980 
My rank: 62, Row start: 1737, Row end:1764 
My rank: 65, Row start: 1821, Row end:1848 
My rank: 70, Row start: 1961, Row end:1988 
My rank: 78, Row start: 2185, Row end:2212 
My rank: 46, Row start: 1289, Row end:1316 
My rank: 55, Row start: 1541, Row end:1568 
My rank: 21, Row start: 589, Row end:616 
My rank: 33, Row start: 925, Row end:952 
My rank: 98, Row start: 2745, Row end:2772 
My rank: 90, Row start: 2521, Row end:2548 
My rank: 7, Row start: 197, Row end:224 
My rank: 0, Row start: 1, Row end:28 
My rank: 45, Row start: 1261, Row end:1288 
My rank: 67, Row start: 1877, Row end:1904 
My rank: 87, Row start: 2437, Row end:2464 
My rank: 6, Row start: 169, Row end:196 
My rank: 14, Row start: 393, Row end:420 
My rank: 15, Row start: 421, Row end:448 
My rank: 57, Row start: 1597, Row end:1624 
My rank: 4, Row start: 113, Row end:140 
My rank: 26, Row start: 729, Row end:756 
My rank: 80, Row start: 2241, Row end:2268 
My rank: 13, Row start: 365, Row end:392 
My rank: 61, Row start: 1709, Row end:1736 
My rank: 17, Row start: 477, Row end:504 
My rank: 83, Row start: 2325, Row end:2352 
My rank: 42, Row start: 1177, Row end:1204 
My rank: 30, Row start: 841, Row end:868 
My rank: 48, Row start: 1345, Row end:1372 
My rank: 52, Row start: 1457, Row end:1484 
My rank: 77, Row start: 2157, Row end:2184 
My rank: 82, Row start: 2297, Row end:2324 
My rank: 10, Row start: 281, Row end:308 
My rank: 29, Row start: 813, Row end:840 
My rank: 66, Row start: 1849, Row end:1876 
My rank: 93, Row start: 2605, Row end:2632 
My rank: 101, Row start: 2829, Row end:2856 
My rank: 71, Row start: 1989, Row end:2016 
My rank: 43, Row start: 1205, Row end:1232 
My rank: 5, Row start: 141, Row end:168 
My rank: 24, Row start: 673, Row end:700 
My rank: 35, Row start: 981, Row end:1008 
My rank: 37, Row start: 1037, Row end:1064 
My rank: 40, Row start: 1121, Row end:1148 
My rank: 49, Row start: 1373, Row end:1400 
My rank: 74, Row start: 2073, Row end:2100 
My rank: 92, Row start: 2577, Row end:2604 
My rank: 100, Row start: 2801, Row end:2828 
My rank:1, took 5.063306 seconds
My rank:2, took 5.063080 seconds
My rank:3, took 5.063250 seconds
My rank:4, took 5.062241 seconds
My rank:5, took 5.051058 seconds
My rank:6, took 5.062315 seconds
My rank:7, took 5.062556 seconds
My rank:8, took 5.063285 seconds
My rank:9, took 5.063626 seconds
My rank:10, took 5.061901 seconds
My rank:11, took 5.062941 seconds
My rank:12, took 5.063258 seconds
My rank:13, took 5.062264 seconds
My rank:14, took 5.062392 seconds
My rank:15, took 5.062391 seconds
My rank:16, took 5.063086 seconds
My rank:17, took 5.062246 seconds
My rank:18, took 5.063443 seconds
My rank:19, took 5.064454 seconds
My rank:20, took 5.065019 seconds
My rank:21, took 5.065106 seconds
My rank:22, took 5.074298 seconds
My rank:23, took 5.074396 seconds
My rank:24, took 5.072175 seconds
My rank:25, took 5.073915 seconds
My rank:26, took 5.073191 seconds
My rank:27, took 5.074120 seconds
My rank:28, took 5.074220 seconds
My rank:29, took 5.072775 seconds
My rank:30, took 5.072869 seconds
My rank:31, took 5.074499 seconds
My rank:32, took 5.074243 seconds
My rank:33, took 5.074326 seconds
My rank:34, took 5.075302 seconds
My rank:35, took 5.072898 seconds
My rank:36, took 5.077479 seconds
My rank:37, took 5.071718 seconds
My rank:38, took 5.078330 seconds
My rank:39, took 5.079728 seconds
My rank:40, took 5.075366 seconds
My rank:41, took 5.080740 seconds
My rank:42, took 5.080415 seconds
My rank:43, took 5.080511 seconds
My rank:44, took 5.082875 seconds
My rank:45, took 5.083093 seconds
My rank:46, took 5.084274 seconds
My rank:47, took 5.085491 seconds
My rank:48, took 5.084844 seconds
My rank:49, took 5.084836 seconds
My rank:50, took 5.087641 seconds
My rank:51, took 5.088472 seconds
My rank:52, took 5.087995 seconds
My rank:53, took 5.089996 seconds
My rank:54, took 5.091350 seconds
My rank:55, took 5.091080 seconds
My rank:56, took 5.092260 seconds
My rank:57, took 5.092209 seconds
My rank:58, took 5.093849 seconds
My rank:59, took 5.094855 seconds
My rank:60, took 5.095147 seconds
My rank:61, took 5.095146 seconds
My rank:62, took 5.096672 seconds
My rank:63, took 5.098148 seconds
My rank:64, took 5.098557 seconds
My rank:65, took 5.099049 seconds
My rank:66, took 5.098696 seconds
My rank:67, took 5.100109 seconds
My rank:68, took 5.102127 seconds
My rank:69, took 5.102288 seconds
My rank:70, took 5.102802 seconds
My rank:71, took 5.102244 seconds
My rank:72, took 5.104667 seconds
My rank:73, took 5.105782 seconds
My rank:74, took 5.104173 seconds
My rank:75, took 5.106960 seconds
My rank:76, took 5.107810 seconds
My rank:77, took 5.107257 seconds
My rank:78, took 5.108919 seconds
My rank:79, took 5.109971 seconds
My rank:80, took 5.109913 seconds
My rank:81, took 5.112030 seconds
My rank:82, took 5.111200 seconds
My rank:83, took 5.112108 seconds
My rank:84, took 5.113814 seconds
My rank:85, took 5.114846 seconds
My rank:86, took 5.115480 seconds
My rank:87, took 5.115357 seconds
My rank:88, took 5.117423 seconds
My rank:89, took 5.117592 seconds
My rank:90, took 5.117955 seconds
My rank:91, took 5.119480 seconds
My rank:92, took 5.117645 seconds
My rank:93, took 5.119454 seconds
My rank:94, took 5.121918 seconds
My rank:95, took 5.122496 seconds
My rank:96, took 5.123220 seconds
My rank:97, took 5.124851 seconds
My rank:98, took 5.124142 seconds
My rank:99, took 5.125696 seconds
My rank:100, took 5.124227 seconds
My rank:101, took 5.125500 seconds
My rank:102, took 5.127582 seconds
My rank:103, took 5.128715 seconds
My rank:0, took 5.061093 seconds
That took 5.061093 seconds
======== Run :  5
My rank: 4, Row start: 113, Row end:140 
My rank: 5, Row start: 141, Row end:168 
My rank: 6, Row start: 169, Row end:196 
My rank: 13, Row start: 365, Row end:392 
My rank: 18, Row start: 505, Row end:532 
My rank: 21, Row start: 589, Row end:616 
My rank: 22, Row start: 617, Row end:644 
My rank: 31, Row start: 869, Row end:896 
My rank: 33, Row start: 925, Row end:952 
My rank: 46, Row start: 1289, Row end:1316 
My rank: 50, Row start: 1401, Row end:1428 
My rank: 54, Row start: 1513, Row end:1540 
My rank: 61, Row start: 1709, Row end:1736 
My rank: 63, Row start: 1765, Row end:1792 
My rank: 64, Row start: 1793, Row end:1820 
My rank: 73, Row start: 2045, Row end:2072 
My rank: 91, Row start: 2549, Row end:2576 
My rank: 93, Row start: 2605, Row end:2632 
My rank: 96, Row start: 2689, Row end:2716 
My rank: 97, Row start: 2717, Row end:2744 
My rank: 7, Row start: 197, Row end:224 
My rank: 9, Row start: 253, Row end:280 
My rank: 11, Row start: 309, Row end:336 
My rank: 15, Row start: 421, Row end:448 
My rank: 20, Row start: 561, Row end:588 
My rank: 27, Row start: 757, Row end:784 
My rank: 30, Row start: 841, Row end:868 
My rank: 35, Row start: 981, Row end:1008 
My rank: 36, Row start: 1009, Row end:1036 
My rank: 38, Row start: 1065, Row end:1092 
My rank: 39, Row start: 1093, Row end:1120 
My rank: 42, Row start: 1177, Row end:1204 
My rank: 45, Row start: 1261, Row end:1288 
My rank: 47, Row start: 1317, Row end:1344 
My rank: 53, Row start: 1485, Row end:1512 
My rank: 62, Row start: 1737, Row end:1764 
My rank: 67, Row start: 1877, Row end:1904 
My rank: 86, Row start: 2409, Row end:2436 
My rank: 87, Row start: 2437, Row end:2464 
My rank: 90, Row start: 2521, Row end:2548 
My rank: 98, Row start: 2745, Row end:2772 
My rank: 99, Row start: 2773, Row end:2800 
My rank: 102, Row start: 2857, Row end:2884 
My rank: 103, Row start: 2885, Row end:2999 
My rank: 3, Row start: 85, Row end:112 
My rank: 10, Row start: 281, Row end:308 
My rank: 19, Row start: 533, Row end:560 
My rank: 23, Row start: 645, Row end:672 
My rank: 44, Row start: 1233, Row end:1260 
My rank: 51, Row start: 1429, Row end:1456 
My rank: 52, Row start: 1457, Row end:1484 
My rank: 56, Row start: 1569, Row end:1596 
My rank: 57, Row start: 1597, Row end:1624 
My rank: 65, Row start: 1821, Row end:1848 
My rank: 72, Row start: 2017, Row end:2044 
My rank: 76, Row start: 2129, Row end:2156 
My rank: 77, Row start: 2157, Row end:2184 
My rank: 83, Row start: 2325, Row end:2352 
My rank: 84, Row start: 2353, Row end:2380 
My rank: 8, Row start: 225, Row end:252 
My rank: 17, Row start: 477, Row end:504 
My rank: 48, Row start: 1345, Row end:1372 
My rank: 60, Row start: 1681, Row end:1708 
My rank: 68, Row start: 1905, Row end:1932 
My rank: 70, Row start: 1961, Row end:1988 
My rank: 78, Row start: 2185, Row end:2212 
My rank: 79, Row start: 2213, Row end:2240 
My rank: 81, Row start: 2269, Row end:2296 
My rank: 85, Row start: 2381, Row end:2408 
My rank: 101, Row start: 2829, Row end:2856 
My rank: 0, Row start: 1, Row end:28 
My rank: 1, Row start: 29, Row end:56 
My rank: 14, Row start: 393, Row end:420 
My rank: 25, Row start: 701, Row end:728 
My rank: 28, Row start: 785, Row end:812 
My rank: 34, Row start: 953, Row end:980 
My rank: 40, Row start: 1121, Row end:1148 
My rank: 41, Row start: 1149, Row end:1176 
My rank: 43, Row start: 1205, Row end:1232 
My rank: 55, Row start: 1541, Row end:1568 
My rank: 58, Row start: 1625, Row end:1652 
My rank: 74, Row start: 2073, Row end:2100 
My rank: 94, Row start: 2633, Row end:2660 
My rank: 100, Row start: 2801, Row end:2828 
My rank: 37, Row start: 1037, Row end:1064 
My rank: 59, Row start: 1653, Row end:1680 
My rank: 69, Row start: 1933, Row end:1960 
My rank: 75, Row start: 2101, Row end:2128 
My rank: 89, Row start: 2493, Row end:2520 
My rank: 92, Row start: 2577, Row end:2604 
My rank: 2, Row start: 57, Row end:84 
My rank: 66, Row start: 1849, Row end:1876 
My rank: 95, Row start: 2661, Row end:2688 
My rank: 49, Row start: 1373, Row end:1400 
My rank: 71, Row start: 1989, Row end:2016 
My rank: 29, Row start: 813, Row end:840 
My rank: 88, Row start: 2465, Row end:2492 
My rank: 32, Row start: 897, Row end:924 
My rank: 24, Row start: 673, Row end:700 
My rank: 82, Row start: 2297, Row end:2324 
My rank: 80, Row start: 2241, Row end:2268 
My rank: 16, Row start: 449, Row end:476 
My rank: 26, Row start: 729, Row end:756 
My rank: 12, Row start: 337, Row end:364 
My rank:1, took 4.957884 seconds
My rank:2, took 4.958214 seconds
My rank:3, took 4.959677 seconds
My rank:4, took 4.960719 seconds
My rank:5, took 4.961636 seconds
My rank:6, took 4.962303 seconds
My rank:7, took 4.962894 seconds
My rank:8, took 4.963277 seconds
My rank:9, took 4.964488 seconds
My rank:10, took 4.965202 seconds
My rank:11, took 4.966037 seconds
My rank:12, took 4.955764 seconds
My rank:13, took 4.967788 seconds
My rank:14, took 4.967756 seconds
My rank:15, took 4.968956 seconds
My rank:16, took 4.958790 seconds
My rank:17, took 4.970213 seconds
My rank:18, took 4.971453 seconds
My rank:19, took 4.971989 seconds
My rank:20, took 4.972667 seconds
My rank:21, took 4.973732 seconds
My rank:22, took 4.974400 seconds
My rank:23, took 4.974945 seconds
My rank:24, took 4.974513 seconds
My rank:25, took 4.975995 seconds
My rank:26, took 4.966482 seconds
My rank:27, took 4.979019 seconds
My rank:28, took 4.978446 seconds
My rank:29, took 4.978604 seconds
My rank:30, took 4.980530 seconds
My rank:31, took 4.981404 seconds
My rank:32, took 4.980745 seconds
My rank:33, took 4.982830 seconds
My rank:34, took 4.982907 seconds
My rank:35, took 4.984220 seconds
My rank:36, took 4.984997 seconds
My rank:37, took 4.985109 seconds
My rank:38, took 4.986472 seconds
My rank:39, took 4.987225 seconds
My rank:40, took 4.986929 seconds
My rank:41, took 4.988243 seconds
My rank:42, took 4.989560 seconds
My rank:43, took 4.989784 seconds
My rank:44, took 4.990886 seconds
My rank:45, took 4.991737 seconds
My rank:46, took 4.992760 seconds
My rank:47, took 4.993216 seconds
My rank:48, took 4.993699 seconds
My rank:49, took 4.993805 seconds
My rank:50, took 4.995739 seconds
My rank:51, took 4.996155 seconds
My rank:52, took 4.996862 seconds
My rank:53, took 4.997785 seconds
My rank:54, took 4.998819 seconds
My rank:55, took 4.998861 seconds
My rank:56, took 5.000029 seconds
My rank:57, took 5.000701 seconds
My rank:58, took 5.001084 seconds
My rank:59, took 5.001760 seconds
My rank:60, took 5.002797 seconds
My rank:61, took 5.004213 seconds
My rank:62, took 5.004577 seconds
My rank:63, took 5.005705 seconds
My rank:64, took 5.006451 seconds
My rank:65, took 5.006757 seconds
My rank:66, took 5.006876 seconds
My rank:67, took 5.008455 seconds
My rank:68, took 5.008905 seconds
My rank:69, took 5.009297 seconds
My rank:70, took 5.010298 seconds
My rank:71, took 5.010408 seconds
My rank:72, took 5.012039 seconds
My rank:73, took 5.013284 seconds
My rank:74, took 5.013288 seconds
My rank:75, took 5.013828 seconds
My rank:76, took 5.015096 seconds
My rank:77, took 5.015821 seconds
My rank:78, took 5.016484 seconds
My rank:79, took 5.017204 seconds
My rank:80, took 5.016021 seconds
My rank:81, took 5.018683 seconds
My rank:82, took 5.020208 seconds
My rank:83, took 5.020338 seconds
My rank:84, took 5.021116 seconds
My rank:85, took 5.021648 seconds
My rank:86, took 5.022750 seconds
My rank:87, took 5.023533 seconds
My rank:88, took 5.023208 seconds
My rank:89, took 5.024496 seconds
My rank:90, took 5.025894 seconds
My rank:91, took 5.026918 seconds
My rank:92, took 5.026634 seconds
My rank:93, took 5.028443 seconds
My rank:94, took 5.028391 seconds
My rank:95, took 5.028766 seconds
My rank:96, took 5.030728 seconds
My rank:97, took 5.031373 seconds
My rank:98, took 5.031956 seconds
My rank:99, took 5.032766 seconds
My rank:100, took 5.032991 seconds
My rank:101, took 5.033862 seconds
My rank:102, took 5.034897 seconds
My rank:103, took 5.035763 seconds
My rank:0, took 4.957102 seconds
That took 4.957102 seconds
======== Run :  6
My rank: 15, Row start: 421, Row end:448 
My rank: 28, Row start: 785, Row end:812 
My rank: 36, Row start: 1009, Row end:1036 
My rank: 19, Row start: 533, Row end:560 
My rank: 22, Row start: 617, Row end:644 
My rank: 29, Row start: 813, Row end:840 
My rank: 50, Row start: 1401, Row end:1428 
My rank: 63, Row start: 1765, Row end:1792 
My rank: 6, Row start: 169, Row end:196 
My rank: 10, Row start: 281, Row end:308 
My rank: 26, Row start: 729, Row end:756 
My rank: 45, Row start: 1261, Row end:1288 
My rank: 62, Row start: 1737, Row end:1764 
My rank: 76, Row start: 2129, Row end:2156 
My rank: 90, Row start: 2521, Row end:2548 
My rank: 92, Row start: 2577, Row end:2604 
My rank: 0, Row start: 1, Row end:28 
My rank: 39, Row start: 1093, Row end:1120 
My rank: 85, Row start: 2381, Row end:2408 
My rank: 87, Row start: 2437, Row end:2464 
My rank: 94, Row start: 2633, Row end:2660 
My rank: 13, Row start: 365, Row end:392 
My rank: 42, Row start: 1177, Row end:1204 
My rank: 103, Row start: 2885, Row end:2999 
My rank: 27, Row start: 757, Row end:784 
My rank: 33, Row start: 925, Row end:952 
My rank: 56, Row start: 1569, Row end:1596 
My rank: 60, Row start: 1681, Row end:1708 
My rank: 61, Row start: 1709, Row end:1736 
My rank: 69, Row start: 1933, Row end:1960 
My rank: 75, Row start: 2101, Row end:2128 
My rank: 78, Row start: 2185, Row end:2212 
My rank: 81, Row start: 2269, Row end:2296 
My rank: 1, Row start: 29, Row end:56 
My rank: 30, Row start: 841, Row end:868 
My rank: 32, Row start: 897, Row end:924 
My rank: 37, Row start: 1037, Row end:1064 
My rank: 51, Row start: 1429, Row end:1456 
My rank: 52, Row start: 1457, Row end:1484 
My rank: 57, Row start: 1597, Row end:1624 
My rank: 102, Row start: 2857, Row end:2884 
My rank: 34, Row start: 953, Row end:980 
My rank: 55, Row start: 1541, Row end:1568 
My rank: 72, Row start: 2017, Row end:2044 
My rank: 82, Row start: 2297, Row end:2324 
My rank: 89, Row start: 2493, Row end:2520 
My rank: 7, Row start: 197, Row end:224 
My rank: 11, Row start: 309, Row end:336 
My rank: 38, Row start: 1065, Row end:1092 
My rank: 66, Row start: 1849, Row end:1876 
My rank: 67, Row start: 1877, Row end:1904 
My rank: 73, Row start: 2045, Row end:2072 
My rank: 21, Row start: 589, Row end:616 
My rank: 80, Row start: 2241, Row end:2268 
My rank: 86, Row start: 2409, Row end:2436 
My rank: 16, Row start: 449, Row end:476 
My rank: 53, Row start: 1485, Row end:1512 
My rank: 84, Row start: 2353, Row end:2380 
My rank: 97, Row start: 2717, Row end:2744 
My rank: 98, Row start: 2745, Row end:2772 
My rank: 2, Row start: 57, Row end:84 
My rank: 4, Row start: 113, Row end:140 
My rank: 5, Row start: 141, Row end:168 
My rank: 8, Row start: 225, Row end:252 
My rank: 9, Row start: 253, Row end:280 
My rank: 17, Row start: 477, Row end:504 
My rank: 18, Row start: 505, Row end:532 
My rank: 23, Row start: 645, Row end:672 
My rank: 24, Row start: 673, Row end:700 
My rank: 25, Row start: 701, Row end:728 
My rank: 31, Row start: 869, Row end:896 
My rank: 40, Row start: 1121, Row end:1148 
My rank: 43, Row start: 1205, Row end:1232 
My rank: 44, Row start: 1233, Row end:1260 
My rank: 46, Row start: 1289, Row end:1316 
My rank: 47, Row start: 1317, Row end:1344 
My rank: 48, Row start: 1345, Row end:1372 
My rank: 49, Row start: 1373, Row end:1400 
My rank: 54, Row start: 1513, Row end:1540 
My rank: 58, Row start: 1625, Row end:1652 
My rank: 59, Row start: 1653, Row end:1680 
My rank: 64, Row start: 1793, Row end:1820 
My rank: 65, Row start: 1821, Row end:1848 
My rank: 68, Row start: 1905, Row end:1932 
My rank: 70, Row start: 1961, Row end:1988 
My rank: 71, Row start: 1989, Row end:2016 
My rank: 77, Row start: 2157, Row end:2184 
My rank: 79, Row start: 2213, Row end:2240 
My rank: 83, Row start: 2325, Row end:2352 
My rank: 88, Row start: 2465, Row end:2492 
My rank: 93, Row start: 2605, Row end:2632 
My rank: 95, Row start: 2661, Row end:2688 
My rank: 96, Row start: 2689, Row end:2716 
My rank: 99, Row start: 2773, Row end:2800 
My rank: 100, Row start: 2801, Row end:2828 
My rank: 101, Row start: 2829, Row end:2856 
My rank: 3, Row start: 85, Row end:112 
My rank: 14, Row start: 393, Row end:420 
My rank: 20, Row start: 561, Row end:588 
My rank: 35, Row start: 981, Row end:1008 
My rank: 74, Row start: 2073, Row end:2100 
My rank: 91, Row start: 2549, Row end:2576 
My rank: 12, Row start: 337, Row end:364 
My rank: 41, Row start: 1149, Row end:1176 
My rank:1, took 5.536865 seconds
My rank:2, took 5.536458 seconds
My rank:3, took 5.554482 seconds
My rank:4, took 5.555021 seconds
My rank:5, took 5.554689 seconds
My rank:6, took 5.555692 seconds
My rank:7, took 5.555312 seconds
My rank:8, took 5.554948 seconds
My rank:9, took 5.554709 seconds
My rank:10, took 5.555757 seconds
My rank:11, took 5.555347 seconds
My rank:12, took 5.544994 seconds
My rank:13, took 5.555604 seconds
My rank:14, took 5.554460 seconds
My rank:15, took 5.556072 seconds
My rank:16, took 5.555191 seconds
My rank:17, took 5.554951 seconds
My rank:18, took 5.555122 seconds
My rank:19, took 5.555821 seconds
My rank:20, took 5.554554 seconds
My rank:21, took 5.555236 seconds
My rank:22, took 5.555868 seconds
My rank:23, took 5.554913 seconds
My rank:24, took 5.554857 seconds
My rank:25, took 5.554749 seconds
My rank:26, took 5.555717 seconds
My rank:27, took 5.555552 seconds
My rank:28, took 5.555877 seconds
My rank:29, took 5.555857 seconds
My rank:30, took 5.555454 seconds
My rank:31, took 5.554803 seconds
My rank:32, took 5.555417 seconds
My rank:33, took 5.555563 seconds
My rank:34, took 5.555432 seconds
My rank:35, took 5.554164 seconds
My rank:36, took 5.555857 seconds
My rank:37, took 5.555411 seconds
My rank:38, took 5.555398 seconds
My rank:39, took 5.555674 seconds
My rank:40, took 5.554974 seconds
My rank:41, took 5.537305 seconds
My rank:42, took 5.555808 seconds
My rank:43, took 5.554958 seconds
My rank:44, took 5.555161 seconds
My rank:45, took 5.555993 seconds
My rank:46, took 5.555175 seconds
My rank:47, took 5.555195 seconds
My rank:48, took 5.555355 seconds
My rank:49, took 5.555021 seconds
My rank:50, took 5.556065 seconds
My rank:51, took 5.555705 seconds
My rank:52, took 5.555729 seconds
My rank:53, took 5.555461 seconds
My rank:54, took 5.555178 seconds
My rank:55, took 5.555659 seconds
My rank:56, took 5.555785 seconds
My rank:57, took 5.555712 seconds
My rank:58, took 5.555035 seconds
My rank:59, took 5.555368 seconds
My rank:60, took 5.555742 seconds
My rank:61, took 5.555757 seconds
My rank:62, took 5.555997 seconds
My rank:63, took 5.556066 seconds
My rank:64, took 5.555031 seconds
My rank:65, took 5.554979 seconds
My rank:66, took 5.555597 seconds
My rank:67, took 5.555563 seconds
My rank:68, took 5.555077 seconds
My rank:69, took 5.555740 seconds
My rank:70, took 5.555195 seconds
My rank:71, took 5.554991 seconds
My rank:72, took 5.555654 seconds
My rank:73, took 5.555543 seconds
My rank:74, took 5.554497 seconds
My rank:75, took 5.555733 seconds
My rank:76, took 5.555945 seconds
My rank:77, took 5.554983 seconds
My rank:78, took 5.555802 seconds
My rank:79, took 5.554662 seconds
My rank:80, took 5.555301 seconds
My rank:81, took 5.555518 seconds
My rank:82, took 5.555407 seconds
My rank:83, took 5.555188 seconds
My rank:84, took 5.555193 seconds
My rank:85, took 5.555660 seconds
My rank:86, took 5.555242 seconds
My rank:87, took 5.555632 seconds
My rank:88, took 5.554743 seconds
My rank:89, took 5.555413 seconds
My rank:90, took 5.555723 seconds
My rank:91, took 5.554366 seconds
My rank:92, took 5.552728 seconds
My rank:93, took 5.552174 seconds
My rank:94, took 5.552693 seconds
My rank:95, took 5.552120 seconds
My rank:96, took 5.552094 seconds
My rank:97, took 5.552162 seconds
My rank:98, took 5.552214 seconds
My rank:99, took 5.551844 seconds
My rank:100, took 5.551984 seconds
My rank:101, took 5.552604 seconds
My rank:102, took 5.553752 seconds
My rank:103, took 5.554669 seconds
My rank:0, took 5.537076 seconds
That took 5.537076 seconds
======== Run :  7
My rank: 0, Row start: 1, Row end:28 
My rank: 1, Row start: 29, Row end:56 
My rank: 10, Row start: 281, Row end:308 
My rank: 22, Row start: 617, Row end:644 
My rank: 24, Row start: 673, Row end:700 
My rank: 25, Row start: 701, Row end:728 
My rank: 33, Row start: 925, Row end:952 
My rank: 44, Row start: 1233, Row end:1260 
My rank: 45, Row start: 1261, Row end:1288 
My rank: 46, Row start: 1289, Row end:1316 
My rank: 48, Row start: 1345, Row end:1372 
My rank: 51, Row start: 1429, Row end:1456 
My rank: 56, Row start: 1569, Row end:1596 
My rank: 57, Row start: 1597, Row end:1624 
My rank: 61, Row start: 1709, Row end:1736 
My rank: 65, Row start: 1821, Row end:1848 
My rank: 69, Row start: 1933, Row end:1960 
My rank: 75, Row start: 2101, Row end:2128 
My rank: 81, Row start: 2269, Row end:2296 
My rank: 85, Row start: 2381, Row end:2408 
My rank: 87, Row start: 2437, Row end:2464 
My rank: 88, Row start: 2465, Row end:2492 
My rank: 93, Row start: 2605, Row end:2632 
My rank: 98, Row start: 2745, Row end:2772 
My rank: 99, Row start: 2773, Row end:2800 
My rank: 103, Row start: 2885, Row end:2999 
My rank: 2, Row start: 57, Row end:84 
My rank: 3, Row start: 85, Row end:112 
My rank: 5, Row start: 141, Row end:168 
My rank: 6, Row start: 169, Row end:196 
My rank: 7, Row start: 197, Row end:224 
My rank: 8, Row start: 225, Row end:252 
My rank: 11, Row start: 309, Row end:336 
My rank: 12, Row start: 337, Row end:364 
My rank: 13, Row start: 365, Row end:392 
My rank: 15, Row start: 421, Row end:448 
My rank: 18, Row start: 505, Row end:532 
My rank: 19, Row start: 533, Row end:560 
My rank: 20, Row start: 561, Row end:588 
My rank: 21, Row start: 589, Row end:616 
My rank: 23, Row start: 645, Row end:672 
My rank: 26, Row start: 729, Row end:756 
My rank: 27, Row start: 757, Row end:784 
My rank: 28, Row start: 785, Row end:812 
My rank: 29, Row start: 813, Row end:840 
My rank: 30, Row start: 841, Row end:868 
My rank: 31, Row start: 869, Row end:896 
My rank: 32, Row start: 897, Row end:924 
My rank: 34, Row start: 953, Row end:980 
My rank: 35, Row start: 981, Row end:1008 
My rank: 36, Row start: 1009, Row end:1036 
My rank: 37, Row start: 1037, Row end:1064 
My rank: 38, Row start: 1065, Row end:1092 
My rank: 39, Row start: 1093, Row end:1120 
My rank: 40, Row start: 1121, Row end:1148 
My rank: 41, Row start: 1149, Row end:1176 
My rank: 42, Row start: 1177, Row end:1204 
My rank: 43, Row start: 1205, Row end:1232 
My rank: 47, Row start: 1317, Row end:1344 
My rank: 49, Row start: 1373, Row end:1400 
My rank: 50, Row start: 1401, Row end:1428 
My rank: 52, Row start: 1457, Row end:1484 
My rank: 53, Row start: 1485, Row end:1512 
My rank: 55, Row start: 1541, Row end:1568 
My rank: 58, Row start: 1625, Row end:1652 
My rank: 59, Row start: 1653, Row end:1680 
My rank: 62, Row start: 1737, Row end:1764 
My rank: 63, Row start: 1765, Row end:1792 
My rank: 64, Row start: 1793, Row end:1820 
My rank: 68, Row start: 1905, Row end:1932 
My rank: 70, Row start: 1961, Row end:1988 
My rank: 71, Row start: 1989, Row end:2016 
My rank: 72, Row start: 2017, Row end:2044 
My rank: 73, Row start: 2045, Row end:2072 
My rank: 74, Row start: 2073, Row end:2100 
My rank: 76, Row start: 2129, Row end:2156 
My rank: 77, Row start: 2157, Row end:2184 
My rank: 78, Row start: 2185, Row end:2212 
My rank: 79, Row start: 2213, Row end:2240 
My rank: 82, Row start: 2297, Row end:2324 
My rank: 83, Row start: 2325, Row end:2352 
My rank: 84, Row start: 2353, Row end:2380 
My rank: 86, Row start: 2409, Row end:2436 
My rank: 89, Row start: 2493, Row end:2520 
My rank: 90, Row start: 2521, Row end:2548 
My rank: 91, Row start: 2549, Row end:2576 
My rank: 96, Row start: 2689, Row end:2716 
My rank: 100, Row start: 2801, Row end:2828 
My rank: 101, Row start: 2829, Row end:2856 
My rank: 102, Row start: 2857, Row end:2884 
My rank: 4, Row start: 113, Row end:140 
My rank: 9, Row start: 253, Row end:280 
My rank: 16, Row start: 449, Row end:476 
My rank: 54, Row start: 1513, Row end:1540 
My rank: 60, Row start: 1681, Row end:1708 
My rank: 66, Row start: 1849, Row end:1876 
My rank: 67, Row start: 1877, Row end:1904 
My rank: 80, Row start: 2241, Row end:2268 
My rank: 92, Row start: 2577, Row end:2604 
My rank: 94, Row start: 2633, Row end:2660 
My rank: 95, Row start: 2661, Row end:2688 
My rank: 97, Row start: 2717, Row end:2744 
My rank: 14, Row start: 393, Row end:420 
My rank: 17, Row start: 477, Row end:504 
My rank:1, took 4.950567 seconds
My rank:2, took 4.950722 seconds
My rank:3, took 4.951540 seconds
My rank:4, took 4.951479 seconds
My rank:5, took 4.952858 seconds
My rank:6, took 4.953727 seconds
My rank:7, took 4.954673 seconds
My rank:8, took 4.955188 seconds
My rank:9, took 4.955256 seconds
My rank:10, took 4.957540 seconds
My rank:11, took 4.957996 seconds
My rank:12, took 4.958683 seconds
My rank:13, took 4.958809 seconds
My rank:14, took 4.958857 seconds
My rank:15, took 4.960789 seconds
My rank:16, took 4.960866 seconds
My rank:17, took 4.957881 seconds
My rank:18, took 4.962841 seconds
My rank:19, took 4.963554 seconds
My rank:20, took 4.964380 seconds
My rank:21, took 4.965140 seconds
My rank:22, took 4.966294 seconds
My rank:23, took 4.966245 seconds
My rank:24, took 4.967967 seconds
My rank:25, took 4.968739 seconds
My rank:26, took 4.968555 seconds
My rank:27, took 4.969589 seconds
My rank:28, took 4.970758 seconds
My rank:29, took 4.971003 seconds
My rank:30, took 4.971779 seconds
My rank:31, took 4.972586 seconds
My rank:32, took 4.973901 seconds
My rank:33, took 4.974932 seconds
My rank:34, took 4.975128 seconds
My rank:35, took 4.975939 seconds
My rank:36, took 4.976539 seconds
My rank:37, took 4.977081 seconds
My rank:38, took 4.978177 seconds
My rank:39, took 4.978781 seconds
My rank:40, took 4.979768 seconds
My rank:41, took 4.980503 seconds
My rank:42, took 4.981395 seconds
My rank:43, took 4.981687 seconds
My rank:44, took 4.983466 seconds
My rank:45, took 4.984076 seconds
My rank:46, took 4.984667 seconds
My rank:47, took 4.984941 seconds
My rank:48, took 4.986193 seconds
My rank:49, took 4.986594 seconds
My rank:50, took 4.987021 seconds
My rank:51, took 4.988425 seconds
My rank:52, took 4.988731 seconds
My rank:53, took 4.989309 seconds
My rank:54, took 4.989660 seconds
My rank:55, took 4.990684 seconds
My rank:56, took 4.992294 seconds
My rank:57, took 4.993221 seconds
My rank:58, took 4.993542 seconds
My rank:59, took 4.993952 seconds
My rank:60, took 4.994152 seconds
My rank:61, took 4.996168 seconds
My rank:62, took 4.996238 seconds
My rank:63, took 4.997028 seconds
My rank:64, took 4.997866 seconds
My rank:65, took 4.999246 seconds
My rank:66, took 4.998583 seconds
My rank:67, took 4.999634 seconds
My rank:68, took 5.000951 seconds
My rank:69, took 5.002065 seconds
My rank:70, took 5.002013 seconds
My rank:71, took 5.002800 seconds
My rank:72, took 5.003687 seconds
My rank:73, took 5.004721 seconds
My rank:74, took 5.005490 seconds
My rank:75, took 5.006552 seconds
My rank:76, took 5.006735 seconds
My rank:77, took 5.007471 seconds
My rank:78, took 5.008261 seconds
My rank:79, took 5.009125 seconds
My rank:80, took 5.009543 seconds
My rank:81, took 5.011120 seconds
My rank:82, took 5.011435 seconds
My rank:83, took 5.012122 seconds
My rank:84, took 5.013113 seconds
My rank:85, took 5.014286 seconds
My rank:86, took 5.014565 seconds
My rank:87, took 5.015932 seconds
My rank:88, took 5.016409 seconds
My rank:89, took 5.016773 seconds
My rank:90, took 5.017174 seconds
My rank:91, took 5.017867 seconds
My rank:92, took 5.018428 seconds
My rank:93, took 5.020319 seconds
My rank:94, took 5.019968 seconds
My rank:95, took 5.020881 seconds
My rank:96, took 5.021904 seconds
My rank:97, took 5.022089 seconds
My rank:98, took 5.024047 seconds
My rank:99, took 5.024708 seconds
My rank:100, took 5.025178 seconds
My rank:101, took 5.026079 seconds
My rank:102, took 5.026575 seconds
My rank:103, took 5.028144 seconds
My rank:0, took 4.949591 seconds
That took 4.949591 seconds
======== Run :  8
My rank: 0, Row start: 1, Row end:28 
My rank: 3, Row start: 85, Row end:112 
My rank: 6, Row start: 169, Row end:196 
My rank: 8, Row start: 225, Row end:252 
My rank: 15, Row start: 421, Row end:448 
My rank: 16, Row start: 449, Row end:476 
My rank: 21, Row start: 589, Row end:616 
My rank: 22, Row start: 617, Row end:644 
My rank: 28, Row start: 785, Row end:812 
My rank: 34, Row start: 953, Row end:980 
My rank: 38, Row start: 1065, Row end:1092 
My rank: 40, Row start: 1121, Row end:1148 
My rank: 49, Row start: 1373, Row end:1400 
My rank: 72, Row start: 2017, Row end:2044 
My rank: 89, Row start: 2493, Row end:2520 
My rank: 97, Row start: 2717, Row end:2744 
My rank: 1, Row start: 29, Row end:56 
My rank: 12, Row start: 337, Row end:364 
My rank: 19, Row start: 533, Row end:560 
My rank: 26, Row start: 729, Row end:756 
My rank: 32, Row start: 897, Row end:924 
My rank: 35, Row start: 981, Row end:1008 
My rank: 39, Row start: 1093, Row end:1120 
My rank: 45, Row start: 1261, Row end:1288 
My rank: 46, Row start: 1289, Row end:1316 
My rank: 47, Row start: 1317, Row end:1344 
My rank: 52, Row start: 1457, Row end:1484 
My rank: 54, Row start: 1513, Row end:1540 
My rank: 56, Row start: 1569, Row end:1596 
My rank: 58, Row start: 1625, Row end:1652 
My rank: 60, Row start: 1681, Row end:1708 
My rank: 74, Row start: 2073, Row end:2100 
My rank: 75, Row start: 2101, Row end:2128 
My rank: 77, Row start: 2157, Row end:2184 
My rank: 78, Row start: 2185, Row end:2212 
My rank: 79, Row start: 2213, Row end:2240 
My rank: 84, Row start: 2353, Row end:2380 
My rank: 102, Row start: 2857, Row end:2884 
My rank: 103, Row start: 2885, Row end:2999 
My rank: 4, Row start: 113, Row end:140 
My rank: 25, Row start: 701, Row end:728 
My rank: 29, Row start: 813, Row end:840 
My rank: 68, Row start: 1905, Row end:1932 
My rank: 91, Row start: 2549, Row end:2576 
My rank: 101, Row start: 2829, Row end:2856 
My rank: 10, Row start: 281, Row end:308 
My rank: 14, Row start: 393, Row end:420 
My rank: 51, Row start: 1429, Row end:1456 
My rank: 59, Row start: 1653, Row end:1680 
My rank: 81, Row start: 2269, Row end:2296 
My rank: 94, Row start: 2633, Row end:2660 
My rank: 95, Row start: 2661, Row end:2688 
My rank: 7, Row start: 197, Row end:224 
My rank: 20, Row start: 561, Row end:588 
My rank: 23, Row start: 645, Row end:672 
My rank: 55, Row start: 1541, Row end:1568 
My rank: 65, Row start: 1821, Row end:1848 
My rank: 67, Row start: 1877, Row end:1904 
My rank: 76, Row start: 2129, Row end:2156 
My rank: 87, Row start: 2437, Row end:2464 
My rank: 96, Row start: 2689, Row end:2716 
My rank: 18, Row start: 505, Row end:532 
My rank: 53, Row start: 1485, Row end:1512 
My rank: 61, Row start: 1709, Row end:1736 
My rank: 62, Row start: 1737, Row end:1764 
My rank: 71, Row start: 1989, Row end:2016 
My rank: 80, Row start: 2241, Row end:2268 
My rank: 86, Row start: 2409, Row end:2436 
My rank: 13, Row start: 365, Row end:392 
My rank: 36, Row start: 1009, Row end:1036 
My rank: 42, Row start: 1177, Row end:1204 
My rank: 63, Row start: 1765, Row end:1792 
My rank: 69, Row start: 1933, Row end:1960 
My rank: 90, Row start: 2521, Row end:2548 
My rank: 9, Row start: 253, Row end:280 
My rank: 27, Row start: 757, Row end:784 
My rank: 43, Row start: 1205, Row end:1232 
My rank: 73, Row start: 2045, Row end:2072 
My rank: 85, Row start: 2381, Row end:2408 
My rank: 88, Row start: 2465, Row end:2492 
My rank: 93, Row start: 2605, Row end:2632 
My rank: 98, Row start: 2745, Row end:2772 
My rank: 100, Row start: 2801, Row end:2828 
My rank: 24, Row start: 673, Row end:700 
My rank: 50, Row start: 1401, Row end:1428 
My rank: 30, Row start: 841, Row end:868 
My rank: 41, Row start: 1149, Row end:1176 
My rank: 57, Row start: 1597, Row end:1624 
My rank: 2, Row start: 57, Row end:84 
My rank: 5, Row start: 141, Row end:168 
My rank: 11, Row start: 309, Row end:336 
My rank: 31, Row start: 869, Row end:896 
My rank: 48, Row start: 1345, Row end:1372 
My rank: 70, Row start: 1961, Row end:1988 
My rank: 92, Row start: 2577, Row end:2604 
My rank: 37, Row start: 1037, Row end:1064 
My rank: 64, Row start: 1793, Row end:1820 
My rank: 99, Row start: 2773, Row end:2800 
My rank: 83, Row start: 2325, Row end:2352 
My rank: 66, Row start: 1849, Row end:1876 
My rank: 33, Row start: 925, Row end:952 
My rank: 82, Row start: 2297, Row end:2324 
My rank: 44, Row start: 1233, Row end:1260 
My rank: 17, Row start: 477, Row end:504 
My rank:1, took 4.949299 seconds
My rank:2, took 4.949262 seconds
My rank:3, took 4.950968 seconds
My rank:4, took 4.951386 seconds
My rank:5, took 4.951605 seconds
My rank:6, took 4.953374 seconds
My rank:7, took 4.953528 seconds
My rank:8, took 4.954900 seconds
My rank:9, took 4.954728 seconds
My rank:10, took 4.955877 seconds
My rank:11, took 4.956055 seconds
My rank:12, took 4.957635 seconds
My rank:13, took 4.957816 seconds
My rank:14, took 4.958857 seconds
My rank:15, took 4.960270 seconds
My rank:16, took 4.961009 seconds
My rank:17, took 4.948769 seconds
My rank:18, took 4.961896 seconds
My rank:19, took 4.963144 seconds
My rank:20, took 4.963458 seconds
My rank:21, took 4.964717 seconds
My rank:22, took 4.965551 seconds
My rank:23, took 4.965648 seconds
My rank:24, took 4.966111 seconds
My rank:25, took 4.967411 seconds
My rank:26, took 4.968243 seconds
My rank:27, took 4.968411 seconds
My rank:28, took 4.970379 seconds
My rank:29, took 4.970352 seconds
My rank:30, took 4.970522 seconds
My rank:31, took 4.971236 seconds
My rank:32, took 4.973021 seconds
My rank:33, took 4.972598 seconds
My rank:34, took 4.974680 seconds
My rank:35, took 4.975288 seconds
My rank:36, took 4.975401 seconds
My rank:37, took 4.975873 seconds
My rank:38, took 4.977728 seconds
My rank:39, took 4.978356 seconds
My rank:40, took 4.979279 seconds
My rank:41, took 4.979074 seconds
My rank:42, took 4.980024 seconds
My rank:43, took 4.980722 seconds
My rank:44, took 4.980618 seconds
My rank:45, took 4.982917 seconds
My rank:46, took 4.983605 seconds
My rank:47, took 4.984390 seconds
My rank:48, took 4.984268 seconds
My rank:49, took 4.985982 seconds
My rank:50, took 4.985916 seconds
My rank:51, took 4.987048 seconds
My rank:52, took 4.988198 seconds
My rank:53, took 4.988440 seconds
My rank:54, took 4.989725 seconds
My rank:55, took 4.989987 seconds
My rank:56, took 4.991125 seconds
My rank:57, took 4.991147 seconds
My rank:58, took 4.992648 seconds
My rank:59, took 4.993097 seconds
My rank:60, took 4.994210 seconds
My rank:61, took 4.994458 seconds
My rank:62, took 4.995195 seconds
My rank:63, took 4.995896 seconds
My rank:64, took 4.996215 seconds
My rank:65, took 4.997520 seconds
My rank:66, took 4.997583 seconds
My rank:67, took 4.999061 seconds
My rank:68, took 5.000038 seconds
My rank:69, took 5.000387 seconds
My rank:70, took 5.000868 seconds
My rank:71, took 5.001951 seconds
My rank:72, took 5.003322 seconds
My rank:73, took 5.003309 seconds
My rank:74, took 5.004761 seconds
My rank:75, took 5.005532 seconds
My rank:76, took 5.005869 seconds
My rank:77, took 5.007071 seconds
My rank:78, took 5.007814 seconds
My rank:79, took 5.008548 seconds
My rank:80, took 5.008772 seconds
My rank:81, took 5.009704 seconds
My rank:82, took 5.009620 seconds
My rank:83, took 5.010543 seconds
My rank:84, took 5.012380 seconds
My rank:85, took 5.012465 seconds
My rank:86, took 5.013362 seconds
My rank:87, took 5.014173 seconds
My rank:88, took 5.014723 seconds
My rank:89, took 5.016352 seconds
My rank:90, took 5.016309 seconds
My rank:91, took 5.017447 seconds
My rank:92, took 5.017549 seconds
My rank:93, took 5.018476 seconds
My rank:94, took 5.019654 seconds
My rank:95, took 5.020361 seconds
My rank:96, took 5.021023 seconds
My rank:97, took 5.022352 seconds
My rank:98, took 5.022266 seconds
My rank:99, took 5.022732 seconds
My rank:100, took 5.023808 seconds
My rank:101, took 5.025010 seconds
My rank:102, took 5.026029 seconds
My rank:103, took 5.026804 seconds
My rank:0, took 4.948754 seconds
That took 4.948754 seconds
======== Run :  9
My rank: 6, Row start: 169, Row end:196 
My rank: 20, Row start: 561, Row end:588 
My rank: 22, Row start: 617, Row end:644 
My rank: 25, Row start: 701, Row end:728 
My rank: 34, Row start: 953, Row end:980 
My rank: 37, Row start: 1037, Row end:1064 
My rank: 66, Row start: 1849, Row end:1876 
My rank: 77, Row start: 2157, Row end:2184 
My rank: 84, Row start: 2353, Row end:2380 
My rank: 87, Row start: 2437, Row end:2464 
My rank: 95, Row start: 2661, Row end:2688 
My rank: 7, Row start: 197, Row end:224 
My rank: 8, Row start: 225, Row end:252 
My rank: 10, Row start: 281, Row end:308 
My rank: 19, Row start: 533, Row end:560 
My rank: 27, Row start: 757, Row end:784 
My rank: 30, Row start: 841, Row end:868 
My rank: 32, Row start: 897, Row end:924 
My rank: 35, Row start: 981, Row end:1008 
My rank: 41, Row start: 1149, Row end:1176 
My rank: 50, Row start: 1401, Row end:1428 
My rank: 59, Row start: 1653, Row end:1680 
My rank: 64, Row start: 1793, Row end:1820 
My rank: 81, Row start: 2269, Row end:2296 
My rank: 96, Row start: 2689, Row end:2716 
My rank: 3, Row start: 85, Row end:112 
My rank: 4, Row start: 113, Row end:140 
My rank: 9, Row start: 253, Row end:280 
My rank: 12, Row start: 337, Row end:364 
My rank: 58, Row start: 1625, Row end:1652 
My rank: 73, Row start: 2045, Row end:2072 
My rank: 74, Row start: 2073, Row end:2100 
My rank: 82, Row start: 2297, Row end:2324 
My rank: 99, Row start: 2773, Row end:2800 
My rank: 13, Row start: 365, Row end:392 
My rank: 24, Row start: 673, Row end:700 
My rank: 31, Row start: 869, Row end:896 
My rank: 42, Row start: 1177, Row end:1204 
My rank: 76, Row start: 2129, Row end:2156 
My rank: 88, Row start: 2465, Row end:2492 
My rank: 1, Row start: 29, Row end:56 
My rank: 2, Row start: 57, Row end:84 
My rank: 16, Row start: 449, Row end:476 
My rank: 18, Row start: 505, Row end:532 
My rank: 26, Row start: 729, Row end:756 
My rank: 29, Row start: 813, Row end:840 
My rank: 33, Row start: 925, Row end:952 
My rank: 51, Row start: 1429, Row end:1456 
My rank: 55, Row start: 1541, Row end:1568 
My rank: 57, Row start: 1597, Row end:1624 
My rank: 71, Row start: 1989, Row end:2016 
My rank: 72, Row start: 2017, Row end:2044 
My rank: 75, Row start: 2101, Row end:2128 
My rank: 5, Row start: 141, Row end:168 
My rank: 28, Row start: 785, Row end:812 
My rank: 43, Row start: 1205, Row end:1232 
My rank: 44, Row start: 1233, Row end:1260 
My rank: 49, Row start: 1373, Row end:1400 
My rank: 53, Row start: 1485, Row end:1512 
My rank: 63, Row start: 1765, Row end:1792 
My rank: 67, Row start: 1877, Row end:1904 
My rank: 69, Row start: 1933, Row end:1960 
My rank: 78, Row start: 2185, Row end:2212 
My rank: 97, Row start: 2717, Row end:2744 
My rank: 102, Row start: 2857, Row end:2884 
My rank: 0, Row start: 1, Row end:28 
My rank: 11, Row start: 309, Row end:336 
My rank: 15, Row start: 421, Row end:448 
My rank: 36, Row start: 1009, Row end:1036 
My rank: 46, Row start: 1289, Row end:1316 
My rank: 47, Row start: 1317, Row end:1344 
My rank: 52, Row start: 1457, Row end:1484 
My rank: 56, Row start: 1569, Row end:1596 
My rank: 65, Row start: 1821, Row end:1848 
My rank: 68, Row start: 1905, Row end:1932 
My rank: 90, Row start: 2521, Row end:2548 
My rank: 91, Row start: 2549, Row end:2576 
My rank: 98, Row start: 2745, Row end:2772 
My rank: 101, Row start: 2829, Row end:2856 
My rank: 103, Row start: 2885, Row end:2999 
My rank: 17, Row start: 477, Row end:504 
My rank: 21, Row start: 589, Row end:616 
My rank: 38, Row start: 1065, Row end:1092 
My rank: 39, Row start: 1093, Row end:1120 
My rank: 54, Row start: 1513, Row end:1540 
My rank: 60, Row start: 1681, Row end:1708 
My rank: 70, Row start: 1961, Row end:1988 
My rank: 79, Row start: 2213, Row end:2240 
My rank: 83, Row start: 2325, Row end:2352 
My rank: 85, Row start: 2381, Row end:2408 
My rank: 86, Row start: 2409, Row end:2436 
My rank: 92, Row start: 2577, Row end:2604 
My rank: 93, Row start: 2605, Row end:2632 
My rank: 14, Row start: 393, Row end:420 
My rank: 23, Row start: 645, Row end:672 
My rank: 40, Row start: 1121, Row end:1148 
My rank: 45, Row start: 1261, Row end:1288 
My rank: 48, Row start: 1345, Row end:1372 
My rank: 62, Row start: 1737, Row end:1764 
My rank: 80, Row start: 2241, Row end:2268 
My rank: 89, Row start: 2493, Row end:2520 
My rank: 100, Row start: 2801, Row end:2828 
My rank: 61, Row start: 1709, Row end:1736 
My rank: 94, Row start: 2633, Row end:2660 
My rank:1, took 4.948418 seconds
My rank:2, took 4.949206 seconds
My rank:3, took 4.950085 seconds
My rank:4, took 4.950823 seconds
My rank:5, took 4.951238 seconds
My rank:6, took 4.952817 seconds
My rank:7, took 4.953302 seconds
My rank:8, took 4.954134 seconds
My rank:9, took 4.954842 seconds
My rank:10, took 4.955702 seconds
My rank:11, took 4.955844 seconds
My rank:12, took 4.957051 seconds
My rank:13, took 4.957622 seconds
My rank:14, took 4.957640 seconds
My rank:15, took 4.958673 seconds
My rank:16, took 4.959734 seconds
My rank:17, took 4.960143 seconds
My rank:18, took 4.961426 seconds
My rank:19, took 4.962426 seconds
My rank:20, took 4.963657 seconds
My rank:21, took 4.963346 seconds
My rank:22, took 4.965194 seconds
My rank:23, took 4.964602 seconds
My rank:24, took 4.966076 seconds
My rank:25, took 4.967864 seconds
My rank:26, took 4.967469 seconds
My rank:27, took 4.968618 seconds
My rank:28, took 4.968785 seconds
My rank:29, took 4.969680 seconds
My rank:30, took 4.970731 seconds
My rank:31, took 4.971255 seconds
My rank:32, took 4.972269 seconds
My rank:33, took 4.972681 seconds
My rank:34, took 4.974219 seconds
My rank:35, took 4.974710 seconds
My rank:36, took 4.974635 seconds
My rank:37, took 4.976279 seconds
My rank:38, took 4.976171 seconds
My rank:39, took 4.976796 seconds
My rank:40, took 4.977343 seconds
My rank:41, took 4.979149 seconds
My rank:42, took 4.979566 seconds
My rank:43, took 4.980087 seconds
My rank:44, took 4.980930 seconds
My rank:45, took 4.981163 seconds
My rank:46, took 4.982259 seconds
My rank:47, took 4.983021 seconds
My rank:48, took 4.983448 seconds
My rank:49, took 4.984754 seconds
My rank:50, took 4.986100 seconds
My rank:51, took 4.986429 seconds
My rank:52, took 4.986887 seconds
My rank:53, took 4.987890 seconds
My rank:54, took 4.988186 seconds
My rank:55, took 4.989379 seconds
My rank:56, took 4.989941 seconds
My rank:57, took 4.991091 seconds
My rank:58, took 4.991845 seconds
My rank:59, took 4.992828 seconds
My rank:60, took 4.992778 seconds
My rank:61, took 4.992735 seconds
My rank:62, took 4.994062 seconds
My rank:63, took 4.995292 seconds
My rank:64, took 4.996714 seconds
My rank:65, took 4.996709 seconds
My rank:66, took 4.998375 seconds
My rank:67, took 4.998290 seconds
My rank:68, took 4.998934 seconds
My rank:69, took 4.999828 seconds
My rank:70, took 5.000220 seconds
My rank:71, took 5.001471 seconds
My rank:72, took 5.002260 seconds
My rank:73, took 5.003309 seconds
My rank:74, took 5.004006 seconds
My rank:75, took 5.004558 seconds
My rank:76, took 5.005473 seconds
My rank:77, took 5.006631 seconds
My rank:78, took 5.006697 seconds
My rank:79, took 5.007156 seconds
My rank:80, took 5.007584 seconds
My rank:81, took 5.009520 seconds
My rank:82, took 5.010084 seconds
My rank:83, took 5.010156 seconds
My rank:84, took 5.011965 seconds
My rank:85, took 5.011665 seconds
My rank:86, took 5.012518 seconds
My rank:87, took 5.014294 seconds
My rank:88, took 5.014541 seconds
My rank:89, took 5.014566 seconds
My rank:90, took 5.015707 seconds
My rank:91, took 5.016466 seconds
My rank:92, took 5.017008 seconds
My rank:93, took 5.017756 seconds
My rank:94, took 5.009106 seconds
My rank:95, took 5.020317 seconds
My rank:96, took 5.021058 seconds
My rank:97, took 5.021175 seconds
My rank:98, took 5.021733 seconds
My rank:99, took 5.022998 seconds
My rank:100, took 5.022692 seconds
My rank:101, took 5.024038 seconds
My rank:102, took 5.025015 seconds
My rank:103, took 5.025524 seconds
My rank:0, took 4.947260 seconds
That took 4.947260 seconds
======== Run :  10
My rank: 4, Row start: 113, Row end:140 
My rank: 5, Row start: 141, Row end:168 
My rank: 6, Row start: 169, Row end:196 
My rank: 7, Row start: 197, Row end:224 
My rank: 9, Row start: 253, Row end:280 
My rank: 10, Row start: 281, Row end:308 
My rank: 14, Row start: 393, Row end:420 
My rank: 23, Row start: 645, Row end:672 
My rank: 24, Row start: 673, Row end:700 
My rank: 25, Row start: 701, Row end:728 
My rank: 27, Row start: 757, Row end:784 
My rank: 29, Row start: 813, Row end:840 
My rank: 32, Row start: 897, Row end:924 
My rank: 33, Row start: 925, Row end:952 
My rank: 35, Row start: 981, Row end:1008 
My rank: 37, Row start: 1037, Row end:1064 
My rank: 41, Row start: 1149, Row end:1176 
My rank: 44, Row start: 1233, Row end:1260 
My rank: 46, Row start: 1289, Row end:1316 
My rank: 48, Row start: 1345, Row end:1372 
My rank: 50, Row start: 1401, Row end:1428 
My rank: 55, Row start: 1541, Row end:1568 
My rank: 56, Row start: 1569, Row end:1596 
My rank: 57, Row start: 1597, Row end:1624 
My rank: 63, Row start: 1765, Row end:1792 
My rank: 64, Row start: 1793, Row end:1820 
My rank: 66, Row start: 1849, Row end:1876 
My rank: 67, Row start: 1877, Row end:1904 
My rank: 71, Row start: 1989, Row end:2016 
My rank: 72, Row start: 2017, Row end:2044 
My rank: 73, Row start: 2045, Row end:2072 
My rank: 74, Row start: 2073, Row end:2100 
My rank: 75, Row start: 2101, Row end:2128 
My rank: 76, Row start: 2129, Row end:2156 
My rank: 78, Row start: 2185, Row end:2212 
My rank: 81, Row start: 2269, Row end:2296 
My rank: 84, Row start: 2353, Row end:2380 
My rank: 89, Row start: 2493, Row end:2520 
My rank: 90, Row start: 2521, Row end:2548 
My rank: 91, Row start: 2549, Row end:2576 
My rank: 92, Row start: 2577, Row end:2604 
My rank: 93, Row start: 2605, Row end:2632 
My rank: 97, Row start: 2717, Row end:2744 
My rank: 100, Row start: 2801, Row end:2828 
My rank: 102, Row start: 2857, Row end:2884 
My rank: 0, Row start: 1, Row end:28 
My rank: 1, Row start: 29, Row end:56 
My rank: 2, Row start: 57, Row end:84 
My rank: 3, Row start: 85, Row end:112 
My rank: 8, Row start: 225, Row end:252 
My rank: 11, Row start: 309, Row end:336 
My rank: 12, Row start: 337, Row end:364 
My rank: 16, Row start: 449, Row end:476 
My rank: 17, Row start: 477, Row end:504 
My rank: 19, Row start: 533, Row end:560 
My rank: 21, Row start: 589, Row end:616 
My rank: 22, Row start: 617, Row end:644 
My rank: 28, Row start: 785, Row end:812 
My rank: 31, Row start: 869, Row end:896 
My rank: 34, Row start: 953, Row end:980 
My rank: 36, Row start: 1009, Row end:1036 
My rank: 38, Row start: 1065, Row end:1092 
My rank: 39, Row start: 1093, Row end:1120 
My rank: 42, Row start: 1177, Row end:1204 
My rank: 43, Row start: 1205, Row end:1232 
My rank: 45, Row start: 1261, Row end:1288 
My rank: 47, Row start: 1317, Row end:1344 
My rank: 49, Row start: 1373, Row end:1400 
My rank: 51, Row start: 1429, Row end:1456 
My rank: 54, Row start: 1513, Row end:1540 
My rank: 58, Row start: 1625, Row end:1652 
My rank: 59, Row start: 1653, Row end:1680 
My rank: 60, Row start: 1681, Row end:1708 
My rank: 61, Row start: 1709, Row end:1736 
My rank: 65, Row start: 1821, Row end:1848 
My rank: 69, Row start: 1933, Row end:1960 
My rank: 77, Row start: 2157, Row end:2184 
My rank: 79, Row start: 2213, Row end:2240 
My rank: 80, Row start: 2241, Row end:2268 
My rank: 82, Row start: 2297, Row end:2324 
My rank: 83, Row start: 2325, Row end:2352 
My rank: 86, Row start: 2409, Row end:2436 
My rank: 87, Row start: 2437, Row end:2464 
My rank: 88, Row start: 2465, Row end:2492 
My rank: 96, Row start: 2689, Row end:2716 
My rank: 98, Row start: 2745, Row end:2772 
My rank: 99, Row start: 2773, Row end:2800 
My rank: 101, Row start: 2829, Row end:2856 
My rank: 103, Row start: 2885, Row end:2999 
My rank: 18, Row start: 505, Row end:532 
My rank: 26, Row start: 729, Row end:756 
My rank: 30, Row start: 841, Row end:868 
My rank: 52, Row start: 1457, Row end:1484 
My rank: 68, Row start: 1905, Row end:1932 
My rank: 94, Row start: 2633, Row end:2660 
My rank: 20, Row start: 561, Row end:588 
My rank: 13, Row start: 365, Row end:392 
My rank: 95, Row start: 2661, Row end:2688 
My rank: 40, Row start: 1121, Row end:1148 
My rank: 53, Row start: 1485, Row end:1512 
My rank: 62, Row start: 1737, Row end:1764 
My rank: 70, Row start: 1961, Row end:1988 
My rank: 85, Row start: 2381, Row end:2408 
My rank: 15, Row start: 421, Row end:448 
My rank:1, took 4.985152 seconds
My rank:2, took 4.984708 seconds
My rank:3, took 4.984936 seconds
My rank:4, took 4.985218 seconds
My rank:5, took 4.985332 seconds
My rank:6, took 4.985310 seconds
My rank:7, took 4.985463 seconds
My rank:8, took 4.985143 seconds
My rank:9, took 4.985694 seconds
My rank:10, took 4.985304 seconds
My rank:11, took 4.984840 seconds
My rank:12, took 4.985078 seconds
My rank:13, took 4.985167 seconds
My rank:14, took 4.985272 seconds
My rank:15, took 4.971966 seconds
My rank:16, took 4.985238 seconds
My rank:17, took 4.984981 seconds
My rank:18, took 4.984476 seconds
My rank:19, took 4.985096 seconds
My rank:20, took 4.984178 seconds
My rank:21, took 4.984544 seconds
My rank:22, took 4.984574 seconds
My rank:23, took 4.984960 seconds
My rank:24, took 4.985710 seconds
My rank:25, took 4.995844 seconds
My rank:26, took 4.995046 seconds
My rank:27, took 4.995853 seconds
My rank:28, took 4.995559 seconds
My rank:29, took 4.996412 seconds
My rank:30, took 4.995095 seconds
My rank:31, took 4.995285 seconds
My rank:32, took 4.996407 seconds
My rank:33, took 4.996222 seconds
My rank:34, took 4.995744 seconds
My rank:35, took 4.996337 seconds
My rank:36, took 4.995854 seconds
My rank:37, took 4.996436 seconds
My rank:38, took 4.995560 seconds
My rank:39, took 4.996164 seconds
My rank:40, took 4.994155 seconds
My rank:41, took 5.005717 seconds
My rank:42, took 5.005021 seconds
My rank:43, took 5.005137 seconds
My rank:44, took 5.005903 seconds
My rank:45, took 5.005121 seconds
My rank:46, took 5.005499 seconds
My rank:47, took 5.004934 seconds
My rank:48, took 5.005981 seconds
My rank:49, took 5.004911 seconds
My rank:50, took 5.006024 seconds
My rank:51, took 5.005566 seconds
My rank:52, took 5.005745 seconds
My rank:53, took 4.995131 seconds
My rank:54, took 5.007742 seconds
My rank:55, took 5.009086 seconds
My rank:56, took 5.009987 seconds
My rank:57, took 5.010666 seconds
My rank:58, took 5.010757 seconds
My rank:59, took 5.011659 seconds
My rank:60, took 5.012403 seconds
My rank:61, took 5.013211 seconds
My rank:62, took 5.011658 seconds
My rank:63, took 5.015027 seconds
My rank:64, took 5.015651 seconds
My rank:65, took 5.015811 seconds
My rank:66, took 5.017404 seconds
My rank:67, took 5.018122 seconds
My rank:68, took 5.017828 seconds
My rank:69, took 5.018796 seconds
My rank:70, took 5.017949 seconds
My rank:71, took 5.021462 seconds
My rank:72, took 5.021632 seconds
My rank:73, took 5.022658 seconds
My rank:74, took 5.023408 seconds
My rank:75, took 5.024853 seconds
My rank:76, took 5.024805 seconds
My rank:77, took 5.025220 seconds
My rank:78, took 5.026487 seconds
My rank:79, took 5.026746 seconds
My rank:80, took 5.027545 seconds
My rank:81, took 5.028494 seconds
My rank:82, took 5.028746 seconds
My rank:83, took 5.029791 seconds
My rank:84, took 5.030866 seconds
My rank:85, took 5.027962 seconds
My rank:86, took 5.031821 seconds
My rank:87, took 5.032815 seconds
My rank:88, took 5.033400 seconds
My rank:89, took 5.034721 seconds
My rank:90, took 5.035483 seconds
My rank:91, took 5.036485 seconds
My rank:92, took 5.037422 seconds
My rank:93, took 5.037822 seconds
My rank:94, took 5.037527 seconds
My rank:95, took 5.038066 seconds
My rank:96, took 5.039524 seconds
My rank:97, took 5.040863 seconds
My rank:98, took 5.041052 seconds
My rank:99, took 5.041666 seconds
My rank:100, took 5.043041 seconds
My rank:101, took 5.043298 seconds
My rank:102, took 5.044632 seconds
My rank:103, took 5.044551 seconds
My rank:0, took 4.984499 seconds
That took 4.984499 seconds

JOB STATISTICS
==============
Job ID: 5027961
Cluster: snellius
User/Group: scur0330/scur0330
State: RUNNING
Nodes: 1
Cores per node: 112
CPU Utilized: 01:51:00
CPU Efficiency: 13.70% of 13:30:08 core-walltime
Job Wall-clock time: 00:07:14
Memory Utilized: 7.69 GB
Memory Efficiency: 3.92% of 196.00 GB
WARNING: Efficiency statistics may be misleading for RUNNING jobs.
