======== Run :  1
CPUS:  8
My rank: 1, Row start: 126, Row end:250 
My rank: 6, Row start: 751, Row end:875 
My rank: 8, Row start: 1001, Row end:1125 
My rank: 10, Row start: 1251, Row end:1375 
My rank: 11, Row start: 1376, Row end:1500 
My rank: 15, Row start: 1876, Row end:2000 
My rank: 16, Row start: 2001, Row end:2125 
My rank: 19, Row start: 2376, Row end:2500 
My rank: 21, Row start: 2626, Row end:2750 
My rank: 0, Row start: 1, Row end:125 
My rank: 2, Row start: 251, Row end:375 
My rank: 3, Row start: 376, Row end:500 
My rank: 4, Row start: 501, Row end:625 
My rank: 5, Row start: 626, Row end:750 
My rank: 7, Row start: 876, Row end:1000 
My rank: 9, Row start: 1126, Row end:1250 
My rank: 12, Row start: 1501, Row end:1625 
My rank: 13, Row start: 1626, Row end:1750 
My rank: 14, Row start: 1751, Row end:1875 
My rank: 17, Row start: 2126, Row end:2250 
My rank: 18, Row start: 2251, Row end:2375 
My rank: 22, Row start: 2751, Row end:2875 
My rank: 23, Row start: 2876, Row end:2999 
My rank: 20, Row start: 2501, Row end:2625 
That took 5.584098 seconds
======== Run :  2
CPUS:  8
srun: Job 5016817 step creation temporarily disabled, retrying (Requested nodes are busy)
srun: Step created for StepId=5016817.1
My rank: 0, Row start: 1, Row end:125 
My rank: 4, Row start: 501, Row end:625 
My rank: 2, Row start: 251, Row end:375 
My rank: 10, Row start: 1251, Row end:1375 
My rank: 12, Row start: 1501, Row end:1625 
My rank: 13, Row start: 1626, Row end:1750 
My rank: 14, Row start: 1751, Row end:1875 
My rank: 19, Row start: 2376, Row end:2500 
My rank: 20, Row start: 2501, Row end:2625 
My rank: 22, Row start: 2751, Row end:2875 
My rank: 5, Row start: 626, Row end:750 
My rank: 6, Row start: 751, Row end:875 
My rank: 8, Row start: 1001, Row end:1125 
My rank: 18, Row start: 2251, Row end:2375 
My rank: 16, Row start: 2001, Row end:2125 
My rank: 1, Row start: 126, Row end:250 
My rank: 15, Row start: 1876, Row end:2000 
My rank: 21, Row start: 2626, Row end:2750 
My rank: 3, Row start: 376, Row end:500 
My rank: 9, Row start: 1126, Row end:1250 
My rank: 23, Row start: 2876, Row end:2999 
My rank: 7, Row start: 876, Row end:1000 
My rank: 11, Row start: 1376, Row end:1500 
My rank: 17, Row start: 2126, Row end:2250 
That took 5.604657 seconds
======== Run :  3
CPUS:  8
My rank: 1, Row start: 126, Row end:250 
My rank: 3, Row start: 376, Row end:500 
My rank: 5, Row start: 626, Row end:750 
My rank: 12, Row start: 1501, Row end:1625 
My rank: 16, Row start: 2001, Row end:2125 
My rank: 17, Row start: 2126, Row end:2250 
My rank: 0, Row start: 1, Row end:125 
My rank: 2, Row start: 251, Row end:375 
My rank: 7, Row start: 876, Row end:1000 
My rank: 8, Row start: 1001, Row end:1125 
My rank: 10, Row start: 1251, Row end:1375 
My rank: 13, Row start: 1626, Row end:1750 
My rank: 14, Row start: 1751, Row end:1875 
My rank: 15, Row start: 1876, Row end:2000 
My rank: 19, Row start: 2376, Row end:2500 
My rank: 20, Row start: 2501, Row end:2625 
My rank: 21, Row start: 2626, Row end:2750 
My rank: 22, Row start: 2751, Row end:2875 
My rank: 23, Row start: 2876, Row end:2999 
My rank: 9, Row start: 1126, Row end:1250 
My rank: 18, Row start: 2251, Row end:2375 
My rank: 6, Row start: 751, Row end:875 
My rank: 11, Row start: 1376, Row end:1500 
My rank: 4, Row start: 501, Row end:625 
That took 5.627333 seconds
======== Run :  4
CPUS:  8
My rank: 0, Row start: 1, Row end:125 
My rank: 1, Row start: 126, Row end:250 
My rank: 2, Row start: 251, Row end:375 
My rank: 3, Row start: 376, Row end:500 
My rank: 4, Row start: 501, Row end:625 
My rank: 5, Row start: 626, Row end:750 
My rank: 6, Row start: 751, Row end:875 
My rank: 7, Row start: 876, Row end:1000 
My rank: 8, Row start: 1001, Row end:1125 
My rank: 9, Row start: 1126, Row end:1250 
My rank: 10, Row start: 1251, Row end:1375 
My rank: 12, Row start: 1501, Row end:1625 
My rank: 13, Row start: 1626, Row end:1750 
My rank: 14, Row start: 1751, Row end:1875 
My rank: 15, Row start: 1876, Row end:2000 
My rank: 16, Row start: 2001, Row end:2125 
My rank: 17, Row start: 2126, Row end:2250 
My rank: 18, Row start: 2251, Row end:2375 
My rank: 19, Row start: 2376, Row end:2500 
My rank: 20, Row start: 2501, Row end:2625 
My rank: 21, Row start: 2626, Row end:2750 
My rank: 22, Row start: 2751, Row end:2875 
My rank: 23, Row start: 2876, Row end:2999 
My rank: 11, Row start: 1376, Row end:1500 
That took 5.663843 seconds
======== Run :  5
CPUS:  8
My rank: 9, Row start: 1126, Row end:1250 
My rank: 4, Row start: 501, Row end:625 
My rank: 6, Row start: 751, Row end:875 
My rank: 10, Row start: 1251, Row end:1375 
My rank: 12, Row start: 1501, Row end:1625 
My rank: 13, Row start: 1626, Row end:1750 
My rank: 14, Row start: 1751, Row end:1875 
My rank: 15, Row start: 1876, Row end:2000 
My rank: 16, Row start: 2001, Row end:2125 
My rank: 20, Row start: 2501, Row end:2625 
My rank: 23, Row start: 2876, Row end:2999 
My rank: 0, Row start: 1, Row end:125 
My rank: 2, Row start: 251, Row end:375 
My rank: 7, Row start: 876, Row end:1000 
My rank: 1, Row start: 126, Row end:250 
My rank: 11, Row start: 1376, Row end:1500 
My rank: 18, Row start: 2251, Row end:2375 
My rank: 17, Row start: 2126, Row end:2250 
My rank: 5, Row start: 626, Row end:750 
My rank: 8, Row start: 1001, Row end:1125 
My rank: 19, Row start: 2376, Row end:2500 
My rank: 3, Row start: 376, Row end:500 
My rank: 21, Row start: 2626, Row end:2750 
My rank: 22, Row start: 2751, Row end:2875 
That took 5.631003 seconds
======== Run :  6
CPUS:  8
My rank: 0, Row start: 1, Row end:125 
My rank: 2, Row start: 251, Row end:375 
My rank: 3, Row start: 376, Row end:500 
My rank: 4, Row start: 501, Row end:625 
My rank: 7, Row start: 876, Row end:1000 
My rank: 9, Row start: 1126, Row end:1250 
My rank: 12, Row start: 1501, Row end:1625 
My rank: 16, Row start: 2001, Row end:2125 
My rank: 18, Row start: 2251, Row end:2375 
My rank: 19, Row start: 2376, Row end:2500 
My rank: 20, Row start: 2501, Row end:2625 
My rank: 21, Row start: 2626, Row end:2750 
My rank: 22, Row start: 2751, Row end:2875 
My rank: 1, Row start: 126, Row end:250 
My rank: 6, Row start: 751, Row end:875 
My rank: 8, Row start: 1001, Row end:1125 
My rank: 11, Row start: 1376, Row end:1500 
My rank: 13, Row start: 1626, Row end:1750 
My rank: 14, Row start: 1751, Row end:1875 
My rank: 15, Row start: 1876, Row end:2000 
My rank: 17, Row start: 2126, Row end:2250 
My rank: 23, Row start: 2876, Row end:2999 
My rank: 5, Row start: 626, Row end:750 
My rank: 10, Row start: 1251, Row end:1375 
That took 5.626353 seconds
======== Run :  7
CPUS:  8
My rank: 20, Row start: 2501, Row end:2625 
My rank: 0, Row start: 1, Row end:125 
My rank: 1, Row start: 126, Row end:250 
My rank: 2, Row start: 251, Row end:375 
My rank: 3, Row start: 376, Row end:500 
My rank: 4, Row start: 501, Row end:625 
My rank: 7, Row start: 876, Row end:1000 
My rank: 10, Row start: 1251, Row end:1375 
My rank: 14, Row start: 1751, Row end:1875 
My rank: 17, Row start: 2126, Row end:2250 
My rank: 22, Row start: 2751, Row end:2875 
My rank: 23, Row start: 2876, Row end:2999 
My rank: 5, Row start: 626, Row end:750 
My rank: 8, Row start: 1001, Row end:1125 
My rank: 9, Row start: 1126, Row end:1250 
My rank: 11, Row start: 1376, Row end:1500 
My rank: 12, Row start: 1501, Row end:1625 
My rank: 16, Row start: 2001, Row end:2125 
My rank: 21, Row start: 2626, Row end:2750 
My rank: 15, Row start: 1876, Row end:2000 
My rank: 18, Row start: 2251, Row end:2375 
My rank: 6, Row start: 751, Row end:875 
My rank: 19, Row start: 2376, Row end:2500 
My rank: 13, Row start: 1626, Row end:1750 
That took 5.656883 seconds
======== Run :  8
CPUS:  8
My rank: 7, Row start: 876, Row end:1000 
My rank: 3, Row start: 376, Row end:500 
My rank: 9, Row start: 1126, Row end:1250 
My rank: 10, Row start: 1251, Row end:1375 
My rank: 11, Row start: 1376, Row end:1500 
My rank: 12, Row start: 1501, Row end:1625 
My rank: 15, Row start: 1876, Row end:2000 
My rank: 16, Row start: 2001, Row end:2125 
My rank: 17, Row start: 2126, Row end:2250 
My rank: 18, Row start: 2251, Row end:2375 
My rank: 19, Row start: 2376, Row end:2500 
My rank: 21, Row start: 2626, Row end:2750 
My rank: 23, Row start: 2876, Row end:2999 
My rank: 1, Row start: 126, Row end:250 
My rank: 4, Row start: 501, Row end:625 
My rank: 13, Row start: 1626, Row end:1750 
My rank: 0, Row start: 1, Row end:125 
My rank: 2, Row start: 251, Row end:375 
My rank: 5, Row start: 626, Row end:750 
My rank: 14, Row start: 1751, Row end:1875 
My rank: 20, Row start: 2501, Row end:2625 
My rank: 22, Row start: 2751, Row end:2875 
My rank: 6, Row start: 751, Row end:875 
My rank: 8, Row start: 1001, Row end:1125 
That took 5.616957 seconds
======== Run :  9
CPUS:  8
My rank: 7, Row start: 876, Row end:1000 
My rank: 4, Row start: 501, Row end:625 
My rank: 6, Row start: 751, Row end:875 
My rank: 11, Row start: 1376, Row end:1500 
My rank: 12, Row start: 1501, Row end:1625 
My rank: 14, Row start: 1751, Row end:1875 
My rank: 15, Row start: 1876, Row end:2000 
My rank: 19, Row start: 2376, Row end:2500 
My rank: 21, Row start: 2626, Row end:2750 
My rank: 22, Row start: 2751, Row end:2875 
My rank: 3, Row start: 376, Row end:500 
My rank: 18, Row start: 2251, Row end:2375 
My rank: 1, Row start: 126, Row end:250 
My rank: 8, Row start: 1001, Row end:1125 
My rank: 13, Row start: 1626, Row end:1750 
My rank: 9, Row start: 1126, Row end:1250 
My rank: 16, Row start: 2001, Row end:2125 
My rank: 0, Row start: 1, Row end:125 
My rank: 10, Row start: 1251, Row end:1375 
My rank: 5, Row start: 626, Row end:750 
My rank: 2, Row start: 251, Row end:375 
My rank: 17, Row start: 2126, Row end:2250 
My rank: 23, Row start: 2876, Row end:2999 
My rank: 20, Row start: 2501, Row end:2625 
That took 5.653078 seconds
======== Run :  10
CPUS:  8
My rank: 18, Row start: 2251, Row end:2375 
My rank: 19, Row start: 2376, Row end:2500 
My rank: 2, Row start: 251, Row end:375 
My rank: 3, Row start: 376, Row end:500 
My rank: 4, Row start: 501, Row end:625 
My rank: 6, Row start: 751, Row end:875 
My rank: 7, Row start: 876, Row end:1000 
My rank: 8, Row start: 1001, Row end:1125 
My rank: 9, Row start: 1126, Row end:1250 
My rank: 12, Row start: 1501, Row end:1625 
My rank: 15, Row start: 1876, Row end:2000 
My rank: 17, Row start: 2126, Row end:2250 
My rank: 20, Row start: 2501, Row end:2625 
My rank: 21, Row start: 2626, Row end:2750 
My rank: 22, Row start: 2751, Row end:2875 
My rank: 0, Row start: 1, Row end:125 
My rank: 11, Row start: 1376, Row end:1500 
My rank: 13, Row start: 1626, Row end:1750 
My rank: 14, Row start: 1751, Row end:1875 
My rank: 5, Row start: 626, Row end:750 
My rank: 10, Row start: 1251, Row end:1375 
My rank: 23, Row start: 2876, Row end:2999 
My rank: 1, Row start: 126, Row end:250 
My rank: 16, Row start: 2001, Row end:2125 
That took 5.627029 seconds

JOB STATISTICS
==============
Job ID: 5016817
Cluster: snellius
User/Group: scur0330/scur0330
State: COMPLETED (exit code 0)
Nodes: 1
Cores per node: 32
CPU Utilized: 00:31:32
CPU Efficiency: 47.30% of 01:06:40 core-walltime
Job Wall-clock time: 00:02:05
Memory Utilized: 7.18 MB
Memory Efficiency: 0.01% of 56.00 GB
