======== Run :  1
CPUS:  8
My rank: 1, Row start: 188, Row end:374 
My rank: 3, Row start: 562, Row end:748 
My rank: 5, Row start: 936, Row end:1122 
My rank: 11, Row start: 2058, Row end:2244 
My rank: 13, Row start: 2432, Row end:2618 
My rank: 15, Row start: 2806, Row end:2999 
My rank: 0, Row start: 1, Row end:187 
My rank: 2, Row start: 375, Row end:561 
My rank: 4, Row start: 749, Row end:935 
My rank: 9, Row start: 1684, Row end:1870 
My rank: 10, Row start: 1871, Row end:2057 
My rank: 12, Row start: 2245, Row end:2431 
My rank: 14, Row start: 2619, Row end:2805 
My rank: 6, Row start: 1123, Row end:1309 
My rank: 7, Row start: 1310, Row end:1496 
My rank: 8, Row start: 1497, Row end:1683 
That took 8.523734 seconds
======== Run :  2
CPUS:  8
My rank: 0, Row start: 1, Row end:187 
My rank: 4, Row start: 749, Row end:935 
My rank: 11, Row start: 2058, Row end:2244 
My rank: 12, Row start: 2245, Row end:2431 
My rank: 14, Row start: 2619, Row end:2805 
My rank: 1, Row start: 188, Row end:374 
My rank: 2, Row start: 375, Row end:561 
My rank: 5, Row start: 936, Row end:1122 
My rank: 6, Row start: 1123, Row end:1309 
My rank: 7, Row start: 1310, Row end:1496 
My rank: 8, Row start: 1497, Row end:1683 
My rank: 9, Row start: 1684, Row end:1870 
My rank: 10, Row start: 1871, Row end:2057 
My rank: 13, Row start: 2432, Row end:2618 
My rank: 15, Row start: 2806, Row end:2999 
My rank: 3, Row start: 562, Row end:748 
That took 8.652190 seconds
======== Run :  3
CPUS:  8
My rank: 0, Row start: 1, Row end:187 
My rank: 1, Row start: 188, Row end:374 
My rank: 2, Row start: 375, Row end:561 
My rank: 3, Row start: 562, Row end:748 
My rank: 4, Row start: 749, Row end:935 
My rank: 5, Row start: 936, Row end:1122 
My rank: 6, Row start: 1123, Row end:1309 
My rank: 7, Row start: 1310, Row end:1496 
My rank: 8, Row start: 1497, Row end:1683 
My rank: 9, Row start: 1684, Row end:1870 
My rank: 10, Row start: 1871, Row end:2057 
My rank: 12, Row start: 2245, Row end:2431 
My rank: 13, Row start: 2432, Row end:2618 
My rank: 14, Row start: 2619, Row end:2805 
My rank: 15, Row start: 2806, Row end:2999 
My rank: 11, Row start: 2058, Row end:2244 
That took 8.593707 seconds
======== Run :  4
CPUS:  8
My rank: 0, Row start: 1, Row end:187 
My rank: 1, Row start: 188, Row end:374 
My rank: 2, Row start: 375, Row end:561 
My rank: 3, Row start: 562, Row end:748 
My rank: 4, Row start: 749, Row end:935 
My rank: 5, Row start: 936, Row end:1122 
My rank: 6, Row start: 1123, Row end:1309 
My rank: 7, Row start: 1310, Row end:1496 
My rank: 8, Row start: 1497, Row end:1683 
My rank: 9, Row start: 1684, Row end:1870 
My rank: 11, Row start: 2058, Row end:2244 
My rank: 12, Row start: 2245, Row end:2431 
My rank: 13, Row start: 2432, Row end:2618 
My rank: 14, Row start: 2619, Row end:2805 
My rank: 15, Row start: 2806, Row end:2999 
My rank: 10, Row start: 1871, Row end:2057 
That took 8.538154 seconds
======== Run :  5
CPUS:  8
My rank: 3, Row start: 562, Row end:748 
My rank: 6, Row start: 1123, Row end:1309 
My rank: 7, Row start: 1310, Row end:1496 
My rank: 8, Row start: 1497, Row end:1683 
My rank: 9, Row start: 1684, Row end:1870 
My rank: 10, Row start: 1871, Row end:2057 
My rank: 12, Row start: 2245, Row end:2431 
My rank: 13, Row start: 2432, Row end:2618 
My rank: 14, Row start: 2619, Row end:2805 
My rank: 15, Row start: 2806, Row end:2999 
My rank: 0, Row start: 1, Row end:187 
My rank: 1, Row start: 188, Row end:374 
My rank: 2, Row start: 375, Row end:561 
My rank: 4, Row start: 749, Row end:935 
My rank: 5, Row start: 936, Row end:1122 
My rank: 11, Row start: 2058, Row end:2244 
That took 8.633772 seconds
======== Run :  6
CPUS:  8
My rank: 0, Row start: 1, Row end:187 
My rank: 1, Row start: 188, Row end:374 
My rank: 2, Row start: 375, Row end:561 
My rank: 3, Row start: 562, Row end:748 
My rank: 4, Row start: 749, Row end:935 
My rank: 5, Row start: 936, Row end:1122 
My rank: 6, Row start: 1123, Row end:1309 
My rank: 7, Row start: 1310, Row end:1496 
My rank: 8, Row start: 1497, Row end:1683 
My rank: 9, Row start: 1684, Row end:1870 
My rank: 10, Row start: 1871, Row end:2057 
My rank: 11, Row start: 2058, Row end:2244 
My rank: 12, Row start: 2245, Row end:2431 
My rank: 13, Row start: 2432, Row end:2618 
My rank: 14, Row start: 2619, Row end:2805 
My rank: 15, Row start: 2806, Row end:2999 
That took 8.662964 seconds
======== Run :  7
CPUS:  8
My rank: 0, Row start: 1, Row end:187 
My rank: 1, Row start: 188, Row end:374 
My rank: 2, Row start: 375, Row end:561 
My rank: 3, Row start: 562, Row end:748 
My rank: 4, Row start: 749, Row end:935 
My rank: 5, Row start: 936, Row end:1122 
My rank: 6, Row start: 1123, Row end:1309 
My rank: 7, Row start: 1310, Row end:1496 
My rank: 8, Row start: 1497, Row end:1683 
My rank: 9, Row start: 1684, Row end:1870 
My rank: 10, Row start: 1871, Row end:2057 
My rank: 11, Row start: 2058, Row end:2244 
My rank: 12, Row start: 2245, Row end:2431 
My rank: 13, Row start: 2432, Row end:2618 
My rank: 14, Row start: 2619, Row end:2805 
My rank: 15, Row start: 2806, Row end:2999 
That took 8.708872 seconds
======== Run :  8
CPUS:  8
My rank: 0, Row start: 1, Row end:187 
My rank: 1, Row start: 188, Row end:374 
My rank: 2, Row start: 375, Row end:561 
My rank: 3, Row start: 562, Row end:748 
My rank: 4, Row start: 749, Row end:935 
My rank: 5, Row start: 936, Row end:1122 
My rank: 6, Row start: 1123, Row end:1309 
My rank: 7, Row start: 1310, Row end:1496 
My rank: 8, Row start: 1497, Row end:1683 
My rank: 9, Row start: 1684, Row end:1870 
My rank: 10, Row start: 1871, Row end:2057 
My rank: 11, Row start: 2058, Row end:2244 
My rank: 12, Row start: 2245, Row end:2431 
My rank: 13, Row start: 2432, Row end:2618 
My rank: 14, Row start: 2619, Row end:2805 
My rank: 15, Row start: 2806, Row end:2999 
That took 8.676974 seconds
======== Run :  9
CPUS:  8
My rank: 0, Row start: 1, Row end:187 
My rank: 1, Row start: 188, Row end:374 
My rank: 2, Row start: 375, Row end:561 
My rank: 3, Row start: 562, Row end:748 
My rank: 4, Row start: 749, Row end:935 
My rank: 5, Row start: 936, Row end:1122 
My rank: 6, Row start: 1123, Row end:1309 
My rank: 7, Row start: 1310, Row end:1496 
My rank: 8, Row start: 1497, Row end:1683 
My rank: 9, Row start: 1684, Row end:1870 
My rank: 10, Row start: 1871, Row end:2057 
My rank: 11, Row start: 2058, Row end:2244 
My rank: 12, Row start: 2245, Row end:2431 
My rank: 13, Row start: 2432, Row end:2618 
My rank: 14, Row start: 2619, Row end:2805 
My rank: 15, Row start: 2806, Row end:2999 
That took 8.535426 seconds
======== Run :  10
CPUS:  8
My rank: 0, Row start: 1, Row end:187 
My rank: 1, Row start: 188, Row end:374 
My rank: 2, Row start: 375, Row end:561 
My rank: 3, Row start: 562, Row end:748 
My rank: 4, Row start: 749, Row end:935 
My rank: 5, Row start: 936, Row end:1122 
My rank: 6, Row start: 1123, Row end:1309 
My rank: 7, Row start: 1310, Row end:1496 
My rank: 8, Row start: 1497, Row end:1683 
My rank: 9, Row start: 1684, Row end:1870 
My rank: 10, Row start: 1871, Row end:2057 
My rank: 11, Row start: 2058, Row end:2244 
My rank: 12, Row start: 2245, Row end:2431 
My rank: 13, Row start: 2432, Row end:2618 
My rank: 14, Row start: 2619, Row end:2805 
My rank: 15, Row start: 2806, Row end:2999 
That took 8.553727 seconds

JOB STATISTICS
==============
Job ID: 5015695
Cluster: snellius
User/Group: scur0330/scur0330
State: COMPLETED (exit code 0)
Nodes: 1
Cores per node: 16
CPU Utilized: 00:27:50
CPU Efficiency: 76.19% of 00:36:32 core-walltime
Job Wall-clock time: 00:02:17
Memory Utilized: 7.01 MB
Memory Efficiency: 0.02% of 28.00 GB
