======== Run :  1
CPUS:  8
[proxy:0:0@tcn390.local.snellius.surf.nl] HYDU_create_process (lib/utils/launch.c:73): execvp error on file ./Parallel_MPI (No such file or directory)
[proxy:0:0@tcn390.local.snellius.surf.nl] HYDU_create_process (lib/utils/launch.c:73): execvp error on file ./Parallel_MPI (No such file or directory)
[proxy:0:0@tcn390.local.snellius.surf.nl] HYDU_create_process (lib/utils/launch.c:73): execvp error on file ./Parallel_MPI (No such file or directory)
[proxy:0:0@tcn390.local.snellius.surf.nl] HYDU_create_process (lib/utils/launch.c:73): execvp error on file ./Parallel_MPI (No such file or directory)
[proxy:0:0@tcn390.local.snellius.surf.nl] HYDU_create_process (lib/utils/launch.c:73): execvp error on file ./Parallel_MPI (No such file or directory)
[proxy:0:0@tcn390.local.snellius.surf.nl] HYDU_create_process (lib/utils/launch.c:73): execvp error on file ./Parallel_MPI (No such file or directory)
[proxy:0:0@tcn390.local.snellius.surf.nl] HYDU_create_process (lib/utils/launch.c:73): execvp error on file ./Parallel_MPI (No such file or directory)
[proxy:0:0@tcn390.local.snellius.surf.nl] HYDU_create_process (lib/utils/launch.c:73): execvp error on file ./Parallel_MPI (No such file or directory)
[proxy:0:0@tcn390.local.snellius.surf.nl] HYDU_create_process (lib/utils/launch.c:73): execvp error on file ./Parallel_MPI (No such file or directory)
[proxy:0:0@tcn390.local.snellius.surf.nl] HYDU_create_process (lib/utils/launch.c:73): execvp error on file ./Parallel_MPI (No such file or directory)
[proxy:0:0@tcn390.local.snellius.surf.nl] HYDU_create_process (lib/utils/launch.c:73): execvp error on file ./Parallel_MPI (No such file or directory)
[proxy:0:0@tcn390.local.snellius.surf.nl] HYDU_create_process (lib/utils/launch.c:73): execvp error on file ./Parallel_MPI (No such file or directory)
[proxy:0:0@tcn390.local.snellius.surf.nl] HYDU_create_process (lib/utils/launch.c:73): execvp error on file ./Parallel_MPI (No such file or directory)
[proxy:0:0@tcn390.local.snellius.surf.nl] HYDU_create_process (lib/utils/launch.c:73): execvp error on file ./Parallel_MPI (No such file or directory)
[proxy:0:0@tcn390.local.snellius.surf.nl] HYDU_create_process (lib/utils/launch.c:73): execvp error on file ./Parallel_MPI (No such file or directory)
[proxy:0:0@tcn390.local.snellius.surf.nl] HYDU_create_process (lib/utils/launch.c:73): execvp error on file ./Parallel_MPI (No such file or directory)

JOB STATISTICS
==============
Job ID: 5015041
Cluster: snellius
User/Group: scur0330/scur0330
State: RUNNING
Nodes: 1
Cores per node: 16
CPU Utilized: 00:00:00
CPU Efficiency: 0.00% of 00:02:40 core-walltime
Job Wall-clock time: 00:00:10
Memory Utilized: 0.00 MB (estimated maximum)
Memory Efficiency: 0.00% of 28.00 GB (1.75 GB/core)
WARNING: Efficiency statistics may be misleading for RUNNING jobs.
