======== Run :  1
CPUS:  8
Iteration: 1000000000
Pi estimate: 3.14159265258932407505, obtained in 5.172678 seconds
DONE 
CPUS:  12
Iteration: 1000000000
Pi estimate: 3.14159265258979703006, obtained in 3.467695 seconds
DONE 
CPUS:  16
Iteration: 1000000000
Pi estimate: 3.14159265259020425987, obtained in 2.599044 seconds
DONE 
CPUS:  20
Iteration: 1000000000
Pi estimate: 3.14159265259025044514, obtained in 2.098223 seconds
DONE 
CPUS:  24
Iteration: 1000000000
Pi estimate: 3.14159265259062081554, obtained in 1.751697 seconds
DONE 
CPUS:  28
Iteration: 1000000000
Pi estimate: 3.14159265259036146745, obtained in 1.508109 seconds
DONE 
CPUS:  32
Iteration: 1000000000
Pi estimate: 3.14159265259010700433, obtained in 1.331267 seconds
DONE 
CPUS:  36
Iteration: 1000000000
Pi estimate: 3.14159265258958786404, obtained in 1.843717 seconds
DONE 
CPUS:  40
Iteration: 1000000000
Pi estimate: 3.14159265258981790225, obtained in 1.700682 seconds
DONE 
CPUS:  44
Iteration: 1000000000
Pi estimate: 3.14159265258962383527, obtained in 1.813009 seconds
DONE 
CPUS:  48
Iteration: 1000000000
Pi estimate: 3.14159265258978148694, obtained in 1.441543 seconds
DONE 
======== Run :  2
CPUS:  8
Iteration: 1000000000
Pi estimate: 3.14159265258932407505, obtained in 5.245754 seconds
DONE 
CPUS:  12
Iteration: 1000000000
Pi estimate: 3.14159265258979703006, obtained in 3.463869 seconds
DONE 
CPUS:  16
Iteration: 1000000000
Pi estimate: 3.14159265259020425987, obtained in 2.599889 seconds
DONE 
CPUS:  20
Iteration: 1000000000
Pi estimate: 3.14159265259025044514, obtained in 2.095115 seconds
DONE 
CPUS:  24
Iteration: 1000000000
Pi estimate: 3.14159265259062081554, obtained in 1.750518 seconds
DONE 
CPUS:  28
Iteration: 1000000000
Pi estimate: 3.14159265259036146745, obtained in 1.520656 seconds
DONE 
CPUS:  32
Iteration: 1000000000
Pi estimate: 3.14159265259010700433, obtained in 1.336886 seconds
DONE 
CPUS:  36
Iteration: 1000000000
Pi estimate: 3.14159265258958830813, obtained in 1.851994 seconds
DONE 
CPUS:  40
Iteration: 1000000000
Pi estimate: 3.14159265258981745816, obtained in 1.568844 seconds
DONE 
CPUS:  44
Iteration: 1000000000
Pi estimate: 3.14159265258962294709, obtained in 1.566984 seconds
DONE 
CPUS:  48
Iteration: 1000000000
Pi estimate: 3.14159265258978104285, obtained in 1.756941 seconds
DONE 
======== Run :  3
CPUS:  8
Iteration: 1000000000
Pi estimate: 3.14159265258932407505, obtained in 5.134955 seconds
DONE 
CPUS:  12
Iteration: 1000000000
Pi estimate: 3.14159265258979703006, obtained in 3.464348 seconds
DONE 
CPUS:  16
Iteration: 1000000000
Pi estimate: 3.14159265259020425987, obtained in 2.606546 seconds
DONE 
CPUS:  20
Iteration: 1000000000
Pi estimate: 3.14159265259025044514, obtained in 2.090426 seconds
DONE 
CPUS:  24
Iteration: 1000000000
Pi estimate: 3.14159265259062081554, obtained in 1.766857 seconds
DONE 
CPUS:  28
Iteration: 1000000000
Pi estimate: 3.14159265259036146745, obtained in 1.526285 seconds
DONE 
CPUS:  32
Iteration: 1000000000
Pi estimate: 3.14159265259010700433, obtained in 1.338260 seconds
DONE 
CPUS:  36
Iteration: 1000000000
Pi estimate: 3.14159265258958875222, obtained in 1.920510 seconds
DONE 
CPUS:  40
Iteration: 1000000000
Pi estimate: 3.14159265258981790225, obtained in 1.774284 seconds
DONE 
CPUS:  44
Iteration: 1000000000
Pi estimate: 3.14159265258962294709, obtained in 1.624149 seconds
DONE 
CPUS:  48
Iteration: 1000000000
Pi estimate: 3.14159265258978059876, obtained in 1.696036 seconds
DONE 
======== Run :  4
CPUS:  8
Iteration: 1000000000
Pi estimate: 3.14159265258932407505, obtained in 5.206625 seconds
DONE 
CPUS:  12
Iteration: 1000000000
Pi estimate: 3.14159265258979703006, obtained in 3.449879 seconds
DONE 
CPUS:  16
Iteration: 1000000000
Pi estimate: 3.14159265259020425987, obtained in 2.633649 seconds
DONE 
CPUS:  20
Iteration: 1000000000
Pi estimate: 3.14159265259025044514, obtained in 2.117436 seconds
DONE 
CPUS:  24
Iteration: 1000000000
Pi estimate: 3.14159265259062081554, obtained in 1.746015 seconds
DONE 
CPUS:  28
Iteration: 1000000000
Pi estimate: 3.14159265259036146745, obtained in 1.506151 seconds
DONE 
CPUS:  32
Iteration: 1000000000
Pi estimate: 3.14159265259010700433, obtained in 1.336449 seconds
DONE 
CPUS:  36
Iteration: 1000000000
Pi estimate: 3.14159265258958875222, obtained in 1.758140 seconds
DONE 
CPUS:  40
Iteration: 1000000000
Pi estimate: 3.14159265258981790225, obtained in 1.953300 seconds
DONE 
CPUS:  44
Iteration: 1000000000
Pi estimate: 3.14159265258962339118, obtained in 1.594068 seconds
DONE 
CPUS:  48
Iteration: 1000000000
Pi estimate: 3.14159265258978104285, obtained in 1.712621 seconds
DONE 
======== Run :  5
CPUS:  8
Iteration: 1000000000
Pi estimate: 3.14159265258932407505, obtained in 5.181114 seconds
DONE 
CPUS:  12
Iteration: 1000000000
Pi estimate: 3.14159265258979703006, obtained in 3.435572 seconds
DONE 
CPUS:  16
Iteration: 1000000000
Pi estimate: 3.14159265259020425987, obtained in 2.595506 seconds
DONE 
CPUS:  20
Iteration: 1000000000
Pi estimate: 3.14159265259025044514, obtained in 2.099219 seconds
DONE 
CPUS:  24
Iteration: 1000000000
Pi estimate: 3.14159265259062081554, obtained in 1.776838 seconds
DONE 
CPUS:  28
Iteration: 1000000000
Pi estimate: 3.14159265259036146745, obtained in 1.508533 seconds
DONE 
CPUS:  32
Iteration: 1000000000
Pi estimate: 3.14159265259010700433, obtained in 1.323949 seconds
DONE 
CPUS:  36
Iteration: 1000000000
Pi estimate: 3.14159265258958830813, obtained in 1.782963 seconds
DONE 
CPUS:  40
Iteration: 1000000000
Pi estimate: 3.14159265258981745816, obtained in 1.867790 seconds
DONE 
CPUS:  44
Iteration: 1000000000
Pi estimate: 3.14159265258962294709, obtained in 1.800946 seconds
DONE 
CPUS:  48
Iteration: 1000000000
Pi estimate: 3.14159265258978148694, obtained in 1.622169 seconds
DONE 
======== Run :  6
CPUS:  8
Iteration: 1000000000
Pi estimate: 3.14159265258932407505, obtained in 5.166813 seconds
DONE 
CPUS:  12
Iteration: 1000000000
Pi estimate: 3.14159265258979703006, obtained in 3.458970 seconds
DONE 
CPUS:  16
Iteration: 1000000000
Pi estimate: 3.14159265259020425987, obtained in 2.603323 seconds
DONE 
CPUS:  20
Iteration: 1000000000
Pi estimate: 3.14159265259025044514, obtained in 2.083878 seconds
DONE 
CPUS:  24
Iteration: 1000000000
Pi estimate: 3.14159265259062081554, obtained in 1.752618 seconds
DONE 
CPUS:  28
Iteration: 1000000000
Pi estimate: 3.14159265259036146745, obtained in 1.522544 seconds
DONE 
CPUS:  32
Iteration: 1000000000
Pi estimate: 3.14159265259010700433, obtained in 1.326869 seconds
DONE 
CPUS:  36
Iteration: 1000000000
Pi estimate: 3.14159265258958830813, obtained in 1.764897 seconds
DONE 
CPUS:  40
Iteration: 1000000000
Pi estimate: 3.14159265258981701407, obtained in 1.801488 seconds
DONE 
CPUS:  44
Iteration: 1000000000
Pi estimate: 3.14159265258962339118, obtained in 1.635984 seconds
DONE 
CPUS:  48
Iteration: 1000000000
Pi estimate: 3.14159265258978148694, obtained in 1.640588 seconds
DONE 
======== Run :  7
CPUS:  8
Iteration: 1000000000
Pi estimate: 3.14159265258932407505, obtained in 5.140632 seconds
DONE 
CPUS:  12
Iteration: 1000000000
Pi estimate: 3.14159265258979703006, obtained in 3.466874 seconds
DONE 
CPUS:  16
Iteration: 1000000000
Pi estimate: 3.14159265259020425987, obtained in 2.595345 seconds
DONE 
CPUS:  20
Iteration: 1000000000
Pi estimate: 3.14159265259025044514, obtained in 2.090501 seconds
DONE 
CPUS:  24
Iteration: 1000000000
Pi estimate: 3.14159265259062081554, obtained in 1.765220 seconds
DONE 
CPUS:  28
Iteration: 1000000000
Pi estimate: 3.14159265259036146745, obtained in 1.514981 seconds
DONE 
CPUS:  32
Iteration: 1000000000
Pi estimate: 3.14159265259010700433, obtained in 1.332232 seconds
DONE 
CPUS:  36
Iteration: 1000000000
Pi estimate: 3.14159265258958786404, obtained in 1.746231 seconds
DONE 
CPUS:  40
Iteration: 1000000000
Pi estimate: 3.14159265258981701407, obtained in 1.564465 seconds
DONE 
CPUS:  44
Iteration: 1000000000
Pi estimate: 3.14159265258962339118, obtained in 1.813152 seconds
DONE 
CPUS:  48
Iteration: 1000000000
Pi estimate: 3.14159265258978104285, obtained in 1.745238 seconds
DONE 
======== Run :  8
CPUS:  8
Iteration: 1000000000
Pi estimate: 3.14159265258932407505, obtained in 5.187482 seconds
DONE 
CPUS:  12
Iteration: 1000000000
Pi estimate: 3.14159265258979703006, obtained in 3.462864 seconds
DONE 
CPUS:  16
Iteration: 1000000000
Pi estimate: 3.14159265259020425987, obtained in 2.610610 seconds
DONE 
CPUS:  20
Iteration: 1000000000
Pi estimate: 3.14159265259025044514, obtained in 2.087241 seconds
DONE 
CPUS:  24
Iteration: 1000000000
Pi estimate: 3.14159265259062081554, obtained in 1.761769 seconds
DONE 
CPUS:  28
Iteration: 1000000000
Pi estimate: 3.14159265259036146745, obtained in 1.514307 seconds
DONE 
CPUS:  32
Iteration: 1000000000
Pi estimate: 3.14159265259010700433, obtained in 1.326719 seconds
DONE 
CPUS:  36
Iteration: 1000000000
Pi estimate: 3.14159265258958830813, obtained in 1.700966 seconds
DONE 
CPUS:  40
Iteration: 1000000000
Pi estimate: 3.14159265258981745816, obtained in 1.664168 seconds
DONE 
CPUS:  44
Iteration: 1000000000
Pi estimate: 3.14159265258962383527, obtained in 1.733036 seconds
DONE 
CPUS:  48
Iteration: 1000000000
Pi estimate: 3.14159265258978148694, obtained in 1.773688 seconds
DONE 
======== Run :  9
CPUS:  8
Iteration: 1000000000
Pi estimate: 3.14159265258932407505, obtained in 5.193249 seconds
DONE 
CPUS:  12
Iteration: 1000000000
Pi estimate: 3.14159265258979703006, obtained in 3.445386 seconds
DONE 
CPUS:  16
Iteration: 1000000000
Pi estimate: 3.14159265259020425987, obtained in 2.604704 seconds
DONE 
CPUS:  20
Iteration: 1000000000
Pi estimate: 3.14159265259025044514, obtained in 2.089173 seconds
DONE 
CPUS:  24
Iteration: 1000000000
Pi estimate: 3.14159265259062081554, obtained in 1.748084 seconds
DONE 
CPUS:  28
Iteration: 1000000000
Pi estimate: 3.14159265259036146745, obtained in 1.510295 seconds
DONE 
CPUS:  32
Iteration: 1000000000
Pi estimate: 3.14159265259010700433, obtained in 1.339969 seconds
DONE 
CPUS:  36
Iteration: 1000000000
Pi estimate: 3.14159265258958875222, obtained in 1.897586 seconds
DONE 
CPUS:  40
Iteration: 1000000000
Pi estimate: 3.14159265258981745816, obtained in 1.757516 seconds
DONE 
CPUS:  44
Iteration: 1000000000
Pi estimate: 3.14159265258962294709, obtained in 1.607545 seconds
DONE 
CPUS:  48
Iteration: 1000000000
Pi estimate: 3.14159265258978148694, obtained in 1.533179 seconds
DONE 
======== Run :  10
CPUS:  8
Iteration: 1000000000
Pi estimate: 3.14159265258932407505, obtained in 5.241416 seconds
DONE 
CPUS:  12
Iteration: 1000000000
Pi estimate: 3.14159265258979703006, obtained in 3.484986 seconds
DONE 
CPUS:  16
Iteration: 1000000000
Pi estimate: 3.14159265259020425987, obtained in 2.610856 seconds
DONE 
CPUS:  20
Iteration: 1000000000
Pi estimate: 3.14159265259025044514, obtained in 2.088414 seconds
DONE 
CPUS:  24
Iteration: 1000000000
Pi estimate: 3.14159265259062081554, obtained in 1.760694 seconds
DONE 
CPUS:  28
Iteration: 1000000000
Pi estimate: 3.14159265259036146745, obtained in 1.508704 seconds
DONE 
CPUS:  32
Iteration: 1000000000
Pi estimate: 3.14159265259010700433, obtained in 1.332612 seconds
DONE 
CPUS:  36
Iteration: 1000000000
Pi estimate: 3.14159265258958875222, obtained in 1.779725 seconds
DONE 
CPUS:  40
Iteration: 1000000000
Pi estimate: 3.14159265258981745816, obtained in 1.618624 seconds
DONE 
CPUS:  44
Iteration: 1000000000
Pi estimate: 3.14159265258962339118, obtained in 1.606199 seconds
DONE 
CPUS:  48
Iteration: 1000000000
Pi estimate: 3.14159265258978148694, obtained in 1.673574 seconds
DONE 
======== Run :  11
CPUS:  8
Iteration: 1000000000
Pi estimate: 3.14159265258932407505, obtained in 5.141669 seconds
DONE 
CPUS:  12
Iteration: 1000000000
Pi estimate: 3.14159265258979703006, obtained in 3.448842 seconds
DONE 
CPUS:  16
Iteration: 1000000000
Pi estimate: 3.14159265259020425987, obtained in 2.649678 seconds
DONE 
CPUS:  20
Iteration: 1000000000
Pi estimate: 3.14159265259025044514, obtained in 2.095199 seconds
DONE 
CPUS:  24
Iteration: 1000000000
Pi estimate: 3.14159265259062081554, obtained in 1.750564 seconds
DONE 
CPUS:  28
Iteration: 1000000000
Pi estimate: 3.14159265259036146745, obtained in 1.517794 seconds
DONE 
CPUS:  32
Iteration: 1000000000
Pi estimate: 3.14159265259010700433, obtained in 1.333862 seconds
DONE 
CPUS:  36
Iteration: 1000000000
Pi estimate: 3.14159265258958786404, obtained in 1.800240 seconds
DONE 
CPUS:  40
Iteration: 1000000000
Pi estimate: 3.14159265258981745816, obtained in 1.793710 seconds
DONE 
CPUS:  44
Iteration: 1000000000
Pi estimate: 3.14159265258962294709, obtained in 1.796230 seconds
DONE 
CPUS:  48
Iteration: 1000000000
Pi estimate: 3.14159265258978148694, obtained in 1.766627 seconds
DONE 
======== Run :  12
CPUS:  8
Iteration: 1000000000
Pi estimate: 3.14159265258932363096, obtained in 5.164781 seconds
DONE 
CPUS:  12
Iteration: 1000000000
Pi estimate: 3.14159265258979703006, obtained in 3.484149 seconds
DONE 
CPUS:  16
Iteration: 1000000000
Pi estimate: 3.14159265259020425987, obtained in 2.605242 seconds
DONE 
CPUS:  20
Iteration: 1000000000
Pi estimate: 3.14159265259025044514, obtained in 2.118454 seconds
DONE 
CPUS:  24
Iteration: 1000000000
Pi estimate: 3.14159265259062081554, obtained in 1.776241 seconds
DONE 
CPUS:  28
Iteration: 1000000000
Pi estimate: 3.14159265259036146745, obtained in 1.521890 seconds
DONE 
CPUS:  32
Iteration: 1000000000
Pi estimate: 3.14159265259010700433, obtained in 1.330613 seconds
DONE 
CPUS:  36
Iteration: 1000000000
Pi estimate: 3.14159265258958741995, obtained in 1.768065 seconds
DONE 
CPUS:  40
Iteration: 1000000000
Pi estimate: 3.14159265258981790225, obtained in 1.901346 seconds
DONE 
CPUS:  44
Iteration: 1000000000
Pi estimate: 3.14159265258962294709, obtained in 1.648129 seconds
DONE 
CPUS:  48
Iteration: 1000000000
Pi estimate: 3.14159265258978148694, obtained in 1.647510 seconds
DONE 
======== Run :  13
CPUS:  8
Iteration: 1000000000
Pi estimate: 3.14159265258932407505, obtained in 5.143137 seconds
DONE 
CPUS:  12
Iteration: 1000000000
Pi estimate: 3.14159265258979703006, obtained in 3.462427 seconds
DONE 
CPUS:  16
Iteration: 1000000000
Pi estimate: 3.14159265259020425987, obtained in 2.610672 seconds
DONE 
CPUS:  20
Iteration: 1000000000
Pi estimate: 3.14159265259025044514, obtained in 2.122912 seconds
DONE 
CPUS:  24
Iteration: 1000000000
Pi estimate: 3.14159265259062081554, obtained in 1.757066 seconds
DONE 
CPUS:  28
Iteration: 1000000000
Pi estimate: 3.14159265259036146745, obtained in 1.514424 seconds
DONE 
CPUS:  32
Iteration: 1000000000
Pi estimate: 3.14159265259010700433, obtained in 1.351439 seconds
DONE 
CPUS:  36
Iteration: 1000000000
Pi estimate: 3.14159265258958786404, obtained in 1.710088 seconds
DONE 
CPUS:  40
Iteration: 1000000000
Pi estimate: 3.14159265258981745816, obtained in 1.734435 seconds
DONE 
CPUS:  44
Iteration: 1000000000
Pi estimate: 3.14159265258962294709, obtained in 1.724959 seconds
DONE 
CPUS:  48
Iteration: 1000000000
Pi estimate: 3.14159265258978104285, obtained in 1.482834 seconds
DONE 
======== Run :  14
CPUS:  8
Iteration: 1000000000
Pi estimate: 3.14159265258932407505, obtained in 5.151596 seconds
DONE 
CPUS:  12
Iteration: 1000000000
Pi estimate: 3.14159265258979703006, obtained in 3.481731 seconds
DONE 
CPUS:  16
Iteration: 1000000000
Pi estimate: 3.14159265259020425987, obtained in 2.603351 seconds
DONE 
CPUS:  20
Iteration: 1000000000
Pi estimate: 3.14159265259025044514, obtained in 2.096005 seconds
DONE 
CPUS:  24
Iteration: 1000000000
Pi estimate: 3.14159265259062081554, obtained in 1.746326 seconds
DONE 
CPUS:  28
Iteration: 1000000000
Pi estimate: 3.14159265259036146745, obtained in 1.516926 seconds
DONE 
CPUS:  32
Iteration: 1000000000
Pi estimate: 3.14159265259010700433, obtained in 1.325572 seconds
DONE 
CPUS:  36
Iteration: 1000000000
Pi estimate: 3.14159265258958786404, obtained in 1.786517 seconds
DONE 
CPUS:  40
Iteration: 1000000000
Pi estimate: 3.14159265258981745816, obtained in 1.670442 seconds
DONE 
CPUS:  44
Iteration: 1000000000
Pi estimate: 3.14159265258962250300, obtained in 1.791394 seconds
DONE 
CPUS:  48
Iteration: 1000000000
Pi estimate: 3.14159265258978193103, obtained in 1.761908 seconds
DONE 
======== Run :  15
CPUS:  8
Iteration: 1000000000
Pi estimate: 3.14159265258932407505, obtained in 5.136583 seconds
DONE 
CPUS:  12
Iteration: 1000000000
Pi estimate: 3.14159265258979703006, obtained in 3.466176 seconds
DONE 
CPUS:  16
Iteration: 1000000000
Pi estimate: 3.14159265259020425987, obtained in 2.603883 seconds
DONE 
CPUS:  20
Iteration: 1000000000
Pi estimate: 3.14159265259025044514, obtained in 2.091075 seconds
DONE 
CPUS:  24
Iteration: 1000000000
Pi estimate: 3.14159265259062081554, obtained in 1.748439 seconds
DONE 
CPUS:  28
Iteration: 1000000000
Pi estimate: 3.14159265259036146745, obtained in 1.525201 seconds
DONE 
CPUS:  32
Iteration: 1000000000
Pi estimate: 3.14159265259010700433, obtained in 1.333807 seconds
DONE 
CPUS:  36
Iteration: 1000000000
Pi estimate: 3.14159265258958875222, obtained in 1.754454 seconds
DONE 
CPUS:  40
Iteration: 1000000000
Pi estimate: 3.14159265258981745816, obtained in 1.733011 seconds
DONE 
CPUS:  44
Iteration: 1000000000
Pi estimate: 3.14159265258962250300, obtained in 1.781940 seconds
DONE 
CPUS:  48
Iteration: 1000000000
Pi estimate: 3.14159265258978148694, obtained in 1.729734 seconds
DONE 
======== Run :  16
CPUS:  8
Iteration: 1000000000
Pi estimate: 3.14159265258932407505, obtained in 5.146739 seconds
DONE 
CPUS:  12
Iteration: 1000000000
Pi estimate: 3.14159265258979703006, obtained in 3.469365 seconds
DONE 
CPUS:  16
Iteration: 1000000000
Pi estimate: 3.14159265259020425987, obtained in 2.630920 seconds
DONE 
CPUS:  20
Iteration: 1000000000
Pi estimate: 3.14159265259025044514, obtained in 2.092211 seconds
DONE 
CPUS:  24
Iteration: 1000000000
Pi estimate: 3.14159265259062081554, obtained in 1.756201 seconds
DONE 
CPUS:  28
Iteration: 1000000000
Pi estimate: 3.14159265259036146745, obtained in 1.510470 seconds
DONE 
CPUS:  32
Iteration: 1000000000
Pi estimate: 3.14159265259010700433, obtained in 1.334057 seconds
DONE 
CPUS:  36
Iteration: 1000000000
Pi estimate: 3.14159265258958786404, obtained in 1.865193 seconds
DONE 
CPUS:  40
Iteration: 1000000000
Pi estimate: 3.14159265258981701407, obtained in 1.706995 seconds
DONE 
CPUS:  44
Iteration: 1000000000
Pi estimate: 3.14159265258962250300, obtained in 1.654870 seconds
DONE 
CPUS:  48
Iteration: 1000000000
Pi estimate: 3.14159265258978148694, obtained in 1.851825 seconds
DONE 
======== Run :  17
CPUS:  8
Iteration: 1000000000
Pi estimate: 3.14159265258932407505, obtained in 5.114098 seconds
DONE 
CPUS:  12
Iteration: 1000000000
Pi estimate: 3.14159265258979703006, obtained in 3.455624 seconds
DONE 
CPUS:  16
Iteration: 1000000000
Pi estimate: 3.14159265259020425987, obtained in 2.607275 seconds
DONE 
CPUS:  20
Iteration: 1000000000
Pi estimate: 3.14159265259025044514, obtained in 2.118742 seconds
DONE 
CPUS:  24
Iteration: 1000000000
Pi estimate: 3.14159265259062081554, obtained in 1.756551 seconds
DONE 
CPUS:  28
Iteration: 1000000000
Pi estimate: 3.14159265259036146745, obtained in 1.511295 seconds
DONE 
CPUS:  32
Iteration: 1000000000
Pi estimate: 3.14159265259010700433, obtained in 1.340351 seconds
DONE 
CPUS:  36
Iteration: 1000000000
Pi estimate: 3.14159265258958830813, obtained in 1.744460 seconds
DONE 
CPUS:  40
Iteration: 1000000000
Pi estimate: 3.14159265258981745816, obtained in 1.755044 seconds
DONE 
CPUS:  44
Iteration: 1000000000
Pi estimate: 3.14159265258962250300, obtained in 1.826692 seconds
DONE 
CPUS:  48
Iteration: 1000000000
Pi estimate: 3.14159265258978148694, obtained in 1.756733 seconds
DONE 
======== Run :  18
CPUS:  8
Iteration: 1000000000
Pi estimate: 3.14159265258932407505, obtained in 5.133648 seconds
DONE 
CPUS:  12
Iteration: 1000000000
Pi estimate: 3.14159265258979703006, obtained in 3.487893 seconds
DONE 
CPUS:  16
Iteration: 1000000000
Pi estimate: 3.14159265259020425987, obtained in 2.599449 seconds
DONE 
CPUS:  20
Iteration: 1000000000
Pi estimate: 3.14159265259025044514, obtained in 2.089087 seconds
DONE 
CPUS:  24
Iteration: 1000000000
Pi estimate: 3.14159265259062081554, obtained in 1.750832 seconds
DONE 
CPUS:  28
Iteration: 1000000000
Pi estimate: 3.14159265259036146745, obtained in 1.509097 seconds
DONE 
CPUS:  32
Iteration: 1000000000
Pi estimate: 3.14159265259010700433, obtained in 1.330002 seconds
DONE 
CPUS:  36
Iteration: 1000000000
Pi estimate: 3.14159265258958830813, obtained in 1.910257 seconds
DONE 
CPUS:  40
Iteration: 1000000000
Pi estimate: 3.14159265258981745816, obtained in 1.774065 seconds
DONE 
CPUS:  44
Iteration: 1000000000
Pi estimate: 3.14159265258962339118, obtained in 1.719672 seconds
DONE 
CPUS:  48
Iteration: 1000000000
Pi estimate: 3.14159265258978104285, obtained in 1.735652 seconds
DONE 
======== Run :  19
CPUS:  8
Iteration: 1000000000
Pi estimate: 3.14159265258932407505, obtained in 5.120617 seconds
DONE 
CPUS:  12
Iteration: 1000000000
Pi estimate: 3.14159265258979703006, obtained in 3.512672 seconds
DONE 
CPUS:  16
Iteration: 1000000000
Pi estimate: 3.14159265259020470396, obtained in 2.606894 seconds
DONE 
CPUS:  20
Iteration: 1000000000
Pi estimate: 3.14159265259025044514, obtained in 2.085587 seconds
DONE 
CPUS:  24
Iteration: 1000000000
Pi estimate: 3.14159265259062081554, obtained in 1.775447 seconds
DONE 
CPUS:  28
Iteration: 1000000000
Pi estimate: 3.14159265259036146745, obtained in 1.507322 seconds
DONE 
CPUS:  32
Iteration: 1000000000
Pi estimate: 3.14159265259010700433, obtained in 1.332891 seconds
DONE 
CPUS:  36
Iteration: 1000000000
Pi estimate: 3.14159265258958786404, obtained in 1.811665 seconds
DONE 
CPUS:  40
Iteration: 1000000000
Pi estimate: 3.14159265258981701407, obtained in 1.677783 seconds
DONE 
CPUS:  44
Iteration: 1000000000
Pi estimate: 3.14159265258962250300, obtained in 1.689830 seconds
DONE 
CPUS:  48
Iteration: 1000000000
Pi estimate: 3.14159265258978148694, obtained in 1.635209 seconds
DONE 
======== Run :  20
CPUS:  8
Iteration: 1000000000
Pi estimate: 3.14159265258932407505, obtained in 5.163284 seconds
DONE 
CPUS:  12
Iteration: 1000000000
Pi estimate: 3.14159265258979703006, obtained in 3.459428 seconds
DONE 
CPUS:  16
Iteration: 1000000000
Pi estimate: 3.14159265259020425987, obtained in 2.600637 seconds
DONE 
CPUS:  20
Iteration: 1000000000
Pi estimate: 3.14159265259025044514, obtained in 2.100041 seconds
DONE 
CPUS:  24
Iteration: 1000000000
Pi estimate: 3.14159265259062081554, obtained in 1.744766 seconds
DONE 
CPUS:  28
Iteration: 1000000000
Pi estimate: 3.14159265259036146745, obtained in 1.517960 seconds
DONE 
CPUS:  32
Iteration: 1000000000
Pi estimate: 3.14159265259010700433, obtained in 1.341425 seconds
DONE 
CPUS:  36
Iteration: 1000000000
Pi estimate: 3.14159265258958830813, obtained in 1.755589 seconds
DONE 
CPUS:  40
Iteration: 1000000000
Pi estimate: 3.14159265258981701407, obtained in 1.568797 seconds
DONE 
CPUS:  44
Iteration: 1000000000
Pi estimate: 3.14159265258962294709, obtained in 1.446807 seconds
DONE 
CPUS:  48
Iteration: 1000000000
Pi estimate: 3.14159265258978193103, obtained in 1.649245 seconds
DONE 

JOB STATISTICS
==============
Job ID: 4971936
Cluster: snellius
User/Group: scur0330/scur0330
State: RUNNING
Nodes: 1
Cores per node: 32
CPU Utilized: 00:00:00
CPU Efficiency: 0.00% of 04:30:24 core-walltime
Job Wall-clock time: 00:08:27
Memory Utilized: 0.00 MB (estimated maximum)
Memory Efficiency: 0.00% of 56.00 GB (1.75 GB/core)
WARNING: Efficiency statistics may be misleading for RUNNING jobs.
