======== Run :  1
My rank: 6, Row start: 373, Row end:434 
My rank: 13, Row start: 807, Row end:868 
My rank: 17, Row start: 1055, Row end:1116 
My rank: 44, Row start: 2729, Row end:2790 
My rank: 0, Row start: 1, Row end:62 
My rank: 2, Row start: 125, Row end:186 
My rank: 5, Row start: 311, Row end:372 
My rank: 15, Row start: 931, Row end:992 
My rank: 16, Row start: 993, Row end:1054 
My rank: 23, Row start: 1427, Row end:1488 
My rank: 30, Row start: 1861, Row end:1922 
My rank: 31, Row start: 1923, Row end:1984 
My rank: 34, Row start: 2109, Row end:2170 
My rank: 42, Row start: 2605, Row end:2666 
My rank: 45, Row start: 2791, Row end:2852 
My rank: 46, Row start: 2853, Row end:2914 
My rank: 29, Row start: 1799, Row end:1860 
My rank: 33, Row start: 2047, Row end:2108 
My rank: 40, Row start: 2481, Row end:2542 
My rank: 8, Row start: 497, Row end:558 
My rank: 12, Row start: 745, Row end:806 
My rank: 24, Row start: 1489, Row end:1550 
My rank: 28, Row start: 1737, Row end:1798 
My rank: 37, Row start: 2295, Row end:2356 
My rank: 3, Row start: 187, Row end:248 
My rank: 41, Row start: 2543, Row end:2604 
My rank: 1, Row start: 63, Row end:124 
My rank: 4, Row start: 249, Row end:310 
My rank: 18, Row start: 1117, Row end:1178 
My rank: 22, Row start: 1365, Row end:1426 
My rank: 20, Row start: 1241, Row end:1302 
My rank: 35, Row start: 2171, Row end:2232 
My rank: 7, Row start: 435, Row end:496 
My rank: 38, Row start: 2357, Row end:2418 
My rank: 9, Row start: 559, Row end:620 
My rank: 11, Row start: 683, Row end:744 
My rank: 19, Row start: 1179, Row end:1240 
My rank: 27, Row start: 1675, Row end:1736 
My rank: 39, Row start: 2419, Row end:2480 
My rank: 21, Row start: 1303, Row end:1364 
My rank: 10, Row start: 621, Row end:682 
My rank: 14, Row start: 869, Row end:930 
My rank: 25, Row start: 1551, Row end:1612 
My rank: 26, Row start: 1613, Row end:1674 
My rank: 32, Row start: 1985, Row end:2046 
My rank: 36, Row start: 2233, Row end:2294 
My rank: 43, Row start: 2667, Row end:2728 
My rank: 47, Row start: 2915, Row end:2999 
My rank:1, took 6.909063 seconds
My rank:2, took 6.909425 seconds
My rank:3, took 6.909106 seconds
My rank:4, took 6.909084 seconds
My rank:5, took 6.909392 seconds
My rank:6, took 6.909587 seconds
My rank:7, took 6.909001 seconds
My rank:8, took 6.909176 seconds
My rank:9, took 6.908925 seconds
My rank:10, took 6.908343 seconds
My rank:11, took 6.908899 seconds
My rank:12, took 6.909153 seconds
My rank:13, took 6.909522 seconds
My rank:14, took 6.908783 seconds
My rank:15, took 6.909299 seconds
My rank:16, took 6.909301 seconds
My rank:17, took 6.909682 seconds
My rank:18, took 6.909033 seconds
My rank:19, took 6.908959 seconds
My rank:20, took 6.909093 seconds
My rank:21, took 6.908914 seconds
My rank:22, took 6.909152 seconds
My rank:23, took 6.909532 seconds
My rank:24, took 6.909257 seconds
My rank:25, took 6.908892 seconds
My rank:26, took 6.908722 seconds
My rank:27, took 6.909032 seconds
My rank:28, took 6.909257 seconds
My rank:29, took 6.909381 seconds
My rank:30, took 6.909539 seconds
My rank:31, took 6.909423 seconds
My rank:32, took 6.908417 seconds
My rank:33, took 6.899490 seconds
My rank:34, took 6.899567 seconds
My rank:35, took 6.899265 seconds
My rank:36, took 6.897544 seconds
My rank:37, took 6.899325 seconds
My rank:38, took 6.899171 seconds
My rank:39, took 6.899116 seconds
My rank:40, took 6.899591 seconds
My rank:41, took 6.899695 seconds
My rank:42, took 6.900232 seconds
My rank:43, took 6.898803 seconds
My rank:44, took 6.900682 seconds
My rank:45, took 6.900762 seconds
My rank:46, took 6.900957 seconds
My rank:47, took 6.900068 seconds
My rank:0, took 6.909290 seconds
That took 6.909290 seconds
======== Run :  2
My rank: 14, Row start: 869, Row end:930 
My rank: 0, Row start: 1, Row end:62 
My rank: 8, Row start: 497, Row end:558 
My rank: 5, Row start: 311, Row end:372 
My rank: 43, Row start: 2667, Row end:2728 
My rank: 31, Row start: 1923, Row end:1984 
My rank: 18, Row start: 1117, Row end:1178 
My rank: 28, Row start: 1737, Row end:1798 
My rank: 3, Row start: 187, Row end:248 
My rank: 10, Row start: 621, Row end:682 
My rank: 2, Row start: 125, Row end:186 
My rank: 21, Row start: 1303, Row end:1364 
My rank: 27, Row start: 1675, Row end:1736 
My rank: 45, Row start: 2791, Row end:2852 
My rank: 13, Row start: 807, Row end:868 
My rank: 19, Row start: 1179, Row end:1240 
My rank: 36, Row start: 2233, Row end:2294 
My rank: 7, Row start: 435, Row end:496 
My rank: 15, Row start: 931, Row end:992 
My rank: 1, Row start: 63, Row end:124 
My rank: 4, Row start: 249, Row end:310 
My rank: 6, Row start: 373, Row end:434 
My rank: 11, Row start: 683, Row end:744 
My rank: 12, Row start: 745, Row end:806 
My rank: 16, Row start: 993, Row end:1054 
My rank: 17, Row start: 1055, Row end:1116 
My rank: 20, Row start: 1241, Row end:1302 
My rank: 22, Row start: 1365, Row end:1426 
My rank: 23, Row start: 1427, Row end:1488 
My rank: 24, Row start: 1489, Row end:1550 
My rank: 25, Row start: 1551, Row end:1612 
My rank: 26, Row start: 1613, Row end:1674 
My rank: 29, Row start: 1799, Row end:1860 
My rank: 30, Row start: 1861, Row end:1922 
My rank: 32, Row start: 1985, Row end:2046 
My rank: 33, Row start: 2047, Row end:2108 
My rank: 34, Row start: 2109, Row end:2170 
My rank: 35, Row start: 2171, Row end:2232 
My rank: 37, Row start: 2295, Row end:2356 
My rank: 38, Row start: 2357, Row end:2418 
My rank: 39, Row start: 2419, Row end:2480 
My rank: 40, Row start: 2481, Row end:2542 
My rank: 41, Row start: 2543, Row end:2604 
My rank: 42, Row start: 2605, Row end:2666 
My rank: 44, Row start: 2729, Row end:2790 
My rank: 46, Row start: 2853, Row end:2914 
My rank: 47, Row start: 2915, Row end:2999 
My rank: 9, Row start: 559, Row end:620 
My rank:1, took 4.527635 seconds
My rank:2, took 4.528229 seconds
My rank:3, took 4.528414 seconds
My rank:4, took 4.528196 seconds
My rank:5, took 4.528902 seconds
My rank:6, took 4.528435 seconds
My rank:7, took 4.529138 seconds
My rank:8, took 4.529567 seconds
My rank:9, took 4.528776 seconds
My rank:10, took 4.529845 seconds
My rank:11, took 4.529679 seconds
My rank:12, took 4.529873 seconds
My rank:13, took 4.530351 seconds
My rank:14, took 4.530986 seconds
My rank:15, took 4.530733 seconds
My rank:16, took 4.530878 seconds
My rank:17, took 4.530923 seconds
My rank:18, took 4.531475 seconds
My rank:19, took 4.531619 seconds
My rank:20, took 4.531409 seconds
My rank:21, took 4.532021 seconds
My rank:22, took 4.532173 seconds
My rank:23, took 4.532127 seconds
My rank:24, took 4.532548 seconds
My rank:25, took 4.532408 seconds
My rank:26, took 4.532824 seconds
My rank:27, took 4.533389 seconds
My rank:28, took 4.533631 seconds
My rank:29, took 4.533043 seconds
My rank:30, took 4.533288 seconds
My rank:31, took 4.534165 seconds
My rank:32, took 4.534021 seconds
My rank:33, took 4.534012 seconds
My rank:34, took 4.534467 seconds
My rank:35, took 4.534444 seconds
My rank:36, took 4.535125 seconds
My rank:37, took 4.535055 seconds
My rank:38, took 4.534958 seconds
My rank:39, took 4.535290 seconds
My rank:40, took 4.535683 seconds
My rank:41, took 4.535671 seconds
My rank:42, took 4.535858 seconds
My rank:43, took 4.536564 seconds
My rank:44, took 4.536058 seconds
My rank:45, took 4.536789 seconds
My rank:46, took 4.536516 seconds
My rank:47, took 4.536796 seconds
My rank:0, took 4.527950 seconds
That took 4.527950 seconds
======== Run :  3
My rank: 1, Row start: 63, Row end:124 
My rank: 5, Row start: 311, Row end:372 
My rank: 6, Row start: 373, Row end:434 
My rank: 7, Row start: 435, Row end:496 
My rank: 11, Row start: 683, Row end:744 
My rank: 13, Row start: 807, Row end:868 
My rank: 16, Row start: 993, Row end:1054 
My rank: 20, Row start: 1241, Row end:1302 
My rank: 22, Row start: 1365, Row end:1426 
My rank: 32, Row start: 1985, Row end:2046 
My rank: 36, Row start: 2233, Row end:2294 
My rank: 37, Row start: 2295, Row end:2356 
My rank: 40, Row start: 2481, Row end:2542 
My rank: 43, Row start: 2667, Row end:2728 
My rank: 45, Row start: 2791, Row end:2852 
My rank: 46, Row start: 2853, Row end:2914 
My rank: 2, Row start: 125, Row end:186 
My rank: 3, Row start: 187, Row end:248 
My rank: 8, Row start: 497, Row end:558 
My rank: 10, Row start: 621, Row end:682 
My rank: 12, Row start: 745, Row end:806 
My rank: 15, Row start: 931, Row end:992 
My rank: 17, Row start: 1055, Row end:1116 
My rank: 19, Row start: 1179, Row end:1240 
My rank: 21, Row start: 1303, Row end:1364 
My rank: 23, Row start: 1427, Row end:1488 
My rank: 24, Row start: 1489, Row end:1550 
My rank: 26, Row start: 1613, Row end:1674 
My rank: 27, Row start: 1675, Row end:1736 
My rank: 29, Row start: 1799, Row end:1860 
My rank: 33, Row start: 2047, Row end:2108 
My rank: 42, Row start: 2605, Row end:2666 
My rank: 47, Row start: 2915, Row end:2999 
My rank: 18, Row start: 1117, Row end:1178 
My rank: 31, Row start: 1923, Row end:1984 
My rank: 34, Row start: 2109, Row end:2170 
My rank: 44, Row start: 2729, Row end:2790 
My rank: 9, Row start: 559, Row end:620 
My rank: 28, Row start: 1737, Row end:1798 
My rank: 41, Row start: 2543, Row end:2604 
My rank: 0, Row start: 1, Row end:62 
My rank: 4, Row start: 249, Row end:310 
My rank: 14, Row start: 869, Row end:930 
My rank: 25, Row start: 1551, Row end:1612 
My rank: 30, Row start: 1861, Row end:1922 
My rank: 35, Row start: 2171, Row end:2232 
My rank: 38, Row start: 2357, Row end:2418 
My rank: 39, Row start: 2419, Row end:2480 
My rank:1, took 5.359923 seconds
My rank:2, took 5.359805 seconds
My rank:3, took 5.360049 seconds
My rank:4, took 5.359279 seconds
My rank:5, took 5.360697 seconds
My rank:6, took 5.360876 seconds
My rank:7, took 5.361107 seconds
My rank:8, took 5.361002 seconds
My rank:9, took 5.360993 seconds
My rank:10, took 5.361568 seconds
My rank:11, took 5.361831 seconds
My rank:12, took 5.361892 seconds
My rank:13, took 5.362483 seconds
My rank:14, took 5.361501 seconds
My rank:15, took 5.362411 seconds
My rank:16, took 5.362966 seconds
My rank:17, took 5.362900 seconds
My rank:18, took 5.362971 seconds
My rank:19, took 5.363270 seconds
My rank:20, took 5.363901 seconds
My rank:21, took 5.363803 seconds
My rank:22, took 5.364165 seconds
My rank:23, took 5.364285 seconds
My rank:24, took 5.364523 seconds
My rank:25, took 5.363550 seconds
My rank:26, took 5.364923 seconds
My rank:27, took 5.364930 seconds
My rank:28, took 5.365094 seconds
My rank:29, took 5.365609 seconds
My rank:30, took 5.364462 seconds
My rank:31, took 5.365688 seconds
My rank:32, took 5.366179 seconds
My rank:33, took 5.366217 seconds
My rank:34, took 5.366219 seconds
My rank:35, took 5.366070 seconds
My rank:36, took 5.367286 seconds
My rank:37, took 5.367242 seconds
My rank:38, took 5.366854 seconds
My rank:39, took 5.367098 seconds
My rank:40, took 5.367847 seconds
My rank:41, took 5.367654 seconds
My rank:42, took 5.368124 seconds
My rank:43, took 5.368010 seconds
My rank:44, took 5.368215 seconds
My rank:45, took 5.368940 seconds
My rank:46, took 5.369078 seconds
My rank:47, took 5.369057 seconds
My rank:0, took 5.359037 seconds
That took 5.359037 seconds
======== Run :  4
My rank: 19, Row start: 1179, Row end:1240 
My rank: 7, Row start: 435, Row end:496 
My rank: 13, Row start: 807, Row end:868 
My rank: 35, Row start: 2171, Row end:2232 
My rank: 36, Row start: 2233, Row end:2294 
My rank: 47, Row start: 2915, Row end:2999 
My rank: 6, Row start: 373, Row end:434 
My rank: 12, Row start: 745, Row end:806 
My rank: 30, Row start: 1861, Row end:1922 
My rank: 31, Row start: 1923, Row end:1984 
My rank: 24, Row start: 1489, Row end:1550 
My rank: 0, Row start: 1, Row end:62 
My rank: 1, Row start: 63, Row end:124 
My rank: 2, Row start: 125, Row end:186 
My rank: 3, Row start: 187, Row end:248 
My rank: 4, Row start: 249, Row end:310 
My rank: 5, Row start: 311, Row end:372 
My rank: 8, Row start: 497, Row end:558 
My rank: 9, Row start: 559, Row end:620 
My rank: 11, Row start: 683, Row end:744 
My rank: 15, Row start: 931, Row end:992 
My rank: 16, Row start: 993, Row end:1054 
My rank: 17, Row start: 1055, Row end:1116 
My rank: 20, Row start: 1241, Row end:1302 
My rank: 21, Row start: 1303, Row end:1364 
My rank: 23, Row start: 1427, Row end:1488 
My rank: 25, Row start: 1551, Row end:1612 
My rank: 26, Row start: 1613, Row end:1674 
My rank: 27, Row start: 1675, Row end:1736 
My rank: 28, Row start: 1737, Row end:1798 
My rank: 29, Row start: 1799, Row end:1860 
My rank: 32, Row start: 1985, Row end:2046 
My rank: 33, Row start: 2047, Row end:2108 
My rank: 34, Row start: 2109, Row end:2170 
My rank: 37, Row start: 2295, Row end:2356 
My rank: 38, Row start: 2357, Row end:2418 
My rank: 39, Row start: 2419, Row end:2480 
My rank: 41, Row start: 2543, Row end:2604 
My rank: 42, Row start: 2605, Row end:2666 
My rank: 44, Row start: 2729, Row end:2790 
My rank: 45, Row start: 2791, Row end:2852 
My rank: 46, Row start: 2853, Row end:2914 
My rank: 14, Row start: 869, Row end:930 
My rank: 18, Row start: 1117, Row end:1178 
My rank: 22, Row start: 1365, Row end:1426 
My rank: 40, Row start: 2481, Row end:2542 
My rank: 43, Row start: 2667, Row end:2728 
My rank: 10, Row start: 621, Row end:682 
My rank:1, took 4.544463 seconds
My rank:2, took 4.544278 seconds
My rank:3, took 4.545355 seconds
My rank:4, took 4.545190 seconds
My rank:5, took 4.545740 seconds
My rank:6, took 4.546187 seconds
My rank:7, took 4.546426 seconds
My rank:8, took 4.546025 seconds
My rank:9, took 4.546326 seconds
My rank:10, took 4.538871 seconds
My rank:11, took 4.547007 seconds
My rank:12, took 4.547362 seconds
My rank:13, took 4.547705 seconds
My rank:14, took 4.546533 seconds
My rank:15, took 4.547717 seconds
My rank:16, took 4.547298 seconds
My rank:17, took 4.548006 seconds
My rank:18, took 4.547409 seconds
My rank:19, took 4.548685 seconds
My rank:20, took 4.548829 seconds
My rank:21, took 4.548918 seconds
My rank:22, took 4.548205 seconds
My rank:23, took 4.549398 seconds
My rank:24, took 4.549704 seconds
My rank:25, took 4.549769 seconds
My rank:26, took 4.549222 seconds
My rank:27, took 4.550085 seconds
My rank:28, took 4.550203 seconds
My rank:29, took 4.550416 seconds
My rank:30, took 4.551032 seconds
My rank:31, took 4.551081 seconds
My rank:32, took 4.551001 seconds
My rank:33, took 4.550969 seconds
My rank:34, took 4.551437 seconds
My rank:35, took 4.552025 seconds
My rank:36, took 4.552281 seconds
My rank:37, took 4.551539 seconds
My rank:38, took 4.552335 seconds
My rank:39, took 4.552613 seconds
My rank:40, took 4.551111 seconds
My rank:41, took 4.552993 seconds
My rank:42, took 4.552533 seconds
My rank:43, took 4.551552 seconds
My rank:44, took 4.553214 seconds
My rank:45, took 4.553858 seconds
My rank:46, took 4.553813 seconds
My rank:47, took 4.554555 seconds
My rank:0, took 4.544475 seconds
That took 4.544475 seconds
======== Run :  5
My rank: 0, Row start: 1, Row end:62 
My rank: 2, Row start: 125, Row end:186 
My rank: 4, Row start: 249, Row end:310 
My rank: 6, Row start: 373, Row end:434 
My rank: 7, Row start: 435, Row end:496 
My rank: 10, Row start: 621, Row end:682 
My rank: 12, Row start: 745, Row end:806 
My rank: 14, Row start: 869, Row end:930 
My rank: 15, Row start: 931, Row end:992 
My rank: 16, Row start: 993, Row end:1054 
My rank: 21, Row start: 1303, Row end:1364 
My rank: 22, Row start: 1365, Row end:1426 
My rank: 26, Row start: 1613, Row end:1674 
My rank: 27, Row start: 1675, Row end:1736 
My rank: 28, Row start: 1737, Row end:1798 
My rank: 29, Row start: 1799, Row end:1860 
My rank: 30, Row start: 1861, Row end:1922 
My rank: 31, Row start: 1923, Row end:1984 
My rank: 32, Row start: 1985, Row end:2046 
My rank: 35, Row start: 2171, Row end:2232 
My rank: 37, Row start: 2295, Row end:2356 
My rank: 39, Row start: 2419, Row end:2480 
My rank: 41, Row start: 2543, Row end:2604 
My rank: 43, Row start: 2667, Row end:2728 
My rank: 44, Row start: 2729, Row end:2790 
My rank: 45, Row start: 2791, Row end:2852 
My rank: 46, Row start: 2853, Row end:2914 
My rank: 1, Row start: 63, Row end:124 
My rank: 3, Row start: 187, Row end:248 
My rank: 5, Row start: 311, Row end:372 
My rank: 8, Row start: 497, Row end:558 
My rank: 9, Row start: 559, Row end:620 
My rank: 11, Row start: 683, Row end:744 
My rank: 13, Row start: 807, Row end:868 
My rank: 17, Row start: 1055, Row end:1116 
My rank: 18, Row start: 1117, Row end:1178 
My rank: 20, Row start: 1241, Row end:1302 
My rank: 23, Row start: 1427, Row end:1488 
My rank: 24, Row start: 1489, Row end:1550 
My rank: 25, Row start: 1551, Row end:1612 
My rank: 33, Row start: 2047, Row end:2108 
My rank: 34, Row start: 2109, Row end:2170 
My rank: 36, Row start: 2233, Row end:2294 
My rank: 38, Row start: 2357, Row end:2418 
My rank: 40, Row start: 2481, Row end:2542 
My rank: 42, Row start: 2605, Row end:2666 
My rank: 19, Row start: 1179, Row end:1240 
My rank: 47, Row start: 2915, Row end:2999 
My rank:1, took 5.003221 seconds
My rank:2, took 5.003521 seconds
My rank:3, took 5.003271 seconds
My rank:4, took 5.003452 seconds
My rank:5, took 5.002871 seconds
My rank:6, took 5.003677 seconds
My rank:7, took 5.003423 seconds
My rank:8, took 5.003119 seconds
My rank:9, took 5.002953 seconds
My rank:10, took 5.003358 seconds
My rank:11, took 5.003129 seconds
My rank:12, took 5.003514 seconds
My rank:13, took 5.003275 seconds
My rank:14, took 5.003609 seconds
My rank:15, took 5.003385 seconds
My rank:16, took 5.003427 seconds
My rank:17, took 5.002828 seconds
My rank:18, took 5.003139 seconds
My rank:19, took 4.992864 seconds
My rank:20, took 5.002853 seconds
My rank:21, took 5.003517 seconds
My rank:22, took 5.003420 seconds
My rank:23, took 5.002903 seconds
My rank:24, took 5.003319 seconds
My rank:25, took 5.003234 seconds
My rank:26, took 5.003577 seconds
My rank:27, took 5.003463 seconds
My rank:28, took 4.989068 seconds
My rank:29, took 4.989098 seconds
My rank:30, took 4.989073 seconds
My rank:31, took 4.988960 seconds
My rank:32, took 4.989058 seconds
My rank:33, took 4.988687 seconds
My rank:34, took 4.988588 seconds
My rank:35, took 4.988982 seconds
My rank:36, took 4.988797 seconds
My rank:37, took 4.988915 seconds
My rank:38, took 4.988569 seconds
My rank:39, took 4.988977 seconds
My rank:40, took 4.981059 seconds
My rank:41, took 4.981515 seconds
My rank:42, took 4.981480 seconds
My rank:43, took 4.982233 seconds
My rank:44, took 4.982154 seconds
My rank:45, took 4.982502 seconds
My rank:46, took 4.982584 seconds
My rank:47, took 4.981785 seconds
My rank:0, took 5.003338 seconds
That took 5.003338 seconds
======== Run :  6
My rank: 8, Row start: 497, Row end:558 
My rank: 24, Row start: 1489, Row end:1550 
My rank: 25, Row start: 1551, Row end:1612 
My rank: 36, Row start: 2233, Row end:2294 
My rank: 37, Row start: 2295, Row end:2356 
My rank: 40, Row start: 2481, Row end:2542 
My rank: 41, Row start: 2543, Row end:2604 
My rank: 0, Row start: 1, Row end:62 
My rank: 21, Row start: 1303, Row end:1364 
My rank: 22, Row start: 1365, Row end:1426 
My rank: 28, Row start: 1737, Row end:1798 
My rank: 30, Row start: 1861, Row end:1922 
My rank: 32, Row start: 1985, Row end:2046 
My rank: 33, Row start: 2047, Row end:2108 
My rank: 34, Row start: 2109, Row end:2170 
My rank: 38, Row start: 2357, Row end:2418 
My rank: 39, Row start: 2419, Row end:2480 
My rank: 44, Row start: 2729, Row end:2790 
My rank: 2, Row start: 125, Row end:186 
My rank: 7, Row start: 435, Row end:496 
My rank: 14, Row start: 869, Row end:930 
My rank: 19, Row start: 1179, Row end:1240 
My rank: 20, Row start: 1241, Row end:1302 
My rank: 27, Row start: 1675, Row end:1736 
My rank: 1, Row start: 63, Row end:124 
My rank: 6, Row start: 373, Row end:434 
My rank: 46, Row start: 2853, Row end:2914 
My rank: 3, Row start: 187, Row end:248 
My rank: 5, Row start: 311, Row end:372 
My rank: 9, Row start: 559, Row end:620 
My rank: 10, Row start: 621, Row end:682 
My rank: 13, Row start: 807, Row end:868 
My rank: 15, Row start: 931, Row end:992 
My rank: 16, Row start: 993, Row end:1054 
My rank: 17, Row start: 1055, Row end:1116 
My rank: 18, Row start: 1117, Row end:1178 
My rank: 23, Row start: 1427, Row end:1488 
My rank: 26, Row start: 1613, Row end:1674 
My rank: 31, Row start: 1923, Row end:1984 
My rank: 35, Row start: 2171, Row end:2232 
My rank: 43, Row start: 2667, Row end:2728 
My rank: 45, Row start: 2791, Row end:2852 
My rank: 11, Row start: 683, Row end:744 
My rank: 12, Row start: 745, Row end:806 
My rank: 29, Row start: 1799, Row end:1860 
My rank: 42, Row start: 2605, Row end:2666 
My rank: 47, Row start: 2915, Row end:2999 
My rank: 4, Row start: 249, Row end:310 
My rank:1, took 3.755504 seconds
My rank:2, took 3.755757 seconds
My rank:3, took 3.755705 seconds
My rank:4, took 3.755324 seconds
My rank:5, took 3.756151 seconds
My rank:6, took 3.756502 seconds
My rank:7, took 3.756780 seconds
My rank:8, took 3.757233 seconds
My rank:9, took 3.757013 seconds
My rank:10, took 3.757210 seconds
My rank:11, took 3.757151 seconds
My rank:12, took 3.757209 seconds
My rank:13, took 3.757736 seconds
My rank:14, took 3.758193 seconds
My rank:15, took 3.758184 seconds
My rank:16, took 3.758435 seconds
My rank:17, took 3.758646 seconds
My rank:18, took 3.758836 seconds
My rank:19, took 3.759183 seconds
My rank:20, took 3.759538 seconds
My rank:21, took 3.759911 seconds
My rank:22, took 3.760097 seconds
My rank:23, took 3.759819 seconds
My rank:24, took 3.760644 seconds
My rank:25, took 3.760830 seconds
My rank:26, took 3.760339 seconds
My rank:27, took 3.760936 seconds
My rank:28, took 3.761312 seconds
My rank:29, took 3.760847 seconds
My rank:30, took 3.761507 seconds
My rank:31, took 3.761511 seconds
My rank:32, took 3.761947 seconds
My rank:33, took 3.762119 seconds
My rank:34, took 3.762344 seconds
My rank:35, took 3.762301 seconds
My rank:36, took 3.762789 seconds
My rank:37, took 3.763122 seconds
My rank:38, took 3.763185 seconds
My rank:39, took 3.763538 seconds
My rank:40, took 3.763721 seconds
My rank:41, took 3.763936 seconds
My rank:42, took 3.763403 seconds
My rank:43, took 3.764035 seconds
My rank:44, took 3.764460 seconds
My rank:45, took 3.764296 seconds
My rank:46, took 3.764650 seconds
My rank:47, took 3.764103 seconds
My rank:0, took 3.755559 seconds
That took 3.755559 seconds
======== Run :  7
My rank: 4, Row start: 249, Row end:310 
My rank: 12, Row start: 745, Row end:806 
My rank: 13, Row start: 807, Row end:868 
My rank: 16, Row start: 993, Row end:1054 
My rank: 30, Row start: 1861, Row end:1922 
My rank: 31, Row start: 1923, Row end:1984 
My rank: 34, Row start: 2109, Row end:2170 
My rank: 39, Row start: 2419, Row end:2480 
My rank: 41, Row start: 2543, Row end:2604 
My rank: 44, Row start: 2729, Row end:2790 
My rank: 1, Row start: 63, Row end:124 
My rank: 2, Row start: 125, Row end:186 
My rank: 3, Row start: 187, Row end:248 
My rank: 5, Row start: 311, Row end:372 
My rank: 6, Row start: 373, Row end:434 
My rank: 8, Row start: 497, Row end:558 
My rank: 10, Row start: 621, Row end:682 
My rank: 11, Row start: 683, Row end:744 
My rank: 14, Row start: 869, Row end:930 
My rank: 18, Row start: 1117, Row end:1178 
My rank: 23, Row start: 1427, Row end:1488 
My rank: 28, Row start: 1737, Row end:1798 
My rank: 32, Row start: 1985, Row end:2046 
My rank: 33, Row start: 2047, Row end:2108 
My rank: 35, Row start: 2171, Row end:2232 
My rank: 36, Row start: 2233, Row end:2294 
My rank: 40, Row start: 2481, Row end:2542 
My rank: 42, Row start: 2605, Row end:2666 
My rank: 45, Row start: 2791, Row end:2852 
My rank: 46, Row start: 2853, Row end:2914 
My rank: 15, Row start: 931, Row end:992 
My rank: 17, Row start: 1055, Row end:1116 
My rank: 20, Row start: 1241, Row end:1302 
My rank: 22, Row start: 1365, Row end:1426 
My rank: 24, Row start: 1489, Row end:1550 
My rank: 29, Row start: 1799, Row end:1860 
My rank: 37, Row start: 2295, Row end:2356 
My rank: 38, Row start: 2357, Row end:2418 
My rank: 43, Row start: 2667, Row end:2728 
My rank: 19, Row start: 1179, Row end:1240 
My rank: 21, Row start: 1303, Row end:1364 
My rank: 25, Row start: 1551, Row end:1612 
My rank: 7, Row start: 435, Row end:496 
My rank: 27, Row start: 1675, Row end:1736 
My rank: 9, Row start: 559, Row end:620 
My rank: 47, Row start: 2915, Row end:2999 
My rank: 0, Row start: 1, Row end:62 
My rank: 26, Row start: 1613, Row end:1674 
My rank:1, took 5.607634 seconds
My rank:2, took 5.607741 seconds
My rank:3, took 5.607665 seconds
My rank:4, took 5.608029 seconds
My rank:5, took 5.607629 seconds
My rank:6, took 5.607449 seconds
My rank:7, took 5.606992 seconds
My rank:8, took 5.607269 seconds
My rank:9, took 5.605030 seconds
My rank:10, took 5.607315 seconds
My rank:11, took 5.607393 seconds
My rank:12, took 5.607573 seconds
My rank:13, took 5.598783 seconds
My rank:14, took 5.598373 seconds
My rank:15, took 5.598333 seconds
My rank:16, took 5.598814 seconds
My rank:17, took 5.598302 seconds
My rank:18, took 5.598711 seconds
My rank:19, took 5.598229 seconds
My rank:20, took 5.598320 seconds
My rank:21, took 5.600225 seconds
My rank:22, took 5.600339 seconds
My rank:23, took 5.600730 seconds
My rank:24, took 5.600345 seconds
My rank:25, took 5.600309 seconds
My rank:26, took 5.587710 seconds
My rank:27, took 5.599707 seconds
My rank:28, took 5.600548 seconds
My rank:29, took 5.600482 seconds
My rank:30, took 5.600894 seconds
My rank:31, took 5.600867 seconds
My rank:32, took 5.600598 seconds
My rank:33, took 5.600727 seconds
My rank:34, took 5.600799 seconds
My rank:35, took 5.600434 seconds
My rank:36, took 5.600491 seconds
My rank:37, took 5.604761 seconds
My rank:38, took 5.600390 seconds
My rank:39, took 5.600831 seconds
My rank:40, took 5.600684 seconds
My rank:41, took 5.600914 seconds
My rank:42, took 5.600843 seconds
My rank:43, took 5.600891 seconds
My rank:44, took 5.601587 seconds
My rank:45, took 5.601449 seconds
My rank:46, took 5.601716 seconds
My rank:47, took 5.599412 seconds
My rank:0, took 5.594835 seconds
That took 5.594835 seconds
======== Run :  8
My rank: 35, Row start: 2171, Row end:2232 
My rank: 16, Row start: 993, Row end:1054 
My rank: 41, Row start: 2543, Row end:2604 
My rank: 45, Row start: 2791, Row end:2852 
My rank: 46, Row start: 2853, Row end:2914 
My rank: 12, Row start: 745, Row end:806 
My rank: 18, Row start: 1117, Row end:1178 
My rank: 25, Row start: 1551, Row end:1612 
My rank: 26, Row start: 1613, Row end:1674 
My rank: 29, Row start: 1799, Row end:1860 
My rank: 33, Row start: 2047, Row end:2108 
My rank: 37, Row start: 2295, Row end:2356 
My rank: 7, Row start: 435, Row end:496 
My rank: 11, Row start: 683, Row end:744 
My rank: 15, Row start: 931, Row end:992 
My rank: 31, Row start: 1923, Row end:1984 
My rank: 38, Row start: 2357, Row end:2418 
My rank: 44, Row start: 2729, Row end:2790 
My rank: 1, Row start: 63, Row end:124 
My rank: 2, Row start: 125, Row end:186 
My rank: 3, Row start: 187, Row end:248 
My rank: 5, Row start: 311, Row end:372 
My rank: 6, Row start: 373, Row end:434 
My rank: 8, Row start: 497, Row end:558 
My rank: 9, Row start: 559, Row end:620 
My rank: 10, Row start: 621, Row end:682 
My rank: 13, Row start: 807, Row end:868 
My rank: 17, Row start: 1055, Row end:1116 
My rank: 19, Row start: 1179, Row end:1240 
My rank: 20, Row start: 1241, Row end:1302 
My rank: 21, Row start: 1303, Row end:1364 
My rank: 22, Row start: 1365, Row end:1426 
My rank: 23, Row start: 1427, Row end:1488 
My rank: 24, Row start: 1489, Row end:1550 
My rank: 27, Row start: 1675, Row end:1736 
My rank: 28, Row start: 1737, Row end:1798 
My rank: 30, Row start: 1861, Row end:1922 
My rank: 32, Row start: 1985, Row end:2046 
My rank: 34, Row start: 2109, Row end:2170 
My rank: 36, Row start: 2233, Row end:2294 
My rank: 39, Row start: 2419, Row end:2480 
My rank: 40, Row start: 2481, Row end:2542 
My rank: 42, Row start: 2605, Row end:2666 
My rank: 14, Row start: 869, Row end:930 
My rank: 47, Row start: 2915, Row end:2999 
My rank: 4, Row start: 249, Row end:310 
My rank: 0, Row start: 1, Row end:62 
My rank: 43, Row start: 2667, Row end:2728 
My rank:1, took 4.986032 seconds
My rank:2, took 4.986027 seconds
My rank:3, took 4.986236 seconds
My rank:4, took 4.985680 seconds
My rank:5, took 4.985911 seconds
My rank:6, took 4.986080 seconds
My rank:7, took 4.986302 seconds
My rank:8, took 4.985955 seconds
My rank:9, took 4.985757 seconds
My rank:10, took 4.985935 seconds
My rank:11, took 4.986214 seconds
My rank:12, took 4.986337 seconds
My rank:13, took 4.985982 seconds
My rank:14, took 4.985563 seconds
My rank:15, took 4.986217 seconds
My rank:16, took 4.986558 seconds
My rank:17, took 4.993801 seconds
My rank:18, took 4.994144 seconds
My rank:19, took 4.993520 seconds
My rank:20, took 4.993683 seconds
My rank:21, took 4.993840 seconds
My rank:22, took 4.993789 seconds
My rank:23, took 4.993703 seconds
My rank:24, took 4.993780 seconds
My rank:25, took 4.994201 seconds
My rank:26, took 4.994264 seconds
My rank:27, took 4.993811 seconds
My rank:28, took 4.993841 seconds
My rank:29, took 4.994242 seconds
My rank:30, took 4.993667 seconds
My rank:31, took 4.994046 seconds
My rank:32, took 4.993767 seconds
My rank:33, took 4.994204 seconds
My rank:34, took 4.993901 seconds
My rank:35, took 4.994052 seconds
My rank:36, took 4.993772 seconds
My rank:37, took 4.994150 seconds
My rank:38, took 4.981578 seconds
My rank:39, took 4.981333 seconds
My rank:40, took 4.981482 seconds
My rank:41, took 4.982331 seconds
My rank:42, took 4.981922 seconds
My rank:43, took 4.981213 seconds
My rank:44, took 4.982603 seconds
My rank:45, took 4.983126 seconds
My rank:46, took 4.983344 seconds
My rank:47, took 4.982706 seconds
My rank:0, took 4.984777 seconds
That took 4.984777 seconds
======== Run :  9
My rank: 2, Row start: 125, Row end:186 
My rank: 3, Row start: 187, Row end:248 
My rank: 6, Row start: 373, Row end:434 
My rank: 7, Row start: 435, Row end:496 
My rank: 8, Row start: 497, Row end:558 
My rank: 10, Row start: 621, Row end:682 
My rank: 11, Row start: 683, Row end:744 
My rank: 14, Row start: 869, Row end:930 
My rank: 17, Row start: 1055, Row end:1116 
My rank: 18, Row start: 1117, Row end:1178 
My rank: 23, Row start: 1427, Row end:1488 
My rank: 24, Row start: 1489, Row end:1550 
My rank: 25, Row start: 1551, Row end:1612 
My rank: 26, Row start: 1613, Row end:1674 
My rank: 28, Row start: 1737, Row end:1798 
My rank: 32, Row start: 1985, Row end:2046 
My rank: 34, Row start: 2109, Row end:2170 
My rank: 36, Row start: 2233, Row end:2294 
My rank: 38, Row start: 2357, Row end:2418 
My rank: 39, Row start: 2419, Row end:2480 
My rank: 40, Row start: 2481, Row end:2542 
My rank: 41, Row start: 2543, Row end:2604 
My rank: 42, Row start: 2605, Row end:2666 
My rank: 43, Row start: 2667, Row end:2728 
My rank: 44, Row start: 2729, Row end:2790 
My rank: 47, Row start: 2915, Row end:2999 
My rank: 0, Row start: 1, Row end:62 
My rank: 1, Row start: 63, Row end:124 
My rank: 4, Row start: 249, Row end:310 
My rank: 5, Row start: 311, Row end:372 
My rank: 9, Row start: 559, Row end:620 
My rank: 12, Row start: 745, Row end:806 
My rank: 13, Row start: 807, Row end:868 
My rank: 15, Row start: 931, Row end:992 
My rank: 16, Row start: 993, Row end:1054 
My rank: 19, Row start: 1179, Row end:1240 
My rank: 21, Row start: 1303, Row end:1364 
My rank: 22, Row start: 1365, Row end:1426 
My rank: 27, Row start: 1675, Row end:1736 
My rank: 29, Row start: 1799, Row end:1860 
My rank: 30, Row start: 1861, Row end:1922 
My rank: 31, Row start: 1923, Row end:1984 
My rank: 33, Row start: 2047, Row end:2108 
My rank: 37, Row start: 2295, Row end:2356 
My rank: 46, Row start: 2853, Row end:2914 
My rank: 20, Row start: 1241, Row end:1302 
My rank: 35, Row start: 2171, Row end:2232 
My rank: 45, Row start: 2791, Row end:2852 
My rank:1, took 3.791504 seconds
My rank:2, took 3.791956 seconds
My rank:3, took 3.792154 seconds
My rank:4, took 3.791864 seconds
My rank:5, took 3.792386 seconds
My rank:6, took 3.792845 seconds
My rank:7, took 3.792784 seconds
My rank:8, took 3.793180 seconds
My rank:9, took 3.793039 seconds
My rank:10, took 3.792673 seconds
My rank:11, took 3.793914 seconds
My rank:12, took 3.793780 seconds
My rank:13, took 3.793715 seconds
My rank:14, took 3.794262 seconds
My rank:15, took 3.793977 seconds
My rank:16, took 3.794381 seconds
My rank:17, took 3.794910 seconds
My rank:18, took 3.795234 seconds
My rank:19, took 3.795038 seconds
My rank:20, took 3.792075 seconds
My rank:21, took 3.795261 seconds
My rank:22, took 3.795530 seconds
My rank:23, took 3.796177 seconds
My rank:24, took 3.796383 seconds
My rank:25, took 3.796650 seconds
My rank:26, took 3.797033 seconds
My rank:27, took 3.796492 seconds
My rank:28, took 3.797324 seconds
My rank:29, took 3.797307 seconds
My rank:30, took 3.797100 seconds
My rank:31, took 3.797602 seconds
My rank:32, took 3.798052 seconds
My rank:33, took 3.797423 seconds
My rank:34, took 3.798370 seconds
My rank:35, took 3.797536 seconds
My rank:36, took 3.798920 seconds
My rank:37, took 3.798406 seconds
My rank:38, took 3.799074 seconds
My rank:39, took 3.799639 seconds
My rank:40, took 3.799731 seconds
My rank:41, took 3.799923 seconds
My rank:42, took 3.800059 seconds
My rank:43, took 3.800356 seconds
My rank:44, took 3.800551 seconds
My rank:45, took 3.799623 seconds
My rank:46, took 3.800615 seconds
My rank:47, took 3.800932 seconds
My rank:0, took 3.791136 seconds
That took 3.791136 seconds
======== Run :  10
My rank: 0, Row start: 1, Row end:62 
My rank: 5, Row start: 311, Row end:372 
My rank: 14, Row start: 869, Row end:930 
My rank: 16, Row start: 993, Row end:1054 
My rank: 17, Row start: 1055, Row end:1116 
My rank: 21, Row start: 1303, Row end:1364 
My rank: 25, Row start: 1551, Row end:1612 
My rank: 28, Row start: 1737, Row end:1798 
My rank: 36, Row start: 2233, Row end:2294 
My rank: 45, Row start: 2791, Row end:2852 
My rank: 1, Row start: 63, Row end:124 
My rank: 2, Row start: 125, Row end:186 
My rank: 3, Row start: 187, Row end:248 
My rank: 7, Row start: 435, Row end:496 
My rank: 9, Row start: 559, Row end:620 
My rank: 10, Row start: 621, Row end:682 
My rank: 11, Row start: 683, Row end:744 
My rank: 12, Row start: 745, Row end:806 
My rank: 13, Row start: 807, Row end:868 
My rank: 19, Row start: 1179, Row end:1240 
My rank: 20, Row start: 1241, Row end:1302 
My rank: 22, Row start: 1365, Row end:1426 
My rank: 23, Row start: 1427, Row end:1488 
My rank: 24, Row start: 1489, Row end:1550 
My rank: 27, Row start: 1675, Row end:1736 
My rank: 29, Row start: 1799, Row end:1860 
My rank: 30, Row start: 1861, Row end:1922 
My rank: 31, Row start: 1923, Row end:1984 
My rank: 32, Row start: 1985, Row end:2046 
My rank: 33, Row start: 2047, Row end:2108 
My rank: 35, Row start: 2171, Row end:2232 
My rank: 37, Row start: 2295, Row end:2356 
My rank: 38, Row start: 2357, Row end:2418 
My rank: 39, Row start: 2419, Row end:2480 
My rank: 40, Row start: 2481, Row end:2542 
My rank: 41, Row start: 2543, Row end:2604 
My rank: 43, Row start: 2667, Row end:2728 
My rank: 15, Row start: 931, Row end:992 
My rank: 26, Row start: 1613, Row end:1674 
My rank: 34, Row start: 2109, Row end:2170 
My rank: 42, Row start: 2605, Row end:2666 
My rank: 44, Row start: 2729, Row end:2790 
My rank: 46, Row start: 2853, Row end:2914 
My rank: 47, Row start: 2915, Row end:2999 
My rank: 18, Row start: 1117, Row end:1178 
My rank: 4, Row start: 249, Row end:310 
My rank: 6, Row start: 373, Row end:434 
My rank: 8, Row start: 497, Row end:558 
My rank:1, took 5.061851 seconds
My rank:2, took 5.062162 seconds
My rank:3, took 5.062180 seconds
My rank:4, took 5.056611 seconds
My rank:5, took 5.062964 seconds
My rank:6, took 5.050263 seconds
My rank:7, took 5.062878 seconds
My rank:8, took 5.052560 seconds
My rank:9, took 5.063353 seconds
My rank:10, took 5.063356 seconds
My rank:11, took 5.063651 seconds
My rank:12, took 5.064141 seconds
My rank:13, took 5.064264 seconds
My rank:14, took 5.064583 seconds
My rank:15, took 5.064276 seconds
My rank:16, took 5.065169 seconds
My rank:17, took 5.065307 seconds
My rank:18, took 5.064724 seconds
My rank:19, took 5.065519 seconds
My rank:20, took 5.065816 seconds
My rank:21, took 5.066091 seconds
My rank:22, took 5.066019 seconds
My rank:23, took 5.066107 seconds
My rank:24, took 5.066487 seconds
My rank:25, took 5.066947 seconds
My rank:26, took 5.066512 seconds
My rank:27, took 5.067230 seconds
My rank:28, took 5.067585 seconds
My rank:29, took 5.067239 seconds
My rank:30, took 5.067555 seconds
My rank:31, took 5.067634 seconds
My rank:32, took 5.068006 seconds
My rank:33, took 5.068200 seconds
My rank:34, took 5.067833 seconds
My rank:35, took 5.068738 seconds
My rank:36, took 5.069041 seconds
My rank:37, took 5.069122 seconds
My rank:38, took 5.069174 seconds
My rank:39, took 5.069513 seconds
My rank:40, took 5.069676 seconds
My rank:41, took 5.069673 seconds
My rank:42, took 5.069806 seconds
My rank:43, took 5.070221 seconds
My rank:44, took 5.070237 seconds
My rank:45, took 5.070859 seconds
My rank:46, took 5.070529 seconds
My rank:47, took 5.070636 seconds
My rank:0, took 5.061860 seconds
That took 5.061860 seconds

JOB STATISTICS
==============
Job ID: 5023274
Cluster: snellius
User/Group: scur0330/scur0330
State: RUNNING
Nodes: 1
Cores per node: 48
CPU Utilized: 01:10:36
CPU Efficiency: 52.84% of 02:13:36 core-walltime
Job Wall-clock time: 00:02:47
Memory Utilized: 1.52 MB
Memory Efficiency: 0.00% of 84.00 GB
WARNING: Efficiency statistics may be misleading for RUNNING jobs.
