======== Run :  1
My rank: 1, Row start: 27, Row end:52 
My rank: 19, Row start: 495, Row end:520 
My rank: 40, Row start: 1041, Row end:1066 
My rank: 42, Row start: 1093, Row end:1118 
My rank: 51, Row start: 1327, Row end:1352 
My rank: 55, Row start: 1431, Row end:1456 
My rank: 90, Row start: 2341, Row end:2366 
My rank: 100, Row start: 2601, Row end:2626 
My rank: 2, Row start: 53, Row end:78 
My rank: 8, Row start: 209, Row end:234 
My rank: 9, Row start: 235, Row end:260 
My rank: 10, Row start: 261, Row end:286 
My rank: 11, Row start: 287, Row end:312 
My rank: 12, Row start: 313, Row end:338 
My rank: 17, Row start: 443, Row end:468 
My rank: 18, Row start: 469, Row end:494 
My rank: 22, Row start: 573, Row end:598 
My rank: 23, Row start: 599, Row end:624 
My rank: 27, Row start: 703, Row end:728 
My rank: 30, Row start: 781, Row end:806 
My rank: 31, Row start: 807, Row end:832 
My rank: 34, Row start: 885, Row end:910 
My rank: 36, Row start: 937, Row end:962 
My rank: 44, Row start: 1145, Row end:1170 
My rank: 52, Row start: 1353, Row end:1378 
My rank: 54, Row start: 1405, Row end:1430 
My rank: 56, Row start: 1457, Row end:1482 
My rank: 57, Row start: 1483, Row end:1508 
My rank: 60, Row start: 1561, Row end:1586 
My rank: 62, Row start: 1613, Row end:1638 
My rank: 71, Row start: 1847, Row end:1872 
My rank: 75, Row start: 1951, Row end:1976 
My rank: 85, Row start: 2211, Row end:2236 
My rank: 87, Row start: 2263, Row end:2288 
My rank: 92, Row start: 2393, Row end:2418 
My rank: 108, Row start: 2809, Row end:2834 
My rank: 109, Row start: 2835, Row end:2860 
My rank: 111, Row start: 2887, Row end:2999 
My rank: 3, Row start: 79, Row end:104 
My rank: 5, Row start: 131, Row end:156 
My rank: 61, Row start: 1587, Row end:1612 
My rank: 67, Row start: 1743, Row end:1768 
My rank: 76, Row start: 1977, Row end:2002 
My rank: 78, Row start: 2029, Row end:2054 
My rank: 89, Row start: 2315, Row end:2340 
My rank: 101, Row start: 2627, Row end:2652 
My rank: 107, Row start: 2783, Row end:2808 
My rank: 0, Row start: 1, Row end:26 
My rank: 7, Row start: 183, Row end:208 
My rank: 15, Row start: 391, Row end:416 
My rank: 20, Row start: 521, Row end:546 
My rank: 25, Row start: 651, Row end:676 
My rank: 32, Row start: 833, Row end:858 
My rank: 37, Row start: 963, Row end:988 
My rank: 43, Row start: 1119, Row end:1144 
My rank: 45, Row start: 1171, Row end:1196 
My rank: 46, Row start: 1197, Row end:1222 
My rank: 47, Row start: 1223, Row end:1248 
My rank: 49, Row start: 1275, Row end:1300 
My rank: 53, Row start: 1379, Row end:1404 
My rank: 58, Row start: 1509, Row end:1534 
My rank: 59, Row start: 1535, Row end:1560 
My rank: 65, Row start: 1691, Row end:1716 
My rank: 68, Row start: 1769, Row end:1794 
My rank: 69, Row start: 1795, Row end:1820 
My rank: 70, Row start: 1821, Row end:1846 
My rank: 74, Row start: 1925, Row end:1950 
My rank: 77, Row start: 2003, Row end:2028 
My rank: 83, Row start: 2159, Row end:2184 
My rank: 84, Row start: 2185, Row end:2210 
My rank: 86, Row start: 2237, Row end:2262 
My rank: 91, Row start: 2367, Row end:2392 
My rank: 97, Row start: 2523, Row end:2548 
My rank: 99, Row start: 2575, Row end:2600 
My rank: 103, Row start: 2679, Row end:2704 
My rank: 104, Row start: 2705, Row end:2730 
My rank: 105, Row start: 2731, Row end:2756 
My rank: 13, Row start: 339, Row end:364 
My rank: 14, Row start: 365, Row end:390 
My rank: 16, Row start: 417, Row end:442 
My rank: 21, Row start: 547, Row end:572 
My rank: 24, Row start: 625, Row end:650 
My rank: 26, Row start: 677, Row end:702 
My rank: 35, Row start: 911, Row end:936 
My rank: 38, Row start: 989, Row end:1014 
My rank: 39, Row start: 1015, Row end:1040 
My rank: 41, Row start: 1067, Row end:1092 
My rank: 50, Row start: 1301, Row end:1326 
My rank: 66, Row start: 1717, Row end:1742 
My rank: 73, Row start: 1899, Row end:1924 
My rank: 81, Row start: 2107, Row end:2132 
My rank: 82, Row start: 2133, Row end:2158 
My rank: 93, Row start: 2419, Row end:2444 
My rank: 102, Row start: 2653, Row end:2678 
My rank: 106, Row start: 2757, Row end:2782 
My rank: 6, Row start: 157, Row end:182 
My rank: 28, Row start: 729, Row end:754 
My rank: 33, Row start: 859, Row end:884 
My rank: 63, Row start: 1639, Row end:1664 
My rank: 110, Row start: 2861, Row end:2886 
My rank: 72, Row start: 1873, Row end:1898 
My rank: 80, Row start: 2081, Row end:2106 
My rank: 94, Row start: 2445, Row end:2470 
My rank: 79, Row start: 2055, Row end:2080 
My rank: 98, Row start: 2549, Row end:2574 
My rank: 29, Row start: 755, Row end:780 
My rank: 48, Row start: 1249, Row end:1274 
My rank: 64, Row start: 1665, Row end:1690 
My rank: 95, Row start: 2471, Row end:2496 
My rank: 4, Row start: 105, Row end:130 
My rank: 96, Row start: 2497, Row end:2522 
My rank: 88, Row start: 2289, Row end:2314 
My rank:1, took 7.105944 seconds
My rank:2, took 7.105951 seconds
My rank:3, took 7.106354 seconds
My rank:4, took 7.112084 seconds
My rank:5, took 7.125513 seconds
My rank:6, took 7.124151 seconds
My rank:7, took 7.124902 seconds
My rank:8, took 7.151185 seconds
My rank:9, took 7.150949 seconds
My rank:10, took 7.150903 seconds
My rank:11, took 7.151013 seconds
My rank:12, took 7.176296 seconds
My rank:13, took 7.174640 seconds
My rank:14, took 7.174609 seconds
My rank:15, took 7.175395 seconds
My rank:16, took 7.178378 seconds
My rank:17, took 7.179637 seconds
My rank:18, took 7.179827 seconds
My rank:19, took 7.179994 seconds
My rank:20, took 7.178847 seconds
My rank:21, took 7.178386 seconds
My rank:22, took 7.179682 seconds
My rank:23, took 7.179836 seconds
My rank:24, took 7.202419 seconds
My rank:25, took 7.202796 seconds
My rank:26, took 7.202470 seconds
My rank:27, took 7.203836 seconds
My rank:28, took 7.202149 seconds
My rank:29, took 7.191980 seconds
My rank:30, took 7.203783 seconds
My rank:31, took 7.203968 seconds
My rank:32, took 7.213800 seconds
My rank:33, took 7.212891 seconds
My rank:34, took 7.214693 seconds
My rank:35, took 7.213394 seconds
My rank:36, took 7.214838 seconds
My rank:37, took 7.213849 seconds
My rank:38, took 7.213200 seconds
My rank:39, took 7.213497 seconds
My rank:40, took 7.214902 seconds
My rank:41, took 7.213376 seconds
My rank:42, took 7.214936 seconds
My rank:43, took 7.213572 seconds
My rank:44, took 7.214875 seconds
My rank:45, took 7.213763 seconds
My rank:46, took 7.213659 seconds
My rank:47, took 7.214110 seconds
My rank:48, took 7.203958 seconds
My rank:49, took 7.213699 seconds
My rank:50, took 7.213505 seconds
My rank:51, took 7.214987 seconds
My rank:52, took 7.214773 seconds
My rank:53, took 7.213691 seconds
My rank:54, took 7.214749 seconds
My rank:55, took 7.215010 seconds
My rank:56, took 7.214730 seconds
My rank:57, took 7.214762 seconds
My rank:58, took 7.214145 seconds
My rank:59, took 7.214133 seconds
My rank:60, took 7.214961 seconds
My rank:61, took 7.214391 seconds
My rank:62, took 7.214943 seconds
My rank:63, took 7.213217 seconds
My rank:64, took 7.203116 seconds
My rank:65, took 7.213670 seconds
My rank:66, took 7.213656 seconds
My rank:67, took 7.214425 seconds
My rank:68, took 7.213902 seconds
My rank:69, took 7.214220 seconds
My rank:70, took 7.213958 seconds
My rank:71, took 7.215062 seconds
My rank:72, took 7.213020 seconds
My rank:73, took 7.206237 seconds
My rank:74, took 7.213965 seconds
My rank:75, took 7.215056 seconds
My rank:76, took 7.214552 seconds
My rank:77, took 7.214019 seconds
My rank:78, took 7.214308 seconds
My rank:79, took 7.212610 seconds
My rank:80, took 7.212967 seconds
My rank:81, took 7.213381 seconds
My rank:82, took 7.213603 seconds
My rank:83, took 7.214127 seconds
My rank:84, took 7.214083 seconds
My rank:85, took 7.214914 seconds
My rank:86, took 7.213857 seconds
My rank:87, took 7.214727 seconds
My rank:88, took 7.189979 seconds
My rank:89, took 7.214168 seconds
My rank:90, took 7.215003 seconds
My rank:91, took 7.213560 seconds
My rank:92, took 7.214627 seconds
My rank:93, took 7.213194 seconds
My rank:94, took 7.212767 seconds
My rank:95, took 7.211415 seconds
My rank:96, took 7.200651 seconds
My rank:97, took 7.213989 seconds
My rank:98, took 7.212521 seconds
My rank:99, took 7.213489 seconds
My rank:100, took 7.215431 seconds
My rank:101, took 7.214098 seconds
My rank:102, took 7.213095 seconds
My rank:103, took 7.213988 seconds
My rank:104, took 7.213561 seconds
My rank:105, took 7.213613 seconds
My rank:106, took 7.213271 seconds
My rank:107, took 7.214212 seconds
My rank:108, took 7.214673 seconds
My rank:109, took 7.214596 seconds
My rank:110, took 7.213706 seconds
My rank:111, took 7.216242 seconds
My rank:0, took 7.103630 seconds
That took 7.103630 seconds
======== Run :  2
My rank: 0, Row start: 1, Row end:26 
My rank: 1, Row start: 27, Row end:52 
My rank: 3, Row start: 79, Row end:104 
My rank: 4, Row start: 105, Row end:130 
My rank: 6, Row start: 157, Row end:182 
My rank: 7, Row start: 183, Row end:208 
My rank: 8, Row start: 209, Row end:234 
My rank: 9, Row start: 235, Row end:260 
My rank: 12, Row start: 313, Row end:338 
My rank: 14, Row start: 365, Row end:390 
My rank: 17, Row start: 443, Row end:468 
My rank: 18, Row start: 469, Row end:494 
My rank: 19, Row start: 495, Row end:520 
My rank: 21, Row start: 547, Row end:572 
My rank: 22, Row start: 573, Row end:598 
My rank: 24, Row start: 625, Row end:650 
My rank: 26, Row start: 677, Row end:702 
My rank: 28, Row start: 729, Row end:754 
My rank: 29, Row start: 755, Row end:780 
My rank: 34, Row start: 885, Row end:910 
My rank: 36, Row start: 937, Row end:962 
My rank: 37, Row start: 963, Row end:988 
My rank: 40, Row start: 1041, Row end:1066 
My rank: 41, Row start: 1067, Row end:1092 
My rank: 42, Row start: 1093, Row end:1118 
My rank: 43, Row start: 1119, Row end:1144 
My rank: 44, Row start: 1145, Row end:1170 
My rank: 46, Row start: 1197, Row end:1222 
My rank: 47, Row start: 1223, Row end:1248 
My rank: 49, Row start: 1275, Row end:1300 
My rank: 51, Row start: 1327, Row end:1352 
My rank: 52, Row start: 1353, Row end:1378 
My rank: 53, Row start: 1379, Row end:1404 
My rank: 54, Row start: 1405, Row end:1430 
My rank: 56, Row start: 1457, Row end:1482 
My rank: 58, Row start: 1509, Row end:1534 
My rank: 59, Row start: 1535, Row end:1560 
My rank: 60, Row start: 1561, Row end:1586 
My rank: 62, Row start: 1613, Row end:1638 
My rank: 68, Row start: 1769, Row end:1794 
My rank: 70, Row start: 1821, Row end:1846 
My rank: 71, Row start: 1847, Row end:1872 
My rank: 72, Row start: 1873, Row end:1898 
My rank: 73, Row start: 1899, Row end:1924 
My rank: 74, Row start: 1925, Row end:1950 
My rank: 75, Row start: 1951, Row end:1976 
My rank: 76, Row start: 1977, Row end:2002 
My rank: 78, Row start: 2029, Row end:2054 
My rank: 79, Row start: 2055, Row end:2080 
My rank: 80, Row start: 2081, Row end:2106 
My rank: 83, Row start: 2159, Row end:2184 
My rank: 84, Row start: 2185, Row end:2210 
My rank: 86, Row start: 2237, Row end:2262 
My rank: 87, Row start: 2263, Row end:2288 
My rank: 88, Row start: 2289, Row end:2314 
My rank: 89, Row start: 2315, Row end:2340 
My rank: 92, Row start: 2393, Row end:2418 
My rank: 93, Row start: 2419, Row end:2444 
My rank: 96, Row start: 2497, Row end:2522 
My rank: 98, Row start: 2549, Row end:2574 
My rank: 100, Row start: 2601, Row end:2626 
My rank: 101, Row start: 2627, Row end:2652 
My rank: 104, Row start: 2705, Row end:2730 
My rank: 110, Row start: 2861, Row end:2886 
My rank: 2, Row start: 53, Row end:78 
My rank: 10, Row start: 261, Row end:286 
My rank: 15, Row start: 391, Row end:416 
My rank: 16, Row start: 417, Row end:442 
My rank: 20, Row start: 521, Row end:546 
My rank: 25, Row start: 651, Row end:676 
My rank: 27, Row start: 703, Row end:728 
My rank: 30, Row start: 781, Row end:806 
My rank: 35, Row start: 911, Row end:936 
My rank: 38, Row start: 989, Row end:1014 
My rank: 39, Row start: 1015, Row end:1040 
My rank: 45, Row start: 1171, Row end:1196 
My rank: 48, Row start: 1249, Row end:1274 
My rank: 50, Row start: 1301, Row end:1326 
My rank: 55, Row start: 1431, Row end:1456 
My rank: 57, Row start: 1483, Row end:1508 
My rank: 61, Row start: 1587, Row end:1612 
My rank: 63, Row start: 1639, Row end:1664 
My rank: 64, Row start: 1665, Row end:1690 
My rank: 65, Row start: 1691, Row end:1716 
My rank: 66, Row start: 1717, Row end:1742 
My rank: 67, Row start: 1743, Row end:1768 
My rank: 69, Row start: 1795, Row end:1820 
My rank: 77, Row start: 2003, Row end:2028 
My rank: 81, Row start: 2107, Row end:2132 
My rank: 82, Row start: 2133, Row end:2158 
My rank: 85, Row start: 2211, Row end:2236 
My rank: 90, Row start: 2341, Row end:2366 
My rank: 91, Row start: 2367, Row end:2392 
My rank: 94, Row start: 2445, Row end:2470 
My rank: 95, Row start: 2471, Row end:2496 
My rank: 97, Row start: 2523, Row end:2548 
My rank: 99, Row start: 2575, Row end:2600 
My rank: 103, Row start: 2679, Row end:2704 
My rank: 105, Row start: 2731, Row end:2756 
My rank: 106, Row start: 2757, Row end:2782 
My rank: 107, Row start: 2783, Row end:2808 
My rank: 108, Row start: 2809, Row end:2834 
My rank: 109, Row start: 2835, Row end:2860 
My rank: 111, Row start: 2887, Row end:2999 
My rank: 13, Row start: 339, Row end:364 
My rank: 5, Row start: 131, Row end:156 
My rank: 11, Row start: 287, Row end:312 
My rank: 23, Row start: 599, Row end:624 
My rank: 31, Row start: 807, Row end:832 
My rank: 32, Row start: 833, Row end:858 
My rank: 33, Row start: 859, Row end:884 
My rank: 102, Row start: 2653, Row end:2678 
My rank:1, took 5.693979 seconds
My rank:2, took 5.693982 seconds
My rank:3, took 5.695745 seconds
My rank:4, took 5.696366 seconds
My rank:5, took 5.683659 seconds
My rank:6, took 5.698293 seconds
My rank:7, took 5.698709 seconds
My rank:8, took 5.699494 seconds
My rank:9, took 5.699654 seconds
My rank:10, took 5.700041 seconds
My rank:11, took 5.695201 seconds
My rank:12, took 5.702903 seconds
My rank:13, took 5.697648 seconds
My rank:14, took 5.703595 seconds
My rank:15, took 5.704229 seconds
My rank:16, took 5.704587 seconds
My rank:17, took 5.706266 seconds
My rank:18, took 5.707961 seconds
My rank:19, took 5.707964 seconds
My rank:20, took 5.707160 seconds
My rank:21, took 5.709381 seconds
My rank:22, took 5.710285 seconds
My rank:23, took 5.698267 seconds
My rank:24, took 5.711896 seconds
My rank:25, took 5.713884 seconds
My rank:26, took 5.715553 seconds
My rank:27, took 5.714208 seconds
My rank:28, took 5.715525 seconds
My rank:29, took 5.715364 seconds
My rank:30, took 5.714120 seconds
My rank:31, took 5.703283 seconds
My rank:32, took 5.709019 seconds
My rank:33, took 5.712301 seconds
My rank:34, took 5.719075 seconds
My rank:35, took 5.719019 seconds
My rank:36, took 5.720232 seconds
My rank:37, took 5.720975 seconds
My rank:38, took 5.720967 seconds
My rank:39, took 5.721624 seconds
My rank:40, took 5.723878 seconds
My rank:41, took 5.724782 seconds
My rank:42, took 5.725073 seconds
My rank:43, took 5.726150 seconds
My rank:44, took 5.726976 seconds
My rank:45, took 5.726350 seconds
My rank:46, took 5.727661 seconds
My rank:47, took 5.729476 seconds
My rank:48, took 5.728280 seconds
My rank:49, took 5.729954 seconds
My rank:50, took 5.729612 seconds
My rank:51, took 5.732102 seconds
My rank:52, took 5.732192 seconds
My rank:53, took 5.733917 seconds
My rank:54, took 5.733702 seconds
My rank:55, took 5.734371 seconds
My rank:56, took 5.736297 seconds
My rank:57, took 5.735756 seconds
My rank:58, took 5.737685 seconds
My rank:59, took 5.738582 seconds
My rank:60, took 5.738286 seconds
My rank:61, took 5.737502 seconds
My rank:62, took 5.740324 seconds
My rank:63, took 5.740049 seconds
My rank:64, took 5.741183 seconds
My rank:65, took 5.741753 seconds
My rank:66, took 5.742635 seconds
My rank:67, took 5.743349 seconds
My rank:68, took 5.744830 seconds
My rank:69, took 5.744307 seconds
My rank:70, took 5.746813 seconds
My rank:71, took 5.747644 seconds
My rank:72, took 5.747302 seconds
My rank:73, took 5.748017 seconds
My rank:74, took 5.749776 seconds
My rank:75, took 5.749534 seconds
My rank:76, took 5.750974 seconds
My rank:77, took 5.750533 seconds
My rank:78, took 5.752514 seconds
My rank:79, took 5.753288 seconds
My rank:80, took 5.754011 seconds
My rank:81, took 5.753758 seconds
My rank:82, took 5.754180 seconds
My rank:83, took 5.756185 seconds
My rank:84, took 5.757301 seconds
My rank:85, took 5.757065 seconds
My rank:86, took 5.758465 seconds
My rank:87, took 5.759706 seconds
My rank:88, took 5.759382 seconds
My rank:89, took 5.761085 seconds
My rank:90, took 5.760280 seconds
My rank:91, took 5.760860 seconds
My rank:92, took 5.763525 seconds
My rank:93, took 5.763871 seconds
My rank:94, took 5.763565 seconds
My rank:95, took 5.764471 seconds
My rank:96, took 5.765412 seconds
My rank:97, took 5.765225 seconds
My rank:98, took 5.768021 seconds
My rank:99, took 5.766305 seconds
My rank:100, took 5.769287 seconds
My rank:101, took 5.769995 seconds
My rank:102, took 5.761082 seconds
My rank:103, took 5.770048 seconds
My rank:104, took 5.772187 seconds
My rank:105, took 5.771626 seconds
My rank:106, took 5.772566 seconds
My rank:107, took 5.773653 seconds
My rank:108, took 5.773924 seconds
My rank:109, took 5.774695 seconds
My rank:110, took 5.777221 seconds
My rank:111, took 5.775849 seconds
My rank:0, took 5.693820 seconds
That took 5.693820 seconds
======== Run :  3
My rank: 3, Row start: 79, Row end:104 
My rank: 5, Row start: 131, Row end:156 
My rank: 12, Row start: 313, Row end:338 
My rank: 20, Row start: 521, Row end:546 
My rank: 23, Row start: 599, Row end:624 
My rank: 27, Row start: 703, Row end:728 
My rank: 31, Row start: 807, Row end:832 
My rank: 33, Row start: 859, Row end:884 
My rank: 34, Row start: 885, Row end:910 
My rank: 40, Row start: 1041, Row end:1066 
My rank: 42, Row start: 1093, Row end:1118 
My rank: 45, Row start: 1171, Row end:1196 
My rank: 47, Row start: 1223, Row end:1248 
My rank: 72, Row start: 1873, Row end:1898 
My rank: 90, Row start: 2341, Row end:2366 
My rank: 91, Row start: 2367, Row end:2392 
My rank: 93, Row start: 2419, Row end:2444 
My rank: 109, Row start: 2835, Row end:2860 
My rank: 0, Row start: 1, Row end:26 
My rank: 2, Row start: 53, Row end:78 
My rank: 14, Row start: 365, Row end:390 
My rank: 18, Row start: 469, Row end:494 
My rank: 36, Row start: 937, Row end:962 
My rank: 51, Row start: 1327, Row end:1352 
My rank: 73, Row start: 1899, Row end:1924 
My rank: 75, Row start: 1951, Row end:1976 
My rank: 98, Row start: 2549, Row end:2574 
My rank: 7, Row start: 183, Row end:208 
My rank: 26, Row start: 677, Row end:702 
My rank: 78, Row start: 2029, Row end:2054 
My rank: 81, Row start: 2107, Row end:2132 
My rank: 87, Row start: 2263, Row end:2288 
My rank: 107, Row start: 2783, Row end:2808 
My rank: 15, Row start: 391, Row end:416 
My rank: 69, Row start: 1795, Row end:1820 
My rank: 10, Row start: 261, Row end:286 
My rank: 49, Row start: 1275, Row end:1300 
My rank: 58, Row start: 1509, Row end:1534 
My rank: 64, Row start: 1665, Row end:1690 
My rank: 74, Row start: 1925, Row end:1950 
My rank: 79, Row start: 2055, Row end:2080 
My rank: 13, Row start: 339, Row end:364 
My rank: 25, Row start: 651, Row end:676 
My rank: 71, Row start: 1847, Row end:1872 
My rank: 84, Row start: 2185, Row end:2210 
My rank: 99, Row start: 2575, Row end:2600 
My rank: 11, Row start: 287, Row end:312 
My rank: 46, Row start: 1197, Row end:1222 
My rank: 35, Row start: 911, Row end:936 
My rank: 43, Row start: 1119, Row end:1144 
My rank: 61, Row start: 1587, Row end:1612 
My rank: 19, Row start: 495, Row end:520 
My rank: 37, Row start: 963, Row end:988 
My rank: 52, Row start: 1353, Row end:1378 
My rank: 56, Row start: 1457, Row end:1482 
My rank: 60, Row start: 1561, Row end:1586 
My rank: 63, Row start: 1639, Row end:1664 
My rank: 86, Row start: 2237, Row end:2262 
My rank: 103, Row start: 2679, Row end:2704 
My rank: 8, Row start: 209, Row end:234 
My rank: 62, Row start: 1613, Row end:1638 
My rank: 77, Row start: 2003, Row end:2028 
My rank: 88, Row start: 2289, Row end:2314 
My rank: 104, Row start: 2705, Row end:2730 
My rank: 105, Row start: 2731, Row end:2756 
My rank: 111, Row start: 2887, Row end:2999 
My rank: 9, Row start: 235, Row end:260 
My rank: 48, Row start: 1249, Row end:1274 
My rank: 53, Row start: 1379, Row end:1404 
My rank: 67, Row start: 1743, Row end:1768 
My rank: 55, Row start: 1431, Row end:1456 
My rank: 66, Row start: 1717, Row end:1742 
My rank: 100, Row start: 2601, Row end:2626 
My rank: 106, Row start: 2757, Row end:2782 
My rank: 6, Row start: 157, Row end:182 
My rank: 22, Row start: 573, Row end:598 
My rank: 38, Row start: 989, Row end:1014 
My rank: 50, Row start: 1301, Row end:1326 
My rank: 68, Row start: 1769, Row end:1794 
My rank: 85, Row start: 2211, Row end:2236 
My rank: 17, Row start: 443, Row end:468 
My rank: 28, Row start: 729, Row end:754 
My rank: 29, Row start: 755, Row end:780 
My rank: 32, Row start: 833, Row end:858 
My rank: 44, Row start: 1145, Row end:1170 
My rank: 57, Row start: 1483, Row end:1508 
My rank: 59, Row start: 1535, Row end:1560 
My rank: 65, Row start: 1691, Row end:1716 
My rank: 82, Row start: 2133, Row end:2158 
My rank: 83, Row start: 2159, Row end:2184 
My rank: 92, Row start: 2393, Row end:2418 
My rank: 102, Row start: 2653, Row end:2678 
My rank: 108, Row start: 2809, Row end:2834 
My rank: 1, Row start: 27, Row end:52 
My rank: 21, Row start: 547, Row end:572 
My rank: 24, Row start: 625, Row end:650 
My rank: 30, Row start: 781, Row end:806 
My rank: 97, Row start: 2523, Row end:2548 
My rank: 110, Row start: 2861, Row end:2886 
My rank: 16, Row start: 417, Row end:442 
My rank: 39, Row start: 1015, Row end:1040 
My rank: 54, Row start: 1405, Row end:1430 
My rank: 70, Row start: 1821, Row end:1846 
My rank: 76, Row start: 1977, Row end:2002 
My rank: 80, Row start: 2081, Row end:2106 
My rank: 89, Row start: 2315, Row end:2340 
My rank: 94, Row start: 2445, Row end:2470 
My rank: 95, Row start: 2471, Row end:2496 
My rank: 4, Row start: 105, Row end:130 
My rank: 96, Row start: 2497, Row end:2522 
My rank: 41, Row start: 1067, Row end:1092 
My rank: 101, Row start: 2627, Row end:2652 
My rank:1, took 4.998226 seconds
My rank:2, took 4.999939 seconds
My rank:3, took 5.000997 seconds
My rank:4, took 5.000280 seconds
My rank:5, took 5.002347 seconds
My rank:6, took 5.002152 seconds
My rank:7, took 5.003528 seconds
My rank:8, took 5.003889 seconds
My rank:9, took 5.004545 seconds
My rank:10, took 5.005808 seconds
My rank:11, took 5.006369 seconds
My rank:12, took 5.007949 seconds
My rank:13, took 5.008060 seconds
My rank:14, took 5.009182 seconds
My rank:15, took 5.009495 seconds
My rank:16, took 5.009649 seconds
My rank:17, took 5.010554 seconds
My rank:18, took 5.012077 seconds
My rank:19, took 5.012451 seconds
My rank:20, took 5.013994 seconds
My rank:21, took 5.013434 seconds
My rank:22, took 5.014322 seconds
My rank:23, took 5.016230 seconds
My rank:24, took 5.015768 seconds
My rank:25, took 5.017029 seconds
My rank:26, took 5.017976 seconds
My rank:27, took 5.019400 seconds
My rank:28, took 5.018886 seconds
My rank:29, took 5.019593 seconds
My rank:30, took 5.020344 seconds
My rank:31, took 5.022220 seconds
My rank:32, took 5.022010 seconds
My rank:33, took 5.023922 seconds
My rank:34, took 5.025175 seconds
My rank:35, took 5.024634 seconds
My rank:36, took 5.025830 seconds
My rank:37, took 5.026094 seconds
My rank:38, took 5.026582 seconds
My rank:39, took 5.027176 seconds
My rank:40, took 5.029053 seconds
My rank:41, took 5.018601 seconds
My rank:42, took 5.030739 seconds
My rank:43, took 5.030707 seconds
My rank:44, took 5.031090 seconds
My rank:45, took 5.033048 seconds
My rank:46, took 5.033016 seconds
My rank:47, took 5.034382 seconds
My rank:48, took 5.034326 seconds
My rank:49, took 5.035454 seconds
My rank:50, took 5.035740 seconds
My rank:51, took 5.037186 seconds
My rank:52, took 5.037487 seconds
My rank:53, took 5.038197 seconds
My rank:54, took 5.038495 seconds
My rank:55, took 5.039616 seconds
My rank:56, took 5.040578 seconds
My rank:57, took 5.041007 seconds
My rank:58, took 5.042322 seconds
My rank:59, took 5.042517 seconds
My rank:60, took 5.043571 seconds
My rank:61, took 5.044381 seconds
My rank:62, took 5.045035 seconds
My rank:63, took 5.045876 seconds
My rank:64, took 5.046826 seconds
My rank:65, took 5.047045 seconds
My rank:66, took 5.047939 seconds
My rank:67, took 5.048746 seconds
My rank:68, took 5.049358 seconds
My rank:69, took 5.050667 seconds
My rank:70, took 5.050695 seconds
My rank:71, took 5.052073 seconds
My rank:72, took 5.053475 seconds
My rank:73, took 5.053870 seconds
My rank:74, took 5.054414 seconds
My rank:75, took 5.055492 seconds
My rank:76, took 5.055201 seconds
My rank:77, took 5.056374 seconds
My rank:78, took 5.057622 seconds
My rank:79, took 5.058184 seconds
My rank:80, took 5.058300 seconds
My rank:81, took 5.059886 seconds
My rank:82, took 5.059943 seconds
My rank:83, took 5.060688 seconds
My rank:84, took 5.061961 seconds
My rank:85, took 5.062278 seconds
My rank:86, took 5.063272 seconds
My rank:87, took 5.064448 seconds
My rank:88, took 5.064723 seconds
My rank:89, took 5.065123 seconds
My rank:90, took 5.067147 seconds
My rank:91, took 5.067772 seconds
My rank:92, took 5.067525 seconds
My rank:93, took 5.069485 seconds
My rank:94, took 5.068890 seconds
My rank:95, took 5.069691 seconds
My rank:96, took 5.070213 seconds
My rank:97, took 5.071233 seconds
My rank:98, took 5.072844 seconds
My rank:99, took 5.073266 seconds
My rank:100, took 5.073736 seconds
My rank:101, took 5.060204 seconds
My rank:102, took 5.075170 seconds
My rank:103, took 5.076187 seconds
My rank:104, took 5.076880 seconds
My rank:105, took 5.077653 seconds
My rank:106, took 5.078271 seconds
My rank:107, took 5.079575 seconds
My rank:108, took 5.079709 seconds
My rank:109, took 5.081562 seconds
My rank:110, took 5.081128 seconds
My rank:111, took 5.082193 seconds
My rank:0, took 4.998327 seconds
That took 4.998327 seconds
======== Run :  4
My rank: 10, Row start: 261, Row end:286 
My rank: 11, Row start: 287, Row end:312 
My rank: 13, Row start: 339, Row end:364 
My rank: 15, Row start: 391, Row end:416 
My rank: 17, Row start: 443, Row end:468 
My rank: 20, Row start: 521, Row end:546 
My rank: 21, Row start: 547, Row end:572 
My rank: 27, Row start: 703, Row end:728 
My rank: 45, Row start: 1171, Row end:1196 
My rank: 49, Row start: 1275, Row end:1300 
My rank: 53, Row start: 1379, Row end:1404 
My rank: 56, Row start: 1457, Row end:1482 
My rank: 69, Row start: 1795, Row end:1820 
My rank: 72, Row start: 1873, Row end:1898 
My rank: 74, Row start: 1925, Row end:1950 
My rank: 83, Row start: 2159, Row end:2184 
My rank: 86, Row start: 2237, Row end:2262 
My rank: 98, Row start: 2549, Row end:2574 
My rank: 109, Row start: 2835, Row end:2860 
My rank: 0, Row start: 1, Row end:26 
My rank: 3, Row start: 79, Row end:104 
My rank: 4, Row start: 105, Row end:130 
My rank: 16, Row start: 417, Row end:442 
My rank: 18, Row start: 469, Row end:494 
My rank: 28, Row start: 729, Row end:754 
My rank: 29, Row start: 755, Row end:780 
My rank: 32, Row start: 833, Row end:858 
My rank: 36, Row start: 937, Row end:962 
My rank: 38, Row start: 989, Row end:1014 
My rank: 39, Row start: 1015, Row end:1040 
My rank: 41, Row start: 1067, Row end:1092 
My rank: 43, Row start: 1119, Row end:1144 
My rank: 51, Row start: 1327, Row end:1352 
My rank: 52, Row start: 1353, Row end:1378 
My rank: 54, Row start: 1405, Row end:1430 
My rank: 57, Row start: 1483, Row end:1508 
My rank: 61, Row start: 1587, Row end:1612 
My rank: 63, Row start: 1639, Row end:1664 
My rank: 94, Row start: 2445, Row end:2470 
My rank: 101, Row start: 2627, Row end:2652 
My rank: 102, Row start: 2653, Row end:2678 
My rank: 103, Row start: 2679, Row end:2704 
My rank: 107, Row start: 2783, Row end:2808 
My rank: 108, Row start: 2809, Row end:2834 
My rank: 2, Row start: 53, Row end:78 
My rank: 6, Row start: 157, Row end:182 
My rank: 34, Row start: 885, Row end:910 
My rank: 48, Row start: 1249, Row end:1274 
My rank: 55, Row start: 1431, Row end:1456 
My rank: 58, Row start: 1509, Row end:1534 
My rank: 62, Row start: 1613, Row end:1638 
My rank: 73, Row start: 1899, Row end:1924 
My rank: 84, Row start: 2185, Row end:2210 
My rank: 91, Row start: 2367, Row end:2392 
My rank: 95, Row start: 2471, Row end:2496 
My rank: 96, Row start: 2497, Row end:2522 
My rank: 104, Row start: 2705, Row end:2730 
My rank: 111, Row start: 2887, Row end:2999 
My rank: 9, Row start: 235, Row end:260 
My rank: 14, Row start: 365, Row end:390 
My rank: 19, Row start: 495, Row end:520 
My rank: 25, Row start: 651, Row end:676 
My rank: 30, Row start: 781, Row end:806 
My rank: 31, Row start: 807, Row end:832 
My rank: 42, Row start: 1093, Row end:1118 
My rank: 47, Row start: 1223, Row end:1248 
My rank: 67, Row start: 1743, Row end:1768 
My rank: 75, Row start: 1951, Row end:1976 
My rank: 77, Row start: 2003, Row end:2028 
My rank: 78, Row start: 2029, Row end:2054 
My rank: 88, Row start: 2289, Row end:2314 
My rank: 89, Row start: 2315, Row end:2340 
My rank: 97, Row start: 2523, Row end:2548 
My rank: 106, Row start: 2757, Row end:2782 
My rank: 110, Row start: 2861, Row end:2886 
My rank: 24, Row start: 625, Row end:650 
My rank: 40, Row start: 1041, Row end:1066 
My rank: 79, Row start: 2055, Row end:2080 
My rank: 81, Row start: 2107, Row end:2132 
My rank: 87, Row start: 2263, Row end:2288 
My rank: 90, Row start: 2341, Row end:2366 
My rank: 93, Row start: 2419, Row end:2444 
My rank: 99, Row start: 2575, Row end:2600 
My rank: 100, Row start: 2601, Row end:2626 
My rank: 1, Row start: 27, Row end:52 
My rank: 5, Row start: 131, Row end:156 
My rank: 12, Row start: 313, Row end:338 
My rank: 23, Row start: 599, Row end:624 
My rank: 26, Row start: 677, Row end:702 
My rank: 44, Row start: 1145, Row end:1170 
My rank: 50, Row start: 1301, Row end:1326 
My rank: 60, Row start: 1561, Row end:1586 
My rank: 64, Row start: 1665, Row end:1690 
My rank: 76, Row start: 1977, Row end:2002 
My rank: 35, Row start: 911, Row end:936 
My rank: 59, Row start: 1535, Row end:1560 
My rank: 71, Row start: 1847, Row end:1872 
My rank: 105, Row start: 2731, Row end:2756 
My rank: 92, Row start: 2393, Row end:2418 
My rank: 7, Row start: 183, Row end:208 
My rank: 22, Row start: 573, Row end:598 
My rank: 82, Row start: 2133, Row end:2158 
My rank: 37, Row start: 963, Row end:988 
My rank: 65, Row start: 1691, Row end:1716 
My rank: 8, Row start: 209, Row end:234 
My rank: 33, Row start: 859, Row end:884 
My rank: 46, Row start: 1197, Row end:1222 
My rank: 66, Row start: 1717, Row end:1742 
My rank: 68, Row start: 1769, Row end:1794 
My rank: 70, Row start: 1821, Row end:1846 
My rank: 80, Row start: 2081, Row end:2106 
My rank: 85, Row start: 2211, Row end:2236 
My rank:1, took 5.435163 seconds
My rank:2, took 5.436527 seconds
My rank:3, took 5.437553 seconds
My rank:4, took 5.438314 seconds
My rank:5, took 5.438252 seconds
My rank:6, took 5.439423 seconds
My rank:7, took 5.437162 seconds
My rank:8, took 5.426834 seconds
My rank:9, took 5.441575 seconds
My rank:10, took 5.443013 seconds
My rank:11, took 5.443931 seconds
My rank:12, took 5.443616 seconds
My rank:13, took 5.445397 seconds
My rank:14, took 5.445453 seconds
My rank:15, took 5.447046 seconds
My rank:16, took 5.447320 seconds
My rank:17, took 5.448648 seconds
My rank:18, took 5.448838 seconds
My rank:19, took 5.449094 seconds
My rank:20, took 5.450700 seconds
My rank:21, took 5.451568 seconds
My rank:22, took 5.448588 seconds
My rank:23, took 5.451834 seconds
My rank:24, took 5.452705 seconds
My rank:25, took 5.453729 seconds
My rank:26, took 5.454259 seconds
My rank:27, took 5.456100 seconds
My rank:28, took 5.456545 seconds
My rank:29, took 5.457190 seconds
My rank:30, took 5.457534 seconds
My rank:31, took 5.458383 seconds
My rank:32, took 5.459453 seconds
My rank:33, took 5.446629 seconds
My rank:34, took 5.460642 seconds
My rank:35, took 5.460801 seconds
My rank:36, took 5.462542 seconds
My rank:37, took 5.450608 seconds
My rank:38, took 5.464077 seconds
My rank:39, took 5.464644 seconds
My rank:40, took 5.464825 seconds
My rank:41, took 5.466194 seconds
My rank:42, took 5.466569 seconds
My rank:43, took 5.467914 seconds
My rank:44, took 5.467731 seconds
My rank:45, took 5.469587 seconds
My rank:46, took 5.455463 seconds
My rank:47, took 5.470556 seconds
My rank:48, took 5.471291 seconds
My rank:49, took 5.472732 seconds
My rank:50, took 5.472296 seconds
My rank:51, took 5.473912 seconds
My rank:52, took 5.474768 seconds
My rank:53, took 5.475825 seconds
My rank:54, took 5.476063 seconds
My rank:55, took 5.476614 seconds
My rank:56, took 5.477981 seconds
My rank:57, took 5.478436 seconds
My rank:58, took 5.479002 seconds
My rank:59, took 5.478988 seconds
My rank:60, took 5.479927 seconds
My rank:61, took 5.481471 seconds
My rank:62, took 5.481888 seconds
My rank:63, took 5.482912 seconds
My rank:64, took 5.482940 seconds
My rank:65, took 5.471787 seconds
My rank:66, took 5.470622 seconds
My rank:67, took 5.485387 seconds
My rank:68, took 5.473112 seconds
My rank:69, took 5.487772 seconds
My rank:70, took 5.473604 seconds
My rank:71, took 5.488100 seconds
My rank:72, took 5.489904 seconds
My rank:73, took 5.490225 seconds
My rank:74, took 5.491546 seconds
My rank:75, took 5.491495 seconds
My rank:76, took 5.491995 seconds
My rank:77, took 5.493002 seconds
My rank:78, took 5.493795 seconds
My rank:79, took 5.494404 seconds
My rank:80, took 5.482279 seconds
My rank:81, took 5.495880 seconds
My rank:82, took 5.494131 seconds
My rank:83, took 5.498370 seconds
My rank:84, took 5.498536 seconds
My rank:85, took 5.474142 seconds
My rank:86, took 5.500695 seconds
My rank:87, took 5.500564 seconds
My rank:88, took 5.501510 seconds
My rank:89, took 5.502143 seconds
My rank:90, took 5.502847 seconds
My rank:91, took 5.503895 seconds
My rank:92, took 5.501912 seconds
My rank:93, took 5.505192 seconds
My rank:94, took 5.506489 seconds
My rank:95, took 5.507082 seconds
My rank:96, took 5.507753 seconds
My rank:97, took 5.508355 seconds
My rank:98, took 5.509705 seconds
My rank:99, took 5.509572 seconds
My rank:100, took 5.510341 seconds
My rank:101, took 5.511891 seconds
My rank:102, took 5.512495 seconds
My rank:103, took 5.513268 seconds
My rank:104, took 5.513876 seconds
My rank:105, took 5.513453 seconds
My rank:106, took 5.515104 seconds
My rank:107, took 5.516400 seconds
My rank:108, took 5.517207 seconds
My rank:109, took 5.518136 seconds
My rank:110, took 5.518200 seconds
My rank:111, took 5.519154 seconds
My rank:0, took 5.435312 seconds
That took 5.435312 seconds
======== Run :  5
My rank: 3, Row start: 79, Row end:104 
My rank: 7, Row start: 183, Row end:208 
My rank: 8, Row start: 209, Row end:234 
My rank: 14, Row start: 365, Row end:390 
My rank: 17, Row start: 443, Row end:468 
My rank: 22, Row start: 573, Row end:598 
My rank: 36, Row start: 937, Row end:962 
My rank: 42, Row start: 1093, Row end:1118 
My rank: 46, Row start: 1197, Row end:1222 
My rank: 57, Row start: 1483, Row end:1508 
My rank: 59, Row start: 1535, Row end:1560 
My rank: 68, Row start: 1769, Row end:1794 
My rank: 75, Row start: 1951, Row end:1976 
My rank: 97, Row start: 2523, Row end:2548 
My rank: 104, Row start: 2705, Row end:2730 
My rank: 105, Row start: 2731, Row end:2756 
My rank: 107, Row start: 2783, Row end:2808 
My rank: 24, Row start: 625, Row end:650 
My rank: 38, Row start: 989, Row end:1014 
My rank: 39, Row start: 1015, Row end:1040 
My rank: 62, Row start: 1613, Row end:1638 
My rank: 77, Row start: 2003, Row end:2028 
My rank: 83, Row start: 2159, Row end:2184 
My rank: 98, Row start: 2549, Row end:2574 
My rank: 108, Row start: 2809, Row end:2834 
My rank: 0, Row start: 1, Row end:26 
My rank: 13, Row start: 339, Row end:364 
My rank: 16, Row start: 417, Row end:442 
My rank: 19, Row start: 495, Row end:520 
My rank: 29, Row start: 755, Row end:780 
My rank: 35, Row start: 911, Row end:936 
My rank: 48, Row start: 1249, Row end:1274 
My rank: 58, Row start: 1509, Row end:1534 
My rank: 76, Row start: 1977, Row end:2002 
My rank: 86, Row start: 2237, Row end:2262 
My rank: 95, Row start: 2471, Row end:2496 
My rank: 99, Row start: 2575, Row end:2600 
My rank: 110, Row start: 2861, Row end:2886 
My rank: 2, Row start: 53, Row end:78 
My rank: 9, Row start: 235, Row end:260 
My rank: 11, Row start: 287, Row end:312 
My rank: 23, Row start: 599, Row end:624 
My rank: 32, Row start: 833, Row end:858 
My rank: 37, Row start: 963, Row end:988 
My rank: 74, Row start: 1925, Row end:1950 
My rank: 78, Row start: 2029, Row end:2054 
My rank: 79, Row start: 2055, Row end:2080 
My rank: 106, Row start: 2757, Row end:2782 
My rank: 111, Row start: 2887, Row end:2999 
My rank: 1, Row start: 27, Row end:52 
My rank: 25, Row start: 651, Row end:676 
My rank: 34, Row start: 885, Row end:910 
My rank: 47, Row start: 1223, Row end:1248 
My rank: 50, Row start: 1301, Row end:1326 
My rank: 51, Row start: 1327, Row end:1352 
My rank: 52, Row start: 1353, Row end:1378 
My rank: 87, Row start: 2263, Row end:2288 
My rank: 94, Row start: 2445, Row end:2470 
My rank: 4, Row start: 105, Row end:130 
My rank: 20, Row start: 521, Row end:546 
My rank: 28, Row start: 729, Row end:754 
My rank: 41, Row start: 1067, Row end:1092 
My rank: 49, Row start: 1275, Row end:1300 
My rank: 56, Row start: 1457, Row end:1482 
My rank: 69, Row start: 1795, Row end:1820 
My rank: 72, Row start: 1873, Row end:1898 
My rank: 88, Row start: 2289, Row end:2314 
My rank: 89, Row start: 2315, Row end:2340 
My rank: 92, Row start: 2393, Row end:2418 
My rank: 93, Row start: 2419, Row end:2444 
My rank: 21, Row start: 547, Row end:572 
My rank: 40, Row start: 1041, Row end:1066 
My rank: 60, Row start: 1561, Row end:1586 
My rank: 73, Row start: 1899, Row end:1924 
My rank: 80, Row start: 2081, Row end:2106 
My rank: 81, Row start: 2107, Row end:2132 
My rank: 82, Row start: 2133, Row end:2158 
My rank: 91, Row start: 2367, Row end:2392 
My rank: 101, Row start: 2627, Row end:2652 
My rank: 102, Row start: 2653, Row end:2678 
My rank: 18, Row start: 469, Row end:494 
My rank: 26, Row start: 677, Row end:702 
My rank: 30, Row start: 781, Row end:806 
My rank: 31, Row start: 807, Row end:832 
My rank: 43, Row start: 1119, Row end:1144 
My rank: 45, Row start: 1171, Row end:1196 
My rank: 55, Row start: 1431, Row end:1456 
My rank: 64, Row start: 1665, Row end:1690 
My rank: 90, Row start: 2341, Row end:2366 
My rank: 96, Row start: 2497, Row end:2522 
My rank: 100, Row start: 2601, Row end:2626 
My rank: 103, Row start: 2679, Row end:2704 
My rank: 5, Row start: 131, Row end:156 
My rank: 10, Row start: 261, Row end:286 
My rank: 15, Row start: 391, Row end:416 
My rank: 27, Row start: 703, Row end:728 
My rank: 33, Row start: 859, Row end:884 
My rank: 54, Row start: 1405, Row end:1430 
My rank: 63, Row start: 1639, Row end:1664 
My rank: 71, Row start: 1847, Row end:1872 
My rank: 85, Row start: 2211, Row end:2236 
My rank: 109, Row start: 2835, Row end:2860 
My rank: 12, Row start: 313, Row end:338 
My rank: 67, Row start: 1743, Row end:1768 
My rank: 53, Row start: 1379, Row end:1404 
My rank: 84, Row start: 2185, Row end:2210 
My rank: 66, Row start: 1717, Row end:1742 
My rank: 6, Row start: 157, Row end:182 
My rank: 70, Row start: 1821, Row end:1846 
My rank: 61, Row start: 1587, Row end:1612 
My rank: 65, Row start: 1691, Row end:1716 
My rank: 44, Row start: 1145, Row end:1170 
My rank:1, took 4.873756 seconds
My rank:2, took 4.874629 seconds
My rank:3, took 4.875846 seconds
My rank:4, took 4.875861 seconds
My rank:5, took 4.876226 seconds
My rank:6, took 4.876545 seconds
My rank:7, took 4.879465 seconds
My rank:8, took 4.892215 seconds
My rank:9, took 4.891645 seconds
My rank:10, took 4.890993 seconds
My rank:11, took 4.891622 seconds
My rank:12, took 4.890768 seconds
My rank:13, took 4.891760 seconds
My rank:14, took 4.892200 seconds
My rank:15, took 4.890914 seconds
My rank:16, took 4.891813 seconds
My rank:17, took 4.892298 seconds
My rank:18, took 4.891148 seconds
My rank:19, took 4.891861 seconds
My rank:20, took 4.891464 seconds
My rank:21, took 4.891228 seconds
My rank:22, took 4.892197 seconds
My rank:23, took 4.891635 seconds
My rank:24, took 4.891972 seconds
My rank:25, took 4.892025 seconds
My rank:26, took 4.892261 seconds
My rank:27, took 4.892811 seconds
My rank:28, took 4.894104 seconds
My rank:29, took 4.895238 seconds
My rank:30, took 4.895191 seconds
My rank:31, took 4.896162 seconds
My rank:32, took 4.897421 seconds
My rank:33, took 4.897408 seconds
My rank:34, took 4.898640 seconds
My rank:35, took 4.899756 seconds
My rank:36, took 4.901044 seconds
My rank:37, took 4.901072 seconds
My rank:38, took 4.902216 seconds
My rank:39, took 4.902930 seconds
My rank:40, took 4.902905 seconds
My rank:41, took 4.903880 seconds
My rank:42, took 4.905523 seconds
My rank:43, took 4.905072 seconds
My rank:44, took 4.894074 seconds
My rank:45, took 4.906558 seconds
My rank:46, took 4.908526 seconds
My rank:47, took 4.908538 seconds
My rank:48, took 4.909570 seconds
My rank:49, took 4.909940 seconds
My rank:50, took 4.910913 seconds
My rank:51, took 4.911589 seconds
My rank:52, took 4.912313 seconds
My rank:53, took 4.912260 seconds
My rank:54, took 4.913292 seconds
My rank:55, took 4.914273 seconds
My rank:56, took 4.915280 seconds
My rank:57, took 4.916858 seconds
My rank:58, took 4.917111 seconds
My rank:59, took 4.918476 seconds
My rank:60, took 4.918195 seconds
My rank:61, took 4.917783 seconds
My rank:62, took 4.920484 seconds
My rank:63, took 4.920039 seconds
My rank:64, took 4.920958 seconds
My rank:65, took 4.913678 seconds
My rank:66, took 4.922237 seconds
My rank:67, took 4.923007 seconds
My rank:68, took 4.925285 seconds
My rank:69, took 4.925088 seconds
My rank:70, took 4.925027 seconds
My rank:71, took 4.926137 seconds
My rank:72, took 4.927250 seconds
My rank:73, took 4.927858 seconds
My rank:74, took 4.929113 seconds
My rank:75, took 4.930462 seconds
My rank:76, took 4.930722 seconds
My rank:77, took 4.931732 seconds
My rank:78, took 4.932166 seconds
My rank:79, took 4.932911 seconds
My rank:80, took 4.933209 seconds
My rank:81, took 4.933968 seconds
My rank:82, took 4.934773 seconds
My rank:83, took 4.936276 seconds
My rank:84, took 4.935748 seconds
My rank:85, took 4.936722 seconds
My rank:86, took 4.938352 seconds
My rank:87, took 4.938835 seconds
My rank:88, took 4.939504 seconds
My rank:89, took 4.940203 seconds
My rank:90, took 4.940587 seconds
My rank:91, took 4.941520 seconds
My rank:92, took 4.942469 seconds
My rank:93, took 4.943227 seconds
My rank:94, took 4.944241 seconds
My rank:95, took 4.945149 seconds
My rank:96, took 4.945189 seconds
My rank:97, took 4.947223 seconds
My rank:98, took 4.947587 seconds
My rank:99, took 4.948249 seconds
My rank:100, took 4.948198 seconds
My rank:101, took 4.949169 seconds
My rank:102, took 4.949976 seconds
My rank:103, took 4.950561 seconds
My rank:104, took 4.952554 seconds
My rank:105, took 4.953208 seconds
My rank:106, took 4.953418 seconds
My rank:107, took 4.954726 seconds
My rank:108, took 4.955168 seconds
My rank:109, took 4.954960 seconds
My rank:110, took 4.956552 seconds
My rank:111, took 4.957176 seconds
My rank:0, took 4.873258 seconds
That took 4.873258 seconds
======== Run :  6
My rank: 7, Row start: 183, Row end:208 
My rank: 28, Row start: 729, Row end:754 
My rank: 57, Row start: 1483, Row end:1508 
My rank: 58, Row start: 1509, Row end:1534 
My rank: 80, Row start: 2081, Row end:2106 
My rank: 95, Row start: 2471, Row end:2496 
My rank: 97, Row start: 2523, Row end:2548 
My rank: 98, Row start: 2549, Row end:2574 
My rank: 102, Row start: 2653, Row end:2678 
My rank: 106, Row start: 2757, Row end:2782 
My rank: 108, Row start: 2809, Row end:2834 
My rank: 4, Row start: 105, Row end:130 
My rank: 11, Row start: 287, Row end:312 
My rank: 15, Row start: 391, Row end:416 
My rank: 18, Row start: 469, Row end:494 
My rank: 23, Row start: 599, Row end:624 
My rank: 24, Row start: 625, Row end:650 
My rank: 31, Row start: 807, Row end:832 
My rank: 49, Row start: 1275, Row end:1300 
My rank: 71, Row start: 1847, Row end:1872 
My rank: 90, Row start: 2341, Row end:2366 
My rank: 103, Row start: 2679, Row end:2704 
My rank: 20, Row start: 521, Row end:546 
My rank: 59, Row start: 1535, Row end:1560 
My rank: 60, Row start: 1561, Row end:1586 
My rank: 69, Row start: 1795, Row end:1820 
My rank: 79, Row start: 2055, Row end:2080 
My rank: 84, Row start: 2185, Row end:2210 
My rank: 44, Row start: 1145, Row end:1170 
My rank: 64, Row start: 1665, Row end:1690 
My rank: 29, Row start: 755, Row end:780 
My rank: 52, Row start: 1353, Row end:1378 
My rank: 70, Row start: 1821, Row end:1846 
My rank: 82, Row start: 2133, Row end:2158 
My rank: 6, Row start: 157, Row end:182 
My rank: 96, Row start: 2497, Row end:2522 
My rank: 91, Row start: 2367, Row end:2392 
My rank: 3, Row start: 79, Row end:104 
My rank: 51, Row start: 1327, Row end:1352 
My rank: 86, Row start: 2237, Row end:2262 
My rank: 43, Row start: 1119, Row end:1144 
My rank: 66, Row start: 1717, Row end:1742 
My rank: 67, Row start: 1743, Row end:1768 
My rank: 81, Row start: 2107, Row end:2132 
My rank: 1, Row start: 27, Row end:52 
My rank: 30, Row start: 781, Row end:806 
My rank: 111, Row start: 2887, Row end:2999 
My rank: 8, Row start: 209, Row end:234 
My rank: 33, Row start: 859, Row end:884 
My rank: 45, Row start: 1171, Row end:1196 
My rank: 105, Row start: 2731, Row end:2756 
My rank: 12, Row start: 313, Row end:338 
My rank: 22, Row start: 573, Row end:598 
My rank: 27, Row start: 703, Row end:728 
My rank: 46, Row start: 1197, Row end:1222 
My rank: 72, Row start: 1873, Row end:1898 
My rank: 74, Row start: 1925, Row end:1950 
My rank: 5, Row start: 131, Row end:156 
My rank: 9, Row start: 235, Row end:260 
My rank: 13, Row start: 339, Row end:364 
My rank: 14, Row start: 365, Row end:390 
My rank: 17, Row start: 443, Row end:468 
My rank: 19, Row start: 495, Row end:520 
My rank: 21, Row start: 547, Row end:572 
My rank: 26, Row start: 677, Row end:702 
My rank: 36, Row start: 937, Row end:962 
My rank: 42, Row start: 1093, Row end:1118 
My rank: 68, Row start: 1769, Row end:1794 
My rank: 76, Row start: 1977, Row end:2002 
My rank: 83, Row start: 2159, Row end:2184 
My rank: 101, Row start: 2627, Row end:2652 
My rank: 0, Row start: 1, Row end:26 
My rank: 25, Row start: 651, Row end:676 
My rank: 32, Row start: 833, Row end:858 
My rank: 41, Row start: 1067, Row end:1092 
My rank: 47, Row start: 1223, Row end:1248 
My rank: 48, Row start: 1249, Row end:1274 
My rank: 54, Row start: 1405, Row end:1430 
My rank: 56, Row start: 1457, Row end:1482 
My rank: 61, Row start: 1587, Row end:1612 
My rank: 62, Row start: 1613, Row end:1638 
My rank: 75, Row start: 1951, Row end:1976 
My rank: 77, Row start: 2003, Row end:2028 
My rank: 89, Row start: 2315, Row end:2340 
My rank: 104, Row start: 2705, Row end:2730 
My rank: 110, Row start: 2861, Row end:2886 
My rank: 2, Row start: 53, Row end:78 
My rank: 37, Row start: 963, Row end:988 
My rank: 38, Row start: 989, Row end:1014 
My rank: 40, Row start: 1041, Row end:1066 
My rank: 87, Row start: 2263, Row end:2288 
My rank: 92, Row start: 2393, Row end:2418 
My rank: 94, Row start: 2445, Row end:2470 
My rank: 100, Row start: 2601, Row end:2626 
My rank: 34, Row start: 885, Row end:910 
My rank: 53, Row start: 1379, Row end:1404 
My rank: 63, Row start: 1639, Row end:1664 
My rank: 85, Row start: 2211, Row end:2236 
My rank: 107, Row start: 2783, Row end:2808 
My rank: 10, Row start: 261, Row end:286 
My rank: 65, Row start: 1691, Row end:1716 
My rank: 73, Row start: 1899, Row end:1924 
My rank: 78, Row start: 2029, Row end:2054 
My rank: 50, Row start: 1301, Row end:1326 
My rank: 109, Row start: 2835, Row end:2860 
My rank: 55, Row start: 1431, Row end:1456 
My rank: 16, Row start: 417, Row end:442 
My rank: 35, Row start: 911, Row end:936 
My rank: 93, Row start: 2419, Row end:2444 
My rank: 99, Row start: 2575, Row end:2600 
My rank: 39, Row start: 1015, Row end:1040 
My rank: 88, Row start: 2289, Row end:2314 
My rank:1, took 4.958468 seconds
My rank:2, took 4.958065 seconds
My rank:3, took 4.960129 seconds
My rank:4, took 4.961705 seconds
My rank:5, took 4.961075 seconds
My rank:6, took 4.962570 seconds
My rank:7, took 4.964191 seconds
My rank:8, took 4.963671 seconds
My rank:9, took 4.964204 seconds
My rank:10, took 4.963907 seconds
My rank:11, took 4.966958 seconds
My rank:12, took 4.966687 seconds
My rank:13, took 4.967123 seconds
My rank:14, took 4.968140 seconds
My rank:15, took 4.970021 seconds
My rank:16, took 4.968264 seconds
My rank:17, took 4.970236 seconds
My rank:18, took 4.972313 seconds
My rank:19, took 4.971776 seconds
My rank:20, took 4.973766 seconds
My rank:21, took 4.973343 seconds
My rank:22, took 4.974246 seconds
My rank:23, took 4.976125 seconds
My rank:24, took 4.977051 seconds
My rank:25, took 4.975792 seconds
My rank:26, took 4.977115 seconds
My rank:27, took 4.978069 seconds
My rank:28, took 4.980182 seconds
My rank:29, took 4.980124 seconds
My rank:30, took 4.980488 seconds
My rank:31, took 4.982308 seconds
My rank:32, took 4.981276 seconds
My rank:33, took 4.982638 seconds
My rank:34, took 4.982373 seconds
My rank:35, took 4.982551 seconds
My rank:36, took 4.984834 seconds
My rank:37, took 4.984733 seconds
My rank:38, took 4.985599 seconds
My rank:39, took 4.975477 seconds
My rank:40, took 4.987053 seconds
My rank:41, took 4.988104 seconds
My rank:42, took 4.989240 seconds
My rank:43, took 4.990532 seconds
My rank:44, took 4.991782 seconds
My rank:45, took 4.991896 seconds
My rank:46, took 4.992518 seconds
My rank:47, took 4.992880 seconds
My rank:48, took 4.993503 seconds
My rank:49, took 4.995920 seconds
My rank:50, took 4.994357 seconds
My rank:51, took 4.996633 seconds
My rank:52, took 4.997637 seconds
My rank:53, took 4.996782 seconds
My rank:54, took 4.998003 seconds
My rank:55, took 4.998073 seconds
My rank:56, took 4.999431 seconds
My rank:57, took 5.002286 seconds
My rank:58, took 5.002907 seconds
My rank:59, took 5.003185 seconds
My rank:60, took 5.003990 seconds
My rank:61, took 5.003187 seconds
My rank:62, took 4.990960 seconds
My rank:63, took 5.004387 seconds
My rank:64, took 5.006831 seconds
My rank:65, took 5.005816 seconds
My rank:66, took 5.007971 seconds
My rank:67, took 5.008675 seconds
My rank:68, took 5.008927 seconds
My rank:69, took 5.010773 seconds
My rank:70, took 5.011301 seconds
My rank:71, took 5.012522 seconds
My rank:72, took 5.012144 seconds
My rank:73, took 5.011819 seconds
My rank:74, took 5.013769 seconds
My rank:75, took 5.013886 seconds
My rank:76, took 5.014870 seconds
My rank:77, took 5.015543 seconds
My rank:78, took 5.015612 seconds
My rank:79, took 5.018390 seconds
My rank:80, took 5.019529 seconds
My rank:81, took 5.019321 seconds
My rank:82, took 5.020375 seconds
My rank:83, took 5.020324 seconds
My rank:84, took 5.022090 seconds
My rank:85, took 5.020993 seconds
My rank:86, took 5.023175 seconds
My rank:87, took 5.022620 seconds
My rank:88, took 5.010579 seconds
My rank:89, took 5.024502 seconds
My rank:90, took 5.027058 seconds
My rank:91, took 5.027027 seconds
My rank:92, took 5.026404 seconds
My rank:93, took 5.026670 seconds
My rank:94, took 5.028028 seconds
My rank:95, took 5.030931 seconds
My rank:96, took 5.030962 seconds
My rank:97, took 5.033009 seconds
My rank:98, took 5.033253 seconds
My rank:99, took 5.031259 seconds
My rank:100, took 5.032586 seconds
My rank:101, took 5.034058 seconds
My rank:102, took 5.036214 seconds
My rank:103, took 5.036970 seconds
My rank:104, took 5.035752 seconds
My rank:105, took 5.037381 seconds
My rank:106, took 5.039267 seconds
My rank:107, took 5.037770 seconds
My rank:108, took 5.040876 seconds
My rank:109, took 5.039138 seconds
My rank:110, took 5.040636 seconds
My rank:111, took 5.042061 seconds
My rank:0, took 4.957019 seconds
That took 4.957019 seconds
======== Run :  7
My rank: 76, Row start: 1977, Row end:2002 
My rank: 5, Row start: 131, Row end:156 
My rank: 7, Row start: 183, Row end:208 
My rank: 9, Row start: 235, Row end:260 
My rank: 10, Row start: 261, Row end:286 
My rank: 11, Row start: 287, Row end:312 
My rank: 20, Row start: 521, Row end:546 
My rank: 21, Row start: 547, Row end:572 
My rank: 23, Row start: 599, Row end:624 
My rank: 24, Row start: 625, Row end:650 
My rank: 29, Row start: 755, Row end:780 
My rank: 33, Row start: 859, Row end:884 
My rank: 34, Row start: 885, Row end:910 
My rank: 35, Row start: 911, Row end:936 
My rank: 39, Row start: 1015, Row end:1040 
My rank: 43, Row start: 1119, Row end:1144 
My rank: 46, Row start: 1197, Row end:1222 
My rank: 47, Row start: 1223, Row end:1248 
My rank: 49, Row start: 1275, Row end:1300 
My rank: 50, Row start: 1301, Row end:1326 
My rank: 53, Row start: 1379, Row end:1404 
My rank: 55, Row start: 1431, Row end:1456 
My rank: 58, Row start: 1509, Row end:1534 
My rank: 65, Row start: 1691, Row end:1716 
My rank: 68, Row start: 1769, Row end:1794 
My rank: 73, Row start: 1899, Row end:1924 
My rank: 74, Row start: 1925, Row end:1950 
My rank: 75, Row start: 1951, Row end:1976 
My rank: 79, Row start: 2055, Row end:2080 
My rank: 82, Row start: 2133, Row end:2158 
My rank: 85, Row start: 2211, Row end:2236 
My rank: 88, Row start: 2289, Row end:2314 
My rank: 91, Row start: 2367, Row end:2392 
My rank: 92, Row start: 2393, Row end:2418 
My rank: 96, Row start: 2497, Row end:2522 
My rank: 98, Row start: 2549, Row end:2574 
My rank: 102, Row start: 2653, Row end:2678 
My rank: 107, Row start: 2783, Row end:2808 
My rank: 111, Row start: 2887, Row end:2999 
My rank: 0, Row start: 1, Row end:26 
My rank: 1, Row start: 27, Row end:52 
My rank: 2, Row start: 53, Row end:78 
My rank: 3, Row start: 79, Row end:104 
My rank: 6, Row start: 157, Row end:182 
My rank: 8, Row start: 209, Row end:234 
My rank: 14, Row start: 365, Row end:390 
My rank: 15, Row start: 391, Row end:416 
My rank: 17, Row start: 443, Row end:468 
My rank: 22, Row start: 573, Row end:598 
My rank: 25, Row start: 651, Row end:676 
My rank: 26, Row start: 677, Row end:702 
My rank: 27, Row start: 703, Row end:728 
My rank: 28, Row start: 729, Row end:754 
My rank: 30, Row start: 781, Row end:806 
My rank: 36, Row start: 937, Row end:962 
My rank: 37, Row start: 963, Row end:988 
My rank: 38, Row start: 989, Row end:1014 
My rank: 40, Row start: 1041, Row end:1066 
My rank: 41, Row start: 1067, Row end:1092 
My rank: 42, Row start: 1093, Row end:1118 
My rank: 44, Row start: 1145, Row end:1170 
My rank: 48, Row start: 1249, Row end:1274 
My rank: 59, Row start: 1535, Row end:1560 
My rank: 64, Row start: 1665, Row end:1690 
My rank: 67, Row start: 1743, Row end:1768 
My rank: 69, Row start: 1795, Row end:1820 
My rank: 71, Row start: 1847, Row end:1872 
My rank: 77, Row start: 2003, Row end:2028 
My rank: 83, Row start: 2159, Row end:2184 
My rank: 86, Row start: 2237, Row end:2262 
My rank: 87, Row start: 2263, Row end:2288 
My rank: 90, Row start: 2341, Row end:2366 
My rank: 93, Row start: 2419, Row end:2444 
My rank: 95, Row start: 2471, Row end:2496 
My rank: 97, Row start: 2523, Row end:2548 
My rank: 99, Row start: 2575, Row end:2600 
My rank: 100, Row start: 2601, Row end:2626 
My rank: 101, Row start: 2627, Row end:2652 
My rank: 104, Row start: 2705, Row end:2730 
My rank: 109, Row start: 2835, Row end:2860 
My rank: 110, Row start: 2861, Row end:2886 
My rank: 4, Row start: 105, Row end:130 
My rank: 12, Row start: 313, Row end:338 
My rank: 13, Row start: 339, Row end:364 
My rank: 16, Row start: 417, Row end:442 
My rank: 18, Row start: 469, Row end:494 
My rank: 19, Row start: 495, Row end:520 
My rank: 31, Row start: 807, Row end:832 
My rank: 32, Row start: 833, Row end:858 
My rank: 45, Row start: 1171, Row end:1196 
My rank: 51, Row start: 1327, Row end:1352 
My rank: 54, Row start: 1405, Row end:1430 
My rank: 56, Row start: 1457, Row end:1482 
My rank: 60, Row start: 1561, Row end:1586 
My rank: 61, Row start: 1587, Row end:1612 
My rank: 63, Row start: 1639, Row end:1664 
My rank: 70, Row start: 1821, Row end:1846 
My rank: 72, Row start: 1873, Row end:1898 
My rank: 78, Row start: 2029, Row end:2054 
My rank: 80, Row start: 2081, Row end:2106 
My rank: 81, Row start: 2107, Row end:2132 
My rank: 84, Row start: 2185, Row end:2210 
My rank: 89, Row start: 2315, Row end:2340 
My rank: 94, Row start: 2445, Row end:2470 
My rank: 103, Row start: 2679, Row end:2704 
My rank: 105, Row start: 2731, Row end:2756 
My rank: 57, Row start: 1483, Row end:1508 
My rank: 108, Row start: 2809, Row end:2834 
My rank: 66, Row start: 1717, Row end:1742 
My rank: 106, Row start: 2757, Row end:2782 
My rank: 52, Row start: 1353, Row end:1378 
My rank: 62, Row start: 1613, Row end:1638 
My rank:1, took 5.295710 seconds
My rank:2, took 5.296806 seconds
My rank:3, took 5.297533 seconds
My rank:4, took 5.297758 seconds
My rank:5, took 5.299351 seconds
My rank:6, took 5.299625 seconds
My rank:7, took 5.300988 seconds
My rank:8, took 5.301180 seconds
My rank:9, took 5.302365 seconds
My rank:10, took 5.303334 seconds
My rank:11, took 5.304159 seconds
My rank:12, took 5.303628 seconds
My rank:13, took 5.304600 seconds
My rank:14, took 5.305882 seconds
My rank:15, took 5.306809 seconds
My rank:16, took 5.306839 seconds
My rank:17, took 5.307932 seconds
My rank:18, took 5.308150 seconds
My rank:19, took 5.309118 seconds
My rank:20, took 5.310938 seconds
My rank:21, took 5.311372 seconds
My rank:22, took 5.312118 seconds
My rank:23, took 5.313341 seconds
My rank:24, took 5.313769 seconds
My rank:25, took 5.313853 seconds
My rank:26, took 5.315254 seconds
My rank:27, took 5.315777 seconds
My rank:28, took 5.316357 seconds
My rank:29, took 5.317952 seconds
My rank:30, took 5.317938 seconds
My rank:31, took 5.318208 seconds
My rank:32, took 5.318722 seconds
My rank:33, took 5.321003 seconds
My rank:34, took 5.321700 seconds
My rank:35, took 5.322154 seconds
My rank:36, took 5.322374 seconds
My rank:37, took 5.323442 seconds
My rank:38, took 5.324112 seconds
My rank:39, took 5.325612 seconds
My rank:40, took 5.325642 seconds
My rank:41, took 5.326313 seconds
My rank:42, took 5.327116 seconds
My rank:43, took 5.328228 seconds
My rank:44, took 5.328810 seconds
My rank:45, took 5.329141 seconds
My rank:46, took 5.330943 seconds
My rank:47, took 5.331649 seconds
My rank:48, took 5.331972 seconds
My rank:49, took 5.332802 seconds
My rank:50, took 5.333860 seconds
My rank:51, took 5.333623 seconds
My rank:52, took 5.322005 seconds
My rank:53, took 5.336205 seconds
My rank:54, took 5.335612 seconds
My rank:55, took 5.337833 seconds
My rank:56, took 5.337253 seconds
My rank:57, took 5.337680 seconds
My rank:58, took 5.339626 seconds
My rank:59, took 5.340195 seconds
My rank:60, took 5.340375 seconds
My rank:61, took 5.340810 seconds
My rank:62, took 5.329491 seconds
My rank:63, took 5.330383 seconds
My rank:64, took 5.343631 seconds
My rank:65, took 5.345119 seconds
My rank:66, took 5.335498 seconds
My rank:67, took 5.345993 seconds
My rank:68, took 5.347440 seconds
My rank:69, took 5.347751 seconds
My rank:70, took 5.347870 seconds
My rank:71, took 5.349197 seconds
My rank:72, took 5.349406 seconds
My rank:73, took 5.351110 seconds
My rank:74, took 5.351705 seconds
My rank:75, took 5.352841 seconds
My rank:76, took 5.354023 seconds
My rank:77, took 5.353613 seconds
My rank:78, took 5.353929 seconds
My rank:79, took 5.355860 seconds
My rank:80, took 5.355336 seconds
My rank:81, took 5.356393 seconds
My rank:82, took 5.357802 seconds
My rank:83, took 5.358175 seconds
My rank:84, took 5.358562 seconds
My rank:85, took 5.360074 seconds
My rank:86, took 5.360661 seconds
My rank:87, took 5.361456 seconds
My rank:88, took 5.362652 seconds
My rank:89, took 5.362143 seconds
My rank:90, took 5.363275 seconds
My rank:91, took 5.364963 seconds
My rank:92, took 5.365296 seconds
My rank:93, took 5.365821 seconds
My rank:94, took 5.366106 seconds
My rank:95, took 5.367386 seconds
My rank:96, took 5.368701 seconds
My rank:97, took 5.368884 seconds
My rank:98, took 5.370059 seconds
My rank:99, took 5.370208 seconds
My rank:100, took 5.371347 seconds
My rank:101, took 5.371599 seconds
My rank:102, took 5.373204 seconds
My rank:103, took 5.372678 seconds
My rank:104, took 5.374047 seconds
My rank:105, took 5.374560 seconds
My rank:106, took 5.373402 seconds
My rank:107, took 5.376734 seconds
My rank:108, took 5.376221 seconds
My rank:109, took 5.377927 seconds
My rank:110, took 5.378925 seconds
My rank:111, took 5.379703 seconds
My rank:0, took 5.295434 seconds
That took 5.295434 seconds
======== Run :  8
My rank: 86, Row start: 2237, Row end:2262 
My rank: 1, Row start: 27, Row end:52 
My rank: 14, Row start: 365, Row end:390 
My rank: 18, Row start: 469, Row end:494 
My rank: 49, Row start: 1275, Row end:1300 
My rank: 50, Row start: 1301, Row end:1326 
My rank: 54, Row start: 1405, Row end:1430 
My rank: 67, Row start: 1743, Row end:1768 
My rank: 68, Row start: 1769, Row end:1794 
My rank: 72, Row start: 1873, Row end:1898 
My rank: 98, Row start: 2549, Row end:2574 
My rank: 99, Row start: 2575, Row end:2600 
My rank: 102, Row start: 2653, Row end:2678 
My rank: 104, Row start: 2705, Row end:2730 
My rank: 107, Row start: 2783, Row end:2808 
My rank: 0, Row start: 1, Row end:26 
My rank: 26, Row start: 677, Row end:702 
My rank: 30, Row start: 781, Row end:806 
My rank: 46, Row start: 1197, Row end:1222 
My rank: 47, Row start: 1223, Row end:1248 
My rank: 62, Row start: 1613, Row end:1638 
My rank: 73, Row start: 1899, Row end:1924 
My rank: 81, Row start: 2107, Row end:2132 
My rank: 83, Row start: 2159, Row end:2184 
My rank: 91, Row start: 2367, Row end:2392 
My rank: 110, Row start: 2861, Row end:2886 
My rank: 34, Row start: 885, Row end:910 
My rank: 38, Row start: 989, Row end:1014 
My rank: 41, Row start: 1067, Row end:1092 
My rank: 43, Row start: 1119, Row end:1144 
My rank: 57, Row start: 1483, Row end:1508 
My rank: 60, Row start: 1561, Row end:1586 
My rank: 76, Row start: 1977, Row end:2002 
My rank: 103, Row start: 2679, Row end:2704 
My rank: 6, Row start: 157, Row end:182 
My rank: 21, Row start: 547, Row end:572 
My rank: 48, Row start: 1249, Row end:1274 
My rank: 58, Row start: 1509, Row end:1534 
My rank: 59, Row start: 1535, Row end:1560 
My rank: 78, Row start: 2029, Row end:2054 
My rank: 80, Row start: 2081, Row end:2106 
My rank: 82, Row start: 2133, Row end:2158 
My rank: 89, Row start: 2315, Row end:2340 
My rank: 15, Row start: 391, Row end:416 
My rank: 36, Row start: 937, Row end:962 
My rank: 52, Row start: 1353, Row end:1378 
My rank: 63, Row start: 1639, Row end:1664 
My rank: 66, Row start: 1717, Row end:1742 
My rank: 74, Row start: 1925, Row end:1950 
My rank: 79, Row start: 2055, Row end:2080 
My rank: 95, Row start: 2471, Row end:2496 
My rank: 101, Row start: 2627, Row end:2652 
My rank: 7, Row start: 183, Row end:208 
My rank: 17, Row start: 443, Row end:468 
My rank: 19, Row start: 495, Row end:520 
My rank: 23, Row start: 599, Row end:624 
My rank: 33, Row start: 859, Row end:884 
My rank: 45, Row start: 1171, Row end:1196 
My rank: 51, Row start: 1327, Row end:1352 
My rank: 61, Row start: 1587, Row end:1612 
My rank: 70, Row start: 1821, Row end:1846 
My rank: 84, Row start: 2185, Row end:2210 
My rank: 100, Row start: 2601, Row end:2626 
My rank: 10, Row start: 261, Row end:286 
My rank: 53, Row start: 1379, Row end:1404 
My rank: 77, Row start: 2003, Row end:2028 
My rank: 5, Row start: 131, Row end:156 
My rank: 20, Row start: 521, Row end:546 
My rank: 28, Row start: 729, Row end:754 
My rank: 37, Row start: 963, Row end:988 
My rank: 44, Row start: 1145, Row end:1170 
My rank: 109, Row start: 2835, Row end:2860 
My rank: 22, Row start: 573, Row end:598 
My rank: 35, Row start: 911, Row end:936 
My rank: 64, Row start: 1665, Row end:1690 
My rank: 94, Row start: 2445, Row end:2470 
My rank: 3, Row start: 79, Row end:104 
My rank: 11, Row start: 287, Row end:312 
My rank: 39, Row start: 1015, Row end:1040 
My rank: 65, Row start: 1691, Row end:1716 
My rank: 24, Row start: 625, Row end:650 
My rank: 27, Row start: 703, Row end:728 
My rank: 69, Row start: 1795, Row end:1820 
My rank: 25, Row start: 651, Row end:676 
My rank: 29, Row start: 755, Row end:780 
My rank: 31, Row start: 807, Row end:832 
My rank: 55, Row start: 1431, Row end:1456 
My rank: 90, Row start: 2341, Row end:2366 
My rank: 111, Row start: 2887, Row end:2999 
My rank: 85, Row start: 2211, Row end:2236 
My rank: 88, Row start: 2289, Row end:2314 
My rank: 92, Row start: 2393, Row end:2418 
My rank: 9, Row start: 235, Row end:260 
My rank: 40, Row start: 1041, Row end:1066 
My rank: 97, Row start: 2523, Row end:2548 
My rank: 105, Row start: 2731, Row end:2756 
My rank: 2, Row start: 53, Row end:78 
My rank: 4, Row start: 105, Row end:130 
My rank: 8, Row start: 209, Row end:234 
My rank: 12, Row start: 313, Row end:338 
My rank: 16, Row start: 417, Row end:442 
My rank: 32, Row start: 833, Row end:858 
My rank: 42, Row start: 1093, Row end:1118 
My rank: 71, Row start: 1847, Row end:1872 
My rank: 87, Row start: 2263, Row end:2288 
My rank: 93, Row start: 2419, Row end:2444 
My rank: 96, Row start: 2497, Row end:2522 
My rank: 106, Row start: 2757, Row end:2782 
My rank: 13, Row start: 339, Row end:364 
My rank: 56, Row start: 1457, Row end:1482 
My rank: 75, Row start: 1951, Row end:1976 
My rank: 108, Row start: 2809, Row end:2834 
My rank:1, took 5.283140 seconds
My rank:2, took 5.283619 seconds
My rank:3, took 5.283856 seconds
My rank:4, took 5.274920 seconds
My rank:5, took 5.285548 seconds
My rank:6, took 5.286657 seconds
My rank:7, took 5.287272 seconds
My rank:8, took 5.285648 seconds
My rank:9, took 5.288865 seconds
My rank:10, took 5.289504 seconds
My rank:11, took 5.289491 seconds
My rank:12, took 5.281638 seconds
My rank:13, took 5.279413 seconds
My rank:14, took 5.298107 seconds
My rank:15, took 5.297846 seconds
My rank:16, took 5.289565 seconds
My rank:17, took 5.297785 seconds
My rank:18, took 5.298336 seconds
My rank:19, took 5.297840 seconds
My rank:20, took 5.297703 seconds
My rank:21, took 5.298083 seconds
My rank:22, took 5.298519 seconds
My rank:23, took 5.299481 seconds
My rank:24, took 5.299816 seconds
My rank:25, took 5.306096 seconds
My rank:26, took 5.307146 seconds
My rank:27, took 5.306443 seconds
My rank:28, took 5.306614 seconds
My rank:29, took 5.306416 seconds
My rank:30, took 5.307143 seconds
My rank:31, took 5.306423 seconds
My rank:32, took 5.306143 seconds
My rank:33, took 5.306918 seconds
My rank:34, took 5.308066 seconds
My rank:35, took 5.308437 seconds
My rank:36, took 5.309526 seconds
My rank:37, took 5.309936 seconds
My rank:38, took 5.311175 seconds
My rank:39, took 5.311346 seconds
My rank:40, took 5.311952 seconds
My rank:41, took 5.313512 seconds
My rank:42, took 5.313136 seconds
My rank:43, took 5.314940 seconds
My rank:44, took 5.315243 seconds
My rank:45, took 5.316159 seconds
My rank:46, took 5.317273 seconds
My rank:47, took 5.318068 seconds
My rank:48, took 5.318653 seconds
My rank:49, took 5.319824 seconds
My rank:50, took 5.320537 seconds
My rank:51, took 5.320719 seconds
My rank:52, took 5.321706 seconds
My rank:53, took 5.322211 seconds
My rank:54, took 5.323481 seconds
My rank:55, took 5.323400 seconds
My rank:56, took 5.312154 seconds
My rank:57, took 5.325574 seconds
My rank:58, took 5.326230 seconds
My rank:59, took 5.326992 seconds
My rank:60, took 5.327824 seconds
My rank:61, took 5.328282 seconds
My rank:62, took 5.329390 seconds
My rank:63, took 5.329994 seconds
My rank:64, took 5.330337 seconds
My rank:65, took 5.331050 seconds
My rank:66, took 5.332245 seconds
My rank:67, took 5.333398 seconds
My rank:68, took 5.334108 seconds
My rank:69, took 5.334045 seconds
My rank:70, took 5.335123 seconds
My rank:71, took 5.335216 seconds
My rank:72, took 5.337057 seconds
My rank:73, took 5.337703 seconds
My rank:74, took 5.338281 seconds
My rank:75, took 5.326546 seconds
My rank:76, took 5.339975 seconds
My rank:77, took 5.340347 seconds
My rank:78, took 5.341390 seconds
My rank:79, took 5.342084 seconds
My rank:80, took 5.342887 seconds
My rank:81, took 5.343856 seconds
My rank:82, took 5.344454 seconds
My rank:83, took 5.345368 seconds
My rank:84, took 5.345707 seconds
My rank:85, took 5.346069 seconds
My rank:86, took 5.348105 seconds
My rank:87, took 5.347227 seconds
My rank:88, took 5.348349 seconds
My rank:89, took 5.349732 seconds
My rank:90, took 5.349894 seconds
My rank:91, took 5.351402 seconds
My rank:92, took 5.351336 seconds
My rank:93, took 5.351766 seconds
My rank:94, took 5.353085 seconds
My rank:95, took 5.354269 seconds
My rank:96, took 5.354043 seconds
My rank:97, took 5.355091 seconds
My rank:98, took 5.356860 seconds
My rank:99, took 5.357672 seconds
My rank:100, took 5.357889 seconds
My rank:101, took 5.358808 seconds
My rank:102, took 5.359929 seconds
My rank:103, took 5.360445 seconds
My rank:104, took 5.361436 seconds
My rank:105, took 5.361111 seconds
My rank:106, took 5.361779 seconds
My rank:107, took 5.363643 seconds
My rank:108, took 5.351577 seconds
My rank:109, took 5.364543 seconds
My rank:110, took 5.365805 seconds
My rank:111, took 5.365837 seconds
My rank:0, took 5.282191 seconds
That took 5.282191 seconds
======== Run :  9
My rank: 0, Row start: 1, Row end:26 
My rank: 3, Row start: 79, Row end:104 
My rank: 8, Row start: 209, Row end:234 
My rank: 12, Row start: 313, Row end:338 
My rank: 16, Row start: 417, Row end:442 
My rank: 29, Row start: 755, Row end:780 
My rank: 31, Row start: 807, Row end:832 
My rank: 42, Row start: 1093, Row end:1118 
My rank: 50, Row start: 1301, Row end:1326 
My rank: 52, Row start: 1353, Row end:1378 
My rank: 55, Row start: 1431, Row end:1456 
My rank: 60, Row start: 1561, Row end:1586 
My rank: 63, Row start: 1639, Row end:1664 
My rank: 66, Row start: 1717, Row end:1742 
My rank: 71, Row start: 1847, Row end:1872 
My rank: 73, Row start: 1899, Row end:1924 
My rank: 88, Row start: 2289, Row end:2314 
My rank: 94, Row start: 2445, Row end:2470 
My rank: 97, Row start: 2523, Row end:2548 
My rank: 99, Row start: 2575, Row end:2600 
My rank: 108, Row start: 2809, Row end:2834 
My rank: 111, Row start: 2887, Row end:2999 
My rank: 2, Row start: 53, Row end:78 
My rank: 7, Row start: 183, Row end:208 
My rank: 13, Row start: 339, Row end:364 
My rank: 14, Row start: 365, Row end:390 
My rank: 20, Row start: 521, Row end:546 
My rank: 22, Row start: 573, Row end:598 
My rank: 25, Row start: 651, Row end:676 
My rank: 27, Row start: 703, Row end:728 
My rank: 34, Row start: 885, Row end:910 
My rank: 37, Row start: 963, Row end:988 
My rank: 43, Row start: 1119, Row end:1144 
My rank: 45, Row start: 1171, Row end:1196 
My rank: 46, Row start: 1197, Row end:1222 
My rank: 65, Row start: 1691, Row end:1716 
My rank: 67, Row start: 1743, Row end:1768 
My rank: 68, Row start: 1769, Row end:1794 
My rank: 74, Row start: 1925, Row end:1950 
My rank: 75, Row start: 1951, Row end:1976 
My rank: 76, Row start: 1977, Row end:2002 
My rank: 77, Row start: 2003, Row end:2028 
My rank: 87, Row start: 2263, Row end:2288 
My rank: 96, Row start: 2497, Row end:2522 
My rank: 100, Row start: 2601, Row end:2626 
My rank: 105, Row start: 2731, Row end:2756 
My rank: 106, Row start: 2757, Row end:2782 
My rank: 110, Row start: 2861, Row end:2886 
My rank: 4, Row start: 105, Row end:130 
My rank: 5, Row start: 131, Row end:156 
My rank: 10, Row start: 261, Row end:286 
My rank: 11, Row start: 287, Row end:312 
My rank: 18, Row start: 469, Row end:494 
My rank: 19, Row start: 495, Row end:520 
My rank: 32, Row start: 833, Row end:858 
My rank: 33, Row start: 859, Row end:884 
My rank: 40, Row start: 1041, Row end:1066 
My rank: 44, Row start: 1145, Row end:1170 
My rank: 48, Row start: 1249, Row end:1274 
My rank: 70, Row start: 1821, Row end:1846 
My rank: 78, Row start: 2029, Row end:2054 
My rank: 81, Row start: 2107, Row end:2132 
My rank: 84, Row start: 2185, Row end:2210 
My rank: 90, Row start: 2341, Row end:2366 
My rank: 93, Row start: 2419, Row end:2444 
My rank: 98, Row start: 2549, Row end:2574 
My rank: 109, Row start: 2835, Row end:2860 
My rank: 6, Row start: 157, Row end:182 
My rank: 17, Row start: 443, Row end:468 
My rank: 21, Row start: 547, Row end:572 
My rank: 24, Row start: 625, Row end:650 
My rank: 28, Row start: 729, Row end:754 
My rank: 30, Row start: 781, Row end:806 
My rank: 38, Row start: 989, Row end:1014 
My rank: 53, Row start: 1379, Row end:1404 
My rank: 54, Row start: 1405, Row end:1430 
My rank: 56, Row start: 1457, Row end:1482 
My rank: 61, Row start: 1587, Row end:1612 
My rank: 62, Row start: 1613, Row end:1638 
My rank: 79, Row start: 2055, Row end:2080 
My rank: 80, Row start: 2081, Row end:2106 
My rank: 86, Row start: 2237, Row end:2262 
My rank: 91, Row start: 2367, Row end:2392 
My rank: 95, Row start: 2471, Row end:2496 
My rank: 102, Row start: 2653, Row end:2678 
My rank: 107, Row start: 2783, Row end:2808 
My rank: 9, Row start: 235, Row end:260 
My rank: 23, Row start: 599, Row end:624 
My rank: 35, Row start: 911, Row end:936 
My rank: 36, Row start: 937, Row end:962 
My rank: 41, Row start: 1067, Row end:1092 
My rank: 47, Row start: 1223, Row end:1248 
My rank: 49, Row start: 1275, Row end:1300 
My rank: 51, Row start: 1327, Row end:1352 
My rank: 57, Row start: 1483, Row end:1508 
My rank: 64, Row start: 1665, Row end:1690 
My rank: 72, Row start: 1873, Row end:1898 
My rank: 82, Row start: 2133, Row end:2158 
My rank: 83, Row start: 2159, Row end:2184 
My rank: 85, Row start: 2211, Row end:2236 
My rank: 101, Row start: 2627, Row end:2652 
My rank: 103, Row start: 2679, Row end:2704 
My rank: 104, Row start: 2705, Row end:2730 
My rank: 15, Row start: 391, Row end:416 
My rank: 26, Row start: 677, Row end:702 
My rank: 39, Row start: 1015, Row end:1040 
My rank: 59, Row start: 1535, Row end:1560 
My rank: 92, Row start: 2393, Row end:2418 
My rank: 58, Row start: 1509, Row end:1534 
My rank: 1, Row start: 27, Row end:52 
My rank: 69, Row start: 1795, Row end:1820 
My rank: 89, Row start: 2315, Row end:2340 
My rank:1, took 6.211871 seconds
My rank:2, took 6.222833 seconds
My rank:3, took 6.223097 seconds
My rank:4, took 6.222585 seconds
My rank:5, took 6.222647 seconds
My rank:6, took 6.222523 seconds
My rank:7, took 6.222792 seconds
My rank:8, took 6.223112 seconds
My rank:9, took 6.222237 seconds
My rank:10, took 6.222721 seconds
My rank:11, took 6.222683 seconds
My rank:12, took 6.223166 seconds
My rank:13, took 6.222775 seconds
My rank:14, took 6.222910 seconds
My rank:15, took 6.222112 seconds
My rank:16, took 6.222997 seconds
My rank:17, took 6.222440 seconds
My rank:18, took 6.222654 seconds
My rank:19, took 6.223240 seconds
My rank:20, took 6.224092 seconds
My rank:21, took 6.224621 seconds
My rank:22, took 6.225654 seconds
My rank:23, took 6.241302 seconds
My rank:24, took 6.241685 seconds
My rank:25, took 6.241961 seconds
My rank:26, took 6.241208 seconds
My rank:27, took 6.241939 seconds
My rank:28, took 6.241614 seconds
My rank:29, took 6.242156 seconds
My rank:30, took 6.241649 seconds
My rank:31, took 6.242101 seconds
My rank:32, took 6.241842 seconds
My rank:33, took 6.241905 seconds
My rank:34, took 6.242050 seconds
My rank:35, took 6.241438 seconds
My rank:36, took 6.241441 seconds
My rank:37, took 6.241924 seconds
My rank:38, took 6.241640 seconds
My rank:39, took 6.241252 seconds
My rank:40, took 6.241873 seconds
My rank:41, took 6.241330 seconds
My rank:42, took 6.242268 seconds
My rank:43, took 6.242138 seconds
My rank:44, took 6.242164 seconds
My rank:45, took 6.243082 seconds
My rank:46, took 6.243950 seconds
My rank:47, took 6.244152 seconds
My rank:48, took 6.245196 seconds
My rank:49, took 6.245723 seconds
My rank:50, took 6.247110 seconds
My rank:51, took 6.247195 seconds
My rank:52, took 6.248851 seconds
My rank:53, took 6.248940 seconds
My rank:54, took 6.249535 seconds
My rank:55, took 6.251053 seconds
My rank:56, took 6.251066 seconds
My rank:57, took 6.251600 seconds
My rank:58, took 6.251570 seconds
My rank:59, took 6.252664 seconds
My rank:60, took 6.254855 seconds
My rank:61, took 6.255042 seconds
My rank:62, took 6.255628 seconds
My rank:63, took 6.257066 seconds
My rank:64, took 6.256945 seconds
My rank:65, took 6.258253 seconds
My rank:66, took 6.259361 seconds
My rank:67, took 6.259893 seconds
My rank:68, took 6.260699 seconds
My rank:69, took 6.248783 seconds
My rank:70, took 6.262000 seconds
My rank:71, took 6.263012 seconds
My rank:72, took 6.263082 seconds
My rank:73, took 6.264536 seconds
My rank:74, took 6.265052 seconds
My rank:75, took 6.265943 seconds
My rank:76, took 6.266656 seconds
My rank:77, took 6.267486 seconds
My rank:78, took 6.268016 seconds
My rank:79, took 6.268588 seconds
My rank:80, took 6.269360 seconds
My rank:81, took 6.270219 seconds
My rank:82, took 6.270602 seconds
My rank:83, took 6.271294 seconds
My rank:84, took 6.272493 seconds
My rank:85, took 6.273985 seconds
My rank:86, took 6.273900 seconds
My rank:87, took 6.274971 seconds
My rank:88, took 6.275894 seconds
My rank:89, took 6.263919 seconds
My rank:90, took 6.277093 seconds
My rank:91, took 6.277671 seconds
My rank:92, took 6.277646 seconds
My rank:93, took 6.279405 seconds
My rank:94, took 6.280836 seconds
My rank:95, took 6.280700 seconds
My rank:96, took 6.281857 seconds
My rank:97, took 6.282797 seconds
My rank:98, took 6.283143 seconds
My rank:99, took 6.284378 seconds
My rank:100, took 6.284911 seconds
My rank:101, took 6.285139 seconds
My rank:102, took 6.286029 seconds
My rank:103, took 6.286649 seconds
My rank:104, took 6.287335 seconds
My rank:105, took 6.288709 seconds
My rank:106, took 6.289534 seconds
My rank:107, took 6.289731 seconds
My rank:108, took 6.291136 seconds
My rank:109, took 6.291498 seconds
My rank:110, took 6.292386 seconds
My rank:111, took 6.293381 seconds
My rank:0, took 6.209279 seconds
That took 6.209279 seconds
======== Run :  10
My rank: 3, Row start: 79, Row end:104 
My rank: 10, Row start: 261, Row end:286 
My rank: 12, Row start: 313, Row end:338 
My rank: 17, Row start: 443, Row end:468 
My rank: 22, Row start: 573, Row end:598 
My rank: 24, Row start: 625, Row end:650 
My rank: 27, Row start: 703, Row end:728 
My rank: 29, Row start: 755, Row end:780 
My rank: 41, Row start: 1067, Row end:1092 
My rank: 47, Row start: 1223, Row end:1248 
My rank: 48, Row start: 1249, Row end:1274 
My rank: 50, Row start: 1301, Row end:1326 
My rank: 61, Row start: 1587, Row end:1612 
My rank: 70, Row start: 1821, Row end:1846 
My rank: 71, Row start: 1847, Row end:1872 
My rank: 76, Row start: 1977, Row end:2002 
My rank: 80, Row start: 2081, Row end:2106 
My rank: 84, Row start: 2185, Row end:2210 
My rank: 93, Row start: 2419, Row end:2444 
My rank: 106, Row start: 2757, Row end:2782 
My rank: 111, Row start: 2887, Row end:2999 
My rank: 0, Row start: 1, Row end:26 
My rank: 8, Row start: 209, Row end:234 
My rank: 13, Row start: 339, Row end:364 
My rank: 15, Row start: 391, Row end:416 
My rank: 19, Row start: 495, Row end:520 
My rank: 21, Row start: 547, Row end:572 
My rank: 23, Row start: 599, Row end:624 
My rank: 28, Row start: 729, Row end:754 
My rank: 31, Row start: 807, Row end:832 
My rank: 32, Row start: 833, Row end:858 
My rank: 45, Row start: 1171, Row end:1196 
My rank: 46, Row start: 1197, Row end:1222 
My rank: 53, Row start: 1379, Row end:1404 
My rank: 55, Row start: 1431, Row end:1456 
My rank: 59, Row start: 1535, Row end:1560 
My rank: 68, Row start: 1769, Row end:1794 
My rank: 72, Row start: 1873, Row end:1898 
My rank: 73, Row start: 1899, Row end:1924 
My rank: 74, Row start: 1925, Row end:1950 
My rank: 77, Row start: 2003, Row end:2028 
My rank: 79, Row start: 2055, Row end:2080 
My rank: 86, Row start: 2237, Row end:2262 
My rank: 89, Row start: 2315, Row end:2340 
My rank: 90, Row start: 2341, Row end:2366 
My rank: 91, Row start: 2367, Row end:2392 
My rank: 97, Row start: 2523, Row end:2548 
My rank: 99, Row start: 2575, Row end:2600 
My rank: 102, Row start: 2653, Row end:2678 
My rank: 108, Row start: 2809, Row end:2834 
My rank: 57, Row start: 1483, Row end:1508 
My rank: 92, Row start: 2393, Row end:2418 
My rank: 39, Row start: 1015, Row end:1040 
My rank: 64, Row start: 1665, Row end:1690 
My rank: 78, Row start: 2029, Row end:2054 
My rank: 101, Row start: 2627, Row end:2652 
My rank: 43, Row start: 1119, Row end:1144 
My rank: 52, Row start: 1353, Row end:1378 
My rank: 81, Row start: 2107, Row end:2132 
My rank: 33, Row start: 859, Row end:884 
My rank: 75, Row start: 1951, Row end:1976 
My rank: 94, Row start: 2445, Row end:2470 
My rank: 95, Row start: 2471, Row end:2496 
My rank: 63, Row start: 1639, Row end:1664 
My rank: 69, Row start: 1795, Row end:1820 
My rank: 98, Row start: 2549, Row end:2574 
My rank: 110, Row start: 2861, Row end:2886 
My rank: 16, Row start: 417, Row end:442 
My rank: 44, Row start: 1145, Row end:1170 
My rank: 56, Row start: 1457, Row end:1482 
My rank: 58, Row start: 1509, Row end:1534 
My rank: 30, Row start: 781, Row end:806 
My rank: 37, Row start: 963, Row end:988 
My rank: 65, Row start: 1691, Row end:1716 
My rank: 82, Row start: 2133, Row end:2158 
My rank: 88, Row start: 2289, Row end:2314 
My rank: 104, Row start: 2705, Row end:2730 
My rank: 2, Row start: 53, Row end:78 
My rank: 18, Row start: 469, Row end:494 
My rank: 35, Row start: 911, Row end:936 
My rank: 87, Row start: 2263, Row end:2288 
My rank: 100, Row start: 2601, Row end:2626 
My rank: 105, Row start: 2731, Row end:2756 
My rank: 20, Row start: 521, Row end:546 
My rank: 38, Row start: 989, Row end:1014 
My rank: 40, Row start: 1041, Row end:1066 
My rank: 60, Row start: 1561, Row end:1586 
My rank: 96, Row start: 2497, Row end:2522 
My rank: 107, Row start: 2783, Row end:2808 
My rank: 36, Row start: 937, Row end:962 
My rank: 85, Row start: 2211, Row end:2236 
My rank: 67, Row start: 1743, Row end:1768 
My rank: 103, Row start: 2679, Row end:2704 
My rank: 11, Row start: 287, Row end:312 
My rank: 4, Row start: 105, Row end:130 
My rank: 7, Row start: 183, Row end:208 
My rank: 9, Row start: 235, Row end:260 
My rank: 26, Row start: 677, Row end:702 
My rank: 42, Row start: 1093, Row end:1118 
My rank: 51, Row start: 1327, Row end:1352 
My rank: 5, Row start: 131, Row end:156 
My rank: 34, Row start: 885, Row end:910 
My rank: 109, Row start: 2835, Row end:2860 
My rank: 6, Row start: 157, Row end:182 
My rank: 25, Row start: 651, Row end:676 
My rank: 1, Row start: 27, Row end:52 
My rank: 66, Row start: 1717, Row end:1742 
My rank: 83, Row start: 2159, Row end:2184 
My rank: 54, Row start: 1405, Row end:1430 
My rank: 49, Row start: 1275, Row end:1300 
My rank: 14, Row start: 365, Row end:390 
My rank: 62, Row start: 1613, Row end:1638 
My rank:1, took 5.111724 seconds
My rank:2, took 5.112845 seconds
My rank:3, took 5.114030 seconds
My rank:4, took 5.112995 seconds
My rank:5, took 5.113540 seconds
My rank:6, took 5.114214 seconds
My rank:7, took 5.115265 seconds
My rank:8, took 5.117549 seconds
My rank:9, took 5.116951 seconds
My rank:10, took 5.119463 seconds
My rank:11, took 5.118464 seconds
My rank:12, took 5.128038 seconds
My rank:13, took 5.127281 seconds
My rank:14, took 5.113775 seconds
My rank:15, took 5.127414 seconds
My rank:16, took 5.135369 seconds
My rank:17, took 5.136334 seconds
My rank:18, took 5.135281 seconds
My rank:19, took 5.136204 seconds
My rank:20, took 5.135880 seconds
My rank:21, took 5.137580 seconds
My rank:22, took 5.138598 seconds
My rank:23, took 5.139016 seconds
My rank:24, took 5.140102 seconds
My rank:25, took 5.138884 seconds
My rank:26, took 5.139803 seconds
My rank:27, took 5.142436 seconds
My rank:28, took 5.142795 seconds
My rank:29, took 5.143928 seconds
My rank:30, took 5.143656 seconds
My rank:31, took 5.145298 seconds
My rank:32, took 5.145880 seconds
My rank:33, took 5.146175 seconds
My rank:34, took 5.145804 seconds
My rank:35, took 5.147413 seconds
My rank:36, took 5.147730 seconds
My rank:37, took 5.151744 seconds
My rank:38, took 5.149648 seconds
My rank:39, took 5.150879 seconds
My rank:40, took 5.151001 seconds
My rank:41, took 5.153107 seconds
My rank:42, took 5.151993 seconds
My rank:43, took 5.153766 seconds
My rank:44, took 5.154346 seconds
My rank:45, took 5.155886 seconds
My rank:46, took 5.156642 seconds
My rank:47, took 5.157446 seconds
My rank:48, took 5.158658 seconds
My rank:49, took 5.156096 seconds
My rank:50, took 5.159727 seconds
My rank:51, took 5.158751 seconds
My rank:52, took 5.160595 seconds
My rank:53, took 5.161962 seconds
My rank:54, took 5.160143 seconds
My rank:55, took 5.163274 seconds
My rank:56, took 5.163443 seconds
My rank:57, took 5.164707 seconds
My rank:58, took 5.164929 seconds
My rank:59, took 5.166323 seconds
My rank:60, took 5.166278 seconds
My rank:61, took 5.168316 seconds
My rank:62, took 5.161148 seconds
My rank:63, took 5.168801 seconds
My rank:64, took 5.169802 seconds
My rank:65, took 5.170173 seconds
My rank:66, took 5.169669 seconds
My rank:67, took 5.170842 seconds
My rank:68, took 5.173130 seconds
My rank:69, took 5.173289 seconds
My rank:70, took 5.175147 seconds
My rank:71, took 5.175792 seconds
My rank:72, took 5.176265 seconds
My rank:73, took 5.176855 seconds
My rank:74, took 5.177835 seconds
My rank:75, took 5.177920 seconds
My rank:76, took 5.179738 seconds
My rank:77, took 5.179886 seconds
My rank:78, took 5.180396 seconds
My rank:79, took 5.181412 seconds
My rank:80, took 5.182613 seconds
My rank:81, took 5.182597 seconds
My rank:82, took 5.183012 seconds
My rank:83, took 5.182544 seconds
My rank:84, took 5.185545 seconds
My rank:85, took 5.184881 seconds
My rank:86, took 5.186772 seconds
My rank:87, took 5.186802 seconds
My rank:88, took 5.187565 seconds
My rank:89, took 5.189085 seconds
My rank:90, took 5.189880 seconds
My rank:91, took 5.190508 seconds
My rank:92, took 5.191031 seconds
My rank:93, took 5.192436 seconds
My rank:94, took 5.192355 seconds
My rank:95, took 5.193081 seconds
My rank:96, took 5.193242 seconds
My rank:97, took 5.195271 seconds
My rank:98, took 5.195272 seconds
My rank:99, took 5.196648 seconds
My rank:100, took 5.196645 seconds
My rank:101, took 5.197795 seconds
My rank:102, took 5.198862 seconds
My rank:103, took 5.198426 seconds
My rank:104, took 5.199740 seconds
My rank:105, took 5.200441 seconds
My rank:106, took 5.202423 seconds
My rank:107, took 5.201604 seconds
My rank:108, took 5.203482 seconds
My rank:109, took 5.202611 seconds
My rank:110, took 5.204372 seconds
My rank:111, took 5.206070 seconds
My rank:0, took 5.113747 seconds
That took 5.113747 seconds

JOB STATISTICS
==============
Job ID: 5027952
Cluster: snellius
User/Group: scur0330/scur0330
State: RUNNING
Nodes: 1
Cores per node: 112
CPU Utilized: 02:03:24
CPU Efficiency: 15.78% of 13:02:08 core-walltime
Job Wall-clock time: 00:06:59
Memory Utilized: 8.31 GB
Memory Efficiency: 4.24% of 196.00 GB
WARNING: Efficiency statistics may be misleading for RUNNING jobs.
