======== Run :  1
My rank: 26, Row start: 729, Row end:756 
My rank: 27, Row start: 757, Row end:784 
My rank: 34, Row start: 953, Row end:980 
My rank: 39, Row start: 1093, Row end:1120 
My rank: 44, Row start: 1233, Row end:1260 
My rank: 50, Row start: 1401, Row end:1428 
My rank: 56, Row start: 1569, Row end:1596 
My rank: 58, Row start: 1625, Row end:1652 
My rank: 60, Row start: 1681, Row end:1708 
My rank: 63, Row start: 1765, Row end:1792 
My rank: 71, Row start: 1989, Row end:2016 
My rank: 75, Row start: 2101, Row end:2128 
My rank: 90, Row start: 2521, Row end:2548 
My rank: 10, Row start: 281, Row end:308 
My rank: 12, Row start: 337, Row end:364 
My rank: 17, Row start: 477, Row end:504 
My rank: 21, Row start: 589, Row end:616 
My rank: 31, Row start: 869, Row end:896 
My rank: 40, Row start: 1121, Row end:1148 
My rank: 49, Row start: 1373, Row end:1400 
My rank: 51, Row start: 1429, Row end:1456 
My rank: 52, Row start: 1457, Row end:1484 
My rank: 57, Row start: 1597, Row end:1624 
My rank: 67, Row start: 1877, Row end:1904 
My rank: 72, Row start: 2017, Row end:2044 
My rank: 81, Row start: 2269, Row end:2296 
My rank: 94, Row start: 2633, Row end:2660 
My rank: 101, Row start: 2829, Row end:2856 
My rank: 9, Row start: 253, Row end:280 
My rank: 15, Row start: 421, Row end:448 
My rank: 16, Row start: 449, Row end:476 
My rank: 22, Row start: 617, Row end:644 
My rank: 24, Row start: 673, Row end:700 
My rank: 46, Row start: 1289, Row end:1316 
My rank: 53, Row start: 1485, Row end:1512 
My rank: 59, Row start: 1653, Row end:1680 
My rank: 65, Row start: 1821, Row end:1848 
My rank: 66, Row start: 1849, Row end:1876 
My rank: 74, Row start: 2073, Row end:2100 
My rank: 13, Row start: 365, Row end:392 
My rank: 18, Row start: 505, Row end:532 
My rank: 19, Row start: 533, Row end:560 
My rank: 20, Row start: 561, Row end:588 
My rank: 28, Row start: 785, Row end:812 
My rank: 29, Row start: 813, Row end:840 
My rank: 36, Row start: 1009, Row end:1036 
My rank: 45, Row start: 1261, Row end:1288 
My rank: 70, Row start: 1961, Row end:1988 
My rank: 73, Row start: 2045, Row end:2072 
My rank: 79, Row start: 2213, Row end:2240 
My rank: 83, Row start: 2325, Row end:2352 
My rank: 93, Row start: 2605, Row end:2632 
My rank: 99, Row start: 2773, Row end:2800 
My rank: 103, Row start: 2885, Row end:2999 
My rank: 0, Row start: 1, Row end:28 
My rank: 2, Row start: 57, Row end:84 
My rank: 4, Row start: 113, Row end:140 
My rank: 5, Row start: 141, Row end:168 
My rank: 6, Row start: 169, Row end:196 
My rank: 8, Row start: 225, Row end:252 
My rank: 11, Row start: 309, Row end:336 
My rank: 25, Row start: 701, Row end:728 
My rank: 30, Row start: 841, Row end:868 
My rank: 33, Row start: 925, Row end:952 
My rank: 37, Row start: 1037, Row end:1064 
My rank: 38, Row start: 1065, Row end:1092 
My rank: 42, Row start: 1177, Row end:1204 
My rank: 43, Row start: 1205, Row end:1232 
My rank: 47, Row start: 1317, Row end:1344 
My rank: 48, Row start: 1345, Row end:1372 
My rank: 55, Row start: 1541, Row end:1568 
My rank: 61, Row start: 1709, Row end:1736 
My rank: 62, Row start: 1737, Row end:1764 
My rank: 64, Row start: 1793, Row end:1820 
My rank: 68, Row start: 1905, Row end:1932 
My rank: 76, Row start: 2129, Row end:2156 
My rank: 77, Row start: 2157, Row end:2184 
My rank: 78, Row start: 2185, Row end:2212 
My rank: 80, Row start: 2241, Row end:2268 
My rank: 82, Row start: 2297, Row end:2324 
My rank: 84, Row start: 2353, Row end:2380 
My rank: 85, Row start: 2381, Row end:2408 
My rank: 86, Row start: 2409, Row end:2436 
My rank: 87, Row start: 2437, Row end:2464 
My rank: 89, Row start: 2493, Row end:2520 
My rank: 91, Row start: 2549, Row end:2576 
My rank: 92, Row start: 2577, Row end:2604 
My rank: 95, Row start: 2661, Row end:2688 
My rank: 97, Row start: 2717, Row end:2744 
My rank: 100, Row start: 2801, Row end:2828 
My rank: 1, Row start: 29, Row end:56 
My rank: 3, Row start: 85, Row end:112 
My rank: 7, Row start: 197, Row end:224 
My rank: 41, Row start: 1149, Row end:1176 
My rank: 88, Row start: 2465, Row end:2492 
My rank: 96, Row start: 2689, Row end:2716 
My rank: 98, Row start: 2745, Row end:2772 
My rank: 102, Row start: 2857, Row end:2884 
My rank: 32, Row start: 897, Row end:924 
My rank: 35, Row start: 981, Row end:1008 
My rank: 23, Row start: 645, Row end:672 
My rank: 69, Row start: 1933, Row end:1960 
My rank: 54, Row start: 1513, Row end:1540 
My rank: 14, Row start: 393, Row end:420 
My rank:1, took 4.947141 seconds
My rank:2, took 4.948412 seconds
My rank:3, took 4.948858 seconds
My rank:4, took 4.949798 seconds
My rank:5, took 4.950548 seconds
My rank:6, took 4.951277 seconds
My rank:7, took 4.951840 seconds
My rank:8, took 4.952908 seconds
My rank:9, took 4.954021 seconds
My rank:10, took 4.955018 seconds
My rank:11, took 4.955191 seconds
My rank:12, took 4.956425 seconds
My rank:13, took 4.957007 seconds
My rank:14, took 4.946864 seconds
My rank:15, took 4.959218 seconds
My rank:16, took 4.959482 seconds
My rank:17, took 4.960285 seconds
My rank:18, took 4.960792 seconds
My rank:19, took 4.961589 seconds
My rank:20, took 4.962272 seconds
My rank:21, took 4.963276 seconds
My rank:22, took 4.963954 seconds
My rank:23, took 4.963265 seconds
My rank:24, took 4.965453 seconds
My rank:25, took 4.965695 seconds
My rank:26, took 4.967410 seconds
My rank:27, took 4.968003 seconds
My rank:28, took 4.968226 seconds
My rank:29, took 4.969029 seconds
My rank:30, took 4.969675 seconds
My rank:31, took 4.970797 seconds
My rank:32, took 4.970788 seconds
My rank:33, took 4.971865 seconds
My rank:34, took 4.973481 seconds
My rank:35, took 4.972834 seconds
My rank:36, took 4.974437 seconds
My rank:37, took 4.975098 seconds
My rank:38, took 4.975695 seconds
My rank:39, took 4.977297 seconds
My rank:40, took 4.977797 seconds
My rank:41, took 4.977874 seconds
My rank:42, took 4.978814 seconds
My rank:43, took 4.979577 seconds
My rank:44, took 4.981597 seconds
My rank:45, took 4.981358 seconds
My rank:46, took 4.982190 seconds
My rank:47, took 4.982524 seconds
My rank:48, took 4.983253 seconds
My rank:49, took 4.984601 seconds
My rank:50, took 4.985619 seconds
My rank:51, took 4.986176 seconds
My rank:52, took 4.986882 seconds
My rank:53, took 4.987457 seconds
My rank:54, took 4.977556 seconds
My rank:55, took 4.988803 seconds
My rank:56, took 4.990102 seconds
My rank:57, took 4.990730 seconds
My rank:58, took 4.991629 seconds
My rank:59, took 4.991965 seconds
My rank:60, took 4.993212 seconds
My rank:61, took 4.993224 seconds
My rank:62, took 4.993920 seconds
My rank:63, took 4.995593 seconds
My rank:64, took 4.995389 seconds
My rank:65, took 4.996487 seconds
My rank:66, took 4.997396 seconds
My rank:67, took 4.998351 seconds
My rank:68, took 4.998574 seconds
My rank:69, took 4.990827 seconds
My rank:70, took 5.000229 seconds
My rank:71, took 5.001410 seconds
My rank:72, took 5.002106 seconds
My rank:73, took 5.002556 seconds
My rank:74, took 5.003442 seconds
My rank:75, took 5.004475 seconds
My rank:76, took 5.004658 seconds
My rank:77, took 5.005376 seconds
My rank:78, took 5.006215 seconds
My rank:79, took 5.007124 seconds
My rank:80, took 5.007728 seconds
My rank:81, took 5.008960 seconds
My rank:82, took 5.009001 seconds
My rank:83, took 5.010139 seconds
My rank:84, took 5.010704 seconds
My rank:85, took 5.011373 seconds
My rank:86, took 5.011932 seconds
My rank:87, took 5.012982 seconds
My rank:88, took 5.013339 seconds
My rank:89, took 5.014496 seconds
My rank:90, took 5.016073 seconds
My rank:91, took 5.015991 seconds
My rank:92, took 5.016653 seconds
My rank:93, took 5.017711 seconds
My rank:94, took 5.018731 seconds
My rank:95, took 5.018867 seconds
My rank:96, took 5.019595 seconds
My rank:97, took 5.020551 seconds
My rank:98, took 5.021124 seconds
My rank:99, took 5.022223 seconds
My rank:100, took 5.022764 seconds
My rank:101, took 5.024012 seconds
My rank:102, took 5.024123 seconds
My rank:103, took 5.025243 seconds
My rank:0, took 4.946712 seconds
That took 4.946712 seconds
======== Run :  2
My rank: 1, Row start: 29, Row end:56 
My rank: 4, Row start: 113, Row end:140 
My rank: 6, Row start: 169, Row end:196 
My rank: 9, Row start: 253, Row end:280 
My rank: 11, Row start: 309, Row end:336 
My rank: 13, Row start: 365, Row end:392 
My rank: 15, Row start: 421, Row end:448 
My rank: 23, Row start: 645, Row end:672 
My rank: 24, Row start: 673, Row end:700 
My rank: 25, Row start: 701, Row end:728 
My rank: 27, Row start: 757, Row end:784 
My rank: 30, Row start: 841, Row end:868 
My rank: 35, Row start: 981, Row end:1008 
My rank: 37, Row start: 1037, Row end:1064 
My rank: 38, Row start: 1065, Row end:1092 
My rank: 40, Row start: 1121, Row end:1148 
My rank: 41, Row start: 1149, Row end:1176 
My rank: 43, Row start: 1205, Row end:1232 
My rank: 47, Row start: 1317, Row end:1344 
My rank: 48, Row start: 1345, Row end:1372 
My rank: 54, Row start: 1513, Row end:1540 
My rank: 56, Row start: 1569, Row end:1596 
My rank: 57, Row start: 1597, Row end:1624 
My rank: 58, Row start: 1625, Row end:1652 
My rank: 60, Row start: 1681, Row end:1708 
My rank: 67, Row start: 1877, Row end:1904 
My rank: 72, Row start: 2017, Row end:2044 
My rank: 73, Row start: 2045, Row end:2072 
My rank: 88, Row start: 2465, Row end:2492 
My rank: 93, Row start: 2605, Row end:2632 
My rank: 97, Row start: 2717, Row end:2744 
My rank: 98, Row start: 2745, Row end:2772 
My rank: 99, Row start: 2773, Row end:2800 
My rank: 102, Row start: 2857, Row end:2884 
My rank: 2, Row start: 57, Row end:84 
My rank: 7, Row start: 197, Row end:224 
My rank: 8, Row start: 225, Row end:252 
My rank: 14, Row start: 393, Row end:420 
My rank: 18, Row start: 505, Row end:532 
My rank: 19, Row start: 533, Row end:560 
My rank: 22, Row start: 617, Row end:644 
My rank: 26, Row start: 729, Row end:756 
My rank: 29, Row start: 813, Row end:840 
My rank: 31, Row start: 869, Row end:896 
My rank: 33, Row start: 925, Row end:952 
My rank: 34, Row start: 953, Row end:980 
My rank: 36, Row start: 1009, Row end:1036 
My rank: 39, Row start: 1093, Row end:1120 
My rank: 46, Row start: 1289, Row end:1316 
My rank: 50, Row start: 1401, Row end:1428 
My rank: 59, Row start: 1653, Row end:1680 
My rank: 61, Row start: 1709, Row end:1736 
My rank: 63, Row start: 1765, Row end:1792 
My rank: 64, Row start: 1793, Row end:1820 
My rank: 70, Row start: 1961, Row end:1988 
My rank: 78, Row start: 2185, Row end:2212 
My rank: 79, Row start: 2213, Row end:2240 
My rank: 80, Row start: 2241, Row end:2268 
My rank: 84, Row start: 2353, Row end:2380 
My rank: 86, Row start: 2409, Row end:2436 
My rank: 89, Row start: 2493, Row end:2520 
My rank: 90, Row start: 2521, Row end:2548 
My rank: 91, Row start: 2549, Row end:2576 
My rank: 100, Row start: 2801, Row end:2828 
My rank: 101, Row start: 2829, Row end:2856 
My rank: 103, Row start: 2885, Row end:2999 
My rank: 0, Row start: 1, Row end:28 
My rank: 10, Row start: 281, Row end:308 
My rank: 16, Row start: 449, Row end:476 
My rank: 17, Row start: 477, Row end:504 
My rank: 20, Row start: 561, Row end:588 
My rank: 21, Row start: 589, Row end:616 
My rank: 28, Row start: 785, Row end:812 
My rank: 32, Row start: 897, Row end:924 
My rank: 42, Row start: 1177, Row end:1204 
My rank: 44, Row start: 1233, Row end:1260 
My rank: 45, Row start: 1261, Row end:1288 
My rank: 49, Row start: 1373, Row end:1400 
My rank: 51, Row start: 1429, Row end:1456 
My rank: 52, Row start: 1457, Row end:1484 
My rank: 53, Row start: 1485, Row end:1512 
My rank: 55, Row start: 1541, Row end:1568 
My rank: 65, Row start: 1821, Row end:1848 
My rank: 66, Row start: 1849, Row end:1876 
My rank: 68, Row start: 1905, Row end:1932 
My rank: 74, Row start: 2073, Row end:2100 
My rank: 75, Row start: 2101, Row end:2128 
My rank: 76, Row start: 2129, Row end:2156 
My rank: 77, Row start: 2157, Row end:2184 
My rank: 81, Row start: 2269, Row end:2296 
My rank: 82, Row start: 2297, Row end:2324 
My rank: 83, Row start: 2325, Row end:2352 
My rank: 85, Row start: 2381, Row end:2408 
My rank: 87, Row start: 2437, Row end:2464 
My rank: 92, Row start: 2577, Row end:2604 
My rank: 94, Row start: 2633, Row end:2660 
My rank: 95, Row start: 2661, Row end:2688 
My rank: 96, Row start: 2689, Row end:2716 
My rank: 3, Row start: 85, Row end:112 
My rank: 5, Row start: 141, Row end:168 
My rank: 62, Row start: 1737, Row end:1764 
My rank: 71, Row start: 1989, Row end:2016 
My rank: 12, Row start: 337, Row end:364 
My rank: 69, Row start: 1933, Row end:1960 
My rank:1, took 4.938549 seconds
My rank:2, took 4.939201 seconds
My rank:3, took 4.939359 seconds
My rank:4, took 4.941020 seconds
My rank:5, took 4.940864 seconds
My rank:6, took 4.942311 seconds
My rank:7, took 4.942726 seconds
My rank:8, took 4.943703 seconds
My rank:9, took 4.944625 seconds
My rank:10, took 4.944725 seconds
My rank:11, took 4.946117 seconds
My rank:12, took 4.945194 seconds
My rank:13, took 4.947659 seconds
My rank:14, took 4.948366 seconds
My rank:15, took 4.949421 seconds
My rank:16, took 4.949533 seconds
My rank:17, took 4.950136 seconds
My rank:18, took 4.951121 seconds
My rank:19, took 4.952057 seconds
My rank:20, took 4.952424 seconds
My rank:21, took 4.953074 seconds
My rank:22, took 4.954267 seconds
My rank:23, took 4.955209 seconds
My rank:24, took 4.956295 seconds
My rank:25, took 4.956756 seconds
My rank:26, took 4.957248 seconds
My rank:27, took 4.958191 seconds
My rank:28, took 4.958364 seconds
My rank:29, took 4.959606 seconds
My rank:30, took 4.960831 seconds
My rank:31, took 4.961234 seconds
My rank:32, took 4.961557 seconds
My rank:33, took 4.962594 seconds
My rank:34, took 4.963289 seconds
My rank:35, took 4.964752 seconds
My rank:36, took 4.964890 seconds
My rank:37, took 4.965976 seconds
My rank:38, took 4.966761 seconds
My rank:39, took 4.967294 seconds
My rank:40, took 4.968434 seconds
My rank:41, took 4.969223 seconds
My rank:42, took 4.969145 seconds
My rank:43, took 4.970841 seconds
My rank:44, took 4.970774 seconds
My rank:45, took 4.971526 seconds
My rank:46, took 4.972614 seconds
My rank:47, took 4.973529 seconds
My rank:48, took 4.974258 seconds
My rank:49, took 4.974538 seconds
My rank:50, took 4.975393 seconds
My rank:51, took 4.976126 seconds
My rank:52, took 4.976749 seconds
My rank:53, took 4.977430 seconds
My rank:54, took 4.978853 seconds
My rank:55, took 4.979042 seconds
My rank:56, took 4.980358 seconds
My rank:57, took 4.981638 seconds
My rank:58, took 4.981958 seconds
My rank:59, took 4.982389 seconds
My rank:60, took 4.983456 seconds
My rank:61, took 4.983922 seconds
My rank:62, took 4.984097 seconds
My rank:63, took 4.985279 seconds
My rank:64, took 4.986076 seconds
My rank:65, took 4.986672 seconds
My rank:66, took 4.987248 seconds
My rank:67, took 4.988812 seconds
My rank:68, took 4.988801 seconds
My rank:69, took 4.988031 seconds
My rank:70, took 4.990770 seconds
My rank:71, took 4.990759 seconds
My rank:72, took 4.992432 seconds
My rank:73, took 4.993121 seconds
My rank:74, took 4.993459 seconds
My rank:75, took 4.994175 seconds
My rank:76, took 4.994924 seconds
My rank:77, took 4.995524 seconds
My rank:78, took 4.996638 seconds
My rank:79, took 4.997464 seconds
My rank:80, took 4.998107 seconds
My rank:81, took 4.998781 seconds
My rank:82, took 4.999372 seconds
My rank:83, took 5.000186 seconds
My rank:84, took 5.001131 seconds
My rank:85, took 5.001609 seconds
My rank:86, took 5.002572 seconds
My rank:87, took 5.003300 seconds
My rank:88, took 5.004527 seconds
My rank:89, took 5.004874 seconds
My rank:90, took 5.005768 seconds
My rank:91, took 5.006460 seconds
My rank:92, took 5.006887 seconds
My rank:93, took 5.008281 seconds
My rank:94, took 5.008640 seconds
My rank:95, took 5.009371 seconds
My rank:96, took 5.010109 seconds
My rank:97, took 5.011398 seconds
My rank:98, took 5.012252 seconds
My rank:99, took 5.013049 seconds
My rank:100, took 5.013399 seconds
My rank:101, took 5.014025 seconds
My rank:102, took 5.015024 seconds
My rank:103, took 5.015700 seconds
My rank:0, took 4.937146 seconds
That took 4.937146 seconds
======== Run :  3
My rank: 22, Row start: 617, Row end:644 
My rank: 61, Row start: 1709, Row end:1736 
My rank: 88, Row start: 2465, Row end:2492 
My rank: 7, Row start: 197, Row end:224 
My rank: 32, Row start: 897, Row end:924 
My rank: 42, Row start: 1177, Row end:1204 
My rank: 45, Row start: 1261, Row end:1288 
My rank: 54, Row start: 1513, Row end:1540 
My rank: 59, Row start: 1653, Row end:1680 
My rank: 97, Row start: 2717, Row end:2744 
My rank: 0, Row start: 1, Row end:28 
My rank: 4, Row start: 113, Row end:140 
My rank: 28, Row start: 785, Row end:812 
My rank: 46, Row start: 1289, Row end:1316 
My rank: 47, Row start: 1317, Row end:1344 
My rank: 51, Row start: 1429, Row end:1456 
My rank: 53, Row start: 1485, Row end:1512 
My rank: 71, Row start: 1989, Row end:2016 
My rank: 73, Row start: 2045, Row end:2072 
My rank: 75, Row start: 2101, Row end:2128 
My rank: 94, Row start: 2633, Row end:2660 
My rank: 40, Row start: 1121, Row end:1148 
My rank: 93, Row start: 2605, Row end:2632 
My rank: 99, Row start: 2773, Row end:2800 
My rank: 11, Row start: 309, Row end:336 
My rank: 49, Row start: 1373, Row end:1400 
My rank: 95, Row start: 2661, Row end:2688 
My rank: 8, Row start: 225, Row end:252 
My rank: 12, Row start: 337, Row end:364 
My rank: 19, Row start: 533, Row end:560 
My rank: 21, Row start: 589, Row end:616 
My rank: 38, Row start: 1065, Row end:1092 
My rank: 43, Row start: 1205, Row end:1232 
My rank: 58, Row start: 1625, Row end:1652 
My rank: 60, Row start: 1681, Row end:1708 
My rank: 69, Row start: 1933, Row end:1960 
My rank: 86, Row start: 2409, Row end:2436 
My rank: 90, Row start: 2521, Row end:2548 
My rank: 5, Row start: 141, Row end:168 
My rank: 6, Row start: 169, Row end:196 
My rank: 9, Row start: 253, Row end:280 
My rank: 15, Row start: 421, Row end:448 
My rank: 20, Row start: 561, Row end:588 
My rank: 23, Row start: 645, Row end:672 
My rank: 24, Row start: 673, Row end:700 
My rank: 26, Row start: 729, Row end:756 
My rank: 27, Row start: 757, Row end:784 
My rank: 41, Row start: 1149, Row end:1176 
My rank: 50, Row start: 1401, Row end:1428 
My rank: 65, Row start: 1821, Row end:1848 
My rank: 76, Row start: 2129, Row end:2156 
My rank: 80, Row start: 2241, Row end:2268 
My rank: 81, Row start: 2269, Row end:2296 
My rank: 103, Row start: 2885, Row end:2999 
My rank: 13, Row start: 365, Row end:392 
My rank: 29, Row start: 813, Row end:840 
My rank: 44, Row start: 1233, Row end:1260 
My rank: 67, Row start: 1877, Row end:1904 
My rank: 78, Row start: 2185, Row end:2212 
My rank: 79, Row start: 2213, Row end:2240 
My rank: 82, Row start: 2297, Row end:2324 
My rank: 91, Row start: 2549, Row end:2576 
My rank: 100, Row start: 2801, Row end:2828 
My rank: 1, Row start: 29, Row end:56 
My rank: 2, Row start: 57, Row end:84 
My rank: 3, Row start: 85, Row end:112 
My rank: 14, Row start: 393, Row end:420 
My rank: 25, Row start: 701, Row end:728 
My rank: 33, Row start: 925, Row end:952 
My rank: 35, Row start: 981, Row end:1008 
My rank: 36, Row start: 1009, Row end:1036 
My rank: 37, Row start: 1037, Row end:1064 
My rank: 39, Row start: 1093, Row end:1120 
My rank: 48, Row start: 1345, Row end:1372 
My rank: 52, Row start: 1457, Row end:1484 
My rank: 56, Row start: 1569, Row end:1596 
My rank: 64, Row start: 1793, Row end:1820 
My rank: 70, Row start: 1961, Row end:1988 
My rank: 77, Row start: 2157, Row end:2184 
My rank: 83, Row start: 2325, Row end:2352 
My rank: 85, Row start: 2381, Row end:2408 
My rank: 89, Row start: 2493, Row end:2520 
My rank: 96, Row start: 2689, Row end:2716 
My rank: 101, Row start: 2829, Row end:2856 
My rank: 102, Row start: 2857, Row end:2884 
My rank: 10, Row start: 281, Row end:308 
My rank: 17, Row start: 477, Row end:504 
My rank: 30, Row start: 841, Row end:868 
My rank: 31, Row start: 869, Row end:896 
My rank: 34, Row start: 953, Row end:980 
My rank: 55, Row start: 1541, Row end:1568 
My rank: 57, Row start: 1597, Row end:1624 
My rank: 62, Row start: 1737, Row end:1764 
My rank: 66, Row start: 1849, Row end:1876 
My rank: 68, Row start: 1905, Row end:1932 
My rank: 72, Row start: 2017, Row end:2044 
My rank: 74, Row start: 2073, Row end:2100 
My rank: 87, Row start: 2437, Row end:2464 
My rank: 92, Row start: 2577, Row end:2604 
My rank: 98, Row start: 2745, Row end:2772 
My rank: 18, Row start: 505, Row end:532 
My rank: 63, Row start: 1765, Row end:1792 
My rank: 84, Row start: 2353, Row end:2380 
My rank: 16, Row start: 449, Row end:476 
My rank:1, took 5.075232 seconds
My rank:2, took 5.075900 seconds
My rank:3, took 5.076717 seconds
My rank:4, took 5.078133 seconds
My rank:5, took 5.078487 seconds
My rank:6, took 5.079327 seconds
My rank:7, took 5.080500 seconds
My rank:8, took 5.080942 seconds
My rank:9, took 5.081702 seconds
My rank:10, took 5.082061 seconds
My rank:11, took 5.083468 seconds
My rank:12, took 5.095988 seconds
My rank:13, took 5.095755 seconds
My rank:14, took 5.095549 seconds
My rank:15, took 5.095895 seconds
My rank:16, took 5.094804 seconds
My rank:17, took 5.095380 seconds
My rank:18, took 5.095140 seconds
My rank:19, took 5.096003 seconds
My rank:20, took 5.095939 seconds
My rank:21, took 5.095975 seconds
My rank:22, took 5.096900 seconds
My rank:23, took 5.095840 seconds
My rank:24, took 5.095824 seconds
My rank:25, took 5.095588 seconds
My rank:26, took 5.095928 seconds
My rank:27, took 5.095977 seconds
My rank:28, took 5.096495 seconds
My rank:29, took 5.096829 seconds
My rank:30, took 5.097234 seconds
My rank:31, took 5.099096 seconds
My rank:32, took 5.100086 seconds
My rank:33, took 5.099711 seconds
My rank:34, took 5.100262 seconds
My rank:35, took 5.101214 seconds
My rank:36, took 5.102027 seconds
My rank:37, took 5.102628 seconds
My rank:38, took 5.103844 seconds
My rank:39, took 5.104237 seconds
My rank:40, took 5.105546 seconds
My rank:41, took 5.106025 seconds
My rank:42, took 5.107148 seconds
My rank:43, took 5.107629 seconds
My rank:44, took 5.108157 seconds
My rank:45, took 5.109481 seconds
My rank:46, took 5.110164 seconds
My rank:47, took 5.110943 seconds
My rank:48, took 5.111140 seconds
My rank:49, took 5.112299 seconds
My rank:50, took 5.112861 seconds
My rank:51, took 5.113980 seconds
My rank:52, took 5.114182 seconds
My rank:53, took 5.115426 seconds
My rank:54, took 5.116492 seconds
My rank:55, took 5.116071 seconds
My rank:56, took 5.117075 seconds
My rank:57, took 5.117708 seconds
My rank:58, took 5.119083 seconds
My rank:59, took 5.120076 seconds
My rank:60, took 5.120517 seconds
My rank:61, took 5.121648 seconds
My rank:62, took 5.121289 seconds
My rank:63, took 5.121855 seconds
My rank:64, took 5.123054 seconds
My rank:65, took 5.124223 seconds
My rank:66, took 5.124498 seconds
My rank:67, took 5.125547 seconds
My rank:68, took 5.125920 seconds
My rank:69, took 5.127300 seconds
My rank:70, took 5.127552 seconds
My rank:71, took 5.129024 seconds
My rank:72, took 5.128998 seconds
My rank:73, took 5.130579 seconds
My rank:74, took 5.130520 seconds
My rank:75, took 5.132073 seconds
My rank:76, took 5.132462 seconds
My rank:77, took 5.132881 seconds
My rank:78, took 5.133904 seconds
My rank:79, took 5.134641 seconds
My rank:80, took 5.135557 seconds
My rank:81, took 5.136358 seconds
My rank:82, took 5.136901 seconds
My rank:83, took 5.137611 seconds
My rank:84, took 5.137735 seconds
My rank:85, took 5.139140 seconds
My rank:86, took 5.140181 seconds
My rank:87, took 5.140397 seconds
My rank:88, took 5.142079 seconds
My rank:89, took 5.141961 seconds
My rank:90, took 5.143206 seconds
My rank:91, took 5.143730 seconds
My rank:92, took 5.144176 seconds
My rank:93, took 5.145694 seconds
My rank:94, took 5.146481 seconds
My rank:95, took 5.147144 seconds
My rank:96, took 5.147448 seconds
My rank:97, took 5.148828 seconds
My rank:98, took 5.148660 seconds
My rank:99, took 5.150251 seconds
My rank:100, took 5.150692 seconds
My rank:101, took 5.149464 seconds
My rank:102, took 5.152070 seconds
My rank:103, took 5.153117 seconds
My rank:0, took 5.075123 seconds
That took 5.075123 seconds
======== Run :  4
My rank: 0, Row start: 1, Row end:28 
My rank: 11, Row start: 309, Row end:336 
My rank: 20, Row start: 561, Row end:588 
My rank: 29, Row start: 813, Row end:840 
My rank: 43, Row start: 1205, Row end:1232 
My rank: 44, Row start: 1233, Row end:1260 
My rank: 48, Row start: 1345, Row end:1372 
My rank: 58, Row start: 1625, Row end:1652 
My rank: 59, Row start: 1653, Row end:1680 
My rank: 63, Row start: 1765, Row end:1792 
My rank: 78, Row start: 2185, Row end:2212 
My rank: 85, Row start: 2381, Row end:2408 
My rank: 94, Row start: 2633, Row end:2660 
My rank: 95, Row start: 2661, Row end:2688 
My rank: 96, Row start: 2689, Row end:2716 
My rank: 6, Row start: 169, Row end:196 
My rank: 9, Row start: 253, Row end:280 
My rank: 12, Row start: 337, Row end:364 
My rank: 13, Row start: 365, Row end:392 
My rank: 19, Row start: 533, Row end:560 
My rank: 23, Row start: 645, Row end:672 
My rank: 26, Row start: 729, Row end:756 
My rank: 28, Row start: 785, Row end:812 
My rank: 30, Row start: 841, Row end:868 
My rank: 31, Row start: 869, Row end:896 
My rank: 32, Row start: 897, Row end:924 
My rank: 35, Row start: 981, Row end:1008 
My rank: 37, Row start: 1037, Row end:1064 
My rank: 38, Row start: 1065, Row end:1092 
My rank: 40, Row start: 1121, Row end:1148 
My rank: 45, Row start: 1261, Row end:1288 
My rank: 46, Row start: 1289, Row end:1316 
My rank: 55, Row start: 1541, Row end:1568 
My rank: 66, Row start: 1849, Row end:1876 
My rank: 68, Row start: 1905, Row end:1932 
My rank: 71, Row start: 1989, Row end:2016 
My rank: 72, Row start: 2017, Row end:2044 
My rank: 77, Row start: 2157, Row end:2184 
My rank: 79, Row start: 2213, Row end:2240 
My rank: 83, Row start: 2325, Row end:2352 
My rank: 93, Row start: 2605, Row end:2632 
My rank: 100, Row start: 2801, Row end:2828 
My rank: 101, Row start: 2829, Row end:2856 
My rank: 103, Row start: 2885, Row end:2999 
My rank: 3, Row start: 85, Row end:112 
My rank: 10, Row start: 281, Row end:308 
My rank: 27, Row start: 757, Row end:784 
My rank: 34, Row start: 953, Row end:980 
My rank: 42, Row start: 1177, Row end:1204 
My rank: 47, Row start: 1317, Row end:1344 
My rank: 49, Row start: 1373, Row end:1400 
My rank: 51, Row start: 1429, Row end:1456 
My rank: 61, Row start: 1709, Row end:1736 
My rank: 67, Row start: 1877, Row end:1904 
My rank: 87, Row start: 2437, Row end:2464 
My rank: 89, Row start: 2493, Row end:2520 
My rank: 2, Row start: 57, Row end:84 
My rank: 14, Row start: 393, Row end:420 
My rank: 52, Row start: 1457, Row end:1484 
My rank: 74, Row start: 2073, Row end:2100 
My rank: 84, Row start: 2353, Row end:2380 
My rank: 98, Row start: 2745, Row end:2772 
My rank: 8, Row start: 225, Row end:252 
My rank: 15, Row start: 421, Row end:448 
My rank: 17, Row start: 477, Row end:504 
My rank: 18, Row start: 505, Row end:532 
My rank: 50, Row start: 1401, Row end:1428 
My rank: 81, Row start: 2269, Row end:2296 
My rank: 102, Row start: 2857, Row end:2884 
My rank: 5, Row start: 141, Row end:168 
My rank: 21, Row start: 589, Row end:616 
My rank: 36, Row start: 1009, Row end:1036 
My rank: 65, Row start: 1821, Row end:1848 
My rank: 70, Row start: 1961, Row end:1988 
My rank: 73, Row start: 2045, Row end:2072 
My rank: 86, Row start: 2409, Row end:2436 
My rank: 97, Row start: 2717, Row end:2744 
My rank: 99, Row start: 2773, Row end:2800 
My rank: 7, Row start: 197, Row end:224 
My rank: 22, Row start: 617, Row end:644 
My rank: 24, Row start: 673, Row end:700 
My rank: 25, Row start: 701, Row end:728 
My rank: 39, Row start: 1093, Row end:1120 
My rank: 53, Row start: 1485, Row end:1512 
My rank: 54, Row start: 1513, Row end:1540 
My rank: 57, Row start: 1597, Row end:1624 
My rank: 60, Row start: 1681, Row end:1708 
My rank: 64, Row start: 1793, Row end:1820 
My rank: 82, Row start: 2297, Row end:2324 
My rank: 4, Row start: 113, Row end:140 
My rank: 33, Row start: 925, Row end:952 
My rank: 41, Row start: 1149, Row end:1176 
My rank: 62, Row start: 1737, Row end:1764 
My rank: 76, Row start: 2129, Row end:2156 
My rank: 56, Row start: 1569, Row end:1596 
My rank: 69, Row start: 1933, Row end:1960 
My rank: 91, Row start: 2549, Row end:2576 
My rank: 88, Row start: 2465, Row end:2492 
My rank: 1, Row start: 29, Row end:56 
My rank: 16, Row start: 449, Row end:476 
My rank: 80, Row start: 2241, Row end:2268 
My rank: 75, Row start: 2101, Row end:2128 
My rank: 90, Row start: 2521, Row end:2548 
My rank: 92, Row start: 2577, Row end:2604 
My rank:1, took 4.995120 seconds
My rank:2, took 4.996440 seconds
My rank:3, took 4.997378 seconds
My rank:4, took 4.997717 seconds
My rank:5, took 4.998618 seconds
My rank:6, took 4.999768 seconds
My rank:7, took 5.000038 seconds
My rank:8, took 5.000978 seconds
My rank:9, took 5.002090 seconds
My rank:10, took 5.002886 seconds
My rank:11, took 5.004044 seconds
My rank:12, took 5.004534 seconds
My rank:13, took 5.005335 seconds
My rank:14, took 5.005700 seconds
My rank:15, took 5.006356 seconds
My rank:16, took 5.006656 seconds
My rank:17, took 5.007848 seconds
My rank:18, took 5.008579 seconds
My rank:19, took 5.009619 seconds
My rank:20, took 5.010931 seconds
My rank:21, took 5.010802 seconds
My rank:22, took 5.011441 seconds
My rank:23, took 5.012827 seconds
My rank:24, took 5.012973 seconds
My rank:25, took 5.013723 seconds
My rank:26, took 5.015161 seconds
My rank:27, took 5.015713 seconds
My rank:28, took 5.016840 seconds
My rank:29, took 5.017782 seconds
My rank:30, took 5.018204 seconds
My rank:31, took 5.018940 seconds
My rank:32, took 5.019923 seconds
My rank:33, took 5.019938 seconds
My rank:34, took 5.021026 seconds
My rank:35, took 5.022138 seconds
My rank:36, took 5.022361 seconds
My rank:37, took 5.023710 seconds
My rank:38, took 5.024366 seconds
My rank:39, took 5.024605 seconds
My rank:40, took 5.026007 seconds
My rank:41, took 5.026014 seconds
My rank:42, took 5.027230 seconds
My rank:43, took 5.028595 seconds
My rank:44, took 5.029390 seconds
My rank:45, took 5.029589 seconds
My rank:46, took 5.030551 seconds
My rank:47, took 5.030994 seconds
My rank:48, took 5.032437 seconds
My rank:49, took 5.032445 seconds
My rank:50, took 5.033074 seconds
My rank:51, took 5.034059 seconds
My rank:52, took 5.034707 seconds
My rank:53, took 5.035224 seconds
My rank:54, took 5.035963 seconds
My rank:55, took 5.037263 seconds
My rank:56, took 5.037323 seconds
My rank:57, took 5.038234 seconds
My rank:58, took 5.039835 seconds
My rank:59, took 5.040597 seconds
My rank:60, took 5.040520 seconds
My rank:61, took 5.041575 seconds
My rank:62, took 5.041918 seconds
My rank:63, took 5.043764 seconds
My rank:64, took 5.043576 seconds
My rank:65, took 5.044365 seconds
My rank:66, took 5.045574 seconds
My rank:67, took 5.046176 seconds
My rank:68, took 5.047245 seconds
My rank:69, took 5.047199 seconds
My rank:70, took 5.048222 seconds
My rank:71, took 5.049371 seconds
My rank:72, took 5.050204 seconds
My rank:73, took 5.050484 seconds
My rank:74, took 5.051412 seconds
My rank:75, took 5.051494 seconds
My rank:76, took 5.052608 seconds
My rank:77, took 5.053911 seconds
My rank:78, took 5.055035 seconds
My rank:79, took 5.055399 seconds
My rank:80, took 5.055408 seconds
My rank:81, took 5.056658 seconds
My rank:82, took 5.057263 seconds
My rank:83, took 5.058580 seconds
My rank:84, took 5.059030 seconds
My rank:85, took 5.060420 seconds
My rank:86, took 5.060388 seconds
My rank:87, took 5.061329 seconds
My rank:88, took 5.061526 seconds
My rank:89, took 5.062962 seconds
My rank:90, took 5.062945 seconds
My rank:91, took 5.063974 seconds
My rank:92, took 5.062322 seconds
My rank:93, took 5.066316 seconds
My rank:94, took 5.067173 seconds
My rank:95, took 5.067965 seconds
My rank:96, took 5.068754 seconds
My rank:97, took 5.067221 seconds
My rank:98, took 5.069641 seconds
My rank:99, took 5.070252 seconds
My rank:100, took 5.071548 seconds
My rank:101, took 5.072149 seconds
My rank:102, took 5.072659 seconds
My rank:103, took 5.073764 seconds
My rank:0, took 4.995595 seconds
That took 4.995595 seconds
======== Run :  5
My rank: 34, Row start: 953, Row end:980 
My rank: 83, Row start: 2325, Row end:2352 
My rank: 5, Row start: 141, Row end:168 
My rank: 10, Row start: 281, Row end:308 
My rank: 13, Row start: 365, Row end:392 
My rank: 16, Row start: 449, Row end:476 
My rank: 27, Row start: 757, Row end:784 
My rank: 48, Row start: 1345, Row end:1372 
My rank: 53, Row start: 1485, Row end:1512 
My rank: 78, Row start: 2185, Row end:2212 
My rank: 81, Row start: 2269, Row end:2296 
My rank: 12, Row start: 337, Row end:364 
My rank: 18, Row start: 505, Row end:532 
My rank: 37, Row start: 1037, Row end:1064 
My rank: 47, Row start: 1317, Row end:1344 
My rank: 64, Row start: 1793, Row end:1820 
My rank: 76, Row start: 2129, Row end:2156 
My rank: 82, Row start: 2297, Row end:2324 
My rank: 57, Row start: 1597, Row end:1624 
My rank: 62, Row start: 1737, Row end:1764 
My rank: 66, Row start: 1849, Row end:1876 
My rank: 90, Row start: 2521, Row end:2548 
My rank: 11, Row start: 309, Row end:336 
My rank: 24, Row start: 673, Row end:700 
My rank: 30, Row start: 841, Row end:868 
My rank: 32, Row start: 897, Row end:924 
My rank: 45, Row start: 1261, Row end:1288 
My rank: 46, Row start: 1289, Row end:1316 
My rank: 49, Row start: 1373, Row end:1400 
My rank: 50, Row start: 1401, Row end:1428 
My rank: 54, Row start: 1513, Row end:1540 
My rank: 58, Row start: 1625, Row end:1652 
My rank: 72, Row start: 2017, Row end:2044 
My rank: 80, Row start: 2241, Row end:2268 
My rank: 91, Row start: 2549, Row end:2576 
My rank: 102, Row start: 2857, Row end:2884 
My rank: 1, Row start: 29, Row end:56 
My rank: 14, Row start: 393, Row end:420 
My rank: 15, Row start: 421, Row end:448 
My rank: 17, Row start: 477, Row end:504 
My rank: 22, Row start: 617, Row end:644 
My rank: 25, Row start: 701, Row end:728 
My rank: 28, Row start: 785, Row end:812 
My rank: 36, Row start: 1009, Row end:1036 
My rank: 39, Row start: 1093, Row end:1120 
My rank: 42, Row start: 1177, Row end:1204 
My rank: 51, Row start: 1429, Row end:1456 
My rank: 52, Row start: 1457, Row end:1484 
My rank: 63, Row start: 1765, Row end:1792 
My rank: 69, Row start: 1933, Row end:1960 
My rank: 73, Row start: 2045, Row end:2072 
My rank: 77, Row start: 2157, Row end:2184 
My rank: 79, Row start: 2213, Row end:2240 
My rank: 85, Row start: 2381, Row end:2408 
My rank: 86, Row start: 2409, Row end:2436 
My rank: 87, Row start: 2437, Row end:2464 
My rank: 94, Row start: 2633, Row end:2660 
My rank: 98, Row start: 2745, Row end:2772 
My rank: 4, Row start: 113, Row end:140 
My rank: 6, Row start: 169, Row end:196 
My rank: 7, Row start: 197, Row end:224 
My rank: 9, Row start: 253, Row end:280 
My rank: 20, Row start: 561, Row end:588 
My rank: 26, Row start: 729, Row end:756 
My rank: 29, Row start: 813, Row end:840 
My rank: 31, Row start: 869, Row end:896 
My rank: 33, Row start: 925, Row end:952 
My rank: 35, Row start: 981, Row end:1008 
My rank: 40, Row start: 1121, Row end:1148 
My rank: 41, Row start: 1149, Row end:1176 
My rank: 43, Row start: 1205, Row end:1232 
My rank: 44, Row start: 1233, Row end:1260 
My rank: 55, Row start: 1541, Row end:1568 
My rank: 56, Row start: 1569, Row end:1596 
My rank: 59, Row start: 1653, Row end:1680 
My rank: 60, Row start: 1681, Row end:1708 
My rank: 65, Row start: 1821, Row end:1848 
My rank: 67, Row start: 1877, Row end:1904 
My rank: 68, Row start: 1905, Row end:1932 
My rank: 70, Row start: 1961, Row end:1988 
My rank: 71, Row start: 1989, Row end:2016 
My rank: 75, Row start: 2101, Row end:2128 
My rank: 84, Row start: 2353, Row end:2380 
My rank: 88, Row start: 2465, Row end:2492 
My rank: 89, Row start: 2493, Row end:2520 
My rank: 92, Row start: 2577, Row end:2604 
My rank: 93, Row start: 2605, Row end:2632 
My rank: 99, Row start: 2773, Row end:2800 
My rank: 100, Row start: 2801, Row end:2828 
My rank: 103, Row start: 2885, Row end:2999 
My rank: 0, Row start: 1, Row end:28 
My rank: 2, Row start: 57, Row end:84 
My rank: 3, Row start: 85, Row end:112 
My rank: 8, Row start: 225, Row end:252 
My rank: 19, Row start: 533, Row end:560 
My rank: 21, Row start: 589, Row end:616 
My rank: 38, Row start: 1065, Row end:1092 
My rank: 61, Row start: 1709, Row end:1736 
My rank: 74, Row start: 2073, Row end:2100 
My rank: 95, Row start: 2661, Row end:2688 
My rank: 96, Row start: 2689, Row end:2716 
My rank: 97, Row start: 2717, Row end:2744 
My rank: 101, Row start: 2829, Row end:2856 
My rank: 23, Row start: 645, Row end:672 
My rank:1, took 4.936970 seconds
My rank:2, took 4.937208 seconds
My rank:3, took 4.938112 seconds
My rank:4, took 4.939057 seconds
My rank:5, took 4.940576 seconds
My rank:6, took 4.940495 seconds
My rank:7, took 4.941457 seconds
My rank:8, took 4.941799 seconds
My rank:9, took 4.942750 seconds
My rank:10, took 4.944188 seconds
My rank:11, took 4.944749 seconds
My rank:12, took 4.945732 seconds
My rank:13, took 4.946548 seconds
My rank:14, took 4.946979 seconds
My rank:15, took 4.947629 seconds
My rank:16, took 4.948765 seconds
My rank:17, took 4.949189 seconds
My rank:18, took 4.950198 seconds
My rank:19, took 4.950366 seconds
My rank:20, took 4.951373 seconds
My rank:21, took 4.951810 seconds
My rank:22, took 4.953103 seconds
My rank:23, took 4.952668 seconds
My rank:24, took 4.954728 seconds
My rank:25, took 4.955390 seconds
My rank:26, took 4.955909 seconds
My rank:27, took 4.957233 seconds
My rank:28, took 4.957579 seconds
My rank:29, took 4.957920 seconds
My rank:30, took 4.959223 seconds
My rank:31, took 4.959557 seconds
My rank:32, took 4.960650 seconds
My rank:33, took 4.960966 seconds
My rank:34, took 4.962604 seconds
My rank:35, took 4.962481 seconds
My rank:36, took 4.963614 seconds
My rank:37, took 4.964624 seconds
My rank:38, took 4.964499 seconds
My rank:39, took 4.965951 seconds
My rank:40, took 4.966256 seconds
My rank:41, took 4.967107 seconds
My rank:42, took 4.967992 seconds
My rank:43, took 4.968674 seconds
My rank:44, took 4.969351 seconds
My rank:45, took 4.970490 seconds
My rank:46, took 4.971224 seconds
My rank:47, took 4.972211 seconds
My rank:48, took 4.973095 seconds
My rank:49, took 4.973528 seconds
My rank:50, took 4.974288 seconds
My rank:51, took 4.974964 seconds
My rank:52, took 4.975640 seconds
My rank:53, took 4.976858 seconds
My rank:54, took 4.977370 seconds
My rank:55, took 4.977604 seconds
My rank:56, took 4.978447 seconds
My rank:57, took 4.979644 seconds
My rank:58, took 4.980354 seconds
My rank:59, took 4.980737 seconds
My rank:60, took 4.981305 seconds
My rank:61, took 4.982007 seconds
My rank:62, took 4.983383 seconds
My rank:63, took 4.983862 seconds
My rank:64, took 4.984972 seconds
My rank:65, took 4.985119 seconds
My rank:66, took 4.986421 seconds
My rank:67, took 4.986784 seconds
My rank:68, took 4.987464 seconds
My rank:69, took 4.988457 seconds
My rank:70, took 4.989082 seconds
My rank:71, took 4.989625 seconds
My rank:72, took 4.990830 seconds
My rank:73, took 4.991397 seconds
My rank:74, took 4.991788 seconds
My rank:75, took 4.992872 seconds
My rank:76, took 4.994089 seconds
My rank:77, took 4.994449 seconds
My rank:78, took 4.995691 seconds
My rank:79, took 4.996001 seconds
My rank:80, took 4.996932 seconds
My rank:81, took 4.997990 seconds
My rank:82, took 4.998637 seconds
My rank:83, took 4.999988 seconds
My rank:84, took 4.999670 seconds
My rank:85, took 5.000572 seconds
My rank:86, took 5.001275 seconds
My rank:87, took 5.002021 seconds
My rank:88, took 5.002644 seconds
My rank:89, took 5.003243 seconds
My rank:90, took 5.004549 seconds
My rank:91, took 5.005188 seconds
My rank:92, took 5.005600 seconds
My rank:93, took 5.006213 seconds
My rank:94, took 5.007404 seconds
My rank:95, took 5.007640 seconds
My rank:96, took 5.008432 seconds
My rank:97, took 5.009144 seconds
My rank:98, took 5.010361 seconds
My rank:99, took 5.010969 seconds
My rank:100, took 5.011705 seconds
My rank:101, took 5.012248 seconds
My rank:102, took 5.013606 seconds
My rank:103, took 5.014014 seconds
My rank:0, took 4.935837 seconds
That took 4.935837 seconds
======== Run :  6
My rank: 12, Row start: 337, Row end:364 
My rank: 35, Row start: 981, Row end:1008 
My rank: 56, Row start: 1569, Row end:1596 
My rank: 78, Row start: 2185, Row end:2212 
My rank: 82, Row start: 2297, Row end:2324 
My rank: 5, Row start: 141, Row end:168 
My rank: 19, Row start: 533, Row end:560 
My rank: 30, Row start: 841, Row end:868 
My rank: 45, Row start: 1261, Row end:1288 
My rank: 51, Row start: 1429, Row end:1456 
My rank: 57, Row start: 1597, Row end:1624 
My rank: 60, Row start: 1681, Row end:1708 
My rank: 64, Row start: 1793, Row end:1820 
My rank: 101, Row start: 2829, Row end:2856 
My rank: 4, Row start: 113, Row end:140 
My rank: 17, Row start: 477, Row end:504 
My rank: 61, Row start: 1709, Row end:1736 
My rank: 63, Row start: 1765, Row end:1792 
My rank: 79, Row start: 2213, Row end:2240 
My rank: 87, Row start: 2437, Row end:2464 
My rank: 94, Row start: 2633, Row end:2660 
My rank: 96, Row start: 2689, Row end:2716 
My rank: 15, Row start: 421, Row end:448 
My rank: 21, Row start: 589, Row end:616 
My rank: 25, Row start: 701, Row end:728 
My rank: 28, Row start: 785, Row end:812 
My rank: 32, Row start: 897, Row end:924 
My rank: 33, Row start: 925, Row end:952 
My rank: 34, Row start: 953, Row end:980 
My rank: 36, Row start: 1009, Row end:1036 
My rank: 37, Row start: 1037, Row end:1064 
My rank: 49, Row start: 1373, Row end:1400 
My rank: 55, Row start: 1541, Row end:1568 
My rank: 68, Row start: 1905, Row end:1932 
My rank: 77, Row start: 2157, Row end:2184 
My rank: 81, Row start: 2269, Row end:2296 
My rank: 89, Row start: 2493, Row end:2520 
My rank: 90, Row start: 2521, Row end:2548 
My rank: 91, Row start: 2549, Row end:2576 
My rank: 97, Row start: 2717, Row end:2744 
My rank: 0, Row start: 1, Row end:28 
My rank: 6, Row start: 169, Row end:196 
My rank: 8, Row start: 225, Row end:252 
My rank: 9, Row start: 253, Row end:280 
My rank: 14, Row start: 393, Row end:420 
My rank: 16, Row start: 449, Row end:476 
My rank: 18, Row start: 505, Row end:532 
My rank: 24, Row start: 673, Row end:700 
My rank: 26, Row start: 729, Row end:756 
My rank: 38, Row start: 1065, Row end:1092 
My rank: 42, Row start: 1177, Row end:1204 
My rank: 43, Row start: 1205, Row end:1232 
My rank: 46, Row start: 1289, Row end:1316 
My rank: 58, Row start: 1625, Row end:1652 
My rank: 59, Row start: 1653, Row end:1680 
My rank: 62, Row start: 1737, Row end:1764 
My rank: 65, Row start: 1821, Row end:1848 
My rank: 66, Row start: 1849, Row end:1876 
My rank: 71, Row start: 1989, Row end:2016 
My rank: 72, Row start: 2017, Row end:2044 
My rank: 73, Row start: 2045, Row end:2072 
My rank: 75, Row start: 2101, Row end:2128 
My rank: 76, Row start: 2129, Row end:2156 
My rank: 80, Row start: 2241, Row end:2268 
My rank: 84, Row start: 2353, Row end:2380 
My rank: 85, Row start: 2381, Row end:2408 
My rank: 88, Row start: 2465, Row end:2492 
My rank: 92, Row start: 2577, Row end:2604 
My rank: 102, Row start: 2857, Row end:2884 
My rank: 2, Row start: 57, Row end:84 
My rank: 7, Row start: 197, Row end:224 
My rank: 10, Row start: 281, Row end:308 
My rank: 13, Row start: 365, Row end:392 
My rank: 22, Row start: 617, Row end:644 
My rank: 27, Row start: 757, Row end:784 
My rank: 29, Row start: 813, Row end:840 
My rank: 39, Row start: 1093, Row end:1120 
My rank: 41, Row start: 1149, Row end:1176 
My rank: 47, Row start: 1317, Row end:1344 
My rank: 48, Row start: 1345, Row end:1372 
My rank: 53, Row start: 1485, Row end:1512 
My rank: 54, Row start: 1513, Row end:1540 
My rank: 67, Row start: 1877, Row end:1904 
My rank: 74, Row start: 2073, Row end:2100 
My rank: 83, Row start: 2325, Row end:2352 
My rank: 93, Row start: 2605, Row end:2632 
My rank: 95, Row start: 2661, Row end:2688 
My rank: 99, Row start: 2773, Row end:2800 
My rank: 100, Row start: 2801, Row end:2828 
My rank: 20, Row start: 561, Row end:588 
My rank: 31, Row start: 869, Row end:896 
My rank: 44, Row start: 1233, Row end:1260 
My rank: 50, Row start: 1401, Row end:1428 
My rank: 23, Row start: 645, Row end:672 
My rank: 3, Row start: 85, Row end:112 
My rank: 98, Row start: 2745, Row end:2772 
My rank: 86, Row start: 2409, Row end:2436 
My rank: 103, Row start: 2885, Row end:2999 
My rank: 70, Row start: 1961, Row end:1988 
My rank: 69, Row start: 1933, Row end:1960 
My rank: 1, Row start: 29, Row end:56 
My rank: 52, Row start: 1457, Row end:1484 
My rank: 11, Row start: 309, Row end:336 
My rank: 40, Row start: 1121, Row end:1148 
My rank:1, took 6.805937 seconds
My rank:2, took 6.817951 seconds
My rank:3, took 6.817315 seconds
My rank:4, took 6.818651 seconds
My rank:5, took 6.818739 seconds
My rank:6, took 6.818337 seconds
My rank:7, took 6.818096 seconds
My rank:8, took 6.818468 seconds
My rank:9, took 6.818420 seconds
My rank:10, took 6.818242 seconds
My rank:11, took 6.805904 seconds
My rank:12, took 6.818985 seconds
My rank:13, took 6.817957 seconds
My rank:14, took 6.818467 seconds
My rank:15, took 6.818634 seconds
My rank:16, took 6.818402 seconds
My rank:17, took 6.818759 seconds
My rank:18, took 6.818448 seconds
My rank:19, took 6.818891 seconds
My rank:20, took 6.817777 seconds
My rank:21, took 6.818633 seconds
My rank:22, took 6.835132 seconds
My rank:23, took 6.834578 seconds
My rank:24, took 6.838137 seconds
My rank:25, took 6.838220 seconds
My rank:26, took 6.838053 seconds
My rank:27, took 6.837614 seconds
My rank:28, took 6.838263 seconds
My rank:29, took 6.837512 seconds
My rank:30, took 6.855274 seconds
My rank:31, took 6.854266 seconds
My rank:32, took 6.855028 seconds
My rank:33, took 6.855008 seconds
My rank:34, took 6.855112 seconds
My rank:35, took 6.855481 seconds
My rank:36, took 6.855090 seconds
My rank:37, took 6.855141 seconds
My rank:38, took 6.854918 seconds
My rank:39, took 6.854811 seconds
My rank:40, took 6.861248 seconds
My rank:41, took 6.874620 seconds
My rank:42, took 6.874898 seconds
My rank:43, took 6.874874 seconds
My rank:44, took 6.874279 seconds
My rank:45, took 6.875442 seconds
My rank:46, took 6.875031 seconds
My rank:47, took 6.874563 seconds
My rank:48, took 6.874530 seconds
My rank:49, took 6.875219 seconds
My rank:50, took 6.874432 seconds
My rank:51, took 6.875556 seconds
My rank:52, took 6.862533 seconds
My rank:53, took 6.874608 seconds
My rank:54, took 6.874837 seconds
My rank:55, took 6.875288 seconds
My rank:56, took 6.876093 seconds
My rank:57, took 6.875475 seconds
My rank:58, took 6.875211 seconds
My rank:59, took 6.875100 seconds
My rank:60, took 6.875431 seconds
My rank:61, took 6.875412 seconds
My rank:62, took 6.875044 seconds
My rank:63, took 6.875353 seconds
My rank:64, took 6.875532 seconds
My rank:65, took 6.875051 seconds
My rank:66, took 6.875123 seconds
My rank:67, took 6.874624 seconds
My rank:68, took 6.875200 seconds
My rank:69, took 6.862611 seconds
My rank:70, took 6.864482 seconds
My rank:71, took 6.874976 seconds
My rank:72, took 6.874917 seconds
My rank:73, took 6.875109 seconds
My rank:74, took 6.874747 seconds
My rank:75, took 6.874906 seconds
My rank:76, took 6.875274 seconds
My rank:77, took 6.875330 seconds
My rank:78, took 6.875931 seconds
My rank:79, took 6.876398 seconds
My rank:80, took 6.876855 seconds
My rank:81, took 6.878007 seconds
My rank:82, took 6.878938 seconds
My rank:83, took 6.878614 seconds
My rank:84, took 6.879834 seconds
My rank:85, took 6.880581 seconds
My rank:86, took 6.880092 seconds
My rank:87, took 6.882550 seconds
My rank:88, took 6.883010 seconds
My rank:89, took 6.883856 seconds
My rank:90, took 6.884669 seconds
My rank:91, took 6.886476 seconds
My rank:92, took 6.886387 seconds
My rank:93, took 6.886660 seconds
My rank:94, took 6.887818 seconds
My rank:95, took 6.888085 seconds
My rank:96, took 6.889339 seconds
My rank:97, took 6.889998 seconds
My rank:98, took 6.889391 seconds
My rank:99, took 6.891048 seconds
My rank:100, took 6.891902 seconds
My rank:101, took 6.893202 seconds
My rank:102, took 6.893539 seconds
My rank:103, took 6.891886 seconds
My rank:0, took 6.818360 seconds
That took 6.818360 seconds
======== Run :  7
My rank: 0, Row start: 1, Row end:28 
My rank: 2, Row start: 57, Row end:84 
My rank: 4, Row start: 113, Row end:140 
My rank: 13, Row start: 365, Row end:392 
My rank: 22, Row start: 617, Row end:644 
My rank: 23, Row start: 645, Row end:672 
My rank: 30, Row start: 841, Row end:868 
My rank: 38, Row start: 1065, Row end:1092 
My rank: 55, Row start: 1541, Row end:1568 
My rank: 64, Row start: 1793, Row end:1820 
My rank: 66, Row start: 1849, Row end:1876 
My rank: 81, Row start: 2269, Row end:2296 
My rank: 83, Row start: 2325, Row end:2352 
My rank: 85, Row start: 2381, Row end:2408 
My rank: 95, Row start: 2661, Row end:2688 
My rank: 101, Row start: 2829, Row end:2856 
My rank: 5, Row start: 141, Row end:168 
My rank: 12, Row start: 337, Row end:364 
My rank: 16, Row start: 449, Row end:476 
My rank: 21, Row start: 589, Row end:616 
My rank: 25, Row start: 701, Row end:728 
My rank: 26, Row start: 729, Row end:756 
My rank: 31, Row start: 869, Row end:896 
My rank: 37, Row start: 1037, Row end:1064 
My rank: 47, Row start: 1317, Row end:1344 
My rank: 49, Row start: 1373, Row end:1400 
My rank: 53, Row start: 1485, Row end:1512 
My rank: 57, Row start: 1597, Row end:1624 
My rank: 61, Row start: 1709, Row end:1736 
My rank: 65, Row start: 1821, Row end:1848 
My rank: 68, Row start: 1905, Row end:1932 
My rank: 70, Row start: 1961, Row end:1988 
My rank: 80, Row start: 2241, Row end:2268 
My rank: 82, Row start: 2297, Row end:2324 
My rank: 96, Row start: 2689, Row end:2716 
My rank: 103, Row start: 2885, Row end:2999 
My rank: 3, Row start: 85, Row end:112 
My rank: 10, Row start: 281, Row end:308 
My rank: 20, Row start: 561, Row end:588 
My rank: 27, Row start: 757, Row end:784 
My rank: 29, Row start: 813, Row end:840 
My rank: 34, Row start: 953, Row end:980 
My rank: 42, Row start: 1177, Row end:1204 
My rank: 44, Row start: 1233, Row end:1260 
My rank: 46, Row start: 1289, Row end:1316 
My rank: 51, Row start: 1429, Row end:1456 
My rank: 54, Row start: 1513, Row end:1540 
My rank: 60, Row start: 1681, Row end:1708 
My rank: 67, Row start: 1877, Row end:1904 
My rank: 69, Row start: 1933, Row end:1960 
My rank: 72, Row start: 2017, Row end:2044 
My rank: 74, Row start: 2073, Row end:2100 
My rank: 77, Row start: 2157, Row end:2184 
My rank: 78, Row start: 2185, Row end:2212 
My rank: 88, Row start: 2465, Row end:2492 
My rank: 92, Row start: 2577, Row end:2604 
My rank: 97, Row start: 2717, Row end:2744 
My rank: 98, Row start: 2745, Row end:2772 
My rank: 7, Row start: 197, Row end:224 
My rank: 8, Row start: 225, Row end:252 
My rank: 9, Row start: 253, Row end:280 
My rank: 11, Row start: 309, Row end:336 
My rank: 14, Row start: 393, Row end:420 
My rank: 15, Row start: 421, Row end:448 
My rank: 17, Row start: 477, Row end:504 
My rank: 18, Row start: 505, Row end:532 
My rank: 24, Row start: 673, Row end:700 
My rank: 28, Row start: 785, Row end:812 
My rank: 32, Row start: 897, Row end:924 
My rank: 36, Row start: 1009, Row end:1036 
My rank: 41, Row start: 1149, Row end:1176 
My rank: 45, Row start: 1261, Row end:1288 
My rank: 50, Row start: 1401, Row end:1428 
My rank: 52, Row start: 1457, Row end:1484 
My rank: 56, Row start: 1569, Row end:1596 
My rank: 59, Row start: 1653, Row end:1680 
My rank: 62, Row start: 1737, Row end:1764 
My rank: 63, Row start: 1765, Row end:1792 
My rank: 71, Row start: 1989, Row end:2016 
My rank: 73, Row start: 2045, Row end:2072 
My rank: 76, Row start: 2129, Row end:2156 
My rank: 79, Row start: 2213, Row end:2240 
My rank: 84, Row start: 2353, Row end:2380 
My rank: 86, Row start: 2409, Row end:2436 
My rank: 89, Row start: 2493, Row end:2520 
My rank: 90, Row start: 2521, Row end:2548 
My rank: 94, Row start: 2633, Row end:2660 
My rank: 100, Row start: 2801, Row end:2828 
My rank: 102, Row start: 2857, Row end:2884 
My rank: 1, Row start: 29, Row end:56 
My rank: 6, Row start: 169, Row end:196 
My rank: 35, Row start: 981, Row end:1008 
My rank: 48, Row start: 1345, Row end:1372 
My rank: 75, Row start: 2101, Row end:2128 
My rank: 40, Row start: 1121, Row end:1148 
My rank: 91, Row start: 2549, Row end:2576 
My rank: 99, Row start: 2773, Row end:2800 
My rank: 19, Row start: 533, Row end:560 
My rank: 58, Row start: 1625, Row end:1652 
My rank: 87, Row start: 2437, Row end:2464 
My rank: 39, Row start: 1093, Row end:1120 
My rank: 43, Row start: 1205, Row end:1232 
My rank: 33, Row start: 925, Row end:952 
My rank: 93, Row start: 2605, Row end:2632 
My rank:1, took 5.169248 seconds
My rank:2, took 5.171281 seconds
My rank:3, took 5.171435 seconds
My rank:4, took 5.172652 seconds
My rank:5, took 5.173089 seconds
My rank:6, took 5.173050 seconds
My rank:7, took 5.174319 seconds
My rank:8, took 5.175124 seconds
My rank:9, took 5.175814 seconds
My rank:10, took 5.176699 seconds
My rank:11, took 5.177050 seconds
My rank:12, took 5.178653 seconds
My rank:13, took 5.179747 seconds
My rank:14, took 5.179387 seconds
My rank:15, took 5.179993 seconds
My rank:16, took 5.181689 seconds
My rank:17, took 5.182005 seconds
My rank:18, took 5.182482 seconds
My rank:19, took 5.172325 seconds
My rank:20, took 5.184497 seconds
My rank:21, took 5.185415 seconds
My rank:22, took 5.186787 seconds
My rank:23, took 5.187372 seconds
My rank:24, took 5.187299 seconds
My rank:25, took 5.188633 seconds
My rank:26, took 5.189344 seconds
My rank:27, took 5.189692 seconds
My rank:28, took 5.190063 seconds
My rank:29, took 5.191165 seconds
My rank:30, took 5.192740 seconds
My rank:31, took 5.193010 seconds
My rank:32, took 5.193284 seconds
My rank:33, took 5.176717 seconds
My rank:34, took 5.195000 seconds
My rank:35, took 5.194755 seconds
My rank:36, took 5.196439 seconds
My rank:37, took 5.197640 seconds
My rank:38, took 5.198860 seconds
My rank:39, took 5.186336 seconds
My rank:40, took 5.197789 seconds
My rank:41, took 5.199870 seconds
My rank:42, took 5.201144 seconds
My rank:43, took 5.189363 seconds
My rank:44, took 5.202486 seconds
My rank:45, took 5.203083 seconds
My rank:46, took 5.204050 seconds
My rank:47, took 5.205283 seconds
My rank:48, took 5.204895 seconds
My rank:49, took 5.206584 seconds
My rank:50, took 5.206820 seconds
My rank:51, took 5.207850 seconds
My rank:52, took 5.208422 seconds
My rank:53, took 5.209846 seconds
My rank:54, took 5.210167 seconds
My rank:55, took 5.211445 seconds
My rank:56, took 5.211600 seconds
My rank:57, took 5.212688 seconds
My rank:58, took 5.200821 seconds
My rank:59, took 5.213839 seconds
My rank:60, took 5.214711 seconds
My rank:61, took 5.215862 seconds
My rank:62, took 5.215903 seconds
My rank:63, took 5.216528 seconds
My rank:64, took 5.218486 seconds
My rank:65, took 5.218685 seconds
My rank:66, took 5.220591 seconds
My rank:67, took 5.219979 seconds
My rank:68, took 5.220979 seconds
My rank:69, took 5.221573 seconds
My rank:70, took 5.222809 seconds
My rank:71, took 5.222597 seconds
My rank:72, took 5.223783 seconds
My rank:73, took 5.224243 seconds
My rank:74, took 5.225268 seconds
My rank:75, took 5.225226 seconds
My rank:76, took 5.226388 seconds
My rank:77, took 5.227457 seconds
My rank:78, took 5.228310 seconds
My rank:79, took 5.228768 seconds
My rank:80, took 5.229980 seconds
My rank:81, took 5.231396 seconds
My rank:82, took 5.231540 seconds
My rank:83, took 5.232771 seconds
My rank:84, took 5.232713 seconds
My rank:85, took 5.234257 seconds
My rank:86, took 5.234090 seconds
My rank:87, took 5.222806 seconds
My rank:88, took 5.236048 seconds
My rank:89, took 5.236631 seconds
My rank:90, took 5.237089 seconds
My rank:91, took 5.236374 seconds
My rank:92, took 5.238946 seconds
My rank:93, took 5.216301 seconds
My rank:94, took 5.240069 seconds
My rank:95, took 5.241736 seconds
My rank:96, took 5.242391 seconds
My rank:97, took 5.242698 seconds
My rank:98, took 5.243421 seconds
My rank:99, took 5.233912 seconds
My rank:100, took 5.244788 seconds
My rank:101, took 5.246667 seconds
My rank:102, took 5.246315 seconds
My rank:103, took 5.247479 seconds
My rank:0, took 5.169601 seconds
That took 5.169601 seconds
======== Run :  8
My rank: 18, Row start: 505, Row end:532 
My rank: 25, Row start: 701, Row end:728 
My rank: 35, Row start: 981, Row end:1008 
My rank: 36, Row start: 1009, Row end:1036 
My rank: 42, Row start: 1177, Row end:1204 
My rank: 43, Row start: 1205, Row end:1232 
My rank: 87, Row start: 2437, Row end:2464 
My rank: 88, Row start: 2465, Row end:2492 
My rank: 101, Row start: 2829, Row end:2856 
My rank: 16, Row start: 449, Row end:476 
My rank: 17, Row start: 477, Row end:504 
My rank: 21, Row start: 589, Row end:616 
My rank: 28, Row start: 785, Row end:812 
My rank: 29, Row start: 813, Row end:840 
My rank: 38, Row start: 1065, Row end:1092 
My rank: 47, Row start: 1317, Row end:1344 
My rank: 52, Row start: 1457, Row end:1484 
My rank: 54, Row start: 1513, Row end:1540 
My rank: 57, Row start: 1597, Row end:1624 
My rank: 71, Row start: 1989, Row end:2016 
My rank: 72, Row start: 2017, Row end:2044 
My rank: 77, Row start: 2157, Row end:2184 
My rank: 79, Row start: 2213, Row end:2240 
My rank: 83, Row start: 2325, Row end:2352 
My rank: 85, Row start: 2381, Row end:2408 
My rank: 90, Row start: 2521, Row end:2548 
My rank: 91, Row start: 2549, Row end:2576 
My rank: 93, Row start: 2605, Row end:2632 
My rank: 96, Row start: 2689, Row end:2716 
My rank: 102, Row start: 2857, Row end:2884 
My rank: 7, Row start: 197, Row end:224 
My rank: 8, Row start: 225, Row end:252 
My rank: 10, Row start: 281, Row end:308 
My rank: 12, Row start: 337, Row end:364 
My rank: 13, Row start: 365, Row end:392 
My rank: 15, Row start: 421, Row end:448 
My rank: 20, Row start: 561, Row end:588 
My rank: 22, Row start: 617, Row end:644 
My rank: 24, Row start: 673, Row end:700 
My rank: 26, Row start: 729, Row end:756 
My rank: 32, Row start: 897, Row end:924 
My rank: 34, Row start: 953, Row end:980 
My rank: 39, Row start: 1093, Row end:1120 
My rank: 40, Row start: 1121, Row end:1148 
My rank: 41, Row start: 1149, Row end:1176 
My rank: 45, Row start: 1261, Row end:1288 
My rank: 46, Row start: 1289, Row end:1316 
My rank: 49, Row start: 1373, Row end:1400 
My rank: 50, Row start: 1401, Row end:1428 
My rank: 55, Row start: 1541, Row end:1568 
My rank: 58, Row start: 1625, Row end:1652 
My rank: 59, Row start: 1653, Row end:1680 
My rank: 60, Row start: 1681, Row end:1708 
My rank: 61, Row start: 1709, Row end:1736 
My rank: 65, Row start: 1821, Row end:1848 
My rank: 67, Row start: 1877, Row end:1904 
My rank: 68, Row start: 1905, Row end:1932 
My rank: 70, Row start: 1961, Row end:1988 
My rank: 74, Row start: 2073, Row end:2100 
My rank: 78, Row start: 2185, Row end:2212 
My rank: 82, Row start: 2297, Row end:2324 
My rank: 84, Row start: 2353, Row end:2380 
My rank: 92, Row start: 2577, Row end:2604 
My rank: 94, Row start: 2633, Row end:2660 
My rank: 97, Row start: 2717, Row end:2744 
My rank: 98, Row start: 2745, Row end:2772 
My rank: 100, Row start: 2801, Row end:2828 
My rank: 103, Row start: 2885, Row end:2999 
My rank: 0, Row start: 1, Row end:28 
My rank: 1, Row start: 29, Row end:56 
My rank: 2, Row start: 57, Row end:84 
My rank: 3, Row start: 85, Row end:112 
My rank: 5, Row start: 141, Row end:168 
My rank: 6, Row start: 169, Row end:196 
My rank: 11, Row start: 309, Row end:336 
My rank: 14, Row start: 393, Row end:420 
My rank: 19, Row start: 533, Row end:560 
My rank: 23, Row start: 645, Row end:672 
My rank: 27, Row start: 757, Row end:784 
My rank: 30, Row start: 841, Row end:868 
My rank: 31, Row start: 869, Row end:896 
My rank: 37, Row start: 1037, Row end:1064 
My rank: 48, Row start: 1345, Row end:1372 
My rank: 51, Row start: 1429, Row end:1456 
My rank: 62, Row start: 1737, Row end:1764 
My rank: 63, Row start: 1765, Row end:1792 
My rank: 64, Row start: 1793, Row end:1820 
My rank: 66, Row start: 1849, Row end:1876 
My rank: 69, Row start: 1933, Row end:1960 
My rank: 73, Row start: 2045, Row end:2072 
My rank: 75, Row start: 2101, Row end:2128 
My rank: 80, Row start: 2241, Row end:2268 
My rank: 81, Row start: 2269, Row end:2296 
My rank: 89, Row start: 2493, Row end:2520 
My rank: 9, Row start: 253, Row end:280 
My rank: 56, Row start: 1569, Row end:1596 
My rank: 76, Row start: 2129, Row end:2156 
My rank: 95, Row start: 2661, Row end:2688 
My rank: 99, Row start: 2773, Row end:2800 
My rank: 4, Row start: 113, Row end:140 
My rank: 86, Row start: 2409, Row end:2436 
My rank: 33, Row start: 925, Row end:952 
My rank: 53, Row start: 1485, Row end:1512 
My rank: 44, Row start: 1233, Row end:1260 
My rank:1, took 5.021154 seconds
My rank:2, took 5.021221 seconds
My rank:3, took 5.021354 seconds
My rank:4, took 5.020756 seconds
My rank:5, took 5.021295 seconds
My rank:6, took 5.021094 seconds
My rank:7, took 5.021463 seconds
My rank:8, took 5.021475 seconds
My rank:9, took 5.022010 seconds
My rank:10, took 5.022544 seconds
My rank:11, took 5.022049 seconds
My rank:12, took 5.022457 seconds
My rank:13, took 5.022549 seconds
My rank:14, took 5.022273 seconds
My rank:15, took 5.032674 seconds
My rank:16, took 5.033108 seconds
My rank:17, took 5.033024 seconds
My rank:18, took 5.033618 seconds
My rank:19, took 5.032325 seconds
My rank:20, took 5.032642 seconds
My rank:21, took 5.033047 seconds
My rank:22, took 5.032782 seconds
My rank:23, took 5.032515 seconds
My rank:24, took 5.033135 seconds
My rank:25, took 5.033446 seconds
My rank:26, took 5.032950 seconds
My rank:27, took 5.032801 seconds
My rank:28, took 5.033234 seconds
My rank:29, took 5.033383 seconds
My rank:30, took 5.032761 seconds
My rank:31, took 5.033085 seconds
My rank:32, took 5.033959 seconds
My rank:33, took 5.024553 seconds
My rank:34, took 5.035564 seconds
My rank:35, took 5.036670 seconds
My rank:36, took 5.037514 seconds
My rank:37, took 5.037405 seconds
My rank:38, took 5.038807 seconds
My rank:39, took 5.039253 seconds
My rank:40, took 5.040052 seconds
My rank:41, took 5.040657 seconds
My rank:42, took 5.042008 seconds
My rank:43, took 5.042878 seconds
My rank:44, took 5.029959 seconds
My rank:45, took 5.044020 seconds
My rank:46, took 5.044568 seconds
My rank:47, took 5.045587 seconds
My rank:48, took 5.045978 seconds
My rank:49, took 5.047074 seconds
My rank:50, took 5.047759 seconds
My rank:51, took 5.048283 seconds
My rank:52, took 5.049557 seconds
My rank:53, took 5.039612 seconds
My rank:54, took 5.050991 seconds
My rank:55, took 5.051562 seconds
My rank:56, took 5.051612 seconds
My rank:57, took 5.053209 seconds
My rank:58, took 5.053858 seconds
My rank:59, took 5.054665 seconds
My rank:60, took 5.055331 seconds
My rank:61, took 5.056068 seconds
My rank:62, took 5.056513 seconds
My rank:63, took 5.057189 seconds
My rank:64, took 5.057853 seconds
My rank:65, took 5.058898 seconds
My rank:66, took 5.059363 seconds
My rank:67, took 5.060462 seconds
My rank:68, took 5.061391 seconds
My rank:69, took 5.061698 seconds
My rank:70, took 5.062710 seconds
My rank:71, took 5.063756 seconds
My rank:72, took 5.064630 seconds
My rank:73, took 5.064629 seconds
My rank:74, took 5.065760 seconds
My rank:75, took 5.066265 seconds
My rank:76, took 5.066796 seconds
My rank:77, took 5.068358 seconds
My rank:78, took 5.068838 seconds
My rank:79, took 5.069876 seconds
My rank:80, took 5.070023 seconds
My rank:81, took 5.070795 seconds
My rank:82, took 5.071876 seconds
My rank:83, took 5.072857 seconds
My rank:84, took 5.073342 seconds
My rank:85, took 5.074461 seconds
My rank:86, took 5.066659 seconds
My rank:87, took 5.076119 seconds
My rank:88, took 5.076893 seconds
My rank:89, took 5.076840 seconds
My rank:90, took 5.078228 seconds
My rank:91, took 5.079012 seconds
My rank:92, took 5.079581 seconds
My rank:93, took 5.080448 seconds
My rank:94, took 5.080704 seconds
My rank:95, took 5.081226 seconds
My rank:96, took 5.082725 seconds
My rank:97, took 5.083266 seconds
My rank:98, took 5.083980 seconds
My rank:99, took 5.084182 seconds
My rank:100, took 5.085476 seconds
My rank:101, took 5.086730 seconds
My rank:102, took 5.087307 seconds
My rank:103, took 5.087751 seconds
My rank:0, took 5.021188 seconds
That took 5.021188 seconds
======== Run :  9
My rank: 9, Row start: 253, Row end:280 
My rank: 11, Row start: 309, Row end:336 
My rank: 13, Row start: 365, Row end:392 
My rank: 24, Row start: 673, Row end:700 
My rank: 25, Row start: 701, Row end:728 
My rank: 37, Row start: 1037, Row end:1064 
My rank: 43, Row start: 1205, Row end:1232 
My rank: 50, Row start: 1401, Row end:1428 
My rank: 54, Row start: 1513, Row end:1540 
My rank: 56, Row start: 1569, Row end:1596 
My rank: 62, Row start: 1737, Row end:1764 
My rank: 63, Row start: 1765, Row end:1792 
My rank: 69, Row start: 1933, Row end:1960 
My rank: 75, Row start: 2101, Row end:2128 
My rank: 88, Row start: 2465, Row end:2492 
My rank: 91, Row start: 2549, Row end:2576 
My rank: 3, Row start: 85, Row end:112 
My rank: 12, Row start: 337, Row end:364 
My rank: 23, Row start: 645, Row end:672 
My rank: 27, Row start: 757, Row end:784 
My rank: 39, Row start: 1093, Row end:1120 
My rank: 44, Row start: 1233, Row end:1260 
My rank: 46, Row start: 1289, Row end:1316 
My rank: 49, Row start: 1373, Row end:1400 
My rank: 53, Row start: 1485, Row end:1512 
My rank: 66, Row start: 1849, Row end:1876 
My rank: 68, Row start: 1905, Row end:1932 
My rank: 70, Row start: 1961, Row end:1988 
My rank: 76, Row start: 2129, Row end:2156 
My rank: 77, Row start: 2157, Row end:2184 
My rank: 80, Row start: 2241, Row end:2268 
My rank: 81, Row start: 2269, Row end:2296 
My rank: 82, Row start: 2297, Row end:2324 
My rank: 83, Row start: 2325, Row end:2352 
My rank: 85, Row start: 2381, Row end:2408 
My rank: 87, Row start: 2437, Row end:2464 
My rank: 95, Row start: 2661, Row end:2688 
My rank: 96, Row start: 2689, Row end:2716 
My rank: 97, Row start: 2717, Row end:2744 
My rank: 99, Row start: 2773, Row end:2800 
My rank: 101, Row start: 2829, Row end:2856 
My rank: 103, Row start: 2885, Row end:2999 
My rank: 2, Row start: 57, Row end:84 
My rank: 5, Row start: 141, Row end:168 
My rank: 7, Row start: 197, Row end:224 
My rank: 10, Row start: 281, Row end:308 
My rank: 16, Row start: 449, Row end:476 
My rank: 19, Row start: 533, Row end:560 
My rank: 21, Row start: 589, Row end:616 
My rank: 30, Row start: 841, Row end:868 
My rank: 38, Row start: 1065, Row end:1092 
My rank: 40, Row start: 1121, Row end:1148 
My rank: 41, Row start: 1149, Row end:1176 
My rank: 45, Row start: 1261, Row end:1288 
My rank: 47, Row start: 1317, Row end:1344 
My rank: 52, Row start: 1457, Row end:1484 
My rank: 55, Row start: 1541, Row end:1568 
My rank: 57, Row start: 1597, Row end:1624 
My rank: 58, Row start: 1625, Row end:1652 
My rank: 64, Row start: 1793, Row end:1820 
My rank: 65, Row start: 1821, Row end:1848 
My rank: 67, Row start: 1877, Row end:1904 
My rank: 74, Row start: 2073, Row end:2100 
My rank: 78, Row start: 2185, Row end:2212 
My rank: 79, Row start: 2213, Row end:2240 
My rank: 84, Row start: 2353, Row end:2380 
My rank: 86, Row start: 2409, Row end:2436 
My rank: 94, Row start: 2633, Row end:2660 
My rank: 0, Row start: 1, Row end:28 
My rank: 4, Row start: 113, Row end:140 
My rank: 6, Row start: 169, Row end:196 
My rank: 17, Row start: 477, Row end:504 
My rank: 18, Row start: 505, Row end:532 
My rank: 22, Row start: 617, Row end:644 
My rank: 29, Row start: 813, Row end:840 
My rank: 32, Row start: 897, Row end:924 
My rank: 35, Row start: 981, Row end:1008 
My rank: 36, Row start: 1009, Row end:1036 
My rank: 48, Row start: 1345, Row end:1372 
My rank: 71, Row start: 1989, Row end:2016 
My rank: 73, Row start: 2045, Row end:2072 
My rank: 92, Row start: 2577, Row end:2604 
My rank: 98, Row start: 2745, Row end:2772 
My rank: 8, Row start: 225, Row end:252 
My rank: 20, Row start: 561, Row end:588 
My rank: 26, Row start: 729, Row end:756 
My rank: 31, Row start: 869, Row end:896 
My rank: 51, Row start: 1429, Row end:1456 
My rank: 89, Row start: 2493, Row end:2520 
My rank: 90, Row start: 2521, Row end:2548 
My rank: 28, Row start: 785, Row end:812 
My rank: 42, Row start: 1177, Row end:1204 
My rank: 60, Row start: 1681, Row end:1708 
My rank: 33, Row start: 925, Row end:952 
My rank: 1, Row start: 29, Row end:56 
My rank: 14, Row start: 393, Row end:420 
My rank: 34, Row start: 953, Row end:980 
My rank: 72, Row start: 2017, Row end:2044 
My rank: 93, Row start: 2605, Row end:2632 
My rank: 100, Row start: 2801, Row end:2828 
My rank: 15, Row start: 421, Row end:448 
My rank: 59, Row start: 1653, Row end:1680 
My rank: 61, Row start: 1709, Row end:1736 
My rank: 102, Row start: 2857, Row end:2884 
My rank:1, took 4.949041 seconds
My rank:2, took 4.951620 seconds
My rank:3, took 4.952557 seconds
My rank:4, took 4.952874 seconds
My rank:5, took 4.953719 seconds
My rank:6, took 4.954414 seconds
My rank:7, took 4.955310 seconds
My rank:8, took 4.955781 seconds
My rank:9, took 4.957493 seconds
My rank:10, took 4.957792 seconds
My rank:11, took 4.958962 seconds
My rank:12, took 4.959464 seconds
My rank:13, took 4.960438 seconds
My rank:14, took 4.959749 seconds
My rank:15, took 4.953839 seconds
My rank:16, took 4.962122 seconds
My rank:17, took 4.962609 seconds
My rank:18, took 4.963403 seconds
My rank:19, took 4.964462 seconds
My rank:20, took 4.964936 seconds
My rank:21, took 4.965805 seconds
My rank:22, took 4.966477 seconds
My rank:23, took 4.967842 seconds
My rank:24, took 4.968905 seconds
My rank:25, took 4.969640 seconds
My rank:26, took 4.969509 seconds
My rank:27, took 4.971042 seconds
My rank:28, took 4.970801 seconds
My rank:29, took 4.971876 seconds
My rank:30, took 4.972822 seconds
My rank:31, took 4.973097 seconds
My rank:32, took 4.974108 seconds
My rank:33, took 4.974418 seconds
My rank:34, took 4.975121 seconds
My rank:35, took 4.976320 seconds
My rank:36, took 4.977145 seconds
My rank:37, took 4.978735 seconds
My rank:38, took 4.978779 seconds
My rank:39, took 4.980016 seconds
My rank:40, took 4.980420 seconds
My rank:41, took 4.980997 seconds
My rank:42, took 4.981385 seconds
My rank:43, took 4.984355 seconds
My rank:44, took 4.984202 seconds
My rank:45, took 4.984183 seconds
My rank:46, took 4.985092 seconds
My rank:47, took 4.985549 seconds
My rank:48, took 4.986206 seconds
My rank:49, took 4.987363 seconds
My rank:50, took 4.988434 seconds
My rank:51, took 4.988274 seconds
My rank:52, took 4.989338 seconds
My rank:53, took 4.990539 seconds
My rank:54, took 4.991562 seconds
My rank:55, took 4.991579 seconds
My rank:56, took 4.993319 seconds
My rank:57, took 4.993119 seconds
My rank:58, took 4.993909 seconds
My rank:59, took 4.986381 seconds
My rank:60, took 4.994889 seconds
My rank:61, took 4.988042 seconds
My rank:62, took 4.997413 seconds
My rank:63, took 4.998215 seconds
My rank:64, took 4.998536 seconds
My rank:65, took 4.999276 seconds
My rank:66, took 5.000301 seconds
My rank:67, took 5.000624 seconds
My rank:68, took 5.001892 seconds
My rank:69, took 5.002768 seconds
My rank:70, took 5.003198 seconds
My rank:71, took 5.003523 seconds
My rank:72, took 5.003799 seconds
My rank:73, took 5.005010 seconds
My rank:74, took 5.006093 seconds
My rank:75, took 5.007253 seconds
My rank:76, took 5.007724 seconds
My rank:77, took 5.008582 seconds
My rank:78, took 5.008937 seconds
My rank:79, took 5.009738 seconds
My rank:80, took 5.010813 seconds
My rank:81, took 5.011547 seconds
My rank:82, took 5.012276 seconds
My rank:83, took 5.013241 seconds
My rank:84, took 5.013637 seconds
My rank:85, took 5.014561 seconds
My rank:86, took 5.015077 seconds
My rank:87, took 5.016092 seconds
My rank:88, took 5.017076 seconds
My rank:89, took 5.016906 seconds
My rank:90, took 5.017829 seconds
My rank:91, took 5.019329 seconds
My rank:92, took 5.019377 seconds
My rank:93, took 5.019630 seconds
My rank:94, took 5.021094 seconds
My rank:95, took 5.022252 seconds
My rank:96, took 5.022969 seconds
My rank:97, took 5.023804 seconds
My rank:98, took 5.024001 seconds
My rank:99, took 5.025274 seconds
My rank:100, took 5.024949 seconds
My rank:101, took 5.026734 seconds
My rank:102, took 5.018950 seconds
My rank:103, took 5.028280 seconds
My rank:0, took 4.949810 seconds
That took 4.949810 seconds
======== Run :  10
My rank: 92, Row start: 2577, Row end:2604 
My rank: 5, Row start: 141, Row end:168 
My rank: 14, Row start: 393, Row end:420 
My rank: 15, Row start: 421, Row end:448 
My rank: 25, Row start: 701, Row end:728 
My rank: 30, Row start: 841, Row end:868 
My rank: 31, Row start: 869, Row end:896 
My rank: 38, Row start: 1065, Row end:1092 
My rank: 40, Row start: 1121, Row end:1148 
My rank: 41, Row start: 1149, Row end:1176 
My rank: 47, Row start: 1317, Row end:1344 
My rank: 53, Row start: 1485, Row end:1512 
My rank: 61, Row start: 1709, Row end:1736 
My rank: 64, Row start: 1793, Row end:1820 
My rank: 71, Row start: 1989, Row end:2016 
My rank: 79, Row start: 2213, Row end:2240 
My rank: 80, Row start: 2241, Row end:2268 
My rank: 81, Row start: 2269, Row end:2296 
My rank: 96, Row start: 2689, Row end:2716 
My rank: 0, Row start: 1, Row end:28 
My rank: 24, Row start: 673, Row end:700 
My rank: 33, Row start: 925, Row end:952 
My rank: 39, Row start: 1093, Row end:1120 
My rank: 43, Row start: 1205, Row end:1232 
My rank: 44, Row start: 1233, Row end:1260 
My rank: 49, Row start: 1373, Row end:1400 
My rank: 56, Row start: 1569, Row end:1596 
My rank: 57, Row start: 1597, Row end:1624 
My rank: 58, Row start: 1625, Row end:1652 
My rank: 59, Row start: 1653, Row end:1680 
My rank: 60, Row start: 1681, Row end:1708 
My rank: 72, Row start: 2017, Row end:2044 
My rank: 78, Row start: 2185, Row end:2212 
My rank: 84, Row start: 2353, Row end:2380 
My rank: 100, Row start: 2801, Row end:2828 
My rank: 10, Row start: 281, Row end:308 
My rank: 17, Row start: 477, Row end:504 
My rank: 18, Row start: 505, Row end:532 
My rank: 36, Row start: 1009, Row end:1036 
My rank: 37, Row start: 1037, Row end:1064 
My rank: 46, Row start: 1289, Row end:1316 
My rank: 50, Row start: 1401, Row end:1428 
My rank: 51, Row start: 1429, Row end:1456 
My rank: 63, Row start: 1765, Row end:1792 
My rank: 88, Row start: 2465, Row end:2492 
My rank: 90, Row start: 2521, Row end:2548 
My rank: 1, Row start: 29, Row end:56 
My rank: 4, Row start: 113, Row end:140 
My rank: 8, Row start: 225, Row end:252 
My rank: 16, Row start: 449, Row end:476 
My rank: 20, Row start: 561, Row end:588 
My rank: 23, Row start: 645, Row end:672 
My rank: 54, Row start: 1513, Row end:1540 
My rank: 67, Row start: 1877, Row end:1904 
My rank: 69, Row start: 1933, Row end:1960 
My rank: 86, Row start: 2409, Row end:2436 
My rank: 89, Row start: 2493, Row end:2520 
My rank: 91, Row start: 2549, Row end:2576 
My rank: 102, Row start: 2857, Row end:2884 
My rank: 103, Row start: 2885, Row end:2999 
My rank: 3, Row start: 85, Row end:112 
My rank: 7, Row start: 197, Row end:224 
My rank: 9, Row start: 253, Row end:280 
My rank: 12, Row start: 337, Row end:364 
My rank: 13, Row start: 365, Row end:392 
My rank: 21, Row start: 589, Row end:616 
My rank: 29, Row start: 813, Row end:840 
My rank: 32, Row start: 897, Row end:924 
My rank: 35, Row start: 981, Row end:1008 
My rank: 48, Row start: 1345, Row end:1372 
My rank: 52, Row start: 1457, Row end:1484 
My rank: 55, Row start: 1541, Row end:1568 
My rank: 62, Row start: 1737, Row end:1764 
My rank: 73, Row start: 2045, Row end:2072 
My rank: 83, Row start: 2325, Row end:2352 
My rank: 85, Row start: 2381, Row end:2408 
My rank: 87, Row start: 2437, Row end:2464 
My rank: 93, Row start: 2605, Row end:2632 
My rank: 98, Row start: 2745, Row end:2772 
My rank: 101, Row start: 2829, Row end:2856 
My rank: 2, Row start: 57, Row end:84 
My rank: 6, Row start: 169, Row end:196 
My rank: 11, Row start: 309, Row end:336 
My rank: 19, Row start: 533, Row end:560 
My rank: 22, Row start: 617, Row end:644 
My rank: 26, Row start: 729, Row end:756 
My rank: 27, Row start: 757, Row end:784 
My rank: 28, Row start: 785, Row end:812 
My rank: 34, Row start: 953, Row end:980 
My rank: 42, Row start: 1177, Row end:1204 
My rank: 45, Row start: 1261, Row end:1288 
My rank: 65, Row start: 1821, Row end:1848 
My rank: 68, Row start: 1905, Row end:1932 
My rank: 70, Row start: 1961, Row end:1988 
My rank: 74, Row start: 2073, Row end:2100 
My rank: 75, Row start: 2101, Row end:2128 
My rank: 76, Row start: 2129, Row end:2156 
My rank: 77, Row start: 2157, Row end:2184 
My rank: 82, Row start: 2297, Row end:2324 
My rank: 94, Row start: 2633, Row end:2660 
My rank: 95, Row start: 2661, Row end:2688 
My rank: 97, Row start: 2717, Row end:2744 
My rank: 99, Row start: 2773, Row end:2800 
My rank: 66, Row start: 1849, Row end:1876 
My rank:1, took 4.941363 seconds
My rank:2, took 4.941799 seconds
My rank:3, took 4.942758 seconds
My rank:4, took 4.943619 seconds
My rank:5, took 4.944836 seconds
My rank:6, took 4.944572 seconds
My rank:7, took 4.945810 seconds
My rank:8, took 4.946642 seconds
My rank:9, took 4.947506 seconds
My rank:10, took 4.948491 seconds
My rank:11, took 4.948437 seconds
My rank:12, took 4.949775 seconds
My rank:13, took 4.950421 seconds
My rank:14, took 4.951774 seconds
My rank:15, took 4.952632 seconds
My rank:16, took 4.952740 seconds
My rank:17, took 4.953621 seconds
My rank:18, took 4.954370 seconds
My rank:19, took 4.953747 seconds
My rank:20, took 4.955781 seconds
My rank:21, took 4.956405 seconds
My rank:22, took 4.956981 seconds
My rank:23, took 4.958045 seconds
My rank:24, took 4.959033 seconds
My rank:25, took 4.959990 seconds
My rank:26, took 4.960014 seconds
My rank:27, took 4.960930 seconds
My rank:28, took 4.961558 seconds
My rank:29, took 4.962638 seconds
My rank:30, took 4.963975 seconds
My rank:31, took 4.964705 seconds
My rank:32, took 4.964848 seconds
My rank:33, took 4.965871 seconds
My rank:34, took 4.966164 seconds
My rank:35, took 4.967036 seconds
My rank:36, took 4.967964 seconds
My rank:37, took 4.968769 seconds
My rank:38, took 4.969852 seconds
My rank:39, took 4.970401 seconds
My rank:40, took 4.971287 seconds
My rank:41, took 4.972233 seconds
My rank:42, took 4.972055 seconds
My rank:43, took 4.973385 seconds
My rank:44, took 4.974225 seconds
My rank:45, took 4.974411 seconds
My rank:46, took 4.975607 seconds
My rank:47, took 4.976623 seconds
My rank:48, took 4.976892 seconds
My rank:49, took 4.977961 seconds
My rank:50, took 4.978555 seconds
My rank:51, took 4.979397 seconds
My rank:52, took 4.979861 seconds
My rank:53, took 4.981199 seconds
My rank:54, took 4.981509 seconds
My rank:55, took 4.982164 seconds
My rank:56, took 4.983192 seconds
My rank:57, took 4.983976 seconds
My rank:58, took 4.984730 seconds
My rank:59, took 4.985562 seconds
My rank:60, took 4.986223 seconds
My rank:61, took 4.987342 seconds
My rank:62, took 4.987416 seconds
My rank:63, took 4.988369 seconds
My rank:64, took 4.989493 seconds
My rank:65, took 4.989556 seconds
My rank:66, took 4.977754 seconds
My rank:67, took 4.991321 seconds
My rank:68, took 4.991751 seconds
My rank:69, took 4.992777 seconds
My rank:70, took 4.992907 seconds
My rank:71, took 4.994756 seconds
My rank:72, took 4.995258 seconds
My rank:73, took 4.995682 seconds
My rank:74, took 4.996166 seconds
My rank:75, took 4.996724 seconds
My rank:76, took 4.997234 seconds
My rank:77, took 4.998486 seconds
My rank:78, took 4.999920 seconds
My rank:79, took 5.000856 seconds
My rank:80, took 5.001727 seconds
My rank:81, took 5.002485 seconds
My rank:82, took 5.001674 seconds
My rank:83, took 5.003292 seconds
My rank:84, took 5.004469 seconds
My rank:85, took 5.004816 seconds
My rank:86, took 5.005682 seconds
My rank:87, took 5.006358 seconds
My rank:88, took 5.007335 seconds
My rank:89, took 5.007996 seconds
My rank:90, took 5.008790 seconds
My rank:91, took 5.009487 seconds
My rank:92, took 5.011083 seconds
My rank:93, took 5.010936 seconds
My rank:94, took 5.011262 seconds
My rank:95, took 5.012160 seconds
My rank:96, took 5.013627 seconds
My rank:97, took 5.013793 seconds
My rank:98, took 5.014733 seconds
My rank:99, took 5.015364 seconds
My rank:100, took 5.016501 seconds
My rank:101, took 5.017004 seconds
My rank:102, took 5.017834 seconds
My rank:103, took 5.018614 seconds
My rank:0, took 4.940829 seconds
That took 4.940829 seconds

JOB STATISTICS
==============
Job ID: 5028974
Cluster: snellius
User/Group: scur0330/scur0330
State: RUNNING
Nodes: 1
Cores per node: 112
CPU Utilized: 01:43:14
CPU Efficiency: 28.65% of 06:00:16 core-walltime
Job Wall-clock time: 00:03:13
Memory Utilized: 1.53 MB
Memory Efficiency: 0.00% of 196.00 GB
WARNING: Efficiency statistics may be misleading for RUNNING jobs.
