======== Run :  1
My rank: 5, Row start: 126, Row end:150 
My rank: 7, Row start: 176, Row end:200 
My rank: 8, Row start: 201, Row end:225 
My rank: 9, Row start: 226, Row end:250 
My rank: 11, Row start: 276, Row end:300 
My rank: 15, Row start: 376, Row end:400 
My rank: 22, Row start: 551, Row end:575 
My rank: 30, Row start: 751, Row end:775 
My rank: 31, Row start: 776, Row end:800 
My rank: 34, Row start: 851, Row end:875 
My rank: 38, Row start: 951, Row end:975 
My rank: 43, Row start: 1076, Row end:1100 
My rank: 45, Row start: 1126, Row end:1150 
My rank: 53, Row start: 1326, Row end:1350 
My rank: 54, Row start: 1351, Row end:1375 
My rank: 55, Row start: 1376, Row end:1400 
My rank: 57, Row start: 1426, Row end:1450 
My rank: 59, Row start: 1476, Row end:1500 
My rank: 60, Row start: 1501, Row end:1525 
My rank: 61, Row start: 1526, Row end:1550 
My rank: 70, Row start: 1751, Row end:1775 
My rank: 72, Row start: 1801, Row end:1825 
My rank: 74, Row start: 1851, Row end:1875 
My rank: 77, Row start: 1926, Row end:1950 
My rank: 79, Row start: 1976, Row end:2000 
My rank: 82, Row start: 2051, Row end:2075 
My rank: 94, Row start: 2351, Row end:2375 
My rank: 99, Row start: 2476, Row end:2500 
My rank: 105, Row start: 2626, Row end:2650 
My rank: 107, Row start: 2676, Row end:2700 
My rank: 1, Row start: 26, Row end:50 
My rank: 2, Row start: 51, Row end:75 
My rank: 3, Row start: 76, Row end:100 
My rank: 4, Row start: 101, Row end:125 
My rank: 6, Row start: 151, Row end:175 
My rank: 10, Row start: 251, Row end:275 
My rank: 13, Row start: 326, Row end:350 
My rank: 16, Row start: 401, Row end:425 
My rank: 19, Row start: 476, Row end:500 
My rank: 25, Row start: 626, Row end:650 
My rank: 26, Row start: 651, Row end:675 
My rank: 28, Row start: 701, Row end:725 
My rank: 29, Row start: 726, Row end:750 
My rank: 33, Row start: 826, Row end:850 
My rank: 37, Row start: 926, Row end:950 
My rank: 39, Row start: 976, Row end:1000 
My rank: 41, Row start: 1026, Row end:1050 
My rank: 46, Row start: 1151, Row end:1175 
My rank: 47, Row start: 1176, Row end:1200 
My rank: 48, Row start: 1201, Row end:1225 
My rank: 51, Row start: 1276, Row end:1300 
My rank: 66, Row start: 1651, Row end:1675 
My rank: 68, Row start: 1701, Row end:1725 
My rank: 83, Row start: 2076, Row end:2100 
My rank: 84, Row start: 2101, Row end:2125 
My rank: 85, Row start: 2126, Row end:2150 
My rank: 86, Row start: 2151, Row end:2175 
My rank: 90, Row start: 2251, Row end:2275 
My rank: 95, Row start: 2376, Row end:2400 
My rank: 97, Row start: 2426, Row end:2450 
My rank: 98, Row start: 2451, Row end:2475 
My rank: 102, Row start: 2551, Row end:2575 
My rank: 103, Row start: 2576, Row end:2600 
My rank: 111, Row start: 2776, Row end:2800 
My rank: 112, Row start: 2801, Row end:2825 
My rank: 118, Row start: 2951, Row end:2975 
My rank: 119, Row start: 2976, Row end:2999 
My rank: 12, Row start: 301, Row end:325 
My rank: 23, Row start: 576, Row end:600 
My rank: 27, Row start: 676, Row end:700 
My rank: 52, Row start: 1301, Row end:1325 
My rank: 62, Row start: 1551, Row end:1575 
My rank: 63, Row start: 1576, Row end:1600 
My rank: 69, Row start: 1726, Row end:1750 
My rank: 80, Row start: 2001, Row end:2025 
My rank: 91, Row start: 2276, Row end:2300 
My rank: 101, Row start: 2526, Row end:2550 
My rank: 110, Row start: 2751, Row end:2775 
My rank: 116, Row start: 2901, Row end:2925 
My rank: 21, Row start: 526, Row end:550 
My rank: 56, Row start: 1401, Row end:1425 
My rank: 87, Row start: 2176, Row end:2200 
My rank: 96, Row start: 2401, Row end:2425 
My rank: 106, Row start: 2651, Row end:2675 
My rank: 20, Row start: 501, Row end:525 
My rank: 114, Row start: 2851, Row end:2875 
My rank: 115, Row start: 2876, Row end:2900 
My rank: 17, Row start: 426, Row end:450 
My rank: 93, Row start: 2326, Row end:2350 
My rank: 24, Row start: 601, Row end:625 
My rank: 49, Row start: 1226, Row end:1250 
My rank: 64, Row start: 1601, Row end:1625 
My rank: 67, Row start: 1676, Row end:1700 
My rank: 78, Row start: 1951, Row end:1975 
My rank: 88, Row start: 2201, Row end:2225 
My rank: 89, Row start: 2226, Row end:2250 
My rank: 100, Row start: 2501, Row end:2525 
My rank: 32, Row start: 801, Row end:825 
My rank: 36, Row start: 901, Row end:925 
My rank: 73, Row start: 1826, Row end:1850 
My rank: 117, Row start: 2926, Row end:2950 
My rank: 42, Row start: 1051, Row end:1075 
My rank: 76, Row start: 1901, Row end:1925 
My rank: 81, Row start: 2026, Row end:2050 
My rank: 108, Row start: 2701, Row end:2725 
My rank: 14, Row start: 351, Row end:375 
My rank: 65, Row start: 1626, Row end:1650 
My rank: 109, Row start: 2726, Row end:2750 
My rank: 71, Row start: 1776, Row end:1800 
My rank: 0, Row start: 1, Row end:25 
My rank: 113, Row start: 2826, Row end:2850 
My rank: 35, Row start: 876, Row end:900 
My rank: 40, Row start: 1001, Row end:1025 
My rank: 50, Row start: 1251, Row end:1275 
My rank: 18, Row start: 451, Row end:475 
My rank: 58, Row start: 1451, Row end:1475 
My rank: 104, Row start: 2601, Row end:2625 
My rank: 92, Row start: 2301, Row end:2325 
My rank: 75, Row start: 1876, Row end:1900 
My rank: 44, Row start: 1101, Row end:1125 
My rank:1, took 1.171257 seconds
My rank:2, took 1.171488 seconds
My rank:3, took 1.171545 seconds
My rank:4, took 1.171549 seconds
My rank:5, took 1.171867 seconds
My rank:6, took 1.171658 seconds
My rank:7, took 1.171947 seconds
My rank:8, took 1.171918 seconds
My rank:9, took 1.171942 seconds
My rank:10, took 1.171617 seconds
My rank:11, took 1.171794 seconds
My rank:12, took 1.170954 seconds
My rank:13, took 1.171408 seconds
My rank:14, took 1.170080 seconds
My rank:15, took 1.171946 seconds
My rank:16, took 1.171732 seconds
My rank:17, took 1.170619 seconds
My rank:18, took 1.169640 seconds
My rank:19, took 1.171350 seconds
My rank:20, took 1.170634 seconds
My rank:21, took 1.170660 seconds
My rank:22, took 1.171958 seconds
My rank:23, took 1.170765 seconds
My rank:24, took 1.170527 seconds
My rank:25, took 1.171464 seconds
My rank:26, took 1.171808 seconds
My rank:27, took 1.171112 seconds
My rank:28, took 1.171496 seconds
My rank:29, took 1.171712 seconds
My rank:30, took 1.171916 seconds
My rank:31, took 1.172086 seconds
My rank:32, took 1.170450 seconds
My rank:33, took 1.171682 seconds
My rank:34, took 1.171929 seconds
My rank:35, took 1.170020 seconds
My rank:36, took 1.170579 seconds
My rank:37, took 1.171426 seconds
My rank:38, took 1.172106 seconds
My rank:39, took 1.171856 seconds
My rank:40, took 1.169919 seconds
My rank:41, took 1.171797 seconds
My rank:42, took 1.170362 seconds
My rank:43, took 1.172212 seconds
My rank:44, took 1.168826 seconds
My rank:45, took 1.172009 seconds
My rank:46, took 1.171741 seconds
My rank:47, took 1.171868 seconds
My rank:48, took 1.171631 seconds
My rank:49, took 1.170769 seconds
My rank:50, took 1.169985 seconds
My rank:51, took 1.172054 seconds
My rank:52, took 1.171300 seconds
My rank:53, took 1.172391 seconds
My rank:54, took 1.172315 seconds
My rank:55, took 1.172361 seconds
My rank:56, took 1.170995 seconds
My rank:57, took 1.172427 seconds
My rank:58, took 1.169968 seconds
My rank:59, took 1.172782 seconds
My rank:60, took 1.172328 seconds
My rank:61, took 1.172308 seconds
My rank:62, took 1.171054 seconds
My rank:63, took 1.171478 seconds
My rank:64, took 1.170878 seconds
My rank:65, took 1.170698 seconds
My rank:66, took 1.172127 seconds
My rank:67, took 1.170849 seconds
My rank:68, took 1.171805 seconds
My rank:69, took 1.171339 seconds
My rank:70, took 1.172279 seconds
My rank:71, took 1.170465 seconds
My rank:72, took 1.172261 seconds
My rank:73, took 1.170746 seconds
My rank:74, took 1.172439 seconds
My rank:75, took 1.169554 seconds
My rank:76, took 1.170681 seconds
My rank:77, took 1.172458 seconds
My rank:78, took 1.170837 seconds
My rank:79, took 1.172376 seconds
My rank:80, took 1.171329 seconds
My rank:81, took 1.170601 seconds
My rank:82, took 1.172183 seconds
My rank:83, took 1.171611 seconds
My rank:84, took 1.171956 seconds
My rank:85, took 1.171984 seconds
My rank:86, took 1.171608 seconds
My rank:87, took 1.171015 seconds
My rank:88, took 1.170742 seconds
My rank:89, took 1.170673 seconds
My rank:90, took 1.171401 seconds
My rank:91, took 1.171322 seconds
My rank:92, took 1.169400 seconds
My rank:93, took 1.170822 seconds
My rank:94, took 1.172262 seconds
My rank:95, took 1.171738 seconds
My rank:96, took 1.170824 seconds
My rank:97, took 1.171910 seconds
My rank:98, took 1.171871 seconds
My rank:99, took 1.172030 seconds
My rank:100, took 1.170531 seconds
My rank:101, took 1.171199 seconds
My rank:102, took 1.171573 seconds
My rank:103, took 1.171333 seconds
My rank:104, took 1.169400 seconds
My rank:105, took 1.172286 seconds
My rank:106, took 1.170930 seconds
My rank:107, took 1.171989 seconds
My rank:108, took 1.170310 seconds
My rank:109, took 1.170228 seconds
My rank:110, took 1.170812 seconds
My rank:111, took 1.171715 seconds
My rank:112, took 1.171268 seconds
My rank:113, took 1.169871 seconds
My rank:114, took 1.170693 seconds
My rank:115, took 1.170670 seconds
My rank:116, took 1.171139 seconds
My rank:117, took 1.170127 seconds
My rank:118, took 1.171687 seconds
My rank:119, took 1.171657 seconds
My rank:0, took 1.169851 seconds
That took 1.169851 seconds
======== Run :  2
My rank: 2, Row start: 51, Row end:75 
My rank: 5, Row start: 126, Row end:150 
My rank: 9, Row start: 226, Row end:250 
My rank: 11, Row start: 276, Row end:300 
My rank: 12, Row start: 301, Row end:325 
My rank: 15, Row start: 376, Row end:400 
My rank: 23, Row start: 576, Row end:600 
My rank: 25, Row start: 626, Row end:650 
My rank: 26, Row start: 651, Row end:675 
My rank: 29, Row start: 726, Row end:750 
My rank: 30, Row start: 751, Row end:775 
My rank: 32, Row start: 801, Row end:825 
My rank: 37, Row start: 926, Row end:950 
My rank: 42, Row start: 1051, Row end:1075 
My rank: 46, Row start: 1151, Row end:1175 
My rank: 47, Row start: 1176, Row end:1200 
My rank: 48, Row start: 1201, Row end:1225 
My rank: 50, Row start: 1251, Row end:1275 
My rank: 52, Row start: 1301, Row end:1325 
My rank: 69, Row start: 1726, Row end:1750 
My rank: 72, Row start: 1801, Row end:1825 
My rank: 87, Row start: 2176, Row end:2200 
My rank: 91, Row start: 2276, Row end:2300 
My rank: 94, Row start: 2351, Row end:2375 
My rank: 95, Row start: 2376, Row end:2400 
My rank: 99, Row start: 2476, Row end:2500 
My rank: 102, Row start: 2551, Row end:2575 
My rank: 106, Row start: 2651, Row end:2675 
My rank: 110, Row start: 2751, Row end:2775 
My rank: 0, Row start: 1, Row end:25 
My rank: 16, Row start: 401, Row end:425 
My rank: 19, Row start: 476, Row end:500 
My rank: 34, Row start: 851, Row end:875 
My rank: 44, Row start: 1101, Row end:1125 
My rank: 53, Row start: 1326, Row end:1350 
My rank: 58, Row start: 1451, Row end:1475 
My rank: 68, Row start: 1701, Row end:1725 
My rank: 75, Row start: 1876, Row end:1900 
My rank: 83, Row start: 2076, Row end:2100 
My rank: 85, Row start: 2126, Row end:2150 
My rank: 93, Row start: 2326, Row end:2350 
My rank: 96, Row start: 2401, Row end:2425 
My rank: 119, Row start: 2976, Row end:2999 
My rank: 13, Row start: 326, Row end:350 
My rank: 31, Row start: 776, Row end:800 
My rank: 64, Row start: 1601, Row end:1625 
My rank: 66, Row start: 1651, Row end:1675 
My rank: 73, Row start: 1826, Row end:1850 
My rank: 82, Row start: 2051, Row end:2075 
My rank: 84, Row start: 2101, Row end:2125 
My rank: 104, Row start: 2601, Row end:2625 
My rank: 116, Row start: 2901, Row end:2925 
My rank: 117, Row start: 2926, Row end:2950 
My rank: 10, Row start: 251, Row end:275 
My rank: 36, Row start: 901, Row end:925 
My rank: 38, Row start: 951, Row end:975 
My rank: 54, Row start: 1351, Row end:1375 
My rank: 60, Row start: 1501, Row end:1525 
My rank: 74, Row start: 1851, Row end:1875 
My rank: 79, Row start: 1976, Row end:2000 
My rank: 86, Row start: 2151, Row end:2175 
My rank: 89, Row start: 2226, Row end:2250 
My rank: 97, Row start: 2426, Row end:2450 
My rank: 108, Row start: 2701, Row end:2725 
My rank: 111, Row start: 2776, Row end:2800 
My rank: 3, Row start: 76, Row end:100 
My rank: 6, Row start: 151, Row end:175 
My rank: 17, Row start: 426, Row end:450 
My rank: 18, Row start: 451, Row end:475 
My rank: 24, Row start: 601, Row end:625 
My rank: 27, Row start: 676, Row end:700 
My rank: 28, Row start: 701, Row end:725 
My rank: 33, Row start: 826, Row end:850 
My rank: 35, Row start: 876, Row end:900 
My rank: 61, Row start: 1526, Row end:1550 
My rank: 65, Row start: 1626, Row end:1650 
My rank: 77, Row start: 1926, Row end:1950 
My rank: 78, Row start: 1951, Row end:1975 
My rank: 113, Row start: 2826, Row end:2850 
My rank: 118, Row start: 2951, Row end:2975 
My rank: 4, Row start: 101, Row end:125 
My rank: 20, Row start: 501, Row end:525 
My rank: 22, Row start: 551, Row end:575 
My rank: 40, Row start: 1001, Row end:1025 
My rank: 41, Row start: 1026, Row end:1050 
My rank: 45, Row start: 1126, Row end:1150 
My rank: 49, Row start: 1226, Row end:1250 
My rank: 55, Row start: 1376, Row end:1400 
My rank: 57, Row start: 1426, Row end:1450 
My rank: 63, Row start: 1576, Row end:1600 
My rank: 67, Row start: 1676, Row end:1700 
My rank: 81, Row start: 2026, Row end:2050 
My rank: 92, Row start: 2301, Row end:2325 
My rank: 98, Row start: 2451, Row end:2475 
My rank: 1, Row start: 26, Row end:50 
My rank: 14, Row start: 351, Row end:375 
My rank: 39, Row start: 976, Row end:1000 
My rank: 43, Row start: 1076, Row end:1100 
My rank: 80, Row start: 2001, Row end:2025 
My rank: 88, Row start: 2201, Row end:2225 
My rank: 105, Row start: 2626, Row end:2650 
My rank: 107, Row start: 2676, Row end:2700 
My rank: 112, Row start: 2801, Row end:2825 
My rank: 114, Row start: 2851, Row end:2875 
My rank: 115, Row start: 2876, Row end:2900 
My rank: 70, Row start: 1751, Row end:1775 
My rank: 71, Row start: 1776, Row end:1800 
My rank: 90, Row start: 2251, Row end:2275 
My rank: 100, Row start: 2501, Row end:2525 
My rank: 101, Row start: 2526, Row end:2550 
My rank: 103, Row start: 2576, Row end:2600 
My rank: 8, Row start: 201, Row end:225 
My rank: 59, Row start: 1476, Row end:1500 
My rank: 21, Row start: 526, Row end:550 
My rank: 56, Row start: 1401, Row end:1425 
My rank: 109, Row start: 2726, Row end:2750 
My rank: 7, Row start: 176, Row end:200 
My rank: 51, Row start: 1276, Row end:1300 
My rank: 62, Row start: 1551, Row end:1575 
My rank: 76, Row start: 1901, Row end:1925 
My rank:1, took 1.255186 seconds
My rank:2, took 1.255835 seconds
My rank:3, took 1.255396 seconds
My rank:4, took 1.255282 seconds
My rank:5, took 1.255994 seconds
My rank:6, took 1.255400 seconds
My rank:7, took 1.254970 seconds
My rank:8, took 1.255099 seconds
My rank:9, took 1.255979 seconds
My rank:10, took 1.255540 seconds
My rank:11, took 1.256055 seconds
My rank:12, took 1.256234 seconds
My rank:13, took 1.255617 seconds
My rank:14, took 1.255371 seconds
My rank:15, took 1.256098 seconds
My rank:16, took 1.255913 seconds
My rank:17, took 1.255509 seconds
My rank:18, took 1.255509 seconds
My rank:19, took 1.255741 seconds
My rank:20, took 1.255461 seconds
My rank:21, took 1.255243 seconds
My rank:22, took 1.255524 seconds
My rank:23, took 1.256670 seconds
My rank:24, took 1.255589 seconds
My rank:25, took 1.256384 seconds
My rank:26, took 1.256183 seconds
My rank:27, took 1.255628 seconds
My rank:28, took 1.255621 seconds
My rank:29, took 1.256332 seconds
My rank:30, took 1.256248 seconds
My rank:31, took 1.255831 seconds
My rank:32, took 1.256368 seconds
My rank:33, took 1.255663 seconds
My rank:34, took 1.255960 seconds
My rank:35, took 1.255673 seconds
My rank:36, took 1.255742 seconds
My rank:37, took 1.256498 seconds
My rank:38, took 1.255801 seconds
My rank:39, took 1.255520 seconds
My rank:40, took 1.255617 seconds
My rank:41, took 1.255832 seconds
My rank:42, took 1.256592 seconds
My rank:43, took 1.255593 seconds
My rank:44, took 1.256126 seconds
My rank:45, took 1.255652 seconds
My rank:46, took 1.256451 seconds
My rank:47, took 1.256293 seconds
My rank:48, took 1.256597 seconds
My rank:49, took 1.255765 seconds
My rank:50, took 1.256572 seconds
My rank:51, took 1.255251 seconds
My rank:52, took 1.256540 seconds
My rank:53, took 1.256005 seconds
My rank:54, took 1.255940 seconds
My rank:55, took 1.255760 seconds
My rank:56, took 1.255478 seconds
My rank:57, took 1.255914 seconds
My rank:58, took 1.256236 seconds
My rank:59, took 1.255546 seconds
My rank:60, took 1.256144 seconds
My rank:61, took 1.255987 seconds
My rank:62, took 1.250357 seconds
My rank:63, took 1.255871 seconds
My rank:64, took 1.256022 seconds
My rank:65, took 1.255954 seconds
My rank:66, took 1.256098 seconds
My rank:67, took 1.255816 seconds
My rank:68, took 1.256287 seconds
My rank:69, took 1.256761 seconds
My rank:70, took 1.255675 seconds
My rank:71, took 1.255668 seconds
My rank:72, took 1.256499 seconds
My rank:73, took 1.256052 seconds
My rank:74, took 1.255972 seconds
My rank:75, took 1.256198 seconds
My rank:76, took 1.254636 seconds
My rank:77, took 1.255837 seconds
My rank:78, took 1.255839 seconds
My rank:79, took 1.256039 seconds
My rank:80, took 1.255797 seconds
My rank:81, took 1.255872 seconds
My rank:82, took 1.256015 seconds
My rank:83, took 1.256215 seconds
My rank:84, took 1.256040 seconds
My rank:85, took 1.256251 seconds
My rank:86, took 1.255853 seconds
My rank:87, took 1.256310 seconds
My rank:88, took 1.255706 seconds
My rank:89, took 1.255882 seconds
My rank:90, took 1.255666 seconds
My rank:91, took 1.256573 seconds
My rank:92, took 1.255652 seconds
My rank:93, took 1.256080 seconds
My rank:94, took 1.256237 seconds
My rank:95, took 1.256359 seconds
My rank:96, took 1.256045 seconds
My rank:97, took 1.255979 seconds
My rank:98, took 1.255710 seconds
My rank:99, took 1.256307 seconds
My rank:100, took 1.255549 seconds
My rank:101, took 1.255537 seconds
My rank:102, took 1.256350 seconds
My rank:103, took 1.255528 seconds
My rank:104, took 1.255898 seconds
My rank:105, took 1.255529 seconds
My rank:106, took 1.256247 seconds
My rank:107, took 1.255513 seconds
My rank:108, took 1.255761 seconds
My rank:109, took 1.255303 seconds
My rank:110, took 1.256291 seconds
My rank:111, took 1.255733 seconds
My rank:112, took 1.255525 seconds
My rank:113, took 1.255635 seconds
My rank:114, took 1.255447 seconds
My rank:115, took 1.255446 seconds
My rank:116, took 1.255777 seconds
My rank:117, took 1.255812 seconds
My rank:118, took 1.255591 seconds
My rank:119, took 1.255787 seconds
My rank:0, took 1.255645 seconds
That took 1.255645 seconds
======== Run :  3
My rank: 1, Row start: 26, Row end:50 
My rank: 2, Row start: 51, Row end:75 
My rank: 4, Row start: 101, Row end:125 
My rank: 7, Row start: 176, Row end:200 
My rank: 11, Row start: 276, Row end:300 
My rank: 17, Row start: 426, Row end:450 
My rank: 18, Row start: 451, Row end:475 
My rank: 19, Row start: 476, Row end:500 
My rank: 21, Row start: 526, Row end:550 
My rank: 25, Row start: 626, Row end:650 
My rank: 26, Row start: 651, Row end:675 
My rank: 27, Row start: 676, Row end:700 
My rank: 31, Row start: 776, Row end:800 
My rank: 35, Row start: 876, Row end:900 
My rank: 39, Row start: 976, Row end:1000 
My rank: 47, Row start: 1176, Row end:1200 
My rank: 49, Row start: 1226, Row end:1250 
My rank: 52, Row start: 1301, Row end:1325 
My rank: 53, Row start: 1326, Row end:1350 
My rank: 55, Row start: 1376, Row end:1400 
My rank: 58, Row start: 1451, Row end:1475 
My rank: 60, Row start: 1501, Row end:1525 
My rank: 67, Row start: 1676, Row end:1700 
My rank: 69, Row start: 1726, Row end:1750 
My rank: 75, Row start: 1876, Row end:1900 
My rank: 77, Row start: 1926, Row end:1950 
My rank: 78, Row start: 1951, Row end:1975 
My rank: 80, Row start: 2001, Row end:2025 
My rank: 88, Row start: 2201, Row end:2225 
My rank: 92, Row start: 2301, Row end:2325 
My rank: 94, Row start: 2351, Row end:2375 
My rank: 95, Row start: 2376, Row end:2400 
My rank: 97, Row start: 2426, Row end:2450 
My rank: 99, Row start: 2476, Row end:2500 
My rank: 101, Row start: 2526, Row end:2550 
My rank: 102, Row start: 2551, Row end:2575 
My rank: 107, Row start: 2676, Row end:2700 
My rank: 108, Row start: 2701, Row end:2725 
My rank: 111, Row start: 2776, Row end:2800 
My rank: 114, Row start: 2851, Row end:2875 
My rank: 116, Row start: 2901, Row end:2925 
My rank: 119, Row start: 2976, Row end:2999 
My rank: 0, Row start: 1, Row end:25 
My rank: 6, Row start: 151, Row end:175 
My rank: 8, Row start: 201, Row end:225 
My rank: 10, Row start: 251, Row end:275 
My rank: 12, Row start: 301, Row end:325 
My rank: 13, Row start: 326, Row end:350 
My rank: 22, Row start: 551, Row end:575 
My rank: 30, Row start: 751, Row end:775 
My rank: 32, Row start: 801, Row end:825 
My rank: 38, Row start: 951, Row end:975 
My rank: 40, Row start: 1001, Row end:1025 
My rank: 41, Row start: 1026, Row end:1050 
My rank: 42, Row start: 1051, Row end:1075 
My rank: 45, Row start: 1126, Row end:1150 
My rank: 46, Row start: 1151, Row end:1175 
My rank: 48, Row start: 1201, Row end:1225 
My rank: 50, Row start: 1251, Row end:1275 
My rank: 51, Row start: 1276, Row end:1300 
My rank: 54, Row start: 1351, Row end:1375 
My rank: 59, Row start: 1476, Row end:1500 
My rank: 65, Row start: 1626, Row end:1650 
My rank: 66, Row start: 1651, Row end:1675 
My rank: 68, Row start: 1701, Row end:1725 
My rank: 71, Row start: 1776, Row end:1800 
My rank: 72, Row start: 1801, Row end:1825 
My rank: 81, Row start: 2026, Row end:2050 
My rank: 82, Row start: 2051, Row end:2075 
My rank: 84, Row start: 2101, Row end:2125 
My rank: 85, Row start: 2126, Row end:2150 
My rank: 87, Row start: 2176, Row end:2200 
My rank: 96, Row start: 2401, Row end:2425 
My rank: 98, Row start: 2451, Row end:2475 
My rank: 100, Row start: 2501, Row end:2525 
My rank: 103, Row start: 2576, Row end:2600 
My rank: 106, Row start: 2651, Row end:2675 
My rank: 115, Row start: 2876, Row end:2900 
My rank: 117, Row start: 2926, Row end:2950 
My rank: 3, Row start: 76, Row end:100 
My rank: 5, Row start: 126, Row end:150 
My rank: 9, Row start: 226, Row end:250 
My rank: 14, Row start: 351, Row end:375 
My rank: 15, Row start: 376, Row end:400 
My rank: 16, Row start: 401, Row end:425 
My rank: 20, Row start: 501, Row end:525 
My rank: 23, Row start: 576, Row end:600 
My rank: 24, Row start: 601, Row end:625 
My rank: 29, Row start: 726, Row end:750 
My rank: 33, Row start: 826, Row end:850 
My rank: 37, Row start: 926, Row end:950 
My rank: 43, Row start: 1076, Row end:1100 
My rank: 44, Row start: 1101, Row end:1125 
My rank: 61, Row start: 1526, Row end:1550 
My rank: 62, Row start: 1551, Row end:1575 
My rank: 63, Row start: 1576, Row end:1600 
My rank: 64, Row start: 1601, Row end:1625 
My rank: 70, Row start: 1751, Row end:1775 
My rank: 83, Row start: 2076, Row end:2100 
My rank: 89, Row start: 2226, Row end:2250 
My rank: 91, Row start: 2276, Row end:2300 
My rank: 93, Row start: 2326, Row end:2350 
My rank: 109, Row start: 2726, Row end:2750 
My rank: 110, Row start: 2751, Row end:2775 
My rank: 112, Row start: 2801, Row end:2825 
My rank: 118, Row start: 2951, Row end:2975 
My rank: 28, Row start: 701, Row end:725 
My rank: 34, Row start: 851, Row end:875 
My rank: 36, Row start: 901, Row end:925 
My rank: 74, Row start: 1851, Row end:1875 
My rank: 76, Row start: 1901, Row end:1925 
My rank: 104, Row start: 2601, Row end:2625 
My rank: 105, Row start: 2626, Row end:2650 
My rank: 113, Row start: 2826, Row end:2850 
My rank: 90, Row start: 2251, Row end:2275 
My rank: 57, Row start: 1426, Row end:1450 
My rank: 56, Row start: 1401, Row end:1425 
My rank: 73, Row start: 1826, Row end:1850 
My rank: 79, Row start: 1976, Row end:2000 
My rank: 86, Row start: 2151, Row end:2175 
My rank:1, took 1.170402 seconds
My rank:2, took 1.170337 seconds
My rank:3, took 1.169664 seconds
My rank:4, took 1.170424 seconds
My rank:5, took 1.169507 seconds
My rank:6, took 1.170143 seconds
My rank:7, took 1.171040 seconds
My rank:8, took 1.169997 seconds
My rank:9, took 1.169566 seconds
My rank:10, took 1.169954 seconds
My rank:11, took 1.170630 seconds
My rank:12, took 1.169952 seconds
My rank:13, took 1.169845 seconds
My rank:14, took 1.169609 seconds
My rank:15, took 1.169720 seconds
My rank:16, took 1.169802 seconds
My rank:17, took 1.170713 seconds
My rank:18, took 1.170434 seconds
My rank:19, took 1.170764 seconds
My rank:20, took 1.169610 seconds
My rank:21, took 1.170621 seconds
My rank:22, took 1.169916 seconds
My rank:23, took 1.169673 seconds
My rank:24, took 1.169735 seconds
My rank:25, took 1.170561 seconds
My rank:26, took 1.170912 seconds
My rank:27, took 1.170597 seconds
My rank:28, took 1.169691 seconds
My rank:29, took 1.169765 seconds
My rank:30, took 1.170256 seconds
My rank:31, took 1.170850 seconds
My rank:32, took 1.170060 seconds
My rank:33, took 1.169922 seconds
My rank:34, took 1.169711 seconds
My rank:35, took 1.170571 seconds
My rank:36, took 1.169677 seconds
My rank:37, took 1.169980 seconds
My rank:38, took 1.170063 seconds
My rank:39, took 1.170682 seconds
My rank:40, took 1.170327 seconds
My rank:41, took 1.170271 seconds
My rank:42, took 1.170323 seconds
My rank:43, took 1.170065 seconds
My rank:44, took 1.169983 seconds
My rank:45, took 1.170327 seconds
My rank:46, took 1.170213 seconds
My rank:47, took 1.171002 seconds
My rank:48, took 1.170435 seconds
My rank:49, took 1.170744 seconds
My rank:50, took 1.170309 seconds
My rank:51, took 1.170335 seconds
My rank:52, took 1.170788 seconds
My rank:53, took 1.171057 seconds
My rank:54, took 1.170686 seconds
My rank:55, took 1.170973 seconds
My rank:56, took 1.169640 seconds
My rank:57, took 1.169551 seconds
My rank:58, took 1.171101 seconds
My rank:59, took 1.170392 seconds
My rank:60, took 1.170892 seconds
My rank:61, took 1.170158 seconds
My rank:62, took 1.170042 seconds
My rank:63, took 1.170074 seconds
My rank:64, took 1.170079 seconds
My rank:65, took 1.170329 seconds
My rank:66, took 1.170390 seconds
My rank:67, took 1.171129 seconds
My rank:68, took 1.170414 seconds
My rank:69, took 1.171161 seconds
My rank:70, took 1.169915 seconds
My rank:71, took 1.170245 seconds
My rank:72, took 1.170447 seconds
My rank:73, took 1.169379 seconds
My rank:74, took 1.169838 seconds
My rank:75, took 1.170744 seconds
My rank:76, took 1.169981 seconds
My rank:77, took 1.170798 seconds
My rank:78, took 1.170638 seconds
My rank:79, took 1.169449 seconds
My rank:80, took 1.171220 seconds
My rank:81, took 1.170395 seconds
My rank:82, took 1.170324 seconds
My rank:83, took 1.170035 seconds
My rank:84, took 1.170404 seconds
My rank:85, took 1.170301 seconds
My rank:86, took 1.167815 seconds
My rank:87, took 1.170578 seconds
My rank:88, took 1.170892 seconds
My rank:89, took 1.169947 seconds
My rank:90, took 1.169645 seconds
My rank:91, took 1.169909 seconds
My rank:92, took 1.170718 seconds
My rank:93, took 1.170105 seconds
My rank:94, took 1.170751 seconds
My rank:95, took 1.171012 seconds
My rank:96, took 1.170412 seconds
My rank:97, took 1.170707 seconds
My rank:98, took 1.170197 seconds
My rank:99, took 1.170595 seconds
My rank:100, took 1.170356 seconds
My rank:101, took 1.170632 seconds
My rank:102, took 1.170707 seconds
My rank:103, took 1.170087 seconds
My rank:104, took 1.169683 seconds
My rank:105, took 1.169711 seconds
My rank:106, took 1.170265 seconds
My rank:107, took 1.170853 seconds
My rank:108, took 1.170819 seconds
My rank:109, took 1.169923 seconds
My rank:110, took 1.169899 seconds
My rank:111, took 1.170444 seconds
My rank:112, took 1.169912 seconds
My rank:113, took 1.169661 seconds
My rank:114, took 1.170581 seconds
My rank:115, took 1.170309 seconds
My rank:116, took 1.170983 seconds
My rank:117, took 1.170215 seconds
My rank:118, took 1.169879 seconds
My rank:119, took 1.170541 seconds
My rank:0, took 1.169593 seconds
That took 1.169593 seconds
======== Run :  4
My rank: 89, Row start: 2226, Row end:2250 
My rank: 0, Row start: 1, Row end:25 
My rank: 1, Row start: 26, Row end:50 
My rank: 2, Row start: 51, Row end:75 
My rank: 3, Row start: 76, Row end:100 
My rank: 4, Row start: 101, Row end:125 
My rank: 5, Row start: 126, Row end:150 
My rank: 6, Row start: 151, Row end:175 
My rank: 7, Row start: 176, Row end:200 
My rank: 8, Row start: 201, Row end:225 
My rank: 9, Row start: 226, Row end:250 
My rank: 10, Row start: 251, Row end:275 
My rank: 11, Row start: 276, Row end:300 
My rank: 12, Row start: 301, Row end:325 
My rank: 13, Row start: 326, Row end:350 
My rank: 14, Row start: 351, Row end:375 
My rank: 15, Row start: 376, Row end:400 
My rank: 16, Row start: 401, Row end:425 
My rank: 17, Row start: 426, Row end:450 
My rank: 18, Row start: 451, Row end:475 
My rank: 19, Row start: 476, Row end:500 
My rank: 20, Row start: 501, Row end:525 
My rank: 21, Row start: 526, Row end:550 
My rank: 22, Row start: 551, Row end:575 
My rank: 23, Row start: 576, Row end:600 
My rank: 24, Row start: 601, Row end:625 
My rank: 25, Row start: 626, Row end:650 
My rank: 26, Row start: 651, Row end:675 
My rank: 27, Row start: 676, Row end:700 
My rank: 28, Row start: 701, Row end:725 
My rank: 29, Row start: 726, Row end:750 
My rank: 30, Row start: 751, Row end:775 
My rank: 31, Row start: 776, Row end:800 
My rank: 32, Row start: 801, Row end:825 
My rank: 33, Row start: 826, Row end:850 
My rank: 34, Row start: 851, Row end:875 
My rank: 35, Row start: 876, Row end:900 
My rank: 36, Row start: 901, Row end:925 
My rank: 37, Row start: 926, Row end:950 
My rank: 38, Row start: 951, Row end:975 
My rank: 39, Row start: 976, Row end:1000 
My rank: 40, Row start: 1001, Row end:1025 
My rank: 41, Row start: 1026, Row end:1050 
My rank: 42, Row start: 1051, Row end:1075 
My rank: 43, Row start: 1076, Row end:1100 
My rank: 44, Row start: 1101, Row end:1125 
My rank: 45, Row start: 1126, Row end:1150 
My rank: 46, Row start: 1151, Row end:1175 
My rank: 47, Row start: 1176, Row end:1200 
My rank: 48, Row start: 1201, Row end:1225 
My rank: 49, Row start: 1226, Row end:1250 
My rank: 50, Row start: 1251, Row end:1275 
My rank: 51, Row start: 1276, Row end:1300 
My rank: 52, Row start: 1301, Row end:1325 
My rank: 54, Row start: 1351, Row end:1375 
My rank: 55, Row start: 1376, Row end:1400 
My rank: 56, Row start: 1401, Row end:1425 
My rank: 57, Row start: 1426, Row end:1450 
My rank: 58, Row start: 1451, Row end:1475 
My rank: 59, Row start: 1476, Row end:1500 
My rank: 60, Row start: 1501, Row end:1525 
My rank: 61, Row start: 1526, Row end:1550 
My rank: 62, Row start: 1551, Row end:1575 
My rank: 63, Row start: 1576, Row end:1600 
My rank: 64, Row start: 1601, Row end:1625 
My rank: 65, Row start: 1626, Row end:1650 
My rank: 66, Row start: 1651, Row end:1675 
My rank: 67, Row start: 1676, Row end:1700 
My rank: 68, Row start: 1701, Row end:1725 
My rank: 69, Row start: 1726, Row end:1750 
My rank: 70, Row start: 1751, Row end:1775 
My rank: 71, Row start: 1776, Row end:1800 
My rank: 72, Row start: 1801, Row end:1825 
My rank: 73, Row start: 1826, Row end:1850 
My rank: 74, Row start: 1851, Row end:1875 
My rank: 75, Row start: 1876, Row end:1900 
My rank: 76, Row start: 1901, Row end:1925 
My rank: 77, Row start: 1926, Row end:1950 
My rank: 78, Row start: 1951, Row end:1975 
My rank: 79, Row start: 1976, Row end:2000 
My rank: 80, Row start: 2001, Row end:2025 
My rank: 81, Row start: 2026, Row end:2050 
My rank: 82, Row start: 2051, Row end:2075 
My rank: 83, Row start: 2076, Row end:2100 
My rank: 84, Row start: 2101, Row end:2125 
My rank: 85, Row start: 2126, Row end:2150 
My rank: 86, Row start: 2151, Row end:2175 
My rank: 87, Row start: 2176, Row end:2200 
My rank: 88, Row start: 2201, Row end:2225 
My rank: 90, Row start: 2251, Row end:2275 
My rank: 91, Row start: 2276, Row end:2300 
My rank: 92, Row start: 2301, Row end:2325 
My rank: 93, Row start: 2326, Row end:2350 
My rank: 94, Row start: 2351, Row end:2375 
My rank: 95, Row start: 2376, Row end:2400 
My rank: 96, Row start: 2401, Row end:2425 
My rank: 97, Row start: 2426, Row end:2450 
My rank: 98, Row start: 2451, Row end:2475 
My rank: 99, Row start: 2476, Row end:2500 
My rank: 100, Row start: 2501, Row end:2525 
My rank: 101, Row start: 2526, Row end:2550 
My rank: 102, Row start: 2551, Row end:2575 
My rank: 103, Row start: 2576, Row end:2600 
My rank: 104, Row start: 2601, Row end:2625 
My rank: 105, Row start: 2626, Row end:2650 
My rank: 106, Row start: 2651, Row end:2675 
My rank: 107, Row start: 2676, Row end:2700 
My rank: 108, Row start: 2701, Row end:2725 
My rank: 109, Row start: 2726, Row end:2750 
My rank: 110, Row start: 2751, Row end:2775 
My rank: 111, Row start: 2776, Row end:2800 
My rank: 112, Row start: 2801, Row end:2825 
My rank: 113, Row start: 2826, Row end:2850 
My rank: 114, Row start: 2851, Row end:2875 
My rank: 115, Row start: 2876, Row end:2900 
My rank: 116, Row start: 2901, Row end:2925 
My rank: 117, Row start: 2926, Row end:2950 
My rank: 118, Row start: 2951, Row end:2975 
My rank: 119, Row start: 2976, Row end:2999 
My rank: 53, Row start: 1326, Row end:1350 
My rank:1, took 1.234396 seconds
My rank:2, took 1.235008 seconds
My rank:3, took 1.235809 seconds
My rank:4, took 1.235171 seconds
My rank:5, took 1.235878 seconds
My rank:6, took 1.234669 seconds
My rank:7, took 1.235262 seconds
My rank:8, took 1.235965 seconds
My rank:9, took 1.235680 seconds
My rank:10, took 1.235954 seconds
My rank:11, took 1.235774 seconds
My rank:12, took 1.235687 seconds
My rank:13, took 1.234719 seconds
My rank:14, took 1.235603 seconds
My rank:15, took 1.235977 seconds
My rank:16, took 1.235934 seconds
My rank:17, took 1.235605 seconds
My rank:18, took 1.235850 seconds
My rank:19, took 1.236057 seconds
My rank:20, took 1.235299 seconds
My rank:21, took 1.235790 seconds
My rank:22, took 1.235714 seconds
My rank:23, took 1.234930 seconds
My rank:24, took 1.234996 seconds
My rank:25, took 1.234976 seconds
My rank:26, took 1.236044 seconds
My rank:27, took 1.235926 seconds
My rank:28, took 1.235922 seconds
My rank:29, took 1.235734 seconds
My rank:30, took 1.235390 seconds
My rank:31, took 1.236008 seconds
My rank:32, took 1.235309 seconds
My rank:33, took 1.235490 seconds
My rank:34, took 1.234916 seconds
My rank:35, took 1.234734 seconds
My rank:36, took 1.234986 seconds
My rank:37, took 1.234979 seconds
My rank:38, took 1.235949 seconds
My rank:39, took 1.235175 seconds
My rank:40, took 1.236042 seconds
My rank:41, took 1.235826 seconds
My rank:42, took 1.236076 seconds
My rank:43, took 1.235760 seconds
My rank:44, took 1.235129 seconds
My rank:45, took 1.235426 seconds
My rank:46, took 1.235883 seconds
My rank:47, took 1.236277 seconds
My rank:48, took 1.236328 seconds
My rank:49, took 1.235190 seconds
My rank:50, took 1.235841 seconds
My rank:51, took 1.235547 seconds
My rank:52, took 1.234714 seconds
My rank:53, took 1.224287 seconds
My rank:54, took 1.236134 seconds
My rank:55, took 1.235217 seconds
My rank:56, took 1.235384 seconds
My rank:57, took 1.236158 seconds
My rank:58, took 1.236211 seconds
My rank:59, took 1.235315 seconds
My rank:60, took 1.236249 seconds
My rank:61, took 1.235113 seconds
My rank:62, took 1.236421 seconds
My rank:63, took 1.236253 seconds
My rank:64, took 1.235671 seconds
My rank:65, took 1.235964 seconds
My rank:66, took 1.235274 seconds
My rank:67, took 1.236223 seconds
My rank:68, took 1.235817 seconds
My rank:69, took 1.235576 seconds
My rank:70, took 1.235112 seconds
My rank:71, took 1.235140 seconds
My rank:72, took 1.235521 seconds
My rank:73, took 1.236230 seconds
My rank:74, took 1.236173 seconds
My rank:75, took 1.235860 seconds
My rank:76, took 1.235796 seconds
My rank:77, took 1.235534 seconds
My rank:78, took 1.235695 seconds
My rank:79, took 1.235993 seconds
My rank:80, took 1.236211 seconds
My rank:81, took 1.236092 seconds
My rank:82, took 1.235380 seconds
My rank:83, took 1.236211 seconds
My rank:84, took 1.235540 seconds
My rank:85, took 1.235468 seconds
My rank:86, took 1.235576 seconds
My rank:87, took 1.235694 seconds
My rank:88, took 1.235835 seconds
My rank:89, took 1.236602 seconds
My rank:90, took 1.236059 seconds
My rank:91, took 1.235685 seconds
My rank:92, took 1.236044 seconds
My rank:93, took 1.236193 seconds
My rank:94, took 1.235954 seconds
My rank:95, took 1.235243 seconds
My rank:96, took 1.236069 seconds
My rank:97, took 1.236243 seconds
My rank:98, took 1.235310 seconds
My rank:99, took 1.235465 seconds
My rank:100, took 1.235487 seconds
My rank:101, took 1.235727 seconds
My rank:102, took 1.236179 seconds
My rank:103, took 1.235392 seconds
My rank:104, took 1.234911 seconds
My rank:105, took 1.235718 seconds
My rank:106, took 1.235043 seconds
My rank:107, took 1.235393 seconds
My rank:108, took 1.235922 seconds
My rank:109, took 1.235726 seconds
My rank:110, took 1.234637 seconds
My rank:111, took 1.236104 seconds
My rank:112, took 1.235223 seconds
My rank:113, took 1.234424 seconds
My rank:114, took 1.235368 seconds
My rank:115, took 1.236137 seconds
My rank:116, took 1.235796 seconds
My rank:117, took 1.235333 seconds
My rank:118, took 1.235498 seconds
My rank:119, took 1.234984 seconds
My rank:0, took 1.235181 seconds
That took 1.235181 seconds
======== Run :  5
My rank: 6, Row start: 151, Row end:175 
My rank: 16, Row start: 401, Row end:425 
My rank: 8, Row start: 201, Row end:225 
My rank: 19, Row start: 476, Row end:500 
My rank: 30, Row start: 751, Row end:775 
My rank: 38, Row start: 951, Row end:975 
My rank: 43, Row start: 1076, Row end:1100 
My rank: 61, Row start: 1526, Row end:1550 
My rank: 70, Row start: 1751, Row end:1775 
My rank: 85, Row start: 2126, Row end:2150 
My rank: 88, Row start: 2201, Row end:2225 
My rank: 111, Row start: 2776, Row end:2800 
My rank: 13, Row start: 326, Row end:350 
My rank: 23, Row start: 576, Row end:600 
My rank: 31, Row start: 776, Row end:800 
My rank: 57, Row start: 1426, Row end:1450 
My rank: 86, Row start: 2151, Row end:2175 
My rank: 96, Row start: 2401, Row end:2425 
My rank: 27, Row start: 676, Row end:700 
My rank: 53, Row start: 1326, Row end:1350 
My rank: 67, Row start: 1676, Row end:1700 
My rank: 108, Row start: 2701, Row end:2725 
My rank: 48, Row start: 1201, Row end:1225 
My rank: 60, Row start: 1501, Row end:1525 
My rank: 94, Row start: 2351, Row end:2375 
My rank: 103, Row start: 2576, Row end:2600 
My rank: 24, Row start: 601, Row end:625 
My rank: 46, Row start: 1151, Row end:1175 
My rank: 81, Row start: 2026, Row end:2050 
My rank: 21, Row start: 526, Row end:550 
My rank: 37, Row start: 926, Row end:950 
My rank: 47, Row start: 1176, Row end:1200 
My rank: 50, Row start: 1251, Row end:1275 
My rank: 52, Row start: 1301, Row end:1325 
My rank: 64, Row start: 1601, Row end:1625 
My rank: 76, Row start: 1901, Row end:1925 
My rank: 98, Row start: 2451, Row end:2475 
My rank: 113, Row start: 2826, Row end:2850 
My rank: 119, Row start: 2976, Row end:2999 
My rank: 1, Row start: 26, Row end:50 
My rank: 28, Row start: 701, Row end:725 
My rank: 51, Row start: 1276, Row end:1300 
My rank: 54, Row start: 1351, Row end:1375 
My rank: 55, Row start: 1376, Row end:1400 
My rank: 58, Row start: 1451, Row end:1475 
My rank: 74, Row start: 1851, Row end:1875 
My rank: 80, Row start: 2001, Row end:2025 
My rank: 93, Row start: 2326, Row end:2350 
My rank: 117, Row start: 2926, Row end:2950 
My rank: 7, Row start: 176, Row end:200 
My rank: 22, Row start: 551, Row end:575 
My rank: 39, Row start: 976, Row end:1000 
My rank: 72, Row start: 1801, Row end:1825 
My rank: 84, Row start: 2101, Row end:2125 
My rank: 87, Row start: 2176, Row end:2200 
My rank: 97, Row start: 2426, Row end:2450 
My rank: 107, Row start: 2676, Row end:2700 
My rank: 112, Row start: 2801, Row end:2825 
My rank: 114, Row start: 2851, Row end:2875 
My rank: 118, Row start: 2951, Row end:2975 
My rank: 3, Row start: 76, Row end:100 
My rank: 11, Row start: 276, Row end:300 
My rank: 79, Row start: 1976, Row end:2000 
My rank: 100, Row start: 2501, Row end:2525 
My rank: 17, Row start: 426, Row end:450 
My rank: 34, Row start: 851, Row end:875 
My rank: 65, Row start: 1626, Row end:1650 
My rank: 102, Row start: 2551, Row end:2575 
My rank: 41, Row start: 1026, Row end:1050 
My rank: 75, Row start: 1876, Row end:1900 
My rank: 15, Row start: 376, Row end:400 
My rank: 26, Row start: 651, Row end:675 
My rank: 77, Row start: 1926, Row end:1950 
My rank: 104, Row start: 2601, Row end:2625 
My rank: 115, Row start: 2876, Row end:2900 
My rank: 10, Row start: 251, Row end:275 
My rank: 35, Row start: 876, Row end:900 
My rank: 40, Row start: 1001, Row end:1025 
My rank: 42, Row start: 1051, Row end:1075 
My rank: 69, Row start: 1726, Row end:1750 
My rank: 89, Row start: 2226, Row end:2250 
My rank: 44, Row start: 1101, Row end:1125 
My rank: 45, Row start: 1126, Row end:1150 
My rank: 71, Row start: 1776, Row end:1800 
My rank: 95, Row start: 2376, Row end:2400 
My rank: 109, Row start: 2726, Row end:2750 
My rank: 116, Row start: 2901, Row end:2925 
My rank: 2, Row start: 51, Row end:75 
My rank: 4, Row start: 101, Row end:125 
My rank: 9, Row start: 226, Row end:250 
My rank: 12, Row start: 301, Row end:325 
My rank: 33, Row start: 826, Row end:850 
My rank: 56, Row start: 1401, Row end:1425 
My rank: 66, Row start: 1651, Row end:1675 
My rank: 83, Row start: 2076, Row end:2100 
My rank: 92, Row start: 2301, Row end:2325 
My rank: 99, Row start: 2476, Row end:2500 
My rank: 106, Row start: 2651, Row end:2675 
My rank: 29, Row start: 726, Row end:750 
My rank: 36, Row start: 901, Row end:925 
My rank: 63, Row start: 1576, Row end:1600 
My rank: 73, Row start: 1826, Row end:1850 
My rank: 82, Row start: 2051, Row end:2075 
My rank: 91, Row start: 2276, Row end:2300 
My rank: 110, Row start: 2751, Row end:2775 
My rank: 14, Row start: 351, Row end:375 
My rank: 20, Row start: 501, Row end:525 
My rank: 32, Row start: 801, Row end:825 
My rank: 78, Row start: 1951, Row end:1975 
My rank: 5, Row start: 126, Row end:150 
My rank: 59, Row start: 1476, Row end:1500 
My rank: 62, Row start: 1551, Row end:1575 
My rank: 18, Row start: 451, Row end:475 
My rank: 0, Row start: 1, Row end:25 
My rank: 101, Row start: 2526, Row end:2550 
My rank: 105, Row start: 2626, Row end:2650 
My rank: 49, Row start: 1226, Row end:1250 
My rank: 68, Row start: 1701, Row end:1725 
My rank: 90, Row start: 2251, Row end:2275 
My rank: 25, Row start: 626, Row end:650 
My rank:1, took 1.206896 seconds
My rank:2, took 1.206206 seconds
My rank:3, took 1.206763 seconds
My rank:4, took 1.206243 seconds
My rank:5, took 1.205996 seconds
My rank:6, took 1.207443 seconds
My rank:7, took 1.206903 seconds
My rank:8, took 1.207375 seconds
My rank:9, took 1.206271 seconds
My rank:10, took 1.206457 seconds
My rank:11, took 1.206868 seconds
My rank:12, took 1.206335 seconds
My rank:13, took 1.207346 seconds
My rank:14, took 1.206177 seconds
My rank:15, took 1.206711 seconds
My rank:16, took 1.208077 seconds
My rank:17, took 1.206828 seconds
My rank:18, took 1.205969 seconds
My rank:19, took 1.207430 seconds
My rank:20, took 1.206283 seconds
My rank:21, took 1.207183 seconds
My rank:22, took 1.207039 seconds
My rank:23, took 1.207448 seconds
My rank:24, took 1.207278 seconds
My rank:25, took 1.194642 seconds
My rank:26, took 1.206804 seconds
My rank:27, took 1.207376 seconds
My rank:28, took 1.207227 seconds
My rank:29, took 1.206429 seconds
My rank:30, took 1.207666 seconds
My rank:31, took 1.207571 seconds
My rank:32, took 1.206402 seconds
My rank:33, took 1.206557 seconds
My rank:34, took 1.207056 seconds
My rank:35, took 1.206720 seconds
My rank:36, took 1.206517 seconds
My rank:37, took 1.207346 seconds
My rank:38, took 1.207696 seconds
My rank:39, took 1.207204 seconds
My rank:40, took 1.206833 seconds
My rank:41, took 1.207131 seconds
My rank:42, took 1.206840 seconds
My rank:43, took 1.207695 seconds
My rank:44, took 1.206829 seconds
My rank:45, took 1.206882 seconds
My rank:46, took 1.207619 seconds
My rank:47, took 1.207476 seconds
My rank:48, took 1.207573 seconds
My rank:49, took 1.205765 seconds
My rank:50, took 1.207389 seconds
My rank:51, took 1.207474 seconds
My rank:52, took 1.207575 seconds
My rank:53, took 1.207722 seconds
My rank:54, took 1.207459 seconds
My rank:55, took 1.207471 seconds
My rank:56, took 1.206857 seconds
My rank:57, took 1.207756 seconds
My rank:58, took 1.207449 seconds
My rank:59, took 1.206433 seconds
My rank:60, took 1.207724 seconds
My rank:61, took 1.207949 seconds
My rank:62, took 1.206488 seconds
My rank:63, took 1.206774 seconds
My rank:64, took 1.207544 seconds
My rank:65, took 1.207347 seconds
My rank:66, took 1.206764 seconds
My rank:67, took 1.207811 seconds
My rank:68, took 1.206008 seconds
My rank:69, took 1.207053 seconds
My rank:70, took 1.207903 seconds
My rank:71, took 1.206930 seconds
My rank:72, took 1.207442 seconds
My rank:73, took 1.206790 seconds
My rank:74, took 1.207467 seconds
My rank:75, took 1.207227 seconds
My rank:76, took 1.207555 seconds
My rank:77, took 1.207100 seconds
My rank:78, took 1.206685 seconds
My rank:79, took 1.207356 seconds
My rank:80, took 1.207366 seconds
My rank:81, took 1.207578 seconds
My rank:82, took 1.206625 seconds
My rank:83, took 1.206718 seconds
My rank:84, took 1.207322 seconds
My rank:85, took 1.207802 seconds
My rank:86, took 1.207726 seconds
My rank:87, took 1.207441 seconds
My rank:88, took 1.207769 seconds
My rank:89, took 1.206954 seconds
My rank:90, took 1.200820 seconds
My rank:91, took 1.206671 seconds
My rank:92, took 1.206812 seconds
My rank:93, took 1.207350 seconds
My rank:94, took 1.207443 seconds
My rank:95, took 1.206766 seconds
My rank:96, took 1.207585 seconds
My rank:97, took 1.207249 seconds
My rank:98, took 1.207324 seconds
My rank:99, took 1.206695 seconds
My rank:100, took 1.207098 seconds
My rank:101, took 1.206066 seconds
My rank:102, took 1.207008 seconds
My rank:103, took 1.207369 seconds
My rank:104, took 1.206758 seconds
My rank:105, took 1.206021 seconds
My rank:106, took 1.206512 seconds
My rank:107, took 1.207144 seconds
My rank:108, took 1.207397 seconds
My rank:109, took 1.206546 seconds
My rank:110, took 1.206372 seconds
My rank:111, took 1.207555 seconds
My rank:112, took 1.207109 seconds
My rank:113, took 1.207207 seconds
My rank:114, took 1.207033 seconds
My rank:115, took 1.206748 seconds
My rank:116, took 1.206549 seconds
My rank:117, took 1.207108 seconds
My rank:118, took 1.206999 seconds
My rank:119, took 1.207125 seconds
My rank:0, took 1.205725 seconds
That took 1.205725 seconds
======== Run :  6
My rank: 1, Row start: 26, Row end:50 
My rank: 3, Row start: 76, Row end:100 
My rank: 6, Row start: 151, Row end:175 
My rank: 7, Row start: 176, Row end:200 
My rank: 8, Row start: 201, Row end:225 
My rank: 10, Row start: 251, Row end:275 
My rank: 11, Row start: 276, Row end:300 
My rank: 12, Row start: 301, Row end:325 
My rank: 14, Row start: 351, Row end:375 
My rank: 15, Row start: 376, Row end:400 
My rank: 19, Row start: 476, Row end:500 
My rank: 24, Row start: 601, Row end:625 
My rank: 30, Row start: 751, Row end:775 
My rank: 33, Row start: 826, Row end:850 
My rank: 36, Row start: 901, Row end:925 
My rank: 38, Row start: 951, Row end:975 
My rank: 48, Row start: 1201, Row end:1225 
My rank: 53, Row start: 1326, Row end:1350 
My rank: 59, Row start: 1476, Row end:1500 
My rank: 60, Row start: 1501, Row end:1525 
My rank: 61, Row start: 1526, Row end:1550 
My rank: 69, Row start: 1726, Row end:1750 
My rank: 70, Row start: 1751, Row end:1775 
My rank: 75, Row start: 1876, Row end:1900 
My rank: 77, Row start: 1926, Row end:1950 
My rank: 79, Row start: 1976, Row end:2000 
My rank: 80, Row start: 2001, Row end:2025 
My rank: 81, Row start: 2026, Row end:2050 
My rank: 89, Row start: 2226, Row end:2250 
My rank: 94, Row start: 2351, Row end:2375 
My rank: 95, Row start: 2376, Row end:2400 
My rank: 96, Row start: 2401, Row end:2425 
My rank: 104, Row start: 2601, Row end:2625 
My rank: 105, Row start: 2626, Row end:2650 
My rank: 115, Row start: 2876, Row end:2900 
My rank: 117, Row start: 2926, Row end:2950 
My rank: 118, Row start: 2951, Row end:2975 
My rank: 119, Row start: 2976, Row end:2999 
My rank: 4, Row start: 101, Row end:125 
My rank: 5, Row start: 126, Row end:150 
My rank: 17, Row start: 426, Row end:450 
My rank: 22, Row start: 551, Row end:575 
My rank: 25, Row start: 626, Row end:650 
My rank: 29, Row start: 726, Row end:750 
My rank: 32, Row start: 801, Row end:825 
My rank: 34, Row start: 851, Row end:875 
My rank: 35, Row start: 876, Row end:900 
My rank: 37, Row start: 926, Row end:950 
My rank: 39, Row start: 976, Row end:1000 
My rank: 40, Row start: 1001, Row end:1025 
My rank: 45, Row start: 1126, Row end:1150 
My rank: 49, Row start: 1226, Row end:1250 
My rank: 50, Row start: 1251, Row end:1275 
My rank: 52, Row start: 1301, Row end:1325 
My rank: 56, Row start: 1401, Row end:1425 
My rank: 65, Row start: 1626, Row end:1650 
My rank: 74, Row start: 1851, Row end:1875 
My rank: 85, Row start: 2126, Row end:2150 
My rank: 86, Row start: 2151, Row end:2175 
My rank: 87, Row start: 2176, Row end:2200 
My rank: 91, Row start: 2276, Row end:2300 
My rank: 93, Row start: 2326, Row end:2350 
My rank: 99, Row start: 2476, Row end:2500 
My rank: 101, Row start: 2526, Row end:2550 
My rank: 103, Row start: 2576, Row end:2600 
My rank: 106, Row start: 2651, Row end:2675 
My rank: 108, Row start: 2701, Row end:2725 
My rank: 110, Row start: 2751, Row end:2775 
My rank: 2, Row start: 51, Row end:75 
My rank: 20, Row start: 501, Row end:525 
My rank: 46, Row start: 1151, Row end:1175 
My rank: 51, Row start: 1276, Row end:1300 
My rank: 76, Row start: 1901, Row end:1925 
My rank: 92, Row start: 2301, Row end:2325 
My rank: 107, Row start: 2676, Row end:2700 
My rank: 44, Row start: 1101, Row end:1125 
My rank: 55, Row start: 1376, Row end:1400 
My rank: 111, Row start: 2776, Row end:2800 
My rank: 63, Row start: 1576, Row end:1600 
My rank: 72, Row start: 1801, Row end:1825 
My rank: 73, Row start: 1826, Row end:1850 
My rank: 71, Row start: 1776, Row end:1800 
My rank: 78, Row start: 1951, Row end:1975 
My rank: 83, Row start: 2076, Row end:2100 
My rank: 102, Row start: 2551, Row end:2575 
My rank: 26, Row start: 651, Row end:675 
My rank: 27, Row start: 676, Row end:700 
My rank: 68, Row start: 1701, Row end:1725 
My rank: 98, Row start: 2451, Row end:2475 
My rank: 112, Row start: 2801, Row end:2825 
My rank: 9, Row start: 226, Row end:250 
My rank: 13, Row start: 326, Row end:350 
My rank: 58, Row start: 1451, Row end:1475 
My rank: 100, Row start: 2501, Row end:2525 
My rank: 31, Row start: 776, Row end:800 
My rank: 16, Row start: 401, Row end:425 
My rank: 41, Row start: 1026, Row end:1050 
My rank: 57, Row start: 1426, Row end:1450 
My rank: 64, Row start: 1601, Row end:1625 
My rank: 90, Row start: 2251, Row end:2275 
My rank: 116, Row start: 2901, Row end:2925 
My rank: 82, Row start: 2051, Row end:2075 
My rank: 84, Row start: 2101, Row end:2125 
My rank: 109, Row start: 2726, Row end:2750 
My rank: 88, Row start: 2201, Row end:2225 
My rank: 66, Row start: 1651, Row end:1675 
My rank: 0, Row start: 1, Row end:25 
My rank: 54, Row start: 1351, Row end:1375 
My rank: 97, Row start: 2426, Row end:2450 
My rank: 114, Row start: 2851, Row end:2875 
My rank: 18, Row start: 451, Row end:475 
My rank: 28, Row start: 701, Row end:725 
My rank: 62, Row start: 1551, Row end:1575 
My rank: 113, Row start: 2826, Row end:2850 
My rank: 23, Row start: 576, Row end:600 
My rank: 42, Row start: 1051, Row end:1075 
My rank: 43, Row start: 1076, Row end:1100 
My rank: 67, Row start: 1676, Row end:1700 
My rank: 21, Row start: 526, Row end:550 
My rank: 47, Row start: 1176, Row end:1200 
My rank:1, took 1.268816 seconds
My rank:2, took 1.268003 seconds
My rank:3, took 1.268752 seconds
My rank:4, took 1.268414 seconds
My rank:5, took 1.268385 seconds
My rank:6, took 1.268721 seconds
My rank:7, took 1.268721 seconds
My rank:8, took 1.268830 seconds
My rank:9, took 1.267676 seconds
My rank:10, took 1.268789 seconds
My rank:11, took 1.268884 seconds
My rank:12, took 1.269341 seconds
My rank:13, took 1.267642 seconds
My rank:14, took 1.269125 seconds
My rank:15, took 1.268679 seconds
My rank:16, took 1.267520 seconds
My rank:17, took 1.268515 seconds
My rank:18, took 1.267061 seconds
My rank:19, took 1.268965 seconds
My rank:20, took 1.268234 seconds
My rank:21, took 1.254731 seconds
My rank:22, took 1.268660 seconds
My rank:23, took 1.266980 seconds
My rank:24, took 1.268995 seconds
My rank:25, took 1.268696 seconds
My rank:26, took 1.267945 seconds
My rank:27, took 1.267869 seconds
My rank:28, took 1.267167 seconds
My rank:29, took 1.268632 seconds
My rank:30, took 1.269168 seconds
My rank:31, took 1.267722 seconds
My rank:32, took 1.268581 seconds
My rank:33, took 1.269126 seconds
My rank:34, took 1.268559 seconds
My rank:35, took 1.268443 seconds
My rank:36, took 1.269013 seconds
My rank:37, took 1.268502 seconds
My rank:38, took 1.269047 seconds
My rank:39, took 1.268617 seconds
My rank:40, took 1.268832 seconds
My rank:41, took 1.267796 seconds
My rank:42, took 1.267124 seconds
My rank:43, took 1.265823 seconds
My rank:44, took 1.268296 seconds
My rank:45, took 1.268609 seconds
My rank:46, took 1.268429 seconds
My rank:47, took 1.260915 seconds
My rank:48, took 1.269177 seconds
My rank:49, took 1.268645 seconds
My rank:50, took 1.268692 seconds
My rank:51, took 1.268565 seconds
My rank:52, took 1.268645 seconds
My rank:53, took 1.269442 seconds
My rank:54, took 1.267634 seconds
My rank:55, took 1.268504 seconds
My rank:56, took 1.268781 seconds
My rank:57, took 1.267960 seconds
My rank:58, took 1.268149 seconds
My rank:59, took 1.269351 seconds
My rank:60, took 1.269273 seconds
My rank:61, took 1.269401 seconds
My rank:62, took 1.267579 seconds
My rank:63, took 1.268496 seconds
My rank:64, took 1.267942 seconds
My rank:65, took 1.268933 seconds
My rank:66, took 1.267755 seconds
My rank:67, took 1.263078 seconds
My rank:68, took 1.268280 seconds
My rank:69, took 1.269388 seconds
My rank:70, took 1.269204 seconds
My rank:71, took 1.268234 seconds
My rank:72, took 1.268380 seconds
My rank:73, took 1.268367 seconds
My rank:74, took 1.268631 seconds
My rank:75, took 1.269077 seconds
My rank:76, took 1.268664 seconds
My rank:77, took 1.269256 seconds
My rank:78, took 1.268372 seconds
My rank:79, took 1.269219 seconds
My rank:80, took 1.269235 seconds
My rank:81, took 1.269326 seconds
My rank:82, took 1.267784 seconds
My rank:83, took 1.268231 seconds
My rank:84, took 1.267805 seconds
My rank:85, took 1.268763 seconds
My rank:86, took 1.268948 seconds
My rank:87, took 1.268725 seconds
My rank:88, took 1.267719 seconds
My rank:89, took 1.269139 seconds
My rank:90, took 1.267864 seconds
My rank:91, took 1.268829 seconds
My rank:92, took 1.268378 seconds
My rank:93, took 1.268572 seconds
My rank:94, took 1.269116 seconds
My rank:95, took 1.269087 seconds
My rank:96, took 1.269345 seconds
My rank:97, took 1.267377 seconds
My rank:98, took 1.268033 seconds
My rank:99, took 1.268561 seconds
My rank:100, took 1.267958 seconds
My rank:101, took 1.268552 seconds
My rank:102, took 1.268022 seconds
My rank:103, took 1.268651 seconds
My rank:104, took 1.268998 seconds
My rank:105, took 1.268841 seconds
My rank:106, took 1.268590 seconds
My rank:107, took 1.268268 seconds
My rank:108, took 1.268479 seconds
My rank:109, took 1.267603 seconds
My rank:110, took 1.268519 seconds
My rank:111, took 1.268118 seconds
My rank:112, took 1.267892 seconds
My rank:113, took 1.267073 seconds
My rank:114, took 1.267136 seconds
My rank:115, took 1.268948 seconds
My rank:116, took 1.267545 seconds
My rank:117, took 1.268830 seconds
My rank:118, took 1.268828 seconds
My rank:119, took 1.268885 seconds
My rank:0, took 1.267040 seconds
That took 1.267040 seconds
======== Run :  7
My rank: 1, Row start: 26, Row end:50 
My rank: 2, Row start: 51, Row end:75 
My rank: 5, Row start: 126, Row end:150 
My rank: 7, Row start: 176, Row end:200 
My rank: 9, Row start: 226, Row end:250 
My rank: 16, Row start: 401, Row end:425 
My rank: 18, Row start: 451, Row end:475 
My rank: 20, Row start: 501, Row end:525 
My rank: 24, Row start: 601, Row end:625 
My rank: 28, Row start: 701, Row end:725 
My rank: 34, Row start: 851, Row end:875 
My rank: 41, Row start: 1026, Row end:1050 
My rank: 47, Row start: 1176, Row end:1200 
My rank: 52, Row start: 1301, Row end:1325 
My rank: 67, Row start: 1676, Row end:1700 
My rank: 69, Row start: 1726, Row end:1750 
My rank: 74, Row start: 1851, Row end:1875 
My rank: 75, Row start: 1876, Row end:1900 
My rank: 77, Row start: 1926, Row end:1950 
My rank: 80, Row start: 2001, Row end:2025 
My rank: 96, Row start: 2401, Row end:2425 
My rank: 97, Row start: 2426, Row end:2450 
My rank: 115, Row start: 2876, Row end:2900 
My rank: 117, Row start: 2926, Row end:2950 
My rank: 119, Row start: 2976, Row end:2999 
My rank: 10, Row start: 251, Row end:275 
My rank: 11, Row start: 276, Row end:300 
My rank: 19, Row start: 476, Row end:500 
My rank: 22, Row start: 551, Row end:575 
My rank: 27, Row start: 676, Row end:700 
My rank: 30, Row start: 751, Row end:775 
My rank: 38, Row start: 951, Row end:975 
My rank: 46, Row start: 1151, Row end:1175 
My rank: 59, Row start: 1476, Row end:1500 
My rank: 65, Row start: 1626, Row end:1650 
My rank: 66, Row start: 1651, Row end:1675 
My rank: 68, Row start: 1701, Row end:1725 
My rank: 84, Row start: 2101, Row end:2125 
My rank: 85, Row start: 2126, Row end:2150 
My rank: 90, Row start: 2251, Row end:2275 
My rank: 109, Row start: 2726, Row end:2750 
My rank: 112, Row start: 2801, Row end:2825 
My rank: 17, Row start: 426, Row end:450 
My rank: 26, Row start: 651, Row end:675 
My rank: 31, Row start: 776, Row end:800 
My rank: 37, Row start: 926, Row end:950 
My rank: 44, Row start: 1101, Row end:1125 
My rank: 54, Row start: 1351, Row end:1375 
My rank: 58, Row start: 1451, Row end:1475 
My rank: 63, Row start: 1576, Row end:1600 
My rank: 72, Row start: 1801, Row end:1825 
My rank: 78, Row start: 1951, Row end:1975 
My rank: 92, Row start: 2301, Row end:2325 
My rank: 102, Row start: 2551, Row end:2575 
My rank: 103, Row start: 2576, Row end:2600 
My rank: 106, Row start: 2651, Row end:2675 
My rank: 113, Row start: 2826, Row end:2850 
My rank: 4, Row start: 101, Row end:125 
My rank: 6, Row start: 151, Row end:175 
My rank: 23, Row start: 576, Row end:600 
My rank: 39, Row start: 976, Row end:1000 
My rank: 61, Row start: 1526, Row end:1550 
My rank: 82, Row start: 2051, Row end:2075 
My rank: 83, Row start: 2076, Row end:2100 
My rank: 118, Row start: 2951, Row end:2975 
My rank: 0, Row start: 1, Row end:25 
My rank: 14, Row start: 351, Row end:375 
My rank: 45, Row start: 1126, Row end:1150 
My rank: 50, Row start: 1251, Row end:1275 
My rank: 56, Row start: 1401, Row end:1425 
My rank: 62, Row start: 1551, Row end:1575 
My rank: 64, Row start: 1601, Row end:1625 
My rank: 76, Row start: 1901, Row end:1925 
My rank: 81, Row start: 2026, Row end:2050 
My rank: 86, Row start: 2151, Row end:2175 
My rank: 89, Row start: 2226, Row end:2250 
My rank: 91, Row start: 2276, Row end:2300 
My rank: 94, Row start: 2351, Row end:2375 
My rank: 99, Row start: 2476, Row end:2500 
My rank: 100, Row start: 2501, Row end:2525 
My rank: 104, Row start: 2601, Row end:2625 
My rank: 105, Row start: 2626, Row end:2650 
My rank: 116, Row start: 2901, Row end:2925 
My rank: 3, Row start: 76, Row end:100 
My rank: 8, Row start: 201, Row end:225 
My rank: 12, Row start: 301, Row end:325 
My rank: 21, Row start: 526, Row end:550 
My rank: 25, Row start: 626, Row end:650 
My rank: 29, Row start: 726, Row end:750 
My rank: 32, Row start: 801, Row end:825 
My rank: 33, Row start: 826, Row end:850 
My rank: 35, Row start: 876, Row end:900 
My rank: 36, Row start: 901, Row end:925 
My rank: 40, Row start: 1001, Row end:1025 
My rank: 42, Row start: 1051, Row end:1075 
My rank: 43, Row start: 1076, Row end:1100 
My rank: 48, Row start: 1201, Row end:1225 
My rank: 49, Row start: 1226, Row end:1250 
My rank: 51, Row start: 1276, Row end:1300 
My rank: 53, Row start: 1326, Row end:1350 
My rank: 55, Row start: 1376, Row end:1400 
My rank: 57, Row start: 1426, Row end:1450 
My rank: 60, Row start: 1501, Row end:1525 
My rank: 70, Row start: 1751, Row end:1775 
My rank: 71, Row start: 1776, Row end:1800 
My rank: 73, Row start: 1826, Row end:1850 
My rank: 79, Row start: 1976, Row end:2000 
My rank: 87, Row start: 2176, Row end:2200 
My rank: 88, Row start: 2201, Row end:2225 
My rank: 93, Row start: 2326, Row end:2350 
My rank: 95, Row start: 2376, Row end:2400 
My rank: 98, Row start: 2451, Row end:2475 
My rank: 107, Row start: 2676, Row end:2700 
My rank: 108, Row start: 2701, Row end:2725 
My rank: 111, Row start: 2776, Row end:2800 
My rank: 114, Row start: 2851, Row end:2875 
My rank: 13, Row start: 326, Row end:350 
My rank: 15, Row start: 376, Row end:400 
My rank: 101, Row start: 2526, Row end:2550 
My rank: 110, Row start: 2751, Row end:2775 
My rank:1, took 1.190895 seconds
My rank:2, took 1.190964 seconds
My rank:3, took 1.189343 seconds
My rank:4, took 1.190251 seconds
My rank:5, took 1.190859 seconds
My rank:6, took 1.190215 seconds
My rank:7, took 1.191021 seconds
My rank:8, took 1.189758 seconds
My rank:9, took 1.191032 seconds
My rank:10, took 1.190571 seconds
My rank:11, took 1.190573 seconds
My rank:12, took 1.190028 seconds
My rank:13, took 1.189758 seconds
My rank:14, took 1.190222 seconds
My rank:15, took 1.189808 seconds
My rank:16, took 1.191075 seconds
My rank:17, took 1.190438 seconds
My rank:18, took 1.191059 seconds
My rank:19, took 1.190849 seconds
My rank:20, took 1.191382 seconds
My rank:21, took 1.189942 seconds
My rank:22, took 1.190722 seconds
My rank:23, took 1.190303 seconds
My rank:24, took 1.191118 seconds
My rank:25, took 1.189920 seconds
My rank:26, took 1.190442 seconds
My rank:27, took 1.190802 seconds
My rank:28, took 1.191088 seconds
My rank:29, took 1.190117 seconds
My rank:30, took 1.190708 seconds
My rank:31, took 1.190649 seconds
My rank:32, took 1.190262 seconds
My rank:33, took 1.190315 seconds
My rank:34, took 1.191108 seconds
My rank:35, took 1.190161 seconds
My rank:36, took 1.189983 seconds
My rank:37, took 1.190582 seconds
My rank:38, took 1.190830 seconds
My rank:39, took 1.190532 seconds
My rank:40, took 1.190266 seconds
My rank:41, took 1.191113 seconds
My rank:42, took 1.190042 seconds
My rank:43, took 1.190344 seconds
My rank:44, took 1.190731 seconds
My rank:45, took 1.190432 seconds
My rank:46, took 1.190859 seconds
My rank:47, took 1.191372 seconds
My rank:48, took 1.190181 seconds
My rank:49, took 1.190154 seconds
My rank:50, took 1.190399 seconds
My rank:51, took 1.190322 seconds
My rank:52, took 1.191272 seconds
My rank:53, took 1.190148 seconds
My rank:54, took 1.190854 seconds
My rank:55, took 1.190490 seconds
My rank:56, took 1.190603 seconds
My rank:57, took 1.190198 seconds
My rank:58, took 1.190714 seconds
My rank:59, took 1.191075 seconds
My rank:60, took 1.190190 seconds
My rank:61, took 1.190680 seconds
My rank:62, took 1.190460 seconds
My rank:63, took 1.190723 seconds
My rank:64, took 1.190586 seconds
My rank:65, took 1.190997 seconds
My rank:66, took 1.191002 seconds
My rank:67, took 1.191502 seconds
My rank:68, took 1.191036 seconds
My rank:69, took 1.191438 seconds
My rank:70, took 1.190344 seconds
My rank:71, took 1.190442 seconds
My rank:72, took 1.190833 seconds
My rank:73, took 1.190355 seconds
My rank:74, took 1.191416 seconds
My rank:75, took 1.191411 seconds
My rank:76, took 1.190497 seconds
My rank:77, took 1.191402 seconds
My rank:78, took 1.190770 seconds
My rank:79, took 1.190465 seconds
My rank:80, took 1.191179 seconds
My rank:81, took 1.190493 seconds
My rank:82, took 1.190694 seconds
My rank:83, took 1.190587 seconds
My rank:84, took 1.190822 seconds
My rank:85, took 1.190994 seconds
My rank:86, took 1.190523 seconds
My rank:87, took 1.190144 seconds
My rank:88, took 1.190121 seconds
My rank:89, took 1.190486 seconds
My rank:90, took 1.190932 seconds
My rank:91, took 1.190460 seconds
My rank:92, took 1.190660 seconds
My rank:93, took 1.190208 seconds
My rank:94, took 1.190392 seconds
My rank:95, took 1.190239 seconds
My rank:96, took 1.191230 seconds
My rank:97, took 1.191264 seconds
My rank:98, took 1.190226 seconds
My rank:99, took 1.190406 seconds
My rank:100, took 1.190326 seconds
My rank:101, took 1.190023 seconds
My rank:102, took 1.190570 seconds
My rank:103, took 1.190672 seconds
My rank:104, took 1.190440 seconds
My rank:105, took 1.190408 seconds
My rank:106, took 1.190646 seconds
My rank:107, took 1.190200 seconds
My rank:108, took 1.189977 seconds
My rank:109, took 1.190770 seconds
My rank:110, took 1.189971 seconds
My rank:111, took 1.190150 seconds
My rank:112, took 1.190662 seconds
My rank:113, took 1.190536 seconds
My rank:114, took 1.190194 seconds
My rank:115, took 1.191012 seconds
My rank:116, took 1.190303 seconds
My rank:117, took 1.190981 seconds
My rank:118, took 1.190412 seconds
My rank:119, took 1.191119 seconds
My rank:0, took 1.190033 seconds
That took 1.190033 seconds
======== Run :  8
My rank: 43, Row start: 1076, Row end:1100 
My rank: 1, Row start: 26, Row end:50 
My rank: 2, Row start: 51, Row end:75 
My rank: 34, Row start: 851, Row end:875 
My rank: 41, Row start: 1026, Row end:1050 
My rank: 100, Row start: 2501, Row end:2525 
My rank: 16, Row start: 401, Row end:425 
My rank: 18, Row start: 451, Row end:475 
My rank: 38, Row start: 951, Row end:975 
My rank: 45, Row start: 1126, Row end:1150 
My rank: 50, Row start: 1251, Row end:1275 
My rank: 52, Row start: 1301, Row end:1325 
My rank: 58, Row start: 1451, Row end:1475 
My rank: 69, Row start: 1726, Row end:1750 
My rank: 98, Row start: 2451, Row end:2475 
My rank: 102, Row start: 2551, Row end:2575 
My rank: 32, Row start: 801, Row end:825 
My rank: 51, Row start: 1276, Row end:1300 
My rank: 62, Row start: 1551, Row end:1575 
My rank: 65, Row start: 1626, Row end:1650 
My rank: 88, Row start: 2201, Row end:2225 
My rank: 109, Row start: 2726, Row end:2750 
My rank: 5, Row start: 126, Row end:150 
My rank: 27, Row start: 676, Row end:700 
My rank: 28, Row start: 701, Row end:725 
My rank: 47, Row start: 1176, Row end:1200 
My rank: 83, Row start: 2076, Row end:2100 
My rank: 24, Row start: 601, Row end:625 
My rank: 55, Row start: 1376, Row end:1400 
My rank: 61, Row start: 1526, Row end:1550 
My rank: 116, Row start: 2901, Row end:2925 
My rank: 9, Row start: 226, Row end:250 
My rank: 36, Row start: 901, Row end:925 
My rank: 67, Row start: 1676, Row end:1700 
My rank: 7, Row start: 176, Row end:200 
My rank: 12, Row start: 301, Row end:325 
My rank: 14, Row start: 351, Row end:375 
My rank: 49, Row start: 1226, Row end:1250 
My rank: 54, Row start: 1351, Row end:1375 
My rank: 80, Row start: 2001, Row end:2025 
My rank: 57, Row start: 1426, Row end:1450 
My rank: 76, Row start: 1901, Row end:1925 
My rank: 15, Row start: 376, Row end:400 
My rank: 25, Row start: 626, Row end:650 
My rank: 113, Row start: 2826, Row end:2850 
My rank: 10, Row start: 251, Row end:275 
My rank: 11, Row start: 276, Row end:300 
My rank: 90, Row start: 2251, Row end:2275 
My rank: 99, Row start: 2476, Row end:2500 
My rank: 0, Row start: 1, Row end:25 
My rank: 3, Row start: 76, Row end:100 
My rank: 6, Row start: 151, Row end:175 
My rank: 8, Row start: 201, Row end:225 
My rank: 13, Row start: 326, Row end:350 
My rank: 17, Row start: 426, Row end:450 
My rank: 20, Row start: 501, Row end:525 
My rank: 22, Row start: 551, Row end:575 
My rank: 26, Row start: 651, Row end:675 
My rank: 30, Row start: 751, Row end:775 
My rank: 31, Row start: 776, Row end:800 
My rank: 39, Row start: 976, Row end:1000 
My rank: 40, Row start: 1001, Row end:1025 
My rank: 56, Row start: 1401, Row end:1425 
My rank: 59, Row start: 1476, Row end:1500 
My rank: 63, Row start: 1576, Row end:1600 
My rank: 71, Row start: 1776, Row end:1800 
My rank: 75, Row start: 1876, Row end:1900 
My rank: 77, Row start: 1926, Row end:1950 
My rank: 78, Row start: 1951, Row end:1975 
My rank: 81, Row start: 2026, Row end:2050 
My rank: 87, Row start: 2176, Row end:2200 
My rank: 92, Row start: 2301, Row end:2325 
My rank: 93, Row start: 2326, Row end:2350 
My rank: 95, Row start: 2376, Row end:2400 
My rank: 96, Row start: 2401, Row end:2425 
My rank: 104, Row start: 2601, Row end:2625 
My rank: 106, Row start: 2651, Row end:2675 
My rank: 107, Row start: 2676, Row end:2700 
My rank: 110, Row start: 2751, Row end:2775 
My rank: 112, Row start: 2801, Row end:2825 
My rank: 114, Row start: 2851, Row end:2875 
My rank: 118, Row start: 2951, Row end:2975 
My rank: 19, Row start: 476, Row end:500 
My rank: 23, Row start: 576, Row end:600 
My rank: 46, Row start: 1151, Row end:1175 
My rank: 64, Row start: 1601, Row end:1625 
My rank: 70, Row start: 1751, Row end:1775 
My rank: 79, Row start: 1976, Row end:2000 
My rank: 86, Row start: 2151, Row end:2175 
My rank: 94, Row start: 2351, Row end:2375 
My rank: 103, Row start: 2576, Row end:2600 
My rank: 108, Row start: 2701, Row end:2725 
My rank: 115, Row start: 2876, Row end:2900 
My rank: 119, Row start: 2976, Row end:2999 
My rank: 29, Row start: 726, Row end:750 
My rank: 60, Row start: 1501, Row end:1525 
My rank: 89, Row start: 2226, Row end:2250 
My rank: 91, Row start: 2276, Row end:2300 
My rank: 44, Row start: 1101, Row end:1125 
My rank: 85, Row start: 2126, Row end:2150 
My rank: 105, Row start: 2626, Row end:2650 
My rank: 4, Row start: 101, Row end:125 
My rank: 97, Row start: 2426, Row end:2450 
My rank: 111, Row start: 2776, Row end:2800 
My rank: 82, Row start: 2051, Row end:2075 
My rank: 53, Row start: 1326, Row end:1350 
My rank: 66, Row start: 1651, Row end:1675 
My rank: 68, Row start: 1701, Row end:1725 
My rank: 73, Row start: 1826, Row end:1850 
My rank: 74, Row start: 1851, Row end:1875 
My rank: 48, Row start: 1201, Row end:1225 
My rank: 101, Row start: 2526, Row end:2550 
My rank: 21, Row start: 526, Row end:550 
My rank: 35, Row start: 876, Row end:900 
My rank: 84, Row start: 2101, Row end:2125 
My rank: 117, Row start: 2926, Row end:2950 
My rank: 42, Row start: 1051, Row end:1075 
My rank: 33, Row start: 826, Row end:850 
My rank: 72, Row start: 1801, Row end:1825 
My rank: 37, Row start: 926, Row end:950 
My rank:1, took 2.131544 seconds
My rank:2, took 2.131596 seconds
My rank:3, took 2.130649 seconds
My rank:4, took 2.130051 seconds
My rank:5, took 2.131298 seconds
My rank:6, took 2.130746 seconds
My rank:7, took 2.131155 seconds
My rank:8, took 2.130698 seconds
My rank:9, took 2.131219 seconds
My rank:10, took 2.130962 seconds
My rank:11, took 2.131014 seconds
My rank:12, took 2.131200 seconds
My rank:13, took 2.130935 seconds
My rank:14, took 2.131189 seconds
My rank:15, took 2.131120 seconds
My rank:16, took 2.131616 seconds
My rank:17, took 2.130679 seconds
My rank:18, took 2.131566 seconds
My rank:19, took 2.130342 seconds
My rank:20, took 2.130757 seconds
My rank:21, took 2.129320 seconds
My rank:22, took 2.130943 seconds
My rank:23, took 2.130591 seconds
My rank:24, took 2.131368 seconds
My rank:25, took 2.131030 seconds
My rank:26, took 2.130775 seconds
My rank:27, took 2.131457 seconds
My rank:28, took 2.131371 seconds
My rank:29, took 2.130325 seconds
My rank:30, took 2.130594 seconds
My rank:31, took 2.130848 seconds
My rank:32, took 2.131493 seconds
My rank:33, took 2.128748 seconds
My rank:34, took 2.132619 seconds
My rank:35, took 2.129373 seconds
My rank:36, took 2.131299 seconds
My rank:37, took 2.118012 seconds
My rank:38, took 2.131510 seconds
My rank:39, took 2.130643 seconds
My rank:40, took 2.130953 seconds
My rank:41, took 2.131800 seconds
My rank:42, took 2.128947 seconds
My rank:43, took 2.132000 seconds
My rank:44, took 2.130236 seconds
My rank:45, took 2.131641 seconds
My rank:46, took 2.130680 seconds
My rank:47, took 2.131393 seconds
My rank:48, took 2.129635 seconds
My rank:49, took 2.131237 seconds
My rank:50, took 2.131638 seconds
My rank:51, took 2.131486 seconds
My rank:52, took 2.131801 seconds
My rank:53, took 2.130089 seconds
My rank:54, took 2.131440 seconds
My rank:55, took 2.131548 seconds
My rank:56, took 2.130887 seconds
My rank:57, took 2.131435 seconds
My rank:58, took 2.131797 seconds
My rank:59, took 2.130887 seconds
My rank:60, took 2.130491 seconds
My rank:61, took 2.131443 seconds
My rank:62, took 2.131759 seconds
My rank:63, took 2.130991 seconds
My rank:64, took 2.130510 seconds
My rank:65, took 2.131654 seconds
My rank:66, took 2.129896 seconds
My rank:67, took 2.131433 seconds
My rank:68, took 2.130104 seconds
My rank:69, took 2.131781 seconds
My rank:70, took 2.130687 seconds
My rank:71, took 2.130883 seconds
My rank:72, took 2.128951 seconds
My rank:73, took 2.130006 seconds
My rank:74, took 2.129853 seconds
My rank:75, took 2.130979 seconds
My rank:76, took 2.131324 seconds
My rank:77, took 2.130996 seconds
My rank:78, took 2.131026 seconds
My rank:79, took 2.130573 seconds
My rank:80, took 2.131313 seconds
My rank:81, took 2.129178 seconds
My rank:82, took 2.130205 seconds
My rank:83, took 2.131527 seconds
My rank:84, took 2.129487 seconds
My rank:85, took 2.130274 seconds
My rank:86, took 2.130627 seconds
My rank:87, took 2.130893 seconds
My rank:88, took 2.131525 seconds
My rank:89, took 2.130283 seconds
My rank:90, took 2.131078 seconds
My rank:91, took 2.130237 seconds
My rank:92, took 2.130843 seconds
My rank:93, took 2.130855 seconds
My rank:94, took 2.130527 seconds
My rank:95, took 2.130833 seconds
My rank:96, took 2.130842 seconds
My rank:97, took 2.130159 seconds
My rank:98, took 2.131576 seconds
My rank:99, took 2.131037 seconds
My rank:100, took 2.131626 seconds
My rank:101, took 2.129516 seconds
My rank:102, took 2.131428 seconds
My rank:103, took 2.130479 seconds
My rank:104, took 2.130787 seconds
My rank:105, took 2.130101 seconds
My rank:106, took 2.130599 seconds
My rank:107, took 2.130527 seconds
My rank:108, took 2.130401 seconds
My rank:109, took 2.131312 seconds
My rank:110, took 2.130537 seconds
My rank:111, took 2.129983 seconds
My rank:112, took 2.130676 seconds
My rank:113, took 2.130908 seconds
My rank:114, took 2.130675 seconds
My rank:115, took 2.130294 seconds
My rank:116, took 2.131153 seconds
My rank:117, took 2.129094 seconds
My rank:118, took 2.130629 seconds
My rank:119, took 2.130152 seconds
My rank:0, took 2.130610 seconds
That took 2.130610 seconds
======== Run :  9
My rank: 15, Row start: 376, Row end:400 
My rank: 23, Row start: 576, Row end:600 
My rank: 38, Row start: 951, Row end:975 
My rank: 73, Row start: 1826, Row end:1850 
My rank: 102, Row start: 2551, Row end:2575 
My rank: 110, Row start: 2751, Row end:2775 
My rank: 16, Row start: 401, Row end:425 
My rank: 24, Row start: 601, Row end:625 
My rank: 26, Row start: 651, Row end:675 
My rank: 29, Row start: 726, Row end:750 
My rank: 32, Row start: 801, Row end:825 
My rank: 37, Row start: 926, Row end:950 
My rank: 41, Row start: 1026, Row end:1050 
My rank: 44, Row start: 1101, Row end:1125 
My rank: 45, Row start: 1126, Row end:1150 
My rank: 61, Row start: 1526, Row end:1550 
My rank: 78, Row start: 1951, Row end:1975 
My rank: 83, Row start: 2076, Row end:2100 
My rank: 0, Row start: 1, Row end:25 
My rank: 10, Row start: 251, Row end:275 
My rank: 12, Row start: 301, Row end:325 
My rank: 13, Row start: 326, Row end:350 
My rank: 40, Row start: 1001, Row end:1025 
My rank: 81, Row start: 2026, Row end:2050 
My rank: 90, Row start: 2251, Row end:2275 
My rank: 98, Row start: 2451, Row end:2475 
My rank: 100, Row start: 2501, Row end:2525 
My rank: 25, Row start: 626, Row end:650 
My rank: 35, Row start: 876, Row end:900 
My rank: 43, Row start: 1076, Row end:1100 
My rank: 59, Row start: 1476, Row end:1500 
My rank: 63, Row start: 1576, Row end:1600 
My rank: 77, Row start: 1926, Row end:1950 
My rank: 86, Row start: 2151, Row end:2175 
My rank: 87, Row start: 2176, Row end:2200 
My rank: 107, Row start: 2676, Row end:2700 
My rank: 1, Row start: 26, Row end:50 
My rank: 6, Row start: 151, Row end:175 
My rank: 7, Row start: 176, Row end:200 
My rank: 18, Row start: 451, Row end:475 
My rank: 19, Row start: 476, Row end:500 
My rank: 47, Row start: 1176, Row end:1200 
My rank: 58, Row start: 1451, Row end:1475 
My rank: 60, Row start: 1501, Row end:1525 
My rank: 55, Row start: 1376, Row end:1400 
My rank: 69, Row start: 1726, Row end:1750 
My rank: 79, Row start: 1976, Row end:2000 
My rank: 84, Row start: 2101, Row end:2125 
My rank: 88, Row start: 2201, Row end:2225 
My rank: 104, Row start: 2601, Row end:2625 
My rank: 105, Row start: 2626, Row end:2650 
My rank: 108, Row start: 2701, Row end:2725 
My rank: 112, Row start: 2801, Row end:2825 
My rank: 113, Row start: 2826, Row end:2850 
My rank: 9, Row start: 226, Row end:250 
My rank: 17, Row start: 426, Row end:450 
My rank: 34, Row start: 851, Row end:875 
My rank: 48, Row start: 1201, Row end:1225 
My rank: 82, Row start: 2051, Row end:2075 
My rank: 118, Row start: 2951, Row end:2975 
My rank: 3, Row start: 76, Row end:100 
My rank: 27, Row start: 676, Row end:700 
My rank: 56, Row start: 1401, Row end:1425 
My rank: 119, Row start: 2976, Row end:2999 
My rank: 68, Row start: 1701, Row end:1725 
My rank: 74, Row start: 1851, Row end:1875 
My rank: 111, Row start: 2776, Row end:2800 
My rank: 4, Row start: 101, Row end:125 
My rank: 11, Row start: 276, Row end:300 
My rank: 54, Row start: 1351, Row end:1375 
My rank: 64, Row start: 1601, Row end:1625 
My rank: 80, Row start: 2001, Row end:2025 
My rank: 85, Row start: 2126, Row end:2150 
My rank: 89, Row start: 2226, Row end:2250 
My rank: 101, Row start: 2526, Row end:2550 
My rank: 114, Row start: 2851, Row end:2875 
My rank: 116, Row start: 2901, Row end:2925 
My rank: 20, Row start: 501, Row end:525 
My rank: 21, Row start: 526, Row end:550 
My rank: 33, Row start: 826, Row end:850 
My rank: 36, Row start: 901, Row end:925 
My rank: 42, Row start: 1051, Row end:1075 
My rank: 49, Row start: 1226, Row end:1250 
My rank: 52, Row start: 1301, Row end:1325 
My rank: 65, Row start: 1626, Row end:1650 
My rank: 66, Row start: 1651, Row end:1675 
My rank: 70, Row start: 1751, Row end:1775 
My rank: 71, Row start: 1776, Row end:1800 
My rank: 72, Row start: 1801, Row end:1825 
My rank: 76, Row start: 1901, Row end:1925 
My rank: 93, Row start: 2326, Row end:2350 
My rank: 115, Row start: 2876, Row end:2900 
My rank: 5, Row start: 126, Row end:150 
My rank: 28, Row start: 701, Row end:725 
My rank: 31, Row start: 776, Row end:800 
My rank: 46, Row start: 1151, Row end:1175 
My rank: 51, Row start: 1276, Row end:1300 
My rank: 57, Row start: 1426, Row end:1450 
My rank: 62, Row start: 1551, Row end:1575 
My rank: 97, Row start: 2426, Row end:2450 
My rank: 99, Row start: 2476, Row end:2500 
My rank: 109, Row start: 2726, Row end:2750 
My rank: 103, Row start: 2576, Row end:2600 
My rank: 106, Row start: 2651, Row end:2675 
My rank: 53, Row start: 1326, Row end:1350 
My rank: 8, Row start: 201, Row end:225 
My rank: 50, Row start: 1251, Row end:1275 
My rank: 92, Row start: 2301, Row end:2325 
My rank: 67, Row start: 1676, Row end:1700 
My rank: 30, Row start: 751, Row end:775 
My rank: 117, Row start: 2926, Row end:2950 
My rank: 22, Row start: 551, Row end:575 
My rank: 39, Row start: 976, Row end:1000 
My rank: 95, Row start: 2376, Row end:2400 
My rank: 14, Row start: 351, Row end:375 
My rank: 91, Row start: 2276, Row end:2300 
My rank: 2, Row start: 51, Row end:75 
My rank: 94, Row start: 2351, Row end:2375 
My rank: 96, Row start: 2401, Row end:2425 
My rank: 75, Row start: 1876, Row end:1900 
My rank:1, took 1.209688 seconds
My rank:2, took 1.208505 seconds
My rank:3, took 1.209523 seconds
My rank:4, took 1.209371 seconds
My rank:5, took 1.209225 seconds
My rank:6, took 1.209748 seconds
My rank:7, took 1.209782 seconds
My rank:8, took 1.208999 seconds
My rank:9, took 1.209637 seconds
My rank:10, took 1.209978 seconds
My rank:11, took 1.209475 seconds
My rank:12, took 1.210009 seconds
My rank:13, took 1.209958 seconds
My rank:14, took 1.208685 seconds
My rank:15, took 1.210259 seconds
My rank:16, took 1.210200 seconds
My rank:17, took 1.209703 seconds
My rank:18, took 1.209863 seconds
My rank:19, took 1.209867 seconds
My rank:20, took 1.209392 seconds
My rank:21, took 1.209375 seconds
My rank:22, took 1.208819 seconds
My rank:23, took 1.210289 seconds
My rank:24, took 1.210238 seconds
My rank:25, took 1.210028 seconds
My rank:26, took 1.210271 seconds
My rank:27, took 1.209770 seconds
My rank:28, took 1.209444 seconds
My rank:29, took 1.210273 seconds
My rank:30, took 1.209034 seconds
My rank:31, took 1.209404 seconds
My rank:32, took 1.210364 seconds
My rank:33, took 1.209639 seconds
My rank:34, took 1.209867 seconds
My rank:35, took 1.210067 seconds
My rank:36, took 1.209638 seconds
My rank:37, took 1.210361 seconds
My rank:38, took 1.210395 seconds
My rank:39, took 1.208999 seconds
My rank:40, took 1.210296 seconds
My rank:41, took 1.210421 seconds
My rank:42, took 1.209584 seconds
My rank:43, took 1.210175 seconds
My rank:44, took 1.210454 seconds
My rank:45, took 1.210467 seconds
My rank:46, took 1.209584 seconds
My rank:47, took 1.210146 seconds
My rank:48, took 1.210038 seconds
My rank:49, took 1.209775 seconds
My rank:50, took 1.209411 seconds
My rank:51, took 1.209626 seconds
My rank:52, took 1.209722 seconds
My rank:53, took 1.209485 seconds
My rank:54, took 1.209823 seconds
My rank:55, took 1.210118 seconds
My rank:56, took 1.209983 seconds
My rank:57, took 1.209659 seconds
My rank:58, took 1.210291 seconds
My rank:59, took 1.210252 seconds
My rank:60, took 1.210306 seconds
My rank:61, took 1.210486 seconds
My rank:62, took 1.209694 seconds
My rank:63, took 1.210380 seconds
My rank:64, took 1.209973 seconds
My rank:65, took 1.209835 seconds
My rank:66, took 1.209801 seconds
My rank:67, took 1.209320 seconds
My rank:68, took 1.210025 seconds
My rank:69, took 1.210183 seconds
My rank:70, took 1.209882 seconds
My rank:71, took 1.209738 seconds
My rank:72, took 1.209790 seconds
My rank:73, took 1.210620 seconds
My rank:74, took 1.210020 seconds
My rank:75, took 1.197376 seconds
My rank:76, took 1.209771 seconds
My rank:77, took 1.210312 seconds
My rank:78, took 1.210446 seconds
My rank:79, took 1.210209 seconds
My rank:80, took 1.209913 seconds
My rank:81, took 1.210450 seconds
My rank:82, took 1.210018 seconds
My rank:83, took 1.210545 seconds
My rank:84, took 1.210107 seconds
My rank:85, took 1.209823 seconds
My rank:86, took 1.210316 seconds
My rank:87, took 1.210201 seconds
My rank:88, took 1.210026 seconds
My rank:89, took 1.209886 seconds
My rank:90, took 1.210257 seconds
My rank:91, took 1.208938 seconds
My rank:92, took 1.209336 seconds
My rank:93, took 1.209607 seconds
My rank:94, took 1.208950 seconds
My rank:95, took 1.209010 seconds
My rank:96, took 1.208886 seconds
My rank:97, took 1.209603 seconds
My rank:98, took 1.210157 seconds
My rank:99, took 1.209513 seconds
My rank:100, took 1.210264 seconds
My rank:101, took 1.209696 seconds
My rank:102, took 1.210691 seconds
My rank:103, took 1.209395 seconds
My rank:104, took 1.209972 seconds
My rank:105, took 1.209985 seconds
My rank:106, took 1.209316 seconds
My rank:107, took 1.210049 seconds
My rank:108, took 1.209923 seconds
My rank:109, took 1.209433 seconds
My rank:110, took 1.210376 seconds
My rank:111, took 1.209700 seconds
My rank:112, took 1.209909 seconds
My rank:113, took 1.209949 seconds
My rank:114, took 1.209673 seconds
My rank:115, took 1.209429 seconds
My rank:116, took 1.209616 seconds
My rank:117, took 1.208950 seconds
My rank:118, took 1.209804 seconds
My rank:119, took 1.209695 seconds
My rank:0, took 1.209841 seconds
That took 1.209841 seconds
======== Run :  10
My rank: 85, Row start: 2126, Row end:2150 
My rank: 13, Row start: 326, Row end:350 
My rank: 15, Row start: 376, Row end:400 
My rank: 18, Row start: 451, Row end:475 
My rank: 21, Row start: 526, Row end:550 
My rank: 26, Row start: 651, Row end:675 
My rank: 70, Row start: 1751, Row end:1775 
My rank: 74, Row start: 1851, Row end:1875 
My rank: 93, Row start: 2326, Row end:2350 
My rank: 95, Row start: 2376, Row end:2400 
My rank: 101, Row start: 2526, Row end:2550 
My rank: 106, Row start: 2651, Row end:2675 
My rank: 115, Row start: 2876, Row end:2900 
My rank: 116, Row start: 2901, Row end:2925 
My rank: 0, Row start: 1, Row end:25 
My rank: 2, Row start: 51, Row end:75 
My rank: 17, Row start: 426, Row end:450 
My rank: 68, Row start: 1701, Row end:1725 
My rank: 73, Row start: 1826, Row end:1850 
My rank: 34, Row start: 851, Row end:875 
My rank: 40, Row start: 1001, Row end:1025 
My rank: 16, Row start: 401, Row end:425 
My rank: 38, Row start: 951, Row end:975 
My rank: 43, Row start: 1076, Row end:1100 
My rank: 64, Row start: 1601, Row end:1625 
My rank: 67, Row start: 1676, Row end:1700 
My rank: 9, Row start: 226, Row end:250 
My rank: 12, Row start: 301, Row end:325 
My rank: 42, Row start: 1051, Row end:1075 
My rank: 48, Row start: 1201, Row end:1225 
My rank: 111, Row start: 2776, Row end:2800 
My rank: 24, Row start: 601, Row end:625 
My rank: 39, Row start: 976, Row end:1000 
My rank: 51, Row start: 1276, Row end:1300 
My rank: 69, Row start: 1726, Row end:1750 
My rank: 75, Row start: 1876, Row end:1900 
My rank: 110, Row start: 2751, Row end:2775 
My rank: 6, Row start: 151, Row end:175 
My rank: 22, Row start: 551, Row end:575 
My rank: 33, Row start: 826, Row end:850 
My rank: 41, Row start: 1026, Row end:1050 
My rank: 62, Row start: 1551, Row end:1575 
My rank: 65, Row start: 1626, Row end:1650 
My rank: 76, Row start: 1901, Row end:1925 
My rank: 89, Row start: 2226, Row end:2250 
My rank: 96, Row start: 2401, Row end:2425 
My rank: 114, Row start: 2851, Row end:2875 
My rank: 5, Row start: 126, Row end:150 
My rank: 19, Row start: 476, Row end:500 
My rank: 27, Row start: 676, Row end:700 
My rank: 28, Row start: 701, Row end:725 
My rank: 44, Row start: 1101, Row end:1125 
My rank: 46, Row start: 1151, Row end:1175 
My rank: 49, Row start: 1226, Row end:1250 
My rank: 50, Row start: 1251, Row end:1275 
My rank: 54, Row start: 1351, Row end:1375 
My rank: 56, Row start: 1401, Row end:1425 
My rank: 57, Row start: 1426, Row end:1450 
My rank: 58, Row start: 1451, Row end:1475 
My rank: 59, Row start: 1476, Row end:1500 
My rank: 63, Row start: 1576, Row end:1600 
My rank: 72, Row start: 1801, Row end:1825 
My rank: 83, Row start: 2076, Row end:2100 
My rank: 86, Row start: 2151, Row end:2175 
My rank: 88, Row start: 2201, Row end:2225 
My rank: 92, Row start: 2301, Row end:2325 
My rank: 94, Row start: 2351, Row end:2375 
My rank: 103, Row start: 2576, Row end:2600 
My rank: 104, Row start: 2601, Row end:2625 
My rank: 112, Row start: 2801, Row end:2825 
My rank: 1, Row start: 26, Row end:50 
My rank: 4, Row start: 101, Row end:125 
My rank: 8, Row start: 201, Row end:225 
My rank: 10, Row start: 251, Row end:275 
My rank: 11, Row start: 276, Row end:300 
My rank: 36, Row start: 901, Row end:925 
My rank: 61, Row start: 1526, Row end:1550 
My rank: 79, Row start: 1976, Row end:2000 
My rank: 81, Row start: 2026, Row end:2050 
My rank: 91, Row start: 2276, Row end:2300 
My rank: 100, Row start: 2501, Row end:2525 
My rank: 102, Row start: 2551, Row end:2575 
My rank: 107, Row start: 2676, Row end:2700 
My rank: 118, Row start: 2951, Row end:2975 
My rank: 3, Row start: 76, Row end:100 
My rank: 7, Row start: 176, Row end:200 
My rank: 20, Row start: 501, Row end:525 
My rank: 23, Row start: 576, Row end:600 
My rank: 35, Row start: 876, Row end:900 
My rank: 52, Row start: 1301, Row end:1325 
My rank: 53, Row start: 1326, Row end:1350 
My rank: 55, Row start: 1376, Row end:1400 
My rank: 80, Row start: 2001, Row end:2025 
My rank: 87, Row start: 2176, Row end:2200 
My rank: 90, Row start: 2251, Row end:2275 
My rank: 97, Row start: 2426, Row end:2450 
My rank: 113, Row start: 2826, Row end:2850 
My rank: 25, Row start: 626, Row end:650 
My rank: 31, Row start: 776, Row end:800 
My rank: 45, Row start: 1126, Row end:1150 
My rank: 47, Row start: 1176, Row end:1200 
My rank: 66, Row start: 1651, Row end:1675 
My rank: 77, Row start: 1926, Row end:1950 
My rank: 105, Row start: 2626, Row end:2650 
My rank: 117, Row start: 2926, Row end:2950 
My rank: 119, Row start: 2976, Row end:2999 
My rank: 14, Row start: 351, Row end:375 
My rank: 32, Row start: 801, Row end:825 
My rank: 60, Row start: 1501, Row end:1525 
My rank: 99, Row start: 2476, Row end:2500 
My rank: 29, Row start: 726, Row end:750 
My rank: 30, Row start: 751, Row end:775 
My rank: 37, Row start: 926, Row end:950 
My rank: 84, Row start: 2101, Row end:2125 
My rank: 78, Row start: 1951, Row end:1975 
My rank: 71, Row start: 1776, Row end:1800 
My rank: 82, Row start: 2051, Row end:2075 
My rank: 98, Row start: 2451, Row end:2475 
My rank: 108, Row start: 2701, Row end:2725 
My rank: 109, Row start: 2726, Row end:2750 
My rank:1, took 1.948777 seconds
My rank:2, took 1.949599 seconds
My rank:3, took 1.948666 seconds
My rank:4, took 1.948696 seconds
My rank:5, took 1.948985 seconds
My rank:6, took 1.949115 seconds
My rank:7, took 1.948635 seconds
My rank:8, took 1.948778 seconds
My rank:9, took 1.949416 seconds
My rank:10, took 1.948867 seconds
My rank:11, took 1.948757 seconds
My rank:12, took 1.949328 seconds
My rank:13, took 1.949829 seconds
My rank:14, took 1.948508 seconds
My rank:15, took 1.949907 seconds
My rank:16, took 1.949529 seconds
My rank:17, took 1.949677 seconds
My rank:18, took 1.949814 seconds
My rank:19, took 1.949046 seconds
My rank:20, took 1.948798 seconds
My rank:21, took 1.949976 seconds
My rank:22, took 1.949352 seconds
My rank:23, took 1.948796 seconds
My rank:24, took 1.949435 seconds
My rank:25, took 1.948776 seconds
My rank:26, took 1.950128 seconds
My rank:27, took 1.949089 seconds
My rank:28, took 1.949210 seconds
My rank:29, took 1.948622 seconds
My rank:30, took 1.948535 seconds
My rank:31, took 1.948786 seconds
My rank:32, took 1.948620 seconds
My rank:33, took 1.949393 seconds
My rank:34, took 1.949845 seconds
My rank:35, took 1.948929 seconds
My rank:36, took 1.949109 seconds
My rank:37, took 1.948632 seconds
My rank:38, took 1.949780 seconds
My rank:39, took 1.949490 seconds
My rank:40, took 1.949797 seconds
My rank:41, took 1.949590 seconds
My rank:42, took 1.949691 seconds
My rank:43, took 1.949871 seconds
My rank:44, took 1.949289 seconds
My rank:45, took 1.948955 seconds
My rank:46, took 1.949432 seconds
My rank:47, took 1.948944 seconds
My rank:48, took 1.949688 seconds
My rank:49, took 1.949400 seconds
My rank:50, took 1.949251 seconds
My rank:51, took 1.949667 seconds
My rank:52, took 1.949139 seconds
My rank:53, took 1.949144 seconds
My rank:54, took 1.949378 seconds
My rank:55, took 1.949122 seconds
My rank:56, took 1.949537 seconds
My rank:57, took 1.949476 seconds
My rank:58, took 1.949588 seconds
My rank:59, took 1.949570 seconds
My rank:60, took 1.948948 seconds
My rank:61, took 1.949362 seconds
My rank:62, took 1.949677 seconds
My rank:63, took 1.949619 seconds
My rank:64, took 1.950121 seconds
My rank:65, took 1.949637 seconds
My rank:66, took 1.949121 seconds
My rank:67, took 1.950005 seconds
My rank:68, took 1.950137 seconds
My rank:69, took 1.949772 seconds
My rank:70, took 1.950155 seconds
My rank:71, took 1.936685 seconds
My rank:72, took 1.949365 seconds
My rank:73, took 1.950072 seconds
My rank:74, took 1.950336 seconds
My rank:75, took 1.949775 seconds
My rank:76, took 1.949570 seconds
My rank:77, took 1.948968 seconds
My rank:78, took 1.943779 seconds
My rank:79, took 1.949236 seconds
My rank:80, took 1.949091 seconds
My rank:81, took 1.949240 seconds
My rank:82, took 1.936724 seconds
My rank:83, took 1.949282 seconds
My rank:84, took 1.948767 seconds
My rank:85, took 1.950423 seconds
My rank:86, took 1.949366 seconds
My rank:87, took 1.948999 seconds
My rank:88, took 1.949346 seconds
My rank:89, took 1.949410 seconds
My rank:90, took 1.948977 seconds
My rank:91, took 1.949254 seconds
My rank:92, took 1.949192 seconds
My rank:93, took 1.950098 seconds
My rank:94, took 1.949197 seconds
My rank:95, took 1.950115 seconds
My rank:96, took 1.949357 seconds
My rank:97, took 1.948965 seconds
My rank:98, took 1.936681 seconds
My rank:99, took 1.948687 seconds
My rank:100, took 1.949135 seconds
My rank:101, took 1.950154 seconds
My rank:102, took 1.949067 seconds
My rank:103, took 1.949246 seconds
My rank:104, took 1.949127 seconds
My rank:105, took 1.948689 seconds
My rank:106, took 1.949964 seconds
My rank:107, took 1.948952 seconds
My rank:108, took 1.938368 seconds
My rank:109, took 1.943146 seconds
My rank:110, took 1.949431 seconds
My rank:111, took 1.949610 seconds
My rank:112, took 1.949174 seconds
My rank:113, took 1.948766 seconds
My rank:114, took 1.949340 seconds
My rank:115, took 1.949966 seconds
My rank:116, took 1.949859 seconds
My rank:117, took 1.948676 seconds
My rank:118, took 1.948872 seconds
My rank:119, took 1.948601 seconds
My rank:0, took 1.949599 seconds
That took 1.949599 seconds

JOB STATISTICS
==============
Job ID: 5027967
Cluster: snellius
User/Group: scur0330/scur0330
State: RUNNING
Nodes: 1
Cores per node: 128
CPU Utilized: 00:54:54
CPU Efficiency: 6.10% of 15:00:16 core-walltime
Job Wall-clock time: 00:07:02
Memory Utilized: 8.89 GB
Memory Efficiency: 3.97% of 224.00 GB
WARNING: Efficiency statistics may be misleading for RUNNING jobs.
