======== Run :  1
My rank: 2, Row start: 53, Row end:78 
My rank: 3, Row start: 79, Row end:104 
My rank: 5, Row start: 131, Row end:156 
My rank: 6, Row start: 157, Row end:182 
My rank: 10, Row start: 261, Row end:286 
My rank: 16, Row start: 417, Row end:442 
My rank: 17, Row start: 443, Row end:468 
My rank: 19, Row start: 495, Row end:520 
My rank: 23, Row start: 599, Row end:624 
My rank: 26, Row start: 677, Row end:702 
My rank: 27, Row start: 703, Row end:728 
My rank: 28, Row start: 729, Row end:754 
My rank: 29, Row start: 755, Row end:780 
My rank: 32, Row start: 833, Row end:858 
My rank: 38, Row start: 989, Row end:1014 
My rank: 40, Row start: 1041, Row end:1066 
My rank: 41, Row start: 1067, Row end:1092 
My rank: 42, Row start: 1093, Row end:1118 
My rank: 51, Row start: 1327, Row end:1352 
My rank: 54, Row start: 1405, Row end:1430 
My rank: 55, Row start: 1431, Row end:1456 
My rank: 57, Row start: 1483, Row end:1508 
My rank: 59, Row start: 1535, Row end:1560 
My rank: 60, Row start: 1561, Row end:1586 
My rank: 63, Row start: 1639, Row end:1664 
My rank: 64, Row start: 1665, Row end:1690 
My rank: 66, Row start: 1717, Row end:1742 
My rank: 67, Row start: 1743, Row end:1768 
My rank: 70, Row start: 1821, Row end:1846 
My rank: 71, Row start: 1847, Row end:1872 
My rank: 75, Row start: 1951, Row end:1976 
My rank: 76, Row start: 1977, Row end:2002 
My rank: 78, Row start: 2029, Row end:2054 
My rank: 79, Row start: 2055, Row end:2080 
My rank: 80, Row start: 2081, Row end:2106 
My rank: 81, Row start: 2107, Row end:2132 
My rank: 82, Row start: 2133, Row end:2158 
My rank: 83, Row start: 2159, Row end:2184 
My rank: 85, Row start: 2211, Row end:2236 
My rank: 86, Row start: 2237, Row end:2262 
My rank: 89, Row start: 2315, Row end:2340 
My rank: 90, Row start: 2341, Row end:2366 
My rank: 91, Row start: 2367, Row end:2392 
My rank: 94, Row start: 2445, Row end:2470 
My rank: 95, Row start: 2471, Row end:2496 
My rank: 97, Row start: 2523, Row end:2548 
My rank: 100, Row start: 2601, Row end:2626 
My rank: 102, Row start: 2653, Row end:2678 
My rank: 104, Row start: 2705, Row end:2730 
My rank: 107, Row start: 2783, Row end:2808 
My rank: 108, Row start: 2809, Row end:2834 
My rank: 110, Row start: 2861, Row end:2886 
My rank: 111, Row start: 2887, Row end:2999 
My rank: 0, Row start: 1, Row end:26 
My rank: 4, Row start: 105, Row end:130 
My rank: 8, Row start: 209, Row end:234 
My rank: 9, Row start: 235, Row end:260 
My rank: 11, Row start: 287, Row end:312 
My rank: 14, Row start: 365, Row end:390 
My rank: 15, Row start: 391, Row end:416 
My rank: 18, Row start: 469, Row end:494 
My rank: 20, Row start: 521, Row end:546 
My rank: 21, Row start: 547, Row end:572 
My rank: 22, Row start: 573, Row end:598 
My rank: 24, Row start: 625, Row end:650 
My rank: 25, Row start: 651, Row end:676 
My rank: 30, Row start: 781, Row end:806 
My rank: 33, Row start: 859, Row end:884 
My rank: 34, Row start: 885, Row end:910 
My rank: 35, Row start: 911, Row end:936 
My rank: 36, Row start: 937, Row end:962 
My rank: 37, Row start: 963, Row end:988 
My rank: 39, Row start: 1015, Row end:1040 
My rank: 43, Row start: 1119, Row end:1144 
My rank: 44, Row start: 1145, Row end:1170 
My rank: 45, Row start: 1171, Row end:1196 
My rank: 46, Row start: 1197, Row end:1222 
My rank: 47, Row start: 1223, Row end:1248 
My rank: 48, Row start: 1249, Row end:1274 
My rank: 49, Row start: 1275, Row end:1300 
My rank: 50, Row start: 1301, Row end:1326 
My rank: 52, Row start: 1353, Row end:1378 
My rank: 53, Row start: 1379, Row end:1404 
My rank: 58, Row start: 1509, Row end:1534 
My rank: 61, Row start: 1587, Row end:1612 
My rank: 62, Row start: 1613, Row end:1638 
My rank: 65, Row start: 1691, Row end:1716 
My rank: 68, Row start: 1769, Row end:1794 
My rank: 72, Row start: 1873, Row end:1898 
My rank: 73, Row start: 1899, Row end:1924 
My rank: 74, Row start: 1925, Row end:1950 
My rank: 77, Row start: 2003, Row end:2028 
My rank: 87, Row start: 2263, Row end:2288 
My rank: 88, Row start: 2289, Row end:2314 
My rank: 92, Row start: 2393, Row end:2418 
My rank: 93, Row start: 2419, Row end:2444 
My rank: 96, Row start: 2497, Row end:2522 
My rank: 98, Row start: 2549, Row end:2574 
My rank: 99, Row start: 2575, Row end:2600 
My rank: 101, Row start: 2627, Row end:2652 
My rank: 103, Row start: 2679, Row end:2704 
My rank: 105, Row start: 2731, Row end:2756 
My rank: 106, Row start: 2757, Row end:2782 
My rank: 109, Row start: 2835, Row end:2860 
My rank: 13, Row start: 339, Row end:364 
My rank: 31, Row start: 807, Row end:832 
My rank: 1, Row start: 27, Row end:52 
My rank: 7, Row start: 183, Row end:208 
My rank: 12, Row start: 313, Row end:338 
My rank: 56, Row start: 1457, Row end:1482 
My rank: 69, Row start: 1795, Row end:1820 
My rank: 84, Row start: 2185, Row end:2210 
My rank:1, took 5.078491 seconds
My rank:2, took 5.090780 seconds
My rank:3, took 5.092002 seconds
My rank:4, took 5.091126 seconds
My rank:5, took 5.093051 seconds
My rank:6, took 5.093526 seconds
My rank:7, took 5.084996 seconds
My rank:8, took 5.094565 seconds
My rank:9, took 5.094951 seconds
My rank:10, took 5.097037 seconds
My rank:11, took 5.096840 seconds
My rank:12, took 5.086613 seconds
My rank:13, took 5.097367 seconds
My rank:14, took 5.098907 seconds
My rank:15, took 5.099877 seconds
My rank:16, took 5.101526 seconds
My rank:17, took 5.102336 seconds
My rank:18, took 5.102180 seconds
My rank:19, took 5.103632 seconds
My rank:20, took 5.103230 seconds
My rank:21, took 5.103950 seconds
My rank:22, took 5.105194 seconds
My rank:23, took 5.106932 seconds
My rank:24, took 5.106265 seconds
My rank:25, took 5.106794 seconds
My rank:26, took 5.108974 seconds
My rank:27, took 5.109677 seconds
My rank:28, took 5.110659 seconds
My rank:29, took 5.111010 seconds
My rank:30, took 5.111539 seconds
My rank:31, took 5.111016 seconds
My rank:32, took 5.113461 seconds
My rank:33, took 5.113626 seconds
My rank:34, took 5.113699 seconds
My rank:35, took 5.115355 seconds
My rank:36, took 5.116176 seconds
My rank:37, took 5.116466 seconds
My rank:38, took 5.118129 seconds
My rank:39, took 5.118097 seconds
My rank:40, took 5.120000 seconds
My rank:41, took 5.120118 seconds
My rank:42, took 5.121468 seconds
My rank:43, took 5.121134 seconds
My rank:44, took 5.121937 seconds
My rank:45, took 5.122621 seconds
My rank:46, took 5.123695 seconds
My rank:47, took 5.124059 seconds
My rank:48, took 5.124481 seconds
My rank:49, took 5.125716 seconds
My rank:50, took 5.126865 seconds
My rank:51, took 5.128111 seconds
My rank:52, took 5.127915 seconds
My rank:53, took 5.128829 seconds
My rank:54, took 5.130738 seconds
My rank:55, took 5.131080 seconds
My rank:56, took 5.129619 seconds
My rank:57, took 5.132980 seconds
My rank:58, took 5.132905 seconds
My rank:59, took 5.134243 seconds
My rank:60, took 5.134553 seconds
My rank:61, took 5.135140 seconds
My rank:62, took 5.135243 seconds
My rank:63, took 5.137298 seconds
My rank:64, took 5.137568 seconds
My rank:65, took 5.138333 seconds
My rank:66, took 5.139378 seconds
My rank:67, took 5.139831 seconds
My rank:68, took 5.140513 seconds
My rank:69, took 5.128278 seconds
My rank:70, took 5.142739 seconds
My rank:71, took 5.142871 seconds
My rank:72, took 5.143072 seconds
My rank:73, took 5.144037 seconds
My rank:74, took 5.144455 seconds
My rank:75, took 5.146092 seconds
My rank:76, took 5.147272 seconds
My rank:77, took 5.147323 seconds
My rank:78, took 5.148778 seconds
My rank:79, took 5.149285 seconds
My rank:80, took 5.149671 seconds
My rank:81, took 5.150895 seconds
My rank:82, took 5.151528 seconds
My rank:83, took 5.152090 seconds
My rank:84, took 5.140620 seconds
My rank:85, took 5.154299 seconds
My rank:86, took 5.154778 seconds
My rank:87, took 5.154399 seconds
My rank:88, took 5.155542 seconds
My rank:89, took 5.157160 seconds
My rank:90, took 5.157953 seconds
My rank:91, took 5.158206 seconds
My rank:92, took 5.158604 seconds
My rank:93, took 5.158649 seconds
My rank:94, took 5.160405 seconds
My rank:95, took 5.161449 seconds
My rank:96, took 5.160852 seconds
My rank:97, took 5.162796 seconds
My rank:98, took 5.162632 seconds
My rank:99, took 5.163528 seconds
My rank:100, took 5.165050 seconds
My rank:101, took 5.165365 seconds
My rank:102, took 5.166671 seconds
My rank:103, took 5.166788 seconds
My rank:104, took 5.168392 seconds
My rank:105, took 5.168201 seconds
My rank:106, took 5.168590 seconds
My rank:107, took 5.170502 seconds
My rank:108, took 5.171291 seconds
My rank:109, took 5.170944 seconds
My rank:110, took 5.172750 seconds
My rank:111, took 5.173553 seconds
My rank:0, took 5.088139 seconds
That took 5.088139 seconds
======== Run :  2
My rank: 22, Row start: 573, Row end:598 
My rank: 37, Row start: 963, Row end:988 
My rank: 45, Row start: 1171, Row end:1196 
My rank: 47, Row start: 1223, Row end:1248 
My rank: 54, Row start: 1405, Row end:1430 
My rank: 71, Row start: 1847, Row end:1872 
My rank: 73, Row start: 1899, Row end:1924 
My rank: 87, Row start: 2263, Row end:2288 
My rank: 99, Row start: 2575, Row end:2600 
My rank: 1, Row start: 27, Row end:52 
My rank: 19, Row start: 495, Row end:520 
My rank: 30, Row start: 781, Row end:806 
My rank: 42, Row start: 1093, Row end:1118 
My rank: 49, Row start: 1275, Row end:1300 
My rank: 56, Row start: 1457, Row end:1482 
My rank: 57, Row start: 1483, Row end:1508 
My rank: 65, Row start: 1691, Row end:1716 
My rank: 75, Row start: 1951, Row end:1976 
My rank: 83, Row start: 2159, Row end:2184 
My rank: 105, Row start: 2731, Row end:2756 
My rank: 106, Row start: 2757, Row end:2782 
My rank: 110, Row start: 2861, Row end:2886 
My rank: 4, Row start: 105, Row end:130 
My rank: 6, Row start: 157, Row end:182 
My rank: 41, Row start: 1067, Row end:1092 
My rank: 50, Row start: 1301, Row end:1326 
My rank: 69, Row start: 1795, Row end:1820 
My rank: 74, Row start: 1925, Row end:1950 
My rank: 77, Row start: 2003, Row end:2028 
My rank: 90, Row start: 2341, Row end:2366 
My rank: 91, Row start: 2367, Row end:2392 
My rank: 0, Row start: 1, Row end:26 
My rank: 7, Row start: 183, Row end:208 
My rank: 12, Row start: 313, Row end:338 
My rank: 13, Row start: 339, Row end:364 
My rank: 14, Row start: 365, Row end:390 
My rank: 17, Row start: 443, Row end:468 
My rank: 18, Row start: 469, Row end:494 
My rank: 24, Row start: 625, Row end:650 
My rank: 25, Row start: 651, Row end:676 
My rank: 38, Row start: 989, Row end:1014 
My rank: 51, Row start: 1327, Row end:1352 
My rank: 60, Row start: 1561, Row end:1586 
My rank: 68, Row start: 1769, Row end:1794 
My rank: 70, Row start: 1821, Row end:1846 
My rank: 72, Row start: 1873, Row end:1898 
My rank: 76, Row start: 1977, Row end:2002 
My rank: 98, Row start: 2549, Row end:2574 
My rank: 100, Row start: 2601, Row end:2626 
My rank: 2, Row start: 53, Row end:78 
My rank: 3, Row start: 79, Row end:104 
My rank: 5, Row start: 131, Row end:156 
My rank: 8, Row start: 209, Row end:234 
My rank: 9, Row start: 235, Row end:260 
My rank: 10, Row start: 261, Row end:286 
My rank: 11, Row start: 287, Row end:312 
My rank: 15, Row start: 391, Row end:416 
My rank: 16, Row start: 417, Row end:442 
My rank: 20, Row start: 521, Row end:546 
My rank: 21, Row start: 547, Row end:572 
My rank: 23, Row start: 599, Row end:624 
My rank: 26, Row start: 677, Row end:702 
My rank: 28, Row start: 729, Row end:754 
My rank: 29, Row start: 755, Row end:780 
My rank: 31, Row start: 807, Row end:832 
My rank: 32, Row start: 833, Row end:858 
My rank: 33, Row start: 859, Row end:884 
My rank: 34, Row start: 885, Row end:910 
My rank: 39, Row start: 1015, Row end:1040 
My rank: 40, Row start: 1041, Row end:1066 
My rank: 43, Row start: 1119, Row end:1144 
My rank: 46, Row start: 1197, Row end:1222 
My rank: 48, Row start: 1249, Row end:1274 
My rank: 52, Row start: 1353, Row end:1378 
My rank: 55, Row start: 1431, Row end:1456 
My rank: 58, Row start: 1509, Row end:1534 
My rank: 59, Row start: 1535, Row end:1560 
My rank: 61, Row start: 1587, Row end:1612 
My rank: 63, Row start: 1639, Row end:1664 
My rank: 67, Row start: 1743, Row end:1768 
My rank: 78, Row start: 2029, Row end:2054 
My rank: 79, Row start: 2055, Row end:2080 
My rank: 80, Row start: 2081, Row end:2106 
My rank: 81, Row start: 2107, Row end:2132 
My rank: 82, Row start: 2133, Row end:2158 
My rank: 84, Row start: 2185, Row end:2210 
My rank: 85, Row start: 2211, Row end:2236 
My rank: 86, Row start: 2237, Row end:2262 
My rank: 88, Row start: 2289, Row end:2314 
My rank: 89, Row start: 2315, Row end:2340 
My rank: 93, Row start: 2419, Row end:2444 
My rank: 94, Row start: 2445, Row end:2470 
My rank: 95, Row start: 2471, Row end:2496 
My rank: 96, Row start: 2497, Row end:2522 
My rank: 97, Row start: 2523, Row end:2548 
My rank: 101, Row start: 2627, Row end:2652 
My rank: 102, Row start: 2653, Row end:2678 
My rank: 103, Row start: 2679, Row end:2704 
My rank: 104, Row start: 2705, Row end:2730 
My rank: 108, Row start: 2809, Row end:2834 
My rank: 109, Row start: 2835, Row end:2860 
My rank: 35, Row start: 911, Row end:936 
My rank: 36, Row start: 937, Row end:962 
My rank: 53, Row start: 1379, Row end:1404 
My rank: 64, Row start: 1665, Row end:1690 
My rank: 92, Row start: 2393, Row end:2418 
My rank: 107, Row start: 2783, Row end:2808 
My rank: 111, Row start: 2887, Row end:2999 
My rank: 27, Row start: 703, Row end:728 
My rank: 44, Row start: 1145, Row end:1170 
My rank: 62, Row start: 1613, Row end:1638 
My rank: 66, Row start: 1717, Row end:1742 
My rank:1, took 5.290940 seconds
My rank:2, took 5.290133 seconds
My rank:3, took 5.290566 seconds
My rank:4, took 5.290928 seconds
My rank:5, took 5.290206 seconds
My rank:6, took 5.290855 seconds
My rank:7, took 5.290740 seconds
My rank:8, took 5.290119 seconds
My rank:9, took 5.278021 seconds
My rank:10, took 5.290208 seconds
My rank:11, took 5.290300 seconds
My rank:12, took 5.290736 seconds
My rank:13, took 5.290694 seconds
My rank:14, took 5.290678 seconds
My rank:15, took 5.289615 seconds
My rank:16, took 5.289718 seconds
My rank:17, took 5.290029 seconds
My rank:18, took 5.290011 seconds
My rank:19, took 5.290505 seconds
My rank:20, took 5.289900 seconds
My rank:21, took 5.289767 seconds
My rank:22, took 5.290811 seconds
My rank:23, took 5.289856 seconds
My rank:24, took 5.290080 seconds
My rank:25, took 5.290138 seconds
My rank:26, took 5.290040 seconds
My rank:27, took 5.282130 seconds
My rank:28, took 5.289773 seconds
My rank:29, took 5.289861 seconds
My rank:30, took 5.290489 seconds
My rank:31, took 5.289694 seconds
My rank:32, took 5.289751 seconds
My rank:33, took 5.289805 seconds
My rank:34, took 5.289567 seconds
My rank:35, took 5.297882 seconds
My rank:36, took 5.298214 seconds
My rank:37, took 5.300010 seconds
My rank:38, took 5.299231 seconds
My rank:39, took 5.298802 seconds
My rank:40, took 5.299059 seconds
My rank:41, took 5.299501 seconds
My rank:42, took 5.299645 seconds
My rank:43, took 5.298948 seconds
My rank:44, took 5.292330 seconds
My rank:45, took 5.299813 seconds
My rank:46, took 5.289852 seconds
My rank:47, took 5.290726 seconds
My rank:48, took 5.289672 seconds
My rank:49, took 5.290552 seconds
My rank:50, took 5.290410 seconds
My rank:51, took 5.290222 seconds
My rank:52, took 5.289915 seconds
My rank:53, took 5.289272 seconds
My rank:54, took 5.290734 seconds
My rank:55, took 5.289610 seconds
My rank:56, took 5.290577 seconds
My rank:57, took 5.290535 seconds
My rank:58, took 5.289365 seconds
My rank:59, took 5.289963 seconds
My rank:60, took 5.290254 seconds
My rank:61, took 5.289738 seconds
My rank:62, took 5.279448 seconds
My rank:63, took 5.289858 seconds
My rank:64, took 5.289236 seconds
My rank:65, took 5.290572 seconds
My rank:66, took 5.287004 seconds
My rank:67, took 5.290006 seconds
My rank:68, took 5.290234 seconds
My rank:69, took 5.290336 seconds
My rank:70, took 5.290041 seconds
My rank:71, took 5.286475 seconds
My rank:72, took 5.285544 seconds
My rank:73, took 5.286186 seconds
My rank:74, took 5.285673 seconds
My rank:75, took 5.285952 seconds
My rank:76, took 5.285385 seconds
My rank:77, took 5.285672 seconds
My rank:78, took 5.285158 seconds
My rank:79, took 5.285210 seconds
My rank:80, took 5.285142 seconds
My rank:81, took 5.272125 seconds
My rank:82, took 5.272008 seconds
My rank:83, took 5.273941 seconds
My rank:84, took 5.274091 seconds
My rank:85, took 5.274628 seconds
My rank:86, took 5.275327 seconds
My rank:87, took 5.277145 seconds
My rank:88, took 5.276824 seconds
My rank:89, took 5.277967 seconds
My rank:90, took 5.279164 seconds
My rank:91, took 5.280044 seconds
My rank:92, took 5.279592 seconds
My rank:93, took 5.280754 seconds
My rank:94, took 5.281735 seconds
My rank:95, took 5.282426 seconds
My rank:96, took 5.283277 seconds
My rank:97, took 5.283761 seconds
My rank:98, took 5.284804 seconds
My rank:99, took 5.286314 seconds
My rank:100, took 5.286469 seconds
My rank:101, took 5.286656 seconds
My rank:102, took 5.287794 seconds
My rank:103, took 5.288173 seconds
My rank:104, took 5.288958 seconds
My rank:105, took 5.290645 seconds
My rank:106, took 5.291434 seconds
My rank:107, took 5.290342 seconds
My rank:108, took 5.292193 seconds
My rank:109, took 5.292574 seconds
My rank:110, took 5.294395 seconds
My rank:111, took 5.292959 seconds
My rank:0, took 5.290717 seconds
That took 5.290717 seconds
======== Run :  3
My rank: 0, Row start: 1, Row end:26 
My rank: 21, Row start: 547, Row end:572 
My rank: 47, Row start: 1223, Row end:1248 
My rank: 70, Row start: 1821, Row end:1846 
My rank: 78, Row start: 2029, Row end:2054 
My rank: 83, Row start: 2159, Row end:2184 
My rank: 84, Row start: 2185, Row end:2210 
My rank: 99, Row start: 2575, Row end:2600 
My rank: 108, Row start: 2809, Row end:2834 
My rank: 110, Row start: 2861, Row end:2886 
My rank: 1, Row start: 27, Row end:52 
My rank: 6, Row start: 157, Row end:182 
My rank: 13, Row start: 339, Row end:364 
My rank: 18, Row start: 469, Row end:494 
My rank: 64, Row start: 1665, Row end:1690 
My rank: 73, Row start: 1899, Row end:1924 
My rank: 80, Row start: 2081, Row end:2106 
My rank: 93, Row start: 2419, Row end:2444 
My rank: 96, Row start: 2497, Row end:2522 
My rank: 101, Row start: 2627, Row end:2652 
My rank: 102, Row start: 2653, Row end:2678 
My rank: 104, Row start: 2705, Row end:2730 
My rank: 30, Row start: 781, Row end:806 
My rank: 50, Row start: 1301, Row end:1326 
My rank: 52, Row start: 1353, Row end:1378 
My rank: 65, Row start: 1691, Row end:1716 
My rank: 86, Row start: 2237, Row end:2262 
My rank: 88, Row start: 2289, Row end:2314 
My rank: 103, Row start: 2679, Row end:2704 
My rank: 12, Row start: 313, Row end:338 
My rank: 19, Row start: 495, Row end:520 
My rank: 27, Row start: 703, Row end:728 
My rank: 37, Row start: 963, Row end:988 
My rank: 62, Row start: 1613, Row end:1638 
My rank: 66, Row start: 1717, Row end:1742 
My rank: 71, Row start: 1847, Row end:1872 
My rank: 85, Row start: 2211, Row end:2236 
My rank: 92, Row start: 2393, Row end:2418 
My rank: 109, Row start: 2835, Row end:2860 
My rank: 15, Row start: 391, Row end:416 
My rank: 20, Row start: 521, Row end:546 
My rank: 34, Row start: 885, Row end:910 
My rank: 38, Row start: 989, Row end:1014 
My rank: 40, Row start: 1041, Row end:1066 
My rank: 74, Row start: 1925, Row end:1950 
My rank: 79, Row start: 2055, Row end:2080 
My rank: 81, Row start: 2107, Row end:2132 
My rank: 94, Row start: 2445, Row end:2470 
My rank: 95, Row start: 2471, Row end:2496 
My rank: 105, Row start: 2731, Row end:2756 
My rank: 106, Row start: 2757, Row end:2782 
My rank: 4, Row start: 105, Row end:130 
My rank: 5, Row start: 131, Row end:156 
My rank: 7, Row start: 183, Row end:208 
My rank: 8, Row start: 209, Row end:234 
My rank: 10, Row start: 261, Row end:286 
My rank: 14, Row start: 365, Row end:390 
My rank: 16, Row start: 417, Row end:442 
My rank: 17, Row start: 443, Row end:468 
My rank: 22, Row start: 573, Row end:598 
My rank: 23, Row start: 599, Row end:624 
My rank: 25, Row start: 651, Row end:676 
My rank: 32, Row start: 833, Row end:858 
My rank: 33, Row start: 859, Row end:884 
My rank: 35, Row start: 911, Row end:936 
My rank: 42, Row start: 1093, Row end:1118 
My rank: 43, Row start: 1119, Row end:1144 
My rank: 44, Row start: 1145, Row end:1170 
My rank: 45, Row start: 1171, Row end:1196 
My rank: 46, Row start: 1197, Row end:1222 
My rank: 48, Row start: 1249, Row end:1274 
My rank: 51, Row start: 1327, Row end:1352 
My rank: 53, Row start: 1379, Row end:1404 
My rank: 56, Row start: 1457, Row end:1482 
My rank: 57, Row start: 1483, Row end:1508 
My rank: 60, Row start: 1561, Row end:1586 
My rank: 68, Row start: 1769, Row end:1794 
My rank: 76, Row start: 1977, Row end:2002 
My rank: 87, Row start: 2263, Row end:2288 
My rank: 90, Row start: 2341, Row end:2366 
My rank: 91, Row start: 2367, Row end:2392 
My rank: 100, Row start: 2601, Row end:2626 
My rank: 2, Row start: 53, Row end:78 
My rank: 9, Row start: 235, Row end:260 
My rank: 26, Row start: 677, Row end:702 
My rank: 36, Row start: 937, Row end:962 
My rank: 41, Row start: 1067, Row end:1092 
My rank: 55, Row start: 1431, Row end:1456 
My rank: 58, Row start: 1509, Row end:1534 
My rank: 63, Row start: 1639, Row end:1664 
My rank: 67, Row start: 1743, Row end:1768 
My rank: 72, Row start: 1873, Row end:1898 
My rank: 75, Row start: 1951, Row end:1976 
My rank: 77, Row start: 2003, Row end:2028 
My rank: 97, Row start: 2523, Row end:2548 
My rank: 111, Row start: 2887, Row end:2999 
My rank: 3, Row start: 79, Row end:104 
My rank: 11, Row start: 287, Row end:312 
My rank: 31, Row start: 807, Row end:832 
My rank: 39, Row start: 1015, Row end:1040 
My rank: 49, Row start: 1275, Row end:1300 
My rank: 54, Row start: 1405, Row end:1430 
My rank: 59, Row start: 1535, Row end:1560 
My rank: 82, Row start: 2133, Row end:2158 
My rank: 89, Row start: 2315, Row end:2340 
My rank: 98, Row start: 2549, Row end:2574 
My rank: 107, Row start: 2783, Row end:2808 
My rank: 24, Row start: 625, Row end:650 
My rank: 29, Row start: 755, Row end:780 
My rank: 61, Row start: 1587, Row end:1612 
My rank: 69, Row start: 1795, Row end:1820 
My rank: 28, Row start: 729, Row end:754 
My rank:1, took 8.375171 seconds
My rank:2, took 8.373888 seconds
My rank:3, took 8.372419 seconds
My rank:4, took 8.374287 seconds
My rank:5, took 8.374046 seconds
My rank:6, took 8.374959 seconds
My rank:7, took 8.374238 seconds
My rank:8, took 8.374136 seconds
My rank:9, took 8.373950 seconds
My rank:10, took 8.374237 seconds
My rank:11, took 8.364458 seconds
My rank:12, took 8.374686 seconds
My rank:13, took 8.386543 seconds
My rank:14, took 8.385506 seconds
My rank:15, took 8.386017 seconds
My rank:16, took 8.385547 seconds
My rank:17, took 8.385732 seconds
My rank:18, took 8.386630 seconds
My rank:19, took 8.386164 seconds
My rank:20, took 8.385818 seconds
My rank:21, took 8.386690 seconds
My rank:22, took 8.385606 seconds
My rank:23, took 8.385483 seconds
My rank:24, took 8.373887 seconds
My rank:25, took 8.385765 seconds
My rank:26, took 8.385319 seconds
My rank:27, took 8.386253 seconds
My rank:28, took 8.360284 seconds
My rank:29, took 8.371990 seconds
My rank:30, took 8.386390 seconds
My rank:31, took 8.383083 seconds
My rank:32, took 8.385720 seconds
My rank:33, took 8.385677 seconds
My rank:34, took 8.386119 seconds
My rank:35, took 8.385596 seconds
My rank:36, took 8.385336 seconds
My rank:37, took 8.387074 seconds
My rank:38, took 8.387065 seconds
My rank:39, took 8.385123 seconds
My rank:40, took 8.386945 seconds
My rank:41, took 8.386499 seconds
My rank:42, took 8.386531 seconds
My rank:43, took 8.386752 seconds
My rank:44, took 8.386733 seconds
My rank:45, took 8.387062 seconds
My rank:46, took 8.386796 seconds
My rank:47, took 8.387962 seconds
My rank:48, took 8.386939 seconds
My rank:49, took 8.385518 seconds
My rank:50, took 8.387529 seconds
My rank:51, took 8.386811 seconds
My rank:52, took 8.387592 seconds
My rank:53, took 8.386877 seconds
My rank:54, took 8.379809 seconds
My rank:55, took 8.387809 seconds
My rank:56, took 8.388691 seconds
My rank:57, took 8.389544 seconds
My rank:58, took 8.389708 seconds
My rank:59, took 8.380497 seconds
My rank:60, took 8.391503 seconds
My rank:61, took 8.378908 seconds
My rank:62, took 8.393871 seconds
My rank:63, took 8.393629 seconds
My rank:64, took 8.395678 seconds
My rank:65, took 8.396196 seconds
My rank:66, took 8.396761 seconds
My rank:67, took 8.396315 seconds
My rank:68, took 8.397667 seconds
My rank:69, took 8.385912 seconds
My rank:70, took 8.400435 seconds
My rank:71, took 8.400496 seconds
My rank:72, took 8.400392 seconds
My rank:73, took 8.402427 seconds
My rank:74, took 8.402712 seconds
My rank:75, took 8.402535 seconds
My rank:76, took 8.403739 seconds
My rank:77, took 8.404192 seconds
My rank:78, took 8.406496 seconds
My rank:79, took 8.406309 seconds
My rank:80, took 8.407780 seconds
My rank:81, took 8.407767 seconds
My rank:82, took 8.399728 seconds
My rank:83, took 8.410708 seconds
My rank:84, took 8.410868 seconds
My rank:85, took 8.411221 seconds
My rank:86, took 8.412016 seconds
My rank:87, took 8.412110 seconds
My rank:88, took 8.413570 seconds
My rank:89, took 8.412323 seconds
My rank:90, took 8.414311 seconds
My rank:91, took 8.414994 seconds
My rank:92, took 8.416549 seconds
My rank:93, took 8.417437 seconds
My rank:94, took 8.417697 seconds
My rank:95, took 8.418380 seconds
My rank:96, took 8.419759 seconds
My rank:97, took 8.419155 seconds
My rank:98, took 8.418554 seconds
My rank:99, took 8.422347 seconds
My rank:100, took 8.421724 seconds
My rank:101, took 8.423630 seconds
My rank:102, took 8.424329 seconds
My rank:103, took 8.424928 seconds
My rank:104, took 8.425838 seconds
My rank:105, took 8.426114 seconds
My rank:106, took 8.426915 seconds
My rank:107, took 8.425756 seconds
My rank:108, took 8.429049 seconds
My rank:109, took 8.429448 seconds
My rank:110, took 8.430712 seconds
My rank:111, took 8.429795 seconds
My rank:0, took 8.375259 seconds
That took 8.375259 seconds
======== Run :  4
My rank: 1, Row start: 27, Row end:52 
My rank: 3, Row start: 79, Row end:104 
My rank: 5, Row start: 131, Row end:156 
My rank: 10, Row start: 261, Row end:286 
My rank: 11, Row start: 287, Row end:312 
My rank: 14, Row start: 365, Row end:390 
My rank: 15, Row start: 391, Row end:416 
My rank: 21, Row start: 547, Row end:572 
My rank: 28, Row start: 729, Row end:754 
My rank: 32, Row start: 833, Row end:858 
My rank: 33, Row start: 859, Row end:884 
My rank: 37, Row start: 963, Row end:988 
My rank: 39, Row start: 1015, Row end:1040 
My rank: 46, Row start: 1197, Row end:1222 
My rank: 49, Row start: 1275, Row end:1300 
My rank: 56, Row start: 1457, Row end:1482 
My rank: 57, Row start: 1483, Row end:1508 
My rank: 60, Row start: 1561, Row end:1586 
My rank: 66, Row start: 1717, Row end:1742 
My rank: 71, Row start: 1847, Row end:1872 
My rank: 72, Row start: 1873, Row end:1898 
My rank: 74, Row start: 1925, Row end:1950 
My rank: 75, Row start: 1951, Row end:1976 
My rank: 79, Row start: 2055, Row end:2080 
My rank: 82, Row start: 2133, Row end:2158 
My rank: 91, Row start: 2367, Row end:2392 
My rank: 94, Row start: 2445, Row end:2470 
My rank: 100, Row start: 2601, Row end:2626 
My rank: 103, Row start: 2679, Row end:2704 
My rank: 105, Row start: 2731, Row end:2756 
My rank: 106, Row start: 2757, Row end:2782 
My rank: 108, Row start: 2809, Row end:2834 
My rank: 110, Row start: 2861, Row end:2886 
My rank: 2, Row start: 53, Row end:78 
My rank: 8, Row start: 209, Row end:234 
My rank: 12, Row start: 313, Row end:338 
My rank: 13, Row start: 339, Row end:364 
My rank: 19, Row start: 495, Row end:520 
My rank: 24, Row start: 625, Row end:650 
My rank: 25, Row start: 651, Row end:676 
My rank: 31, Row start: 807, Row end:832 
My rank: 35, Row start: 911, Row end:936 
My rank: 36, Row start: 937, Row end:962 
My rank: 40, Row start: 1041, Row end:1066 
My rank: 41, Row start: 1067, Row end:1092 
My rank: 42, Row start: 1093, Row end:1118 
My rank: 51, Row start: 1327, Row end:1352 
My rank: 52, Row start: 1353, Row end:1378 
My rank: 64, Row start: 1665, Row end:1690 
My rank: 76, Row start: 1977, Row end:2002 
My rank: 80, Row start: 2081, Row end:2106 
My rank: 96, Row start: 2497, Row end:2522 
My rank: 98, Row start: 2549, Row end:2574 
My rank: 99, Row start: 2575, Row end:2600 
My rank: 104, Row start: 2705, Row end:2730 
My rank: 107, Row start: 2783, Row end:2808 
My rank: 111, Row start: 2887, Row end:2999 
My rank: 0, Row start: 1, Row end:26 
My rank: 27, Row start: 703, Row end:728 
My rank: 45, Row start: 1171, Row end:1196 
My rank: 55, Row start: 1431, Row end:1456 
My rank: 63, Row start: 1639, Row end:1664 
My rank: 68, Row start: 1769, Row end:1794 
My rank: 69, Row start: 1795, Row end:1820 
My rank: 70, Row start: 1821, Row end:1846 
My rank: 73, Row start: 1899, Row end:1924 
My rank: 93, Row start: 2419, Row end:2444 
My rank: 95, Row start: 2471, Row end:2496 
My rank: 26, Row start: 677, Row end:702 
My rank: 59, Row start: 1535, Row end:1560 
My rank: 81, Row start: 2107, Row end:2132 
My rank: 50, Row start: 1301, Row end:1326 
My rank: 58, Row start: 1509, Row end:1534 
My rank: 86, Row start: 2237, Row end:2262 
My rank: 16, Row start: 417, Row end:442 
My rank: 23, Row start: 599, Row end:624 
My rank: 44, Row start: 1145, Row end:1170 
My rank: 53, Row start: 1379, Row end:1404 
My rank: 61, Row start: 1587, Row end:1612 
My rank: 77, Row start: 2003, Row end:2028 
My rank: 83, Row start: 2159, Row end:2184 
My rank: 87, Row start: 2263, Row end:2288 
My rank: 89, Row start: 2315, Row end:2340 
My rank: 90, Row start: 2341, Row end:2366 
My rank: 92, Row start: 2393, Row end:2418 
My rank: 109, Row start: 2835, Row end:2860 
My rank: 9, Row start: 235, Row end:260 
My rank: 48, Row start: 1249, Row end:1274 
My rank: 17, Row start: 443, Row end:468 
My rank: 29, Row start: 755, Row end:780 
My rank: 38, Row start: 989, Row end:1014 
My rank: 78, Row start: 2029, Row end:2054 
My rank: 6, Row start: 157, Row end:182 
My rank: 84, Row start: 2185, Row end:2210 
My rank: 88, Row start: 2289, Row end:2314 
My rank: 34, Row start: 885, Row end:910 
My rank: 7, Row start: 183, Row end:208 
My rank: 102, Row start: 2653, Row end:2678 
My rank: 67, Row start: 1743, Row end:1768 
My rank: 85, Row start: 2211, Row end:2236 
My rank: 101, Row start: 2627, Row end:2652 
My rank: 22, Row start: 573, Row end:598 
My rank: 65, Row start: 1691, Row end:1716 
My rank: 20, Row start: 521, Row end:546 
My rank: 47, Row start: 1223, Row end:1248 
My rank: 97, Row start: 2523, Row end:2548 
My rank: 18, Row start: 469, Row end:494 
My rank: 62, Row start: 1613, Row end:1638 
My rank: 54, Row start: 1405, Row end:1430 
My rank: 43, Row start: 1119, Row end:1144 
My rank: 30, Row start: 781, Row end:806 
My rank: 4, Row start: 105, Row end:130 
My rank:1, took 6.814429 seconds
My rank:2, took 6.813914 seconds
My rank:3, took 6.814526 seconds
My rank:4, took 6.789573 seconds
My rank:5, took 6.814199 seconds
My rank:6, took 6.812661 seconds
My rank:7, took 6.812544 seconds
My rank:8, took 6.833515 seconds
My rank:9, took 6.832953 seconds
My rank:10, took 6.834090 seconds
My rank:11, took 6.834062 seconds
My rank:12, took 6.833687 seconds
My rank:13, took 6.834027 seconds
My rank:14, took 6.834405 seconds
My rank:15, took 6.834047 seconds
My rank:16, took 6.833212 seconds
My rank:17, took 6.832951 seconds
My rank:18, took 6.831471 seconds
My rank:19, took 6.833874 seconds
My rank:20, took 6.832336 seconds
My rank:21, took 6.834644 seconds
My rank:22, took 6.832504 seconds
My rank:23, took 6.833371 seconds
My rank:24, took 6.833799 seconds
My rank:25, took 6.833902 seconds
My rank:26, took 6.833579 seconds
My rank:27, took 6.833661 seconds
My rank:28, took 6.834761 seconds
My rank:29, took 6.833241 seconds
My rank:30, took 6.820792 seconds
My rank:31, took 6.834037 seconds
My rank:32, took 6.834250 seconds
My rank:33, took 6.834536 seconds
My rank:34, took 6.832776 seconds
My rank:35, took 6.833799 seconds
My rank:36, took 6.833945 seconds
My rank:37, took 6.834445 seconds
My rank:38, took 6.833256 seconds
My rank:39, took 6.834319 seconds
My rank:40, took 6.834272 seconds
My rank:41, took 6.834261 seconds
My rank:42, took 6.834160 seconds
My rank:43, took 6.822786 seconds
My rank:44, took 6.833460 seconds
My rank:45, took 6.833770 seconds
My rank:46, took 6.834465 seconds
My rank:47, took 6.832434 seconds
My rank:48, took 6.833370 seconds
My rank:49, took 6.834389 seconds
My rank:50, took 6.833649 seconds
My rank:51, took 6.834342 seconds
My rank:52, took 6.834189 seconds
My rank:53, took 6.823091 seconds
My rank:54, took 6.823027 seconds
My rank:55, took 6.833963 seconds
My rank:56, took 6.834928 seconds
My rank:57, took 6.834802 seconds
My rank:58, took 6.833811 seconds
My rank:59, took 6.833846 seconds
My rank:60, took 6.840690 seconds
My rank:61, took 6.833718 seconds
My rank:62, took 6.823849 seconds
My rank:63, took 6.833945 seconds
My rank:64, took 6.834304 seconds
My rank:65, took 6.832716 seconds
My rank:66, took 6.834905 seconds
My rank:67, took 6.832878 seconds
My rank:68, took 6.833906 seconds
My rank:69, took 6.833817 seconds
My rank:70, took 6.833934 seconds
My rank:71, took 6.834659 seconds
My rank:72, took 6.834765 seconds
My rank:73, took 6.833796 seconds
My rank:74, took 6.834720 seconds
My rank:75, took 6.834964 seconds
My rank:76, took 6.834104 seconds
My rank:77, took 6.833578 seconds
My rank:78, took 6.833183 seconds
My rank:79, took 6.834661 seconds
My rank:80, took 6.834218 seconds
My rank:81, took 6.833680 seconds
My rank:82, took 6.834934 seconds
My rank:83, took 6.834824 seconds
My rank:84, took 6.835069 seconds
My rank:85, took 6.835633 seconds
My rank:86, took 6.837255 seconds
My rank:87, took 6.837852 seconds
My rank:88, took 6.838112 seconds
My rank:89, took 6.839368 seconds
My rank:90, took 6.840256 seconds
My rank:91, took 6.842193 seconds
My rank:92, took 6.841795 seconds
My rank:93, took 6.842774 seconds
My rank:94, took 6.844238 seconds
My rank:95, took 6.844334 seconds
My rank:96, took 6.845272 seconds
My rank:97, took 6.844394 seconds
My rank:98, took 6.847063 seconds
My rank:99, took 6.847593 seconds
My rank:100, took 6.848758 seconds
My rank:101, took 6.847802 seconds
My rank:102, took 6.848656 seconds
My rank:103, took 6.850913 seconds
My rank:104, took 6.851294 seconds
My rank:105, took 6.852893 seconds
My rank:106, took 6.853625 seconds
My rank:107, took 6.853925 seconds
My rank:108, took 6.854729 seconds
My rank:109, took 6.854582 seconds
My rank:110, took 6.856804 seconds
My rank:111, took 6.856900 seconds
My rank:0, took 6.813379 seconds
That took 6.813379 seconds
======== Run :  5
My rank: 5, Row start: 131, Row end:156 
My rank: 8, Row start: 209, Row end:234 
My rank: 12, Row start: 313, Row end:338 
My rank: 15, Row start: 391, Row end:416 
My rank: 18, Row start: 469, Row end:494 
My rank: 19, Row start: 495, Row end:520 
My rank: 32, Row start: 833, Row end:858 
My rank: 35, Row start: 911, Row end:936 
My rank: 38, Row start: 989, Row end:1014 
My rank: 39, Row start: 1015, Row end:1040 
My rank: 43, Row start: 1119, Row end:1144 
My rank: 44, Row start: 1145, Row end:1170 
My rank: 45, Row start: 1171, Row end:1196 
My rank: 50, Row start: 1301, Row end:1326 
My rank: 55, Row start: 1431, Row end:1456 
My rank: 56, Row start: 1457, Row end:1482 
My rank: 63, Row start: 1639, Row end:1664 
My rank: 67, Row start: 1743, Row end:1768 
My rank: 68, Row start: 1769, Row end:1794 
My rank: 72, Row start: 1873, Row end:1898 
My rank: 79, Row start: 2055, Row end:2080 
My rank: 81, Row start: 2107, Row end:2132 
My rank: 91, Row start: 2367, Row end:2392 
My rank: 94, Row start: 2445, Row end:2470 
My rank: 95, Row start: 2471, Row end:2496 
My rank: 96, Row start: 2497, Row end:2522 
My rank: 107, Row start: 2783, Row end:2808 
My rank: 0, Row start: 1, Row end:26 
My rank: 2, Row start: 53, Row end:78 
My rank: 7, Row start: 183, Row end:208 
My rank: 9, Row start: 235, Row end:260 
My rank: 16, Row start: 417, Row end:442 
My rank: 23, Row start: 599, Row end:624 
My rank: 24, Row start: 625, Row end:650 
My rank: 34, Row start: 885, Row end:910 
My rank: 36, Row start: 937, Row end:962 
My rank: 37, Row start: 963, Row end:988 
My rank: 53, Row start: 1379, Row end:1404 
My rank: 57, Row start: 1483, Row end:1508 
My rank: 58, Row start: 1509, Row end:1534 
My rank: 65, Row start: 1691, Row end:1716 
My rank: 69, Row start: 1795, Row end:1820 
My rank: 80, Row start: 2081, Row end:2106 
My rank: 83, Row start: 2159, Row end:2184 
My rank: 86, Row start: 2237, Row end:2262 
My rank: 89, Row start: 2315, Row end:2340 
My rank: 90, Row start: 2341, Row end:2366 
My rank: 98, Row start: 2549, Row end:2574 
My rank: 108, Row start: 2809, Row end:2834 
My rank: 109, Row start: 2835, Row end:2860 
My rank: 20, Row start: 521, Row end:546 
My rank: 30, Row start: 781, Row end:806 
My rank: 51, Row start: 1327, Row end:1352 
My rank: 78, Row start: 2029, Row end:2054 
My rank: 84, Row start: 2185, Row end:2210 
My rank: 97, Row start: 2523, Row end:2548 
My rank: 100, Row start: 2601, Row end:2626 
My rank: 103, Row start: 2679, Row end:2704 
My rank: 105, Row start: 2731, Row end:2756 
My rank: 110, Row start: 2861, Row end:2886 
My rank: 25, Row start: 651, Row end:676 
My rank: 29, Row start: 755, Row end:780 
My rank: 31, Row start: 807, Row end:832 
My rank: 48, Row start: 1249, Row end:1274 
My rank: 54, Row start: 1405, Row end:1430 
My rank: 85, Row start: 2211, Row end:2236 
My rank: 47, Row start: 1223, Row end:1248 
My rank: 70, Row start: 1821, Row end:1846 
My rank: 73, Row start: 1899, Row end:1924 
My rank: 88, Row start: 2289, Row end:2314 
My rank: 13, Row start: 339, Row end:364 
My rank: 28, Row start: 729, Row end:754 
My rank: 49, Row start: 1275, Row end:1300 
My rank: 93, Row start: 2419, Row end:2444 
My rank: 6, Row start: 157, Row end:182 
My rank: 27, Row start: 703, Row end:728 
My rank: 66, Row start: 1717, Row end:1742 
My rank: 76, Row start: 1977, Row end:2002 
My rank: 77, Row start: 2003, Row end:2028 
My rank: 82, Row start: 2133, Row end:2158 
My rank: 102, Row start: 2653, Row end:2678 
My rank: 11, Row start: 287, Row end:312 
My rank: 26, Row start: 677, Row end:702 
My rank: 74, Row start: 1925, Row end:1950 
My rank: 99, Row start: 2575, Row end:2600 
My rank: 106, Row start: 2757, Row end:2782 
My rank: 1, Row start: 27, Row end:52 
My rank: 10, Row start: 261, Row end:286 
My rank: 41, Row start: 1067, Row end:1092 
My rank: 111, Row start: 2887, Row end:2999 
My rank: 33, Row start: 859, Row end:884 
My rank: 87, Row start: 2263, Row end:2288 
My rank: 40, Row start: 1041, Row end:1066 
My rank: 104, Row start: 2705, Row end:2730 
My rank: 52, Row start: 1353, Row end:1378 
My rank: 92, Row start: 2393, Row end:2418 
My rank: 14, Row start: 365, Row end:390 
My rank: 21, Row start: 547, Row end:572 
My rank: 22, Row start: 573, Row end:598 
My rank: 46, Row start: 1197, Row end:1222 
My rank: 59, Row start: 1535, Row end:1560 
My rank: 60, Row start: 1561, Row end:1586 
My rank: 61, Row start: 1587, Row end:1612 
My rank: 62, Row start: 1613, Row end:1638 
My rank: 64, Row start: 1665, Row end:1690 
My rank: 75, Row start: 1951, Row end:1976 
My rank: 101, Row start: 2627, Row end:2652 
My rank: 71, Row start: 1847, Row end:1872 
My rank: 17, Row start: 443, Row end:468 
My rank: 42, Row start: 1093, Row end:1118 
My rank: 4, Row start: 105, Row end:130 
My rank: 3, Row start: 79, Row end:104 
My rank:1, took 5.527423 seconds
My rank:2, took 5.528798 seconds
My rank:3, took 5.505618 seconds
My rank:4, took 5.517354 seconds
My rank:5, took 5.531716 seconds
My rank:6, took 5.531425 seconds
My rank:7, took 5.532639 seconds
My rank:8, took 5.533998 seconds
My rank:9, took 5.534290 seconds
My rank:10, took 5.534459 seconds
My rank:11, took 5.535203 seconds
My rank:12, took 5.536747 seconds
My rank:13, took 5.536913 seconds
My rank:14, took 5.536885 seconds
My rank:15, took 5.539230 seconds
My rank:16, took 5.539644 seconds
My rank:17, took 5.530271 seconds
My rank:18, took 5.541484 seconds
My rank:19, took 5.542404 seconds
My rank:20, took 5.542385 seconds
My rank:21, took 5.541706 seconds
My rank:22, took 5.548525 seconds
My rank:23, took 5.549596 seconds
My rank:24, took 5.549725 seconds
My rank:25, took 5.549330 seconds
My rank:26, took 5.549135 seconds
My rank:27, took 5.549177 seconds
My rank:28, took 5.549290 seconds
My rank:29, took 5.549399 seconds
My rank:30, took 5.550021 seconds
My rank:31, took 5.550593 seconds
My rank:32, took 5.552222 seconds
My rank:33, took 5.551694 seconds
My rank:34, took 5.553102 seconds
My rank:35, took 5.554156 seconds
My rank:36, took 5.554818 seconds
My rank:37, took 5.555312 seconds
My rank:38, took 5.556412 seconds
My rank:39, took 5.557373 seconds
My rank:40, took 5.556906 seconds
My rank:41, took 5.557751 seconds
My rank:42, took 5.548267 seconds
My rank:43, took 5.560263 seconds
My rank:44, took 5.561069 seconds
My rank:45, took 5.561710 seconds
My rank:46, took 5.561054 seconds
My rank:47, took 5.562596 seconds
My rank:48, took 5.563377 seconds
My rank:49, took 5.564065 seconds
My rank:50, took 5.565711 seconds
My rank:51, took 5.565758 seconds
My rank:52, took 5.565882 seconds
My rank:53, took 5.567514 seconds
My rank:54, took 5.567983 seconds
My rank:55, took 5.569670 seconds
My rank:56, took 5.570017 seconds
My rank:57, took 5.570581 seconds
My rank:58, took 5.571367 seconds
My rank:59, took 5.570853 seconds
My rank:60, took 5.571525 seconds
My rank:61, took 5.572518 seconds
My rank:62, took 5.573008 seconds
My rank:63, took 5.575487 seconds
My rank:64, took 5.574743 seconds
My rank:65, took 5.576735 seconds
My rank:66, took 5.576855 seconds
My rank:67, took 5.578741 seconds
My rank:68, took 5.579291 seconds
My rank:69, took 5.579585 seconds
My rank:70, took 5.580010 seconds
My rank:71, took 5.573097 seconds
My rank:72, took 5.582324 seconds
My rank:73, took 5.582233 seconds
My rank:74, took 5.582774 seconds
My rank:75, took 5.582125 seconds
My rank:76, took 5.584461 seconds
My rank:77, took 5.585106 seconds
My rank:78, took 5.586145 seconds
My rank:79, took 5.587437 seconds
My rank:80, took 5.588075 seconds
My rank:81, took 5.589073 seconds
My rank:82, took 5.588883 seconds
My rank:83, took 5.590063 seconds
My rank:84, took 5.590796 seconds
My rank:85, took 5.591463 seconds
My rank:86, took 5.592379 seconds
My rank:87, took 5.592562 seconds
My rank:88, took 5.593591 seconds
My rank:89, took 5.594847 seconds
My rank:90, took 5.595461 seconds
My rank:91, took 5.596516 seconds
My rank:92, took 5.596197 seconds
My rank:93, took 5.597326 seconds
My rank:94, took 5.599223 seconds
My rank:95, took 5.599568 seconds
My rank:96, took 5.600460 seconds
My rank:97, took 5.600613 seconds
My rank:98, took 5.601686 seconds
My rank:99, took 5.601791 seconds
My rank:100, took 5.602927 seconds
My rank:101, took 5.601108 seconds
My rank:102, took 5.604065 seconds
My rank:103, took 5.605142 seconds
My rank:104, took 5.605369 seconds
My rank:105, took 5.606666 seconds
My rank:106, took 5.607058 seconds
My rank:107, took 5.608604 seconds
My rank:108, took 5.609326 seconds
My rank:109, took 5.609852 seconds
My rank:110, took 5.610451 seconds
My rank:111, took 5.610742 seconds
My rank:0, took 5.527278 seconds
That took 5.527278 seconds
======== Run :  6
My rank: 3, Row start: 79, Row end:104 
My rank: 8, Row start: 209, Row end:234 
My rank: 11, Row start: 287, Row end:312 
My rank: 15, Row start: 391, Row end:416 
My rank: 27, Row start: 703, Row end:728 
My rank: 32, Row start: 833, Row end:858 
My rank: 38, Row start: 989, Row end:1014 
My rank: 54, Row start: 1405, Row end:1430 
My rank: 57, Row start: 1483, Row end:1508 
My rank: 63, Row start: 1639, Row end:1664 
My rank: 65, Row start: 1691, Row end:1716 
My rank: 70, Row start: 1821, Row end:1846 
My rank: 76, Row start: 1977, Row end:2002 
My rank: 90, Row start: 2341, Row end:2366 
My rank: 96, Row start: 2497, Row end:2522 
My rank: 106, Row start: 2757, Row end:2782 
My rank: 111, Row start: 2887, Row end:2999 
My rank: 0, Row start: 1, Row end:26 
My rank: 1, Row start: 27, Row end:52 
My rank: 2, Row start: 53, Row end:78 
My rank: 6, Row start: 157, Row end:182 
My rank: 12, Row start: 313, Row end:338 
My rank: 13, Row start: 339, Row end:364 
My rank: 16, Row start: 417, Row end:442 
My rank: 18, Row start: 469, Row end:494 
My rank: 23, Row start: 599, Row end:624 
My rank: 28, Row start: 729, Row end:754 
My rank: 34, Row start: 885, Row end:910 
My rank: 41, Row start: 1067, Row end:1092 
My rank: 43, Row start: 1119, Row end:1144 
My rank: 44, Row start: 1145, Row end:1170 
My rank: 48, Row start: 1249, Row end:1274 
My rank: 55, Row start: 1431, Row end:1456 
My rank: 59, Row start: 1535, Row end:1560 
My rank: 61, Row start: 1587, Row end:1612 
My rank: 67, Row start: 1743, Row end:1768 
My rank: 69, Row start: 1795, Row end:1820 
My rank: 79, Row start: 2055, Row end:2080 
My rank: 83, Row start: 2159, Row end:2184 
My rank: 85, Row start: 2211, Row end:2236 
My rank: 91, Row start: 2367, Row end:2392 
My rank: 92, Row start: 2393, Row end:2418 
My rank: 97, Row start: 2523, Row end:2548 
My rank: 98, Row start: 2549, Row end:2574 
My rank: 100, Row start: 2601, Row end:2626 
My rank: 104, Row start: 2705, Row end:2730 
My rank: 107, Row start: 2783, Row end:2808 
My rank: 108, Row start: 2809, Row end:2834 
My rank: 110, Row start: 2861, Row end:2886 
My rank: 4, Row start: 105, Row end:130 
My rank: 5, Row start: 131, Row end:156 
My rank: 9, Row start: 235, Row end:260 
My rank: 10, Row start: 261, Row end:286 
My rank: 14, Row start: 365, Row end:390 
My rank: 17, Row start: 443, Row end:468 
My rank: 19, Row start: 495, Row end:520 
My rank: 20, Row start: 521, Row end:546 
My rank: 21, Row start: 547, Row end:572 
My rank: 24, Row start: 625, Row end:650 
My rank: 25, Row start: 651, Row end:676 
My rank: 26, Row start: 677, Row end:702 
My rank: 29, Row start: 755, Row end:780 
My rank: 30, Row start: 781, Row end:806 
My rank: 33, Row start: 859, Row end:884 
My rank: 35, Row start: 911, Row end:936 
My rank: 36, Row start: 937, Row end:962 
My rank: 37, Row start: 963, Row end:988 
My rank: 39, Row start: 1015, Row end:1040 
My rank: 40, Row start: 1041, Row end:1066 
My rank: 45, Row start: 1171, Row end:1196 
My rank: 46, Row start: 1197, Row end:1222 
My rank: 47, Row start: 1223, Row end:1248 
My rank: 49, Row start: 1275, Row end:1300 
My rank: 50, Row start: 1301, Row end:1326 
My rank: 51, Row start: 1327, Row end:1352 
My rank: 52, Row start: 1353, Row end:1378 
My rank: 53, Row start: 1379, Row end:1404 
My rank: 56, Row start: 1457, Row end:1482 
My rank: 64, Row start: 1665, Row end:1690 
My rank: 66, Row start: 1717, Row end:1742 
My rank: 68, Row start: 1769, Row end:1794 
My rank: 71, Row start: 1847, Row end:1872 
My rank: 72, Row start: 1873, Row end:1898 
My rank: 73, Row start: 1899, Row end:1924 
My rank: 74, Row start: 1925, Row end:1950 
My rank: 75, Row start: 1951, Row end:1976 
My rank: 78, Row start: 2029, Row end:2054 
My rank: 80, Row start: 2081, Row end:2106 
My rank: 82, Row start: 2133, Row end:2158 
My rank: 84, Row start: 2185, Row end:2210 
My rank: 86, Row start: 2237, Row end:2262 
My rank: 88, Row start: 2289, Row end:2314 
My rank: 89, Row start: 2315, Row end:2340 
My rank: 93, Row start: 2419, Row end:2444 
My rank: 94, Row start: 2445, Row end:2470 
My rank: 95, Row start: 2471, Row end:2496 
My rank: 99, Row start: 2575, Row end:2600 
My rank: 102, Row start: 2653, Row end:2678 
My rank: 105, Row start: 2731, Row end:2756 
My rank: 109, Row start: 2835, Row end:2860 
My rank: 7, Row start: 183, Row end:208 
My rank: 22, Row start: 573, Row end:598 
My rank: 42, Row start: 1093, Row end:1118 
My rank: 58, Row start: 1509, Row end:1534 
My rank: 77, Row start: 2003, Row end:2028 
My rank: 103, Row start: 2679, Row end:2704 
My rank: 81, Row start: 2107, Row end:2132 
My rank: 87, Row start: 2263, Row end:2288 
My rank: 101, Row start: 2627, Row end:2652 
My rank: 31, Row start: 807, Row end:832 
My rank: 60, Row start: 1561, Row end:1586 
My rank: 62, Row start: 1613, Row end:1638 
My rank:1, took 5.435760 seconds
My rank:2, took 5.435556 seconds
My rank:3, took 5.436121 seconds
My rank:4, took 5.435269 seconds
My rank:5, took 5.434698 seconds
My rank:6, took 5.435693 seconds
My rank:7, took 5.434212 seconds
My rank:8, took 5.435637 seconds
My rank:9, took 5.434361 seconds
My rank:10, took 5.434477 seconds
My rank:11, took 5.435402 seconds
My rank:12, took 5.434529 seconds
My rank:13, took 5.434421 seconds
My rank:14, took 5.433610 seconds
My rank:15, took 5.435105 seconds
My rank:16, took 5.434249 seconds
My rank:17, took 5.433874 seconds
My rank:18, took 5.434891 seconds
My rank:19, took 5.433690 seconds
My rank:20, took 5.433918 seconds
My rank:21, took 5.433875 seconds
My rank:22, took 5.433078 seconds
My rank:23, took 5.434412 seconds
My rank:24, took 5.433890 seconds
My rank:25, took 5.433303 seconds
My rank:26, took 5.433384 seconds
My rank:27, took 5.434468 seconds
My rank:28, took 5.433908 seconds
My rank:29, took 5.433666 seconds
My rank:30, took 5.433467 seconds
My rank:31, took 5.421124 seconds
My rank:32, took 5.434627 seconds
My rank:33, took 5.432940 seconds
My rank:34, took 5.434255 seconds
My rank:35, took 5.433049 seconds
My rank:36, took 5.433373 seconds
My rank:37, took 5.433533 seconds
My rank:38, took 5.434624 seconds
My rank:39, took 5.433049 seconds
My rank:40, took 5.433637 seconds
My rank:41, took 5.433839 seconds
My rank:42, took 5.432429 seconds
My rank:43, took 5.434148 seconds
My rank:44, took 5.433674 seconds
My rank:45, took 5.433359 seconds
My rank:46, took 5.433188 seconds
My rank:47, took 5.432884 seconds
My rank:48, took 5.433815 seconds
My rank:49, took 5.433078 seconds
My rank:50, took 5.433180 seconds
My rank:51, took 5.433061 seconds
My rank:52, took 5.433118 seconds
My rank:53, took 5.433033 seconds
My rank:54, took 5.434371 seconds
My rank:55, took 5.433833 seconds
My rank:56, took 5.433114 seconds
My rank:57, took 5.434549 seconds
My rank:58, took 5.423222 seconds
My rank:59, took 5.424642 seconds
My rank:60, took 5.402396 seconds
My rank:61, took 5.416834 seconds
My rank:62, took 5.403043 seconds
My rank:63, took 5.416327 seconds
My rank:64, took 5.408435 seconds
My rank:65, took 5.410769 seconds
My rank:66, took 5.410165 seconds
My rank:67, took 5.411984 seconds
My rank:68, took 5.411344 seconds
My rank:69, took 5.413371 seconds
My rank:70, took 5.414384 seconds
My rank:71, took 5.415444 seconds
My rank:72, took 5.415979 seconds
My rank:73, took 5.415331 seconds
My rank:74, took 5.416568 seconds
My rank:75, took 5.416669 seconds
My rank:76, took 5.418947 seconds
My rank:77, took 5.417608 seconds
My rank:78, took 5.419205 seconds
My rank:79, took 5.420640 seconds
My rank:80, took 5.420508 seconds
My rank:81, took 5.420404 seconds
My rank:82, took 5.422189 seconds
My rank:83, took 5.423761 seconds
My rank:84, took 5.424090 seconds
My rank:85, took 5.425512 seconds
My rank:86, took 5.425282 seconds
My rank:87, took 5.423593 seconds
My rank:88, took 5.426453 seconds
My rank:89, took 5.427754 seconds
My rank:90, took 5.429515 seconds
My rank:91, took 5.429478 seconds
My rank:92, took 5.430723 seconds
My rank:93, took 5.430415 seconds
My rank:94, took 5.431552 seconds
My rank:95, took 5.431903 seconds
My rank:96, took 5.434159 seconds
My rank:97, took 5.434046 seconds
My rank:98, took 5.434880 seconds
My rank:99, took 5.435521 seconds
My rank:100, took 5.436518 seconds
My rank:101, took 5.425480 seconds
My rank:102, took 5.437583 seconds
My rank:103, took 5.437762 seconds
My rank:104, took 5.439283 seconds
My rank:105, took 5.439601 seconds
My rank:106, took 5.441529 seconds
My rank:107, took 5.441733 seconds
My rank:108, took 5.442576 seconds
My rank:109, took 5.442596 seconds
My rank:110, took 5.444133 seconds
My rank:111, took 5.445312 seconds
My rank:0, took 5.435775 seconds
That took 5.435775 seconds
======== Run :  7
My rank: 73, Row start: 1899, Row end:1924 
My rank: 9, Row start: 235, Row end:260 
My rank: 20, Row start: 521, Row end:546 
My rank: 21, Row start: 547, Row end:572 
My rank: 23, Row start: 599, Row end:624 
My rank: 26, Row start: 677, Row end:702 
My rank: 30, Row start: 781, Row end:806 
My rank: 35, Row start: 911, Row end:936 
My rank: 38, Row start: 989, Row end:1014 
My rank: 41, Row start: 1067, Row end:1092 
My rank: 43, Row start: 1119, Row end:1144 
My rank: 46, Row start: 1197, Row end:1222 
My rank: 47, Row start: 1223, Row end:1248 
My rank: 50, Row start: 1301, Row end:1326 
My rank: 60, Row start: 1561, Row end:1586 
My rank: 65, Row start: 1691, Row end:1716 
My rank: 67, Row start: 1743, Row end:1768 
My rank: 75, Row start: 1951, Row end:1976 
My rank: 85, Row start: 2211, Row end:2236 
My rank: 87, Row start: 2263, Row end:2288 
My rank: 97, Row start: 2523, Row end:2548 
My rank: 103, Row start: 2679, Row end:2704 
My rank: 106, Row start: 2757, Row end:2782 
My rank: 1, Row start: 27, Row end:52 
My rank: 4, Row start: 105, Row end:130 
My rank: 18, Row start: 469, Row end:494 
My rank: 25, Row start: 651, Row end:676 
My rank: 28, Row start: 729, Row end:754 
My rank: 36, Row start: 937, Row end:962 
My rank: 40, Row start: 1041, Row end:1066 
My rank: 79, Row start: 2055, Row end:2080 
My rank: 89, Row start: 2315, Row end:2340 
My rank: 94, Row start: 2445, Row end:2470 
My rank: 99, Row start: 2575, Row end:2600 
My rank: 100, Row start: 2601, Row end:2626 
My rank: 101, Row start: 2627, Row end:2652 
My rank: 108, Row start: 2809, Row end:2834 
My rank: 0, Row start: 1, Row end:26 
My rank: 11, Row start: 287, Row end:312 
My rank: 13, Row start: 339, Row end:364 
My rank: 16, Row start: 417, Row end:442 
My rank: 34, Row start: 885, Row end:910 
My rank: 42, Row start: 1093, Row end:1118 
My rank: 48, Row start: 1249, Row end:1274 
My rank: 57, Row start: 1483, Row end:1508 
My rank: 58, Row start: 1509, Row end:1534 
My rank: 71, Row start: 1847, Row end:1872 
My rank: 88, Row start: 2289, Row end:2314 
My rank: 92, Row start: 2393, Row end:2418 
My rank: 33, Row start: 859, Row end:884 
My rank: 39, Row start: 1015, Row end:1040 
My rank: 55, Row start: 1431, Row end:1456 
My rank: 107, Row start: 2783, Row end:2808 
My rank: 63, Row start: 1639, Row end:1664 
My rank: 15, Row start: 391, Row end:416 
My rank: 22, Row start: 573, Row end:598 
My rank: 45, Row start: 1171, Row end:1196 
My rank: 53, Row start: 1379, Row end:1404 
My rank: 84, Row start: 2185, Row end:2210 
My rank: 2, Row start: 53, Row end:78 
My rank: 8, Row start: 209, Row end:234 
My rank: 32, Row start: 833, Row end:858 
My rank: 51, Row start: 1327, Row end:1352 
My rank: 52, Row start: 1353, Row end:1378 
My rank: 90, Row start: 2341, Row end:2366 
My rank: 96, Row start: 2497, Row end:2522 
My rank: 3, Row start: 79, Row end:104 
My rank: 27, Row start: 703, Row end:728 
My rank: 56, Row start: 1457, Row end:1482 
My rank: 62, Row start: 1613, Row end:1638 
My rank: 66, Row start: 1717, Row end:1742 
My rank: 109, Row start: 2835, Row end:2860 
My rank: 110, Row start: 2861, Row end:2886 
My rank: 111, Row start: 2887, Row end:2999 
My rank: 6, Row start: 157, Row end:182 
My rank: 7, Row start: 183, Row end:208 
My rank: 12, Row start: 313, Row end:338 
My rank: 17, Row start: 443, Row end:468 
My rank: 24, Row start: 625, Row end:650 
My rank: 44, Row start: 1145, Row end:1170 
My rank: 54, Row start: 1405, Row end:1430 
My rank: 61, Row start: 1587, Row end:1612 
My rank: 74, Row start: 1925, Row end:1950 
My rank: 77, Row start: 2003, Row end:2028 
My rank: 82, Row start: 2133, Row end:2158 
My rank: 93, Row start: 2419, Row end:2444 
My rank: 102, Row start: 2653, Row end:2678 
My rank: 5, Row start: 131, Row end:156 
My rank: 14, Row start: 365, Row end:390 
My rank: 76, Row start: 1977, Row end:2002 
My rank: 78, Row start: 2029, Row end:2054 
My rank: 83, Row start: 2159, Row end:2184 
My rank: 91, Row start: 2367, Row end:2392 
My rank: 98, Row start: 2549, Row end:2574 
My rank: 19, Row start: 495, Row end:520 
My rank: 31, Row start: 807, Row end:832 
My rank: 59, Row start: 1535, Row end:1560 
My rank: 64, Row start: 1665, Row end:1690 
My rank: 70, Row start: 1821, Row end:1846 
My rank: 80, Row start: 2081, Row end:2106 
My rank: 81, Row start: 2107, Row end:2132 
My rank: 37, Row start: 963, Row end:988 
My rank: 86, Row start: 2237, Row end:2262 
My rank: 104, Row start: 2705, Row end:2730 
My rank: 68, Row start: 1769, Row end:1794 
My rank: 10, Row start: 261, Row end:286 
My rank: 29, Row start: 755, Row end:780 
My rank: 49, Row start: 1275, Row end:1300 
My rank: 69, Row start: 1795, Row end:1820 
My rank: 95, Row start: 2471, Row end:2496 
My rank: 72, Row start: 1873, Row end:1898 
My rank: 105, Row start: 2731, Row end:2756 
My rank:1, took 5.175306 seconds
My rank:2, took 5.174877 seconds
My rank:3, took 5.174776 seconds
My rank:4, took 5.175295 seconds
My rank:5, took 5.174751 seconds
My rank:6, took 5.174734 seconds
My rank:7, took 5.195772 seconds
My rank:8, took 5.195996 seconds
My rank:9, took 5.196698 seconds
My rank:10, took 5.194745 seconds
My rank:11, took 5.196391 seconds
My rank:12, took 5.195871 seconds
My rank:13, took 5.196365 seconds
My rank:14, took 5.195767 seconds
My rank:15, took 5.196098 seconds
My rank:16, took 5.196366 seconds
My rank:17, took 5.195870 seconds
My rank:18, took 5.196571 seconds
My rank:19, took 5.195069 seconds
My rank:20, took 5.196771 seconds
My rank:21, took 5.196771 seconds
My rank:22, took 5.196183 seconds
My rank:23, took 5.196708 seconds
My rank:24, took 5.195927 seconds
My rank:25, took 5.196555 seconds
My rank:26, took 5.196899 seconds
My rank:27, took 5.196044 seconds
My rank:28, took 5.208874 seconds
My rank:29, took 5.207028 seconds
My rank:30, took 5.209026 seconds
My rank:31, took 5.207937 seconds
My rank:32, took 5.208438 seconds
My rank:33, took 5.208629 seconds
My rank:34, took 5.208709 seconds
My rank:35, took 5.209108 seconds
My rank:36, took 5.211946 seconds
My rank:37, took 5.210991 seconds
My rank:38, took 5.212306 seconds
My rank:39, took 5.211795 seconds
My rank:40, took 5.212073 seconds
My rank:41, took 5.212174 seconds
My rank:42, took 5.211938 seconds
My rank:43, took 5.212167 seconds
My rank:44, took 5.211318 seconds
My rank:45, took 5.211664 seconds
My rank:46, took 5.212249 seconds
My rank:47, took 5.212355 seconds
My rank:48, took 5.211933 seconds
My rank:49, took 5.209212 seconds
My rank:50, took 5.212318 seconds
My rank:51, took 5.211719 seconds
My rank:52, took 5.211754 seconds
My rank:53, took 5.211768 seconds
My rank:54, took 5.211520 seconds
My rank:55, took 5.211944 seconds
My rank:56, took 5.211594 seconds
My rank:57, took 5.212033 seconds
My rank:58, took 5.212117 seconds
My rank:59, took 5.211277 seconds
My rank:60, took 5.212581 seconds
My rank:61, took 5.211600 seconds
My rank:62, took 5.211677 seconds
My rank:63, took 5.211994 seconds
My rank:64, took 5.211314 seconds
My rank:65, took 5.212446 seconds
My rank:66, took 5.211655 seconds
My rank:67, took 5.212432 seconds
My rank:68, took 5.211002 seconds
My rank:69, took 5.209468 seconds
My rank:70, took 5.211278 seconds
My rank:71, took 5.212093 seconds
My rank:72, took 5.199602 seconds
My rank:73, took 5.212801 seconds
My rank:74, took 5.211537 seconds
My rank:75, took 5.212332 seconds
My rank:76, took 5.211322 seconds
My rank:77, took 5.211471 seconds
My rank:78, took 5.211443 seconds
My rank:79, took 5.212078 seconds
My rank:80, took 5.211205 seconds
My rank:81, took 5.211224 seconds
My rank:82, took 5.211483 seconds
My rank:83, took 5.211293 seconds
My rank:84, took 5.211770 seconds
My rank:85, took 5.212370 seconds
My rank:86, took 5.211059 seconds
My rank:87, took 5.212319 seconds
My rank:88, took 5.211970 seconds
My rank:89, took 5.212087 seconds
My rank:90, took 5.211646 seconds
My rank:91, took 5.211237 seconds
My rank:92, took 5.211935 seconds
My rank:93, took 5.211397 seconds
My rank:94, took 5.211795 seconds
My rank:95, took 5.210339 seconds
My rank:96, took 5.211578 seconds
My rank:97, took 5.212310 seconds
My rank:98, took 5.211850 seconds
My rank:99, took 5.213402 seconds
My rank:100, took 5.214099 seconds
My rank:101, took 5.215068 seconds
My rank:102, took 5.215089 seconds
My rank:103, took 5.216634 seconds
My rank:104, took 5.216170 seconds
My rank:105, took 5.204473 seconds
My rank:106, took 5.218959 seconds
My rank:107, took 5.219315 seconds
My rank:108, took 5.220184 seconds
My rank:109, took 5.220554 seconds
My rank:110, took 5.221202 seconds
My rank:111, took 5.222026 seconds
My rank:0, took 5.175238 seconds
That took 5.175238 seconds
======== Run :  8
My rank: 1, Row start: 27, Row end:52 
My rank: 2, Row start: 53, Row end:78 
My rank: 4, Row start: 105, Row end:130 
My rank: 9, Row start: 235, Row end:260 
My rank: 10, Row start: 261, Row end:286 
My rank: 15, Row start: 391, Row end:416 
My rank: 18, Row start: 469, Row end:494 
My rank: 29, Row start: 755, Row end:780 
My rank: 36, Row start: 937, Row end:962 
My rank: 39, Row start: 1015, Row end:1040 
My rank: 43, Row start: 1119, Row end:1144 
My rank: 44, Row start: 1145, Row end:1170 
My rank: 48, Row start: 1249, Row end:1274 
My rank: 57, Row start: 1483, Row end:1508 
My rank: 58, Row start: 1509, Row end:1534 
My rank: 63, Row start: 1639, Row end:1664 
My rank: 70, Row start: 1821, Row end:1846 
My rank: 80, Row start: 2081, Row end:2106 
My rank: 81, Row start: 2107, Row end:2132 
My rank: 82, Row start: 2133, Row end:2158 
My rank: 83, Row start: 2159, Row end:2184 
My rank: 100, Row start: 2601, Row end:2626 
My rank: 103, Row start: 2679, Row end:2704 
My rank: 107, Row start: 2783, Row end:2808 
My rank: 108, Row start: 2809, Row end:2834 
My rank: 0, Row start: 1, Row end:26 
My rank: 5, Row start: 131, Row end:156 
My rank: 11, Row start: 287, Row end:312 
My rank: 12, Row start: 313, Row end:338 
My rank: 16, Row start: 417, Row end:442 
My rank: 21, Row start: 547, Row end:572 
My rank: 22, Row start: 573, Row end:598 
My rank: 27, Row start: 703, Row end:728 
My rank: 28, Row start: 729, Row end:754 
My rank: 37, Row start: 963, Row end:988 
My rank: 38, Row start: 989, Row end:1014 
My rank: 49, Row start: 1275, Row end:1300 
My rank: 53, Row start: 1379, Row end:1404 
My rank: 56, Row start: 1457, Row end:1482 
My rank: 59, Row start: 1535, Row end:1560 
My rank: 60, Row start: 1561, Row end:1586 
My rank: 61, Row start: 1587, Row end:1612 
My rank: 62, Row start: 1613, Row end:1638 
My rank: 64, Row start: 1665, Row end:1690 
My rank: 65, Row start: 1691, Row end:1716 
My rank: 73, Row start: 1899, Row end:1924 
My rank: 77, Row start: 2003, Row end:2028 
My rank: 84, Row start: 2185, Row end:2210 
My rank: 86, Row start: 2237, Row end:2262 
My rank: 89, Row start: 2315, Row end:2340 
My rank: 92, Row start: 2393, Row end:2418 
My rank: 96, Row start: 2497, Row end:2522 
My rank: 97, Row start: 2523, Row end:2548 
My rank: 98, Row start: 2549, Row end:2574 
My rank: 99, Row start: 2575, Row end:2600 
My rank: 101, Row start: 2627, Row end:2652 
My rank: 102, Row start: 2653, Row end:2678 
My rank: 104, Row start: 2705, Row end:2730 
My rank: 110, Row start: 2861, Row end:2886 
My rank: 3, Row start: 79, Row end:104 
My rank: 7, Row start: 183, Row end:208 
My rank: 8, Row start: 209, Row end:234 
My rank: 24, Row start: 625, Row end:650 
My rank: 25, Row start: 651, Row end:676 
My rank: 26, Row start: 677, Row end:702 
My rank: 30, Row start: 781, Row end:806 
My rank: 41, Row start: 1067, Row end:1092 
My rank: 50, Row start: 1301, Row end:1326 
My rank: 51, Row start: 1327, Row end:1352 
My rank: 55, Row start: 1431, Row end:1456 
My rank: 68, Row start: 1769, Row end:1794 
My rank: 69, Row start: 1795, Row end:1820 
My rank: 79, Row start: 2055, Row end:2080 
My rank: 90, Row start: 2341, Row end:2366 
My rank: 93, Row start: 2419, Row end:2444 
My rank: 106, Row start: 2757, Row end:2782 
My rank: 111, Row start: 2887, Row end:2999 
My rank: 20, Row start: 521, Row end:546 
My rank: 31, Row start: 807, Row end:832 
My rank: 45, Row start: 1171, Row end:1196 
My rank: 54, Row start: 1405, Row end:1430 
My rank: 72, Row start: 1873, Row end:1898 
My rank: 75, Row start: 1951, Row end:1976 
My rank: 88, Row start: 2289, Row end:2314 
My rank: 95, Row start: 2471, Row end:2496 
My rank: 17, Row start: 443, Row end:468 
My rank: 32, Row start: 833, Row end:858 
My rank: 34, Row start: 885, Row end:910 
My rank: 52, Row start: 1353, Row end:1378 
My rank: 76, Row start: 1977, Row end:2002 
My rank: 40, Row start: 1041, Row end:1066 
My rank: 91, Row start: 2367, Row end:2392 
My rank: 42, Row start: 1093, Row end:1118 
My rank: 85, Row start: 2211, Row end:2236 
My rank: 6, Row start: 157, Row end:182 
My rank: 78, Row start: 2029, Row end:2054 
My rank: 14, Row start: 365, Row end:390 
My rank: 13, Row start: 339, Row end:364 
My rank: 19, Row start: 495, Row end:520 
My rank: 23, Row start: 599, Row end:624 
My rank: 33, Row start: 859, Row end:884 
My rank: 35, Row start: 911, Row end:936 
My rank: 46, Row start: 1197, Row end:1222 
My rank: 47, Row start: 1223, Row end:1248 
My rank: 66, Row start: 1717, Row end:1742 
My rank: 67, Row start: 1743, Row end:1768 
My rank: 71, Row start: 1847, Row end:1872 
My rank: 74, Row start: 1925, Row end:1950 
My rank: 87, Row start: 2263, Row end:2288 
My rank: 105, Row start: 2731, Row end:2756 
My rank: 94, Row start: 2445, Row end:2470 
My rank: 109, Row start: 2835, Row end:2860 
My rank:1, took 6.357391 seconds
My rank:2, took 6.357431 seconds
My rank:3, took 6.356650 seconds
My rank:4, took 6.357605 seconds
My rank:5, took 6.356896 seconds
My rank:6, took 6.356078 seconds
My rank:7, took 6.356456 seconds
My rank:8, took 6.356571 seconds
My rank:9, took 6.357331 seconds
My rank:10, took 6.357339 seconds
My rank:11, took 6.356966 seconds
My rank:12, took 6.357138 seconds
My rank:13, took 6.346111 seconds
My rank:14, took 6.356026 seconds
My rank:15, took 6.379934 seconds
My rank:16, took 6.379526 seconds
My rank:17, took 6.383102 seconds
My rank:18, took 6.379949 seconds
My rank:19, took 6.378246 seconds
My rank:20, took 6.379234 seconds
My rank:21, took 6.379878 seconds
My rank:22, took 6.379867 seconds
My rank:23, took 6.377936 seconds
My rank:24, took 6.379397 seconds
My rank:25, took 6.379375 seconds
My rank:26, took 6.379428 seconds
My rank:27, took 6.379730 seconds
My rank:28, took 6.379551 seconds
My rank:29, took 6.380352 seconds
My rank:30, took 6.379327 seconds
My rank:31, took 6.383373 seconds
My rank:32, took 6.383238 seconds
My rank:33, took 6.382196 seconds
My rank:34, took 6.383267 seconds
My rank:35, took 6.383528 seconds
My rank:36, took 6.370729 seconds
My rank:37, took 6.386369 seconds
My rank:38, took 6.386770 seconds
My rank:39, took 6.388091 seconds
My rank:40, took 6.387666 seconds
My rank:41, took 6.388830 seconds
My rank:42, took 6.389135 seconds
My rank:43, took 6.391439 seconds
My rank:44, took 6.392119 seconds
My rank:45, took 6.391782 seconds
My rank:46, took 6.388174 seconds
My rank:47, took 6.382965 seconds
My rank:48, took 6.394850 seconds
My rank:49, took 6.395313 seconds
My rank:50, took 6.395773 seconds
My rank:51, took 6.396499 seconds
My rank:52, took 6.396889 seconds
My rank:53, took 6.398412 seconds
My rank:54, took 6.398575 seconds
My rank:55, took 6.399386 seconds
My rank:56, took 6.400658 seconds
My rank:57, took 6.402343 seconds
My rank:58, took 6.402412 seconds
My rank:59, took 6.402576 seconds
My rank:60, took 6.403411 seconds
My rank:61, took 6.404166 seconds
My rank:62, took 6.404951 seconds
My rank:63, took 6.406309 seconds
My rank:64, took 6.406622 seconds
My rank:65, took 6.407254 seconds
My rank:66, took 6.406942 seconds
My rank:67, took 6.407711 seconds
My rank:68, took 6.409301 seconds
My rank:69, took 6.410018 seconds
My rank:70, took 6.411738 seconds
My rank:71, took 6.410150 seconds
My rank:72, took 6.412074 seconds
My rank:73, took 6.413532 seconds
My rank:74, took 6.408438 seconds
My rank:75, took 6.414405 seconds
My rank:76, took 6.415029 seconds
My rank:77, took 6.416532 seconds
My rank:78, took 6.416271 seconds
My rank:79, took 6.417590 seconds
My rank:80, took 6.419225 seconds
My rank:81, took 6.419776 seconds
My rank:82, took 6.420800 seconds
My rank:83, took 6.421524 seconds
My rank:84, took 6.421620 seconds
My rank:85, took 6.421662 seconds
My rank:86, took 6.423234 seconds
My rank:87, took 6.422861 seconds
My rank:88, took 6.424156 seconds
My rank:89, took 6.425493 seconds
My rank:90, took 6.425921 seconds
My rank:91, took 6.426258 seconds
My rank:92, took 6.427912 seconds
My rank:93, took 6.428215 seconds
My rank:94, took 6.417388 seconds
My rank:95, took 6.429488 seconds
My rank:96, took 6.430959 seconds
My rank:97, took 6.431685 seconds
My rank:98, took 6.432476 seconds
My rank:99, took 6.433247 seconds
My rank:100, took 6.434216 seconds
My rank:101, took 6.434750 seconds
My rank:102, took 6.435381 seconds
My rank:103, took 6.436709 seconds
My rank:104, took 6.436712 seconds
My rank:105, took 6.436306 seconds
My rank:106, took 6.438116 seconds
My rank:107, took 6.439680 seconds
My rank:108, took 6.440271 seconds
My rank:109, took 6.427970 seconds
My rank:110, took 6.441266 seconds
My rank:111, took 6.441902 seconds
My rank:0, took 6.357881 seconds
That took 6.357881 seconds
======== Run :  9
My rank: 10, Row start: 261, Row end:286 
My rank: 11, Row start: 287, Row end:312 
My rank: 18, Row start: 469, Row end:494 
My rank: 23, Row start: 599, Row end:624 
My rank: 31, Row start: 807, Row end:832 
My rank: 36, Row start: 937, Row end:962 
My rank: 38, Row start: 989, Row end:1014 
My rank: 74, Row start: 1925, Row end:1950 
My rank: 85, Row start: 2211, Row end:2236 
My rank: 103, Row start: 2679, Row end:2704 
My rank: 111, Row start: 2887, Row end:2999 
My rank: 3, Row start: 79, Row end:104 
My rank: 12, Row start: 313, Row end:338 
My rank: 19, Row start: 495, Row end:520 
My rank: 20, Row start: 521, Row end:546 
My rank: 21, Row start: 547, Row end:572 
My rank: 27, Row start: 703, Row end:728 
My rank: 42, Row start: 1093, Row end:1118 
My rank: 43, Row start: 1119, Row end:1144 
My rank: 53, Row start: 1379, Row end:1404 
My rank: 54, Row start: 1405, Row end:1430 
My rank: 57, Row start: 1483, Row end:1508 
My rank: 60, Row start: 1561, Row end:1586 
My rank: 84, Row start: 2185, Row end:2210 
My rank: 44, Row start: 1145, Row end:1170 
My rank: 51, Row start: 1327, Row end:1352 
My rank: 62, Row start: 1613, Row end:1638 
My rank: 78, Row start: 2029, Row end:2054 
My rank: 16, Row start: 417, Row end:442 
My rank: 75, Row start: 1951, Row end:1976 
My rank: 101, Row start: 2627, Row end:2652 
My rank: 109, Row start: 2835, Row end:2860 
My rank: 110, Row start: 2861, Row end:2886 
My rank: 24, Row start: 625, Row end:650 
My rank: 30, Row start: 781, Row end:806 
My rank: 34, Row start: 885, Row end:910 
My rank: 41, Row start: 1067, Row end:1092 
My rank: 64, Row start: 1665, Row end:1690 
My rank: 70, Row start: 1821, Row end:1846 
My rank: 76, Row start: 1977, Row end:2002 
My rank: 86, Row start: 2237, Row end:2262 
My rank: 89, Row start: 2315, Row end:2340 
My rank: 92, Row start: 2393, Row end:2418 
My rank: 2, Row start: 53, Row end:78 
My rank: 26, Row start: 677, Row end:702 
My rank: 29, Row start: 755, Row end:780 
My rank: 33, Row start: 859, Row end:884 
My rank: 47, Row start: 1223, Row end:1248 
My rank: 50, Row start: 1301, Row end:1326 
My rank: 66, Row start: 1717, Row end:1742 
My rank: 69, Row start: 1795, Row end:1820 
My rank: 73, Row start: 1899, Row end:1924 
My rank: 77, Row start: 2003, Row end:2028 
My rank: 80, Row start: 2081, Row end:2106 
My rank: 81, Row start: 2107, Row end:2132 
My rank: 96, Row start: 2497, Row end:2522 
My rank: 97, Row start: 2523, Row end:2548 
My rank: 102, Row start: 2653, Row end:2678 
My rank: 105, Row start: 2731, Row end:2756 
My rank: 0, Row start: 1, Row end:26 
My rank: 1, Row start: 27, Row end:52 
My rank: 4, Row start: 105, Row end:130 
My rank: 5, Row start: 131, Row end:156 
My rank: 8, Row start: 209, Row end:234 
My rank: 13, Row start: 339, Row end:364 
My rank: 17, Row start: 443, Row end:468 
My rank: 22, Row start: 573, Row end:598 
My rank: 28, Row start: 729, Row end:754 
My rank: 32, Row start: 833, Row end:858 
My rank: 35, Row start: 911, Row end:936 
My rank: 39, Row start: 1015, Row end:1040 
My rank: 40, Row start: 1041, Row end:1066 
My rank: 45, Row start: 1171, Row end:1196 
My rank: 46, Row start: 1197, Row end:1222 
My rank: 48, Row start: 1249, Row end:1274 
My rank: 49, Row start: 1275, Row end:1300 
My rank: 56, Row start: 1457, Row end:1482 
My rank: 58, Row start: 1509, Row end:1534 
My rank: 61, Row start: 1587, Row end:1612 
My rank: 63, Row start: 1639, Row end:1664 
My rank: 65, Row start: 1691, Row end:1716 
My rank: 71, Row start: 1847, Row end:1872 
My rank: 82, Row start: 2133, Row end:2158 
My rank: 87, Row start: 2263, Row end:2288 
My rank: 88, Row start: 2289, Row end:2314 
My rank: 90, Row start: 2341, Row end:2366 
My rank: 94, Row start: 2445, Row end:2470 
My rank: 99, Row start: 2575, Row end:2600 
My rank: 104, Row start: 2705, Row end:2730 
My rank: 108, Row start: 2809, Row end:2834 
My rank: 14, Row start: 365, Row end:390 
My rank: 25, Row start: 651, Row end:676 
My rank: 37, Row start: 963, Row end:988 
My rank: 55, Row start: 1431, Row end:1456 
My rank: 68, Row start: 1769, Row end:1794 
My rank: 83, Row start: 2159, Row end:2184 
My rank: 95, Row start: 2471, Row end:2496 
My rank: 100, Row start: 2601, Row end:2626 
My rank: 106, Row start: 2757, Row end:2782 
My rank: 107, Row start: 2783, Row end:2808 
My rank: 7, Row start: 183, Row end:208 
My rank: 59, Row start: 1535, Row end:1560 
My rank: 6, Row start: 157, Row end:182 
My rank: 52, Row start: 1353, Row end:1378 
My rank: 67, Row start: 1743, Row end:1768 
My rank: 72, Row start: 1873, Row end:1898 
My rank: 79, Row start: 2055, Row end:2080 
My rank: 91, Row start: 2367, Row end:2392 
My rank: 93, Row start: 2419, Row end:2444 
My rank: 98, Row start: 2549, Row end:2574 
My rank: 15, Row start: 391, Row end:416 
My rank: 9, Row start: 235, Row end:260 
My rank:1, took 5.062098 seconds
My rank:2, took 5.062364 seconds
My rank:3, took 5.062895 seconds
My rank:4, took 5.062135 seconds
My rank:5, took 5.062121 seconds
My rank:6, took 5.059644 seconds
My rank:7, took 5.060550 seconds
My rank:8, took 5.062094 seconds
My rank:9, took 5.047504 seconds
My rank:10, took 5.062892 seconds
My rank:11, took 5.062915 seconds
My rank:12, took 5.062642 seconds
My rank:13, took 5.062120 seconds
My rank:14, took 5.061302 seconds
My rank:15, took 5.049464 seconds
My rank:16, took 5.062526 seconds
My rank:17, took 5.062044 seconds
My rank:18, took 5.062915 seconds
My rank:19, took 5.062850 seconds
My rank:20, took 5.062821 seconds
My rank:21, took 5.062805 seconds
My rank:22, took 5.061849 seconds
My rank:23, took 5.063048 seconds
My rank:24, took 5.062426 seconds
My rank:25, took 5.061690 seconds
My rank:26, took 5.062241 seconds
My rank:27, took 5.062796 seconds
My rank:28, took 5.061945 seconds
My rank:29, took 5.062172 seconds
My rank:30, took 5.062426 seconds
My rank:31, took 5.062931 seconds
My rank:32, took 5.061747 seconds
My rank:33, took 5.062290 seconds
My rank:34, took 5.062381 seconds
My rank:35, took 5.061815 seconds
My rank:36, took 5.063021 seconds
My rank:37, took 5.061539 seconds
My rank:38, took 5.053667 seconds
My rank:39, took 5.052752 seconds
My rank:40, took 5.052573 seconds
My rank:41, took 5.053015 seconds
My rank:42, took 5.053443 seconds
My rank:43, took 5.053479 seconds
My rank:44, took 5.053203 seconds
My rank:45, took 5.052554 seconds
My rank:46, took 5.052761 seconds
My rank:47, took 5.052807 seconds
My rank:48, took 5.039774 seconds
My rank:49, took 5.039753 seconds
My rank:50, took 5.040155 seconds
My rank:51, took 5.040467 seconds
My rank:52, took 5.037420 seconds
My rank:53, took 5.040655 seconds
My rank:54, took 5.040486 seconds
My rank:55, took 5.038878 seconds
My rank:56, took 5.039238 seconds
My rank:57, took 5.039895 seconds
My rank:58, took 5.027991 seconds
My rank:59, took 5.027768 seconds
My rank:60, took 5.030555 seconds
My rank:61, took 5.030667 seconds
My rank:62, took 5.031874 seconds
My rank:63, took 5.031963 seconds
My rank:64, took 5.033186 seconds
My rank:65, took 5.033525 seconds
My rank:66, took 5.034615 seconds
My rank:67, took 5.032555 seconds
My rank:68, took 5.035363 seconds
My rank:69, took 5.036878 seconds
My rank:70, took 5.037645 seconds
My rank:71, took 5.038314 seconds
My rank:72, took 5.036627 seconds
My rank:73, took 5.039793 seconds
My rank:74, took 5.041389 seconds
My rank:75, took 5.041619 seconds
My rank:76, took 5.042375 seconds
My rank:77, took 5.042845 seconds
My rank:78, took 5.043883 seconds
My rank:79, took 5.041155 seconds
My rank:80, took 5.045109 seconds
My rank:81, took 5.045896 seconds
My rank:82, took 5.046174 seconds
My rank:83, took 5.046301 seconds
My rank:84, took 5.048671 seconds
My rank:85, took 5.049506 seconds
My rank:86, took 5.049748 seconds
My rank:87, took 5.049854 seconds
My rank:88, took 5.050801 seconds
My rank:89, took 5.052082 seconds
My rank:90, took 5.052548 seconds
My rank:91, took 5.045626 seconds
My rank:92, took 5.054313 seconds
My rank:93, took 5.052383 seconds
My rank:94, took 5.055440 seconds
My rank:95, took 5.055692 seconds
My rank:96, took 5.057258 seconds
My rank:97, took 5.058020 seconds
My rank:98, took 5.056126 seconds
My rank:99, took 5.059067 seconds
My rank:100, took 5.059273 seconds
My rank:101, took 5.061238 seconds
My rank:102, took 5.061682 seconds
My rank:103, took 5.063173 seconds
My rank:104, took 5.063138 seconds
My rank:105, took 5.064090 seconds
My rank:106, took 5.064177 seconds
My rank:107, took 5.064635 seconds
My rank:108, took 5.065917 seconds
My rank:109, took 5.067256 seconds
My rank:110, took 5.068036 seconds
My rank:111, took 5.069567 seconds
My rank:0, took 5.062519 seconds
That took 5.062519 seconds
======== Run :  10
My rank: 26, Row start: 677, Row end:702 
My rank: 11, Row start: 287, Row end:312 
My rank: 24, Row start: 625, Row end:650 
My rank: 35, Row start: 911, Row end:936 
My rank: 41, Row start: 1067, Row end:1092 
My rank: 55, Row start: 1431, Row end:1456 
My rank: 103, Row start: 2679, Row end:2704 
My rank: 36, Row start: 937, Row end:962 
My rank: 42, Row start: 1093, Row end:1118 
My rank: 53, Row start: 1379, Row end:1404 
My rank: 56, Row start: 1457, Row end:1482 
My rank: 72, Row start: 1873, Row end:1898 
My rank: 106, Row start: 2757, Row end:2782 
My rank: 40, Row start: 1041, Row end:1066 
My rank: 68, Row start: 1769, Row end:1794 
My rank: 7, Row start: 183, Row end:208 
My rank: 9, Row start: 235, Row end:260 
My rank: 13, Row start: 339, Row end:364 
My rank: 16, Row start: 417, Row end:442 
My rank: 27, Row start: 703, Row end:728 
My rank: 28, Row start: 729, Row end:754 
My rank: 63, Row start: 1639, Row end:1664 
My rank: 77, Row start: 2003, Row end:2028 
My rank: 109, Row start: 2835, Row end:2860 
My rank: 19, Row start: 495, Row end:520 
My rank: 34, Row start: 885, Row end:910 
My rank: 39, Row start: 1015, Row end:1040 
My rank: 70, Row start: 1821, Row end:1846 
My rank: 78, Row start: 2029, Row end:2054 
My rank: 95, Row start: 2471, Row end:2496 
My rank: 1, Row start: 27, Row end:52 
My rank: 52, Row start: 1353, Row end:1378 
My rank: 54, Row start: 1405, Row end:1430 
My rank: 89, Row start: 2315, Row end:2340 
My rank: 100, Row start: 2601, Row end:2626 
My rank: 14, Row start: 365, Row end:390 
My rank: 21, Row start: 547, Row end:572 
My rank: 57, Row start: 1483, Row end:1508 
My rank: 67, Row start: 1743, Row end:1768 
My rank: 82, Row start: 2133, Row end:2158 
My rank: 97, Row start: 2523, Row end:2548 
My rank: 101, Row start: 2627, Row end:2652 
My rank: 64, Row start: 1665, Row end:1690 
My rank: 73, Row start: 1899, Row end:1924 
My rank: 105, Row start: 2731, Row end:2756 
My rank: 4, Row start: 105, Row end:130 
My rank: 43, Row start: 1119, Row end:1144 
My rank: 50, Row start: 1301, Row end:1326 
My rank: 60, Row start: 1561, Row end:1586 
My rank: 80, Row start: 2081, Row end:2106 
My rank: 91, Row start: 2367, Row end:2392 
My rank: 29, Row start: 755, Row end:780 
My rank: 31, Row start: 807, Row end:832 
My rank: 38, Row start: 989, Row end:1014 
My rank: 44, Row start: 1145, Row end:1170 
My rank: 85, Row start: 2211, Row end:2236 
My rank: 110, Row start: 2861, Row end:2886 
My rank: 0, Row start: 1, Row end:26 
My rank: 3, Row start: 79, Row end:104 
My rank: 5, Row start: 131, Row end:156 
My rank: 17, Row start: 443, Row end:468 
My rank: 61, Row start: 1587, Row end:1612 
My rank: 65, Row start: 1691, Row end:1716 
My rank: 87, Row start: 2263, Row end:2288 
My rank: 99, Row start: 2575, Row end:2600 
My rank: 32, Row start: 833, Row end:858 
My rank: 47, Row start: 1223, Row end:1248 
My rank: 104, Row start: 2705, Row end:2730 
My rank: 111, Row start: 2887, Row end:2999 
My rank: 10, Row start: 261, Row end:286 
My rank: 15, Row start: 391, Row end:416 
My rank: 30, Row start: 781, Row end:806 
My rank: 45, Row start: 1171, Row end:1196 
My rank: 75, Row start: 1951, Row end:1976 
My rank: 79, Row start: 2055, Row end:2080 
My rank: 86, Row start: 2237, Row end:2262 
My rank: 88, Row start: 2289, Row end:2314 
My rank: 93, Row start: 2419, Row end:2444 
My rank: 96, Row start: 2497, Row end:2522 
My rank: 107, Row start: 2783, Row end:2808 
My rank: 6, Row start: 157, Row end:182 
My rank: 8, Row start: 209, Row end:234 
My rank: 18, Row start: 469, Row end:494 
My rank: 20, Row start: 521, Row end:546 
My rank: 22, Row start: 573, Row end:598 
My rank: 25, Row start: 651, Row end:676 
My rank: 48, Row start: 1249, Row end:1274 
My rank: 51, Row start: 1327, Row end:1352 
My rank: 74, Row start: 1925, Row end:1950 
My rank: 81, Row start: 2107, Row end:2132 
My rank: 108, Row start: 2809, Row end:2834 
My rank: 37, Row start: 963, Row end:988 
My rank: 49, Row start: 1275, Row end:1300 
My rank: 66, Row start: 1717, Row end:1742 
My rank: 94, Row start: 2445, Row end:2470 
My rank: 98, Row start: 2549, Row end:2574 
My rank: 102, Row start: 2653, Row end:2678 
My rank: 69, Row start: 1795, Row end:1820 
My rank: 76, Row start: 1977, Row end:2002 
My rank: 84, Row start: 2185, Row end:2210 
My rank: 92, Row start: 2393, Row end:2418 
My rank: 12, Row start: 313, Row end:338 
My rank: 71, Row start: 1847, Row end:1872 
My rank: 62, Row start: 1613, Row end:1638 
My rank: 46, Row start: 1197, Row end:1222 
My rank: 33, Row start: 859, Row end:884 
My rank: 90, Row start: 2341, Row end:2366 
My rank: 2, Row start: 53, Row end:78 
My rank: 59, Row start: 1535, Row end:1560 
My rank: 23, Row start: 599, Row end:624 
My rank: 83, Row start: 2159, Row end:2184 
My rank: 58, Row start: 1509, Row end:1534 
My rank:1, took 6.301599 seconds
My rank:2, took 6.299959 seconds
My rank:3, took 6.301311 seconds
My rank:4, took 6.301445 seconds
My rank:5, took 6.300855 seconds
My rank:6, took 6.300539 seconds
My rank:7, took 6.301191 seconds
My rank:8, took 6.300464 seconds
My rank:9, took 6.301191 seconds
My rank:10, took 6.300551 seconds
My rank:11, took 6.301522 seconds
My rank:12, took 6.300166 seconds
My rank:13, took 6.301193 seconds
My rank:14, took 6.300957 seconds
My rank:15, took 6.300621 seconds
My rank:16, took 6.301190 seconds
My rank:17, took 6.300684 seconds
My rank:18, took 6.300377 seconds
My rank:19, took 6.301149 seconds
My rank:20, took 6.300438 seconds
My rank:21, took 6.300988 seconds
My rank:22, took 6.300396 seconds
My rank:23, took 6.291494 seconds
My rank:24, took 6.301466 seconds
My rank:25, took 6.300392 seconds
My rank:26, took 6.301812 seconds
My rank:27, took 6.301160 seconds
My rank:28, took 6.301134 seconds
My rank:29, took 6.300781 seconds
My rank:30, took 6.300517 seconds
My rank:31, took 6.300803 seconds
My rank:32, took 6.292827 seconds
My rank:33, took 6.291918 seconds
My rank:34, took 6.293234 seconds
My rank:35, took 6.293636 seconds
My rank:36, took 6.293523 seconds
My rank:37, took 6.292447 seconds
My rank:38, took 6.293140 seconds
My rank:39, took 6.294199 seconds
My rank:40, took 6.295134 seconds
My rank:41, took 6.296074 seconds
My rank:42, took 6.296730 seconds
My rank:43, took 6.297003 seconds
My rank:44, took 6.297782 seconds
My rank:45, took 6.298268 seconds
My rank:46, took 6.298549 seconds
My rank:47, took 6.299888 seconds
My rank:48, took 6.300380 seconds
My rank:49, took 6.301219 seconds
My rank:50, took 6.302484 seconds
My rank:51, took 6.302673 seconds
My rank:52, took 6.304028 seconds
My rank:53, took 6.305215 seconds
My rank:54, took 6.305596 seconds
My rank:55, took 6.306686 seconds
My rank:56, took 6.307482 seconds
My rank:57, took 6.307894 seconds
My rank:58, took 6.295219 seconds
My rank:59, took 6.300115 seconds
My rank:60, took 6.310119 seconds
My rank:61, took 6.310723 seconds
My rank:62, took 6.310747 seconds
My rank:63, took 6.312703 seconds
My rank:64, took 6.313154 seconds
My rank:65, took 6.313853 seconds
My rank:66, took 6.314087 seconds
My rank:67, took 6.315495 seconds
My rank:68, took 6.316568 seconds
My rank:69, took 6.316270 seconds
My rank:70, took 6.317850 seconds
My rank:71, took 6.317664 seconds
My rank:72, took 6.319584 seconds
My rank:73, took 6.319976 seconds
My rank:74, took 6.320292 seconds
My rank:75, took 6.321153 seconds
My rank:76, took 6.321582 seconds
My rank:77, took 6.323277 seconds
My rank:78, took 6.323913 seconds
My rank:79, took 6.324117 seconds
My rank:80, took 6.325203 seconds
My rank:81, took 6.325472 seconds
My rank:82, took 6.326818 seconds
My rank:83, took 6.315240 seconds
My rank:84, took 6.327643 seconds
My rank:85, took 6.328939 seconds
My rank:86, took 6.329414 seconds
My rank:87, took 6.330371 seconds
My rank:88, took 6.330931 seconds
My rank:89, took 6.332181 seconds
My rank:90, took 6.331446 seconds
My rank:91, took 6.333520 seconds
My rank:92, took 6.333667 seconds
My rank:93, took 6.334748 seconds
My rank:94, took 6.335279 seconds
My rank:95, took 6.336809 seconds
My rank:96, took 6.337044 seconds
My rank:97, took 6.338190 seconds
My rank:98, took 6.338271 seconds
My rank:99, took 6.339476 seconds
My rank:100, took 6.340536 seconds
My rank:101, took 6.341250 seconds
My rank:102, took 6.341365 seconds
My rank:103, took 6.343211 seconds
My rank:104, took 6.343197 seconds
My rank:105, took 6.344205 seconds
My rank:106, took 6.345355 seconds
My rank:107, took 6.345411 seconds
My rank:108, took 6.345942 seconds
My rank:109, took 6.347926 seconds
My rank:110, took 6.348259 seconds
My rank:111, took 6.348888 seconds
My rank:0, took 6.301284 seconds
That took 6.301284 seconds

JOB STATISTICS
==============
Job ID: 5028934
Cluster: snellius
User/Group: scur0330/scur0330
State: RUNNING
Nodes: 1
Cores per node: 112
CPU Utilized: 02:23:46
CPU Efficiency: 36.50% of 06:33:52 core-walltime
Job Wall-clock time: 00:03:31
Memory Utilized: 1.51 MB
Memory Efficiency: 0.00% of 196.00 GB
WARNING: Efficiency statistics may be misleading for RUNNING jobs.
